#-----------------------------------------------------------
# Vivado v2019.2 (64-bit)
# SW Build 2708876 on Wed Nov  6 21:40:23 MST 2019
# IP Build 2700528 on Thu Nov  7 00:09:20 MST 2019
# Start of session at: Sun Dec 29 20:17:41 2024
# Process ID: 62204
# Current directory: D:/ComputerScience/hitcs/hitcs/computer_architecture/labs/lab2_new/lab2
# Command line: vivado.exe -gui_launcher_event rodinguilauncherevent62076 D:\ComputerScience\hitcs\hitcs\computer_architecture\labs\lab2_new\lab2\lab2.xpr
# Log file: D:/ComputerScience/hitcs/hitcs/computer_architecture/labs/lab2_new/lab2/vivado.log
# Journal file: D:/ComputerScience/hitcs/hitcs/computer_architecture/labs/lab2_new/lab2\vivado.jou
#-----------------------------------------------------------
start_gui
open_project D:/ComputerScience/hitcs/hitcs/computer_architecture/labs/lab2_new/lab2/lab2.xpr
INFO: [Project 1-313] Project file moved from 'C:/Users/ywy_c/Documents/coding/hitcoa_at2024/coa/release/lab2' since last save.
Scanning sources...
Finished scanning sources
WARNING: [filemgmt 56-2] IP Repository Path: Could not find the directory 'D:/ComputerScience/hitcs/hitcs/computer_architecture/lcd_controller/lcd_controller.srcs/sources_1', nor could it be found using path 'C:/Users/ywy_c/Documents/coding/hitcoa_at2024/lcd_controller/lcd_controller.srcs/sources_1'.
WARNING: [filemgmt 56-2] IP Repository Path: Could not find the directory 'D:/ComputerScience/hitcs/hitcs/computer_architecture/ma_river_core/ma_river_core.srcs/sources_1', nor could it be found using path 'C:/Users/ywy_c/Documents/coding/hitcoa_at2024/ma_river_core/ma_river_core.srcs/sources_1'.
INFO: [IP_Flow 19-234] Refreshing IP repositories
WARNING: [IP_Flow 19-2248] Failed to load user IP repository 'd:/ComputerScience/hitcs/hitcs/computer_architecture/lcd_controller/lcd_controller.srcs/sources_1'; Can't find the specified path.
If this directory should no longer be in your list of user repositories, go to the IP Settings dialog and remove it.
WARNING: [IP_Flow 19-2248] Failed to load user IP repository 'd:/ComputerScience/hitcs/hitcs/computer_architecture/ma_river_core/ma_river_core.srcs/sources_1'; Can't find the specified path.
If this directory should no longer be in your list of user repositories, go to the IP Settings dialog and remove it.
INFO: [IP_Flow 19-2313] Loaded Vivado IP repository 'D:/StudySoftware/Xilinx_Vivado_2019.2/Vivado/2019.2/data/ip'.
WARNING: [IP_Flow 19-2162] IP 'ma_river_core_0' is locked:
* IP definition 'ma_river_core (1.0)' for IP 'ma_river_core_0' (customized with software release 2019.2) was not found in the IP Catalog.
WARNING: [IP_Flow 19-2162] IP 'lcd_controller_0' is locked:
* IP definition 'lcd_controller (1.0)' for IP 'lcd_controller_0' (customized with software release 2019.2) was not found in the IP Catalog.
update_compile_order -fileset sources_1
exit
INFO: [Common 17-206] Exiting Vivado at Sun Dec 29 20:18:04 2024...
