
*** Running vivado
    with args -log soc_top.vds -m64 -product Vivado -mode batch -messageDb vivado.pb -notrace -source soc_top.tcl


****** Vivado v2019.2 (64-bit)
  **** SW Build 2708876 on Wed Nov  6 21:40:23 MST 2019
  **** IP Build 2700528 on Thu Nov  7 00:09:20 MST 2019
    ** Copyright 1986-2019 Xilinx, Inc. All Rights Reserved.

source soc_top.tcl -notrace
INFO: [IP_Flow 19-234] Refreshing IP repositories
WARNING: [IP_Flow 19-2248] Failed to load user IP repository 'd:/ComputerScience/CPU_design/lab5/lab5/lcd_controller/lcd_controller.srcs/sources_1'; Can't find the specified path.
If this directory should no longer be in your list of user repositories, go to the IP Settings dialog and remove it.
WARNING: [IP_Flow 19-2248] Failed to load user IP repository 'd:/ComputerScience/CPU_design/lab5/lab5/ma_river_core/ma_river_core.srcs/sources_1'; Can't find the specified path.
If this directory should no longer be in your list of user repositories, go to the IP Settings dialog and remove it.
INFO: [IP_Flow 19-2313] Loaded Vivado IP repository 'D:/StudySoftware/Xilinx_Vivado_2019.2/Vivado/2019.2/data/ip'.
Command: synth_design -top soc_top -part xc7a200tfbg676-2
Starting synth_design
WARNING: [Vivado_Tcl 4-393] The 'Synthesis' target of the following IPs are stale, please generate the output products using the generate_target or synth_ip command before running synth_design.
D:/ComputerScience/CPU_design/lab5/lab5/lab5/lab5.srcs/sources_1/ip/lcd_controller_0/lcd_controller_0.xci

INFO: [IP_Flow 19-2162] IP 'ma_river_core_0' is locked:
* IP definition 'ma_river_core (1.0)' for IP 'ma_river_core_0' (customized with software release 2019.2) was not found in the IP Catalog.
INFO: [IP_Flow 19-2162] IP 'lcd_controller_0' is locked:
* IP definition 'lcd_controller (1.0)' for IP 'lcd_controller_0' (customized with software release 2019.2) was not found in the IP Catalog.
Attempting to get a license for feature 'Synthesis' and/or device 'xc7a200t'
INFO: [Common 17-349] Got license for feature 'Synthesis' and/or device 'xc7a200t'
INFO: [Device 21-403] Loading part xc7a200tfbg676-2
INFO: Launching helper process for spawning children vivado processes
INFO: Helper process launched with PID 21692 
WARNING: [Synth 8-2306] macro ZERO redefined [D:/ComputerScience/CPU_design/lab5/lab5/lab5/lab5.srcs/sources_1/new/cpu.v:4]
WARNING: [Synth 8-2306] macro INSE_ADD redefined [D:/ComputerScience/CPU_design/lab5/lab5/lab5/lab5.srcs/sources_1/new/inst_decoder_v2.v:24]
WARNING: [Synth 8-2306] macro INSE_SUB redefined [D:/ComputerScience/CPU_design/lab5/lab5/lab5/lab5.srcs/sources_1/new/inst_decoder_v2.v:25]
WARNING: [Synth 8-2306] macro INSE_AND redefined [D:/ComputerScience/CPU_design/lab5/lab5/lab5/lab5.srcs/sources_1/new/inst_decoder_v2.v:26]
WARNING: [Synth 8-2306] macro INSE_OR redefined [D:/ComputerScience/CPU_design/lab5/lab5/lab5/lab5.srcs/sources_1/new/inst_decoder_v2.v:27]
WARNING: [Synth 8-2306] macro INSE_XOR redefined [D:/ComputerScience/CPU_design/lab5/lab5/lab5/lab5.srcs/sources_1/new/inst_decoder_v2.v:28]
WARNING: [Synth 8-2306] macro INSE_MOVZ redefined [D:/ComputerScience/CPU_design/lab5/lab5/lab5/lab5.srcs/sources_1/new/inst_decoder_v2.v:29]
WARNING: [Synth 8-2306] macro INSE_SLL redefined [D:/ComputerScience/CPU_design/lab5/lab5/lab5/lab5.srcs/sources_1/new/inst_decoder_v2.v:30]
WARNING: [Synth 8-2306] macro TYPE_R redefined [D:/ComputerScience/CPU_design/lab5/lab5/lab5/lab5.srcs/sources_1/new/inst_decoder_v2.v:33]
WARNING: [Synth 8-2306] macro TYPE_MS redefined [D:/ComputerScience/CPU_design/lab5/lab5/lab5/lab5.srcs/sources_1/new/inst_decoder_v2.v:34]
WARNING: [Synth 8-2306] macro TYPE_ML redefined [D:/ComputerScience/CPU_design/lab5/lab5/lab5/lab5.srcs/sources_1/new/inst_decoder_v2.v:35]
WARNING: [Synth 8-2306] macro TYPE_J redefined [D:/ComputerScience/CPU_design/lab5/lab5/lab5/lab5.srcs/sources_1/new/inst_decoder_v2.v:36]
WARNING: [Synth 8-2306] macro TYPE_CMP redefined [D:/ComputerScience/CPU_design/lab5/lab5/lab5/lab5.srcs/sources_1/new/inst_decoder_v2.v:37]
WARNING: [Synth 8-2306] macro TYPE_BBT redefined [D:/ComputerScience/CPU_design/lab5/lab5/lab5/lab5.srcs/sources_1/new/inst_decoder_v2.v:38]
---------------------------------------------------------------------------------
Starting RTL Elaboration : Time (s): cpu = 00:00:02 ; elapsed = 00:00:02 . Memory (MB): peak = 1030.781 ; gain = 242.262
---------------------------------------------------------------------------------
INFO: [Synth 8-6157] synthesizing module 'soc_top' [D:/ComputerScience/CPU_design/lab5/lab5/lab5/lab5.srcs/sources_1/new/soc_top.v:11]
	Parameter SIMULATION bound to: 0 - type: integer 
INFO: [Synth 8-6157] synthesizing module 'clk_pll' [D:/ComputerScience/CPU_design/lab5/lab5/lab5/lab5.runs/synth_1/.Xil/Vivado-11112-TianChang/realtime/clk_pll_stub.v:5]
INFO: [Synth 8-6155] done synthesizing module 'clk_pll' (1#1) [D:/ComputerScience/CPU_design/lab5/lab5/lab5/lab5.runs/synth_1/.Xil/Vivado-11112-TianChang/realtime/clk_pll_stub.v:5]
INFO: [Synth 8-6157] synthesizing module 'mr_bram' [D:/ComputerScience/CPU_design/lab5/lab5/lab5/lab5.runs/synth_1/.Xil/Vivado-11112-TianChang/realtime/mr_bram_stub.v:6]
INFO: [Synth 8-6155] done synthesizing module 'mr_bram' (2#1) [D:/ComputerScience/CPU_design/lab5/lab5/lab5/lab5.runs/synth_1/.Xil/Vivado-11112-TianChang/realtime/mr_bram_stub.v:6]
INFO: [Synth 8-6157] synthesizing module 'lcd_controller_0' [D:/ComputerScience/CPU_design/lab5/lab5/lab5/lab5.runs/synth_1/.Xil/Vivado-11112-TianChang/realtime/lcd_controller_0_stub.v:6]
INFO: [Synth 8-6155] done synthesizing module 'lcd_controller_0' (3#1) [D:/ComputerScience/CPU_design/lab5/lab5/lab5/lab5.runs/synth_1/.Xil/Vivado-11112-TianChang/realtime/lcd_controller_0_stub.v:6]
WARNING: [Synth 8-689] width (4) of port connection 'rid' does not match port width (6) of module 'lcd_controller_0' [D:/ComputerScience/CPU_design/lab5/lab5/lab5/lab5.srcs/sources_1/new/soc_top.v:204]
WARNING: [Synth 8-689] width (4) of port connection 'bid' does not match port width (6) of module 'lcd_controller_0' [D:/ComputerScience/CPU_design/lab5/lab5/lab5/lab5.srcs/sources_1/new/soc_top.v:227]
WARNING: [Synth 8-7023] instance 'lcd' of module 'lcd_controller_0' has 59 connections declared, but only 50 given [D:/ComputerScience/CPU_design/lab5/lab5/lab5/lab5.srcs/sources_1/new/soc_top.v:173]
INFO: [Synth 8-6157] synthesizing module 'ma_river_core_0' [D:/ComputerScience/CPU_design/lab5/lab5/lab5/lab5.runs/synth_1/.Xil/Vivado-11112-TianChang/realtime/ma_river_core_0_stub.v:6]
INFO: [Synth 8-6155] done synthesizing module 'ma_river_core_0' (4#1) [D:/ComputerScience/CPU_design/lab5/lab5/lab5/lab5.runs/synth_1/.Xil/Vivado-11112-TianChang/realtime/ma_river_core_0_stub.v:6]
WARNING: [Synth 8-7023] instance 'mrcore' of module 'ma_river_core_0' has 51 connections declared, but only 39 given [D:/ComputerScience/CPU_design/lab5/lab5/lab5/lab5.srcs/sources_1/new/soc_top.v:276]
INFO: [Synth 8-6157] synthesizing module 'checker_wrapper' [D:/ComputerScience/CPU_design/lab5/lab5/lab5/lab5.srcs/sources_1/imports/new/checker_wrapper.v:8]
INFO: [Synth 8-155] case statement is not full and has no default [D:/ComputerScience/CPU_design/lab5/lab5/lab5/lab5.srcs/sources_1/imports/new/checker_wrapper.v:131]
INFO: [Synth 8-6155] done synthesizing module 'checker_wrapper' (5#1) [D:/ComputerScience/CPU_design/lab5/lab5/lab5/lab5.srcs/sources_1/imports/new/checker_wrapper.v:8]
INFO: [Synth 8-6157] synthesizing module 'axi_bus' [D:/ComputerScience/CPU_design/lab5/lab5/lab5/lab5.runs/synth_1/.Xil/Vivado-11112-TianChang/realtime/axi_bus_stub.v:6]
INFO: [Synth 8-6155] done synthesizing module 'axi_bus' (6#1) [D:/ComputerScience/CPU_design/lab5/lab5/lab5/lab5.runs/synth_1/.Xil/Vivado-11112-TianChang/realtime/axi_bus_stub.v:6]
WARNING: [Synth 8-7023] instance 'axib' of module 'axi_bus' has 78 connections declared, but only 76 given [D:/ComputerScience/CPU_design/lab5/lab5/lab5/lab5.srcs/sources_1/new/soc_top.v:422]
INFO: [Synth 8-6157] synthesizing module 'cpu_inst_rom' [D:/ComputerScience/CPU_design/lab5/lab5/lab5/lab5.runs/synth_1/.Xil/Vivado-11112-TianChang/realtime/cpu_inst_rom_stub.v:6]
INFO: [Synth 8-6155] done synthesizing module 'cpu_inst_rom' (7#1) [D:/ComputerScience/CPU_design/lab5/lab5/lab5/lab5.runs/synth_1/.Xil/Vivado-11112-TianChang/realtime/cpu_inst_rom_stub.v:6]
INFO: [Synth 8-6157] synthesizing module 'cpu_data_ram' [D:/ComputerScience/CPU_design/lab5/lab5/lab5/lab5.runs/synth_1/.Xil/Vivado-11112-TianChang/realtime/cpu_data_ram_stub.v:6]
INFO: [Synth 8-6155] done synthesizing module 'cpu_data_ram' (8#1) [D:/ComputerScience/CPU_design/lab5/lab5/lab5/lab5.runs/synth_1/.Xil/Vivado-11112-TianChang/realtime/cpu_data_ram_stub.v:6]
WARNING: [Synth 8-689] width (4) of port connection 'we' does not match port width (1) of module 'cpu_data_ram' [D:/ComputerScience/CPU_design/lab5/lab5/lab5/lab5.srcs/sources_1/new/soc_top.v:526]
INFO: [Synth 8-6157] synthesizing module 'cpu' [D:/ComputerScience/CPU_design/lab5/lab5/lab5/lab5.srcs/sources_1/new/cpu.v:6]
INFO: [Synth 8-5534] Detected attribute (* mark_debug = "true" *) [D:/ComputerScience/CPU_design/lab5/lab5/lab5/lab5.srcs/sources_1/new/cpu.v:22]
INFO: [Synth 8-5534] Detected attribute (* mark_debug = "true" *) [D:/ComputerScience/CPU_design/lab5/lab5/lab5/lab5.srcs/sources_1/new/cpu.v:23]
INFO: [Synth 8-5534] Detected attribute (* mark_debug = "true" *) [D:/ComputerScience/CPU_design/lab5/lab5/lab5/lab5.srcs/sources_1/new/cpu.v:24]
INFO: [Synth 8-5534] Detected attribute (* mark_debug = "true" *) [D:/ComputerScience/CPU_design/lab5/lab5/lab5/lab5.srcs/sources_1/new/cpu.v:29]
INFO: [Synth 8-5534] Detected attribute (* mark_debug = "true" *) [D:/ComputerScience/CPU_design/lab5/lab5/lab5/lab5.srcs/sources_1/new/cpu.v:31]
INFO: [Synth 8-6157] synthesizing module 'mux' [D:/ComputerScience/CPU_design/lab5/lab5/lab5/lab5.srcs/sources_1/new/mux.v:3]
INFO: [Synth 8-6155] done synthesizing module 'mux' (9#1) [D:/ComputerScience/CPU_design/lab5/lab5/lab5/lab5.srcs/sources_1/new/mux.v:3]
INFO: [Synth 8-6157] synthesizing module 'FullAdder' [D:/ComputerScience/CPU_design/lab5/lab5/lab5/lab5.srcs/sources_1/new/FullAdder.v:39]
INFO: [Synth 8-6157] synthesizing module 'SingleFullAdder' [D:/ComputerScience/CPU_design/lab5/lab5/lab5/lab5.srcs/sources_1/new/FullAdder.v:24]
INFO: [Synth 8-6155] done synthesizing module 'SingleFullAdder' (10#1) [D:/ComputerScience/CPU_design/lab5/lab5/lab5/lab5.srcs/sources_1/new/FullAdder.v:24]
INFO: [Synth 8-6155] done synthesizing module 'FullAdder' (11#1) [D:/ComputerScience/CPU_design/lab5/lab5/lab5/lab5.srcs/sources_1/new/FullAdder.v:39]
INFO: [Synth 8-6157] synthesizing module 'regfile' [D:/ComputerScience/CPU_design/lab5/lab5/lab5/lab5.srcs/sources_1/new/regfile.v:23]
INFO: [Synth 8-6155] done synthesizing module 'regfile' (12#1) [D:/ComputerScience/CPU_design/lab5/lab5/lab5/lab5.srcs/sources_1/new/regfile.v:23]
INFO: [Synth 8-6157] synthesizing module 'inst_decoder_v2' [D:/ComputerScience/CPU_design/lab5/lab5/lab5/lab5.srcs/sources_1/new/inst_decoder_v2.v:41]
INFO: [Synth 8-6155] done synthesizing module 'inst_decoder_v2' (13#1) [D:/ComputerScience/CPU_design/lab5/lab5/lab5/lab5.srcs/sources_1/new/inst_decoder_v2.v:41]
INFO: [Synth 8-6157] synthesizing module 'branch_judgment' [D:/ComputerScience/CPU_design/lab5/lab5/lab5/lab5.srcs/sources_1/new/branch_judgment.v:48]
INFO: [Synth 8-6157] synthesizing module 'dec5_32x' [D:/ComputerScience/CPU_design/lab5/lab5/lab5/lab5.srcs/sources_1/new/branch_judgment.v:39]
INFO: [Synth 8-6155] done synthesizing module 'dec5_32x' (14#1) [D:/ComputerScience/CPU_design/lab5/lab5/lab5/lab5.srcs/sources_1/new/branch_judgment.v:39]
INFO: [Synth 8-6155] done synthesizing module 'branch_judgment' (15#1) [D:/ComputerScience/CPU_design/lab5/lab5/lab5/lab5.srcs/sources_1/new/branch_judgment.v:48]
INFO: [Synth 8-6157] synthesizing module 'ALU' [D:/ComputerScience/CPU_design/lab5/lab5/lab5/lab5.srcs/sources_1/new/ALU.v:47]
WARNING: [Synth 8-3848] Net Cout in module/entity ALU does not have driver. [D:/ComputerScience/CPU_design/lab5/lab5/lab5/lab5.srcs/sources_1/new/ALU.v:53]
INFO: [Synth 8-6155] done synthesizing module 'ALU' (16#1) [D:/ComputerScience/CPU_design/lab5/lab5/lab5/lab5.srcs/sources_1/new/ALU.v:47]
INFO: [Synth 8-6071] Mark debug on the nets applies keep_hierarchy on instance 'my_inst_decoder'. This will prevent further optimization [D:/ComputerScience/CPU_design/lab5/lab5/lab5/lab5.srcs/sources_1/new/cpu.v:116]
INFO: [Synth 8-6071] Mark debug on the nets applies keep_hierarchy on instance 'mux4'. This will prevent further optimization [D:/ComputerScience/CPU_design/lab5/lab5/lab5/lab5.srcs/sources_1/new/cpu.v:89]
INFO: [Synth 8-6071] Mark debug on the nets applies keep_hierarchy on instance 'my_adder'. This will prevent further optimization [D:/ComputerScience/CPU_design/lab5/lab5/lab5/lab5.srcs/sources_1/new/cpu.v:96]
INFO: [Synth 8-6071] Mark debug on the nets applies keep_hierarchy on instance 'my_judgment'. This will prevent further optimization [D:/ComputerScience/CPU_design/lab5/lab5/lab5/lab5.srcs/sources_1/new/cpu.v:135]
INFO: [Synth 8-6155] done synthesizing module 'cpu' (17#1) [D:/ComputerScience/CPU_design/lab5/lab5/lab5/lab5.srcs/sources_1/new/cpu.v:6]
INFO: [Synth 8-6157] synthesizing module 'cpu_checker' [D:/ComputerScience/CPU_design/lab5/lab5/lab5/lab5.srcs/sources_1/new/cpu_checker.v:37]
	Parameter SIMULATION bound to: 0 - type: integer 
INFO: [Synth 8-6157] synthesizing module 'cpu_ans_rom' [D:/ComputerScience/CPU_design/lab5/lab5/lab5/lab5.runs/synth_1/.Xil/Vivado-11112-TianChang/realtime/cpu_ans_rom_stub.v:6]
INFO: [Synth 8-6155] done synthesizing module 'cpu_ans_rom' (18#1) [D:/ComputerScience/CPU_design/lab5/lab5/lab5/lab5.runs/synth_1/.Xil/Vivado-11112-TianChang/realtime/cpu_ans_rom_stub.v:6]
INFO: [Synth 8-6155] done synthesizing module 'cpu_checker' (19#1) [D:/ComputerScience/CPU_design/lab5/lab5/lab5/lab5.srcs/sources_1/new/cpu_checker.v:37]
INFO: [Synth 8-6155] done synthesizing module 'soc_top' (20#1) [D:/ComputerScience/CPU_design/lab5/lab5/lab5/lab5.srcs/sources_1/new/soc_top.v:11]
WARNING: [Synth 8-3331] design cpu_checker has unconnected port checker_raddr[31]
WARNING: [Synth 8-3331] design cpu_checker has unconnected port checker_raddr[30]
WARNING: [Synth 8-3331] design cpu_checker has unconnected port checker_raddr[29]
WARNING: [Synth 8-3331] design cpu_checker has unconnected port checker_raddr[28]
WARNING: [Synth 8-3331] design cpu_checker has unconnected port checker_raddr[27]
WARNING: [Synth 8-3331] design cpu_checker has unconnected port checker_raddr[26]
WARNING: [Synth 8-3331] design cpu_checker has unconnected port checker_raddr[25]
WARNING: [Synth 8-3331] design cpu_checker has unconnected port checker_raddr[24]
WARNING: [Synth 8-3331] design cpu_checker has unconnected port checker_raddr[23]
WARNING: [Synth 8-3331] design cpu_checker has unconnected port checker_raddr[22]
WARNING: [Synth 8-3331] design cpu_checker has unconnected port checker_raddr[21]
WARNING: [Synth 8-3331] design cpu_checker has unconnected port checker_raddr[20]
WARNING: [Synth 8-3331] design cpu_checker has unconnected port checker_raddr[19]
WARNING: [Synth 8-3331] design cpu_checker has unconnected port checker_raddr[18]
WARNING: [Synth 8-3331] design cpu_checker has unconnected port checker_raddr[17]
WARNING: [Synth 8-3331] design cpu_checker has unconnected port checker_raddr[16]
WARNING: [Synth 8-3331] design cpu_checker has unconnected port checker_waddr[31]
WARNING: [Synth 8-3331] design cpu_checker has unconnected port checker_waddr[30]
WARNING: [Synth 8-3331] design cpu_checker has unconnected port checker_waddr[29]
WARNING: [Synth 8-3331] design cpu_checker has unconnected port checker_waddr[28]
WARNING: [Synth 8-3331] design cpu_checker has unconnected port checker_waddr[27]
WARNING: [Synth 8-3331] design cpu_checker has unconnected port checker_waddr[26]
WARNING: [Synth 8-3331] design cpu_checker has unconnected port checker_waddr[25]
WARNING: [Synth 8-3331] design cpu_checker has unconnected port checker_waddr[24]
WARNING: [Synth 8-3331] design cpu_checker has unconnected port checker_waddr[23]
WARNING: [Synth 8-3331] design cpu_checker has unconnected port checker_waddr[22]
WARNING: [Synth 8-3331] design cpu_checker has unconnected port checker_waddr[21]
WARNING: [Synth 8-3331] design cpu_checker has unconnected port checker_waddr[20]
WARNING: [Synth 8-3331] design cpu_checker has unconnected port checker_waddr[19]
WARNING: [Synth 8-3331] design cpu_checker has unconnected port checker_waddr[18]
WARNING: [Synth 8-3331] design cpu_checker has unconnected port checker_waddr[17]
WARNING: [Synth 8-3331] design cpu_checker has unconnected port checker_waddr[16]
WARNING: [Synth 8-3331] design ALU has unconnected port Cout
WARNING: [Synth 8-3331] design branch_judgment has unconnected port inst[25]
WARNING: [Synth 8-3331] design branch_judgment has unconnected port inst[24]
WARNING: [Synth 8-3331] design branch_judgment has unconnected port inst[23]
WARNING: [Synth 8-3331] design branch_judgment has unconnected port inst[22]
WARNING: [Synth 8-3331] design branch_judgment has unconnected port inst[21]
WARNING: [Synth 8-3331] design branch_judgment has unconnected port inst[15]
WARNING: [Synth 8-3331] design branch_judgment has unconnected port inst[14]
WARNING: [Synth 8-3331] design branch_judgment has unconnected port inst[13]
WARNING: [Synth 8-3331] design branch_judgment has unconnected port inst[12]
WARNING: [Synth 8-3331] design branch_judgment has unconnected port inst[11]
WARNING: [Synth 8-3331] design branch_judgment has unconnected port inst[10]
WARNING: [Synth 8-3331] design branch_judgment has unconnected port inst[9]
WARNING: [Synth 8-3331] design branch_judgment has unconnected port inst[8]
WARNING: [Synth 8-3331] design branch_judgment has unconnected port inst[7]
WARNING: [Synth 8-3331] design branch_judgment has unconnected port inst[6]
WARNING: [Synth 8-3331] design branch_judgment has unconnected port inst[5]
WARNING: [Synth 8-3331] design branch_judgment has unconnected port inst[4]
WARNING: [Synth 8-3331] design branch_judgment has unconnected port inst[3]
WARNING: [Synth 8-3331] design branch_judgment has unconnected port inst[2]
WARNING: [Synth 8-3331] design branch_judgment has unconnected port inst[1]
WARNING: [Synth 8-3331] design branch_judgment has unconnected port inst[0]
WARNING: [Synth 8-3331] design checker_wrapper has unconnected port arlen[3]
WARNING: [Synth 8-3331] design checker_wrapper has unconnected port arlen[2]
WARNING: [Synth 8-3331] design checker_wrapper has unconnected port arlen[1]
WARNING: [Synth 8-3331] design checker_wrapper has unconnected port arlen[0]
WARNING: [Synth 8-3331] design checker_wrapper has unconnected port arsize[2]
WARNING: [Synth 8-3331] design checker_wrapper has unconnected port arsize[1]
WARNING: [Synth 8-3331] design checker_wrapper has unconnected port arsize[0]
WARNING: [Synth 8-3331] design checker_wrapper has unconnected port arburst[1]
WARNING: [Synth 8-3331] design checker_wrapper has unconnected port arburst[0]
WARNING: [Synth 8-3331] design checker_wrapper has unconnected port arlock[1]
WARNING: [Synth 8-3331] design checker_wrapper has unconnected port arlock[0]
WARNING: [Synth 8-3331] design checker_wrapper has unconnected port arcache[3]
WARNING: [Synth 8-3331] design checker_wrapper has unconnected port arcache[2]
WARNING: [Synth 8-3331] design checker_wrapper has unconnected port arcache[1]
WARNING: [Synth 8-3331] design checker_wrapper has unconnected port arcache[0]
WARNING: [Synth 8-3331] design checker_wrapper has unconnected port arprot[2]
WARNING: [Synth 8-3331] design checker_wrapper has unconnected port arprot[1]
WARNING: [Synth 8-3331] design checker_wrapper has unconnected port arprot[0]
WARNING: [Synth 8-3331] design checker_wrapper has unconnected port awlen[3]
WARNING: [Synth 8-3331] design checker_wrapper has unconnected port awlen[2]
WARNING: [Synth 8-3331] design checker_wrapper has unconnected port awlen[1]
WARNING: [Synth 8-3331] design checker_wrapper has unconnected port awlen[0]
WARNING: [Synth 8-3331] design checker_wrapper has unconnected port awsize[2]
WARNING: [Synth 8-3331] design checker_wrapper has unconnected port awsize[1]
WARNING: [Synth 8-3331] design checker_wrapper has unconnected port awsize[0]
WARNING: [Synth 8-3331] design checker_wrapper has unconnected port awburst[1]
WARNING: [Synth 8-3331] design checker_wrapper has unconnected port awburst[0]
WARNING: [Synth 8-3331] design checker_wrapper has unconnected port awlock[1]
WARNING: [Synth 8-3331] design checker_wrapper has unconnected port awlock[0]
WARNING: [Synth 8-3331] design checker_wrapper has unconnected port awcache[3]
WARNING: [Synth 8-3331] design checker_wrapper has unconnected port awcache[2]
WARNING: [Synth 8-3331] design checker_wrapper has unconnected port awcache[1]
WARNING: [Synth 8-3331] design checker_wrapper has unconnected port awcache[0]
WARNING: [Synth 8-3331] design checker_wrapper has unconnected port awprot[2]
WARNING: [Synth 8-3331] design checker_wrapper has unconnected port awprot[1]
WARNING: [Synth 8-3331] design checker_wrapper has unconnected port awprot[0]
WARNING: [Synth 8-3331] design checker_wrapper has unconnected port wid[3]
WARNING: [Synth 8-3331] design checker_wrapper has unconnected port wid[2]
WARNING: [Synth 8-3331] design checker_wrapper has unconnected port wid[1]
WARNING: [Synth 8-3331] design checker_wrapper has unconnected port wid[0]
WARNING: [Synth 8-3331] design checker_wrapper has unconnected port wstrb[3]
WARNING: [Synth 8-3331] design checker_wrapper has unconnected port wstrb[2]
WARNING: [Synth 8-3331] design checker_wrapper has unconnected port wstrb[1]
WARNING: [Synth 8-3331] design checker_wrapper has unconnected port wstrb[0]
WARNING: [Synth 8-3331] design checker_wrapper has unconnected port wlast
---------------------------------------------------------------------------------
Finished RTL Elaboration : Time (s): cpu = 00:00:03 ; elapsed = 00:00:02 . Memory (MB): peak = 1089.145 ; gain = 300.625
---------------------------------------------------------------------------------

Report Check Netlist: 
+------+------------------+-------+---------+-------+------------------+
|      |Item              |Errors |Warnings |Status |Description       |
+------+------------------+-------+---------+-------+------------------+
|1     |multi_driven_nets |      0|        0|Passed |Multi driven nets |
+------+------------------+-------+---------+-------+------------------+
---------------------------------------------------------------------------------
Start Handling Custom Attributes
---------------------------------------------------------------------------------
---------------------------------------------------------------------------------
Finished Handling Custom Attributes : Time (s): cpu = 00:00:03 ; elapsed = 00:00:03 . Memory (MB): peak = 1089.145 ; gain = 300.625
---------------------------------------------------------------------------------
---------------------------------------------------------------------------------
Finished RTL Optimization Phase 1 : Time (s): cpu = 00:00:03 ; elapsed = 00:00:03 . Memory (MB): peak = 1089.145 ; gain = 300.625
---------------------------------------------------------------------------------
Netlist sorting complete. Time (s): cpu = 00:00:00 ; elapsed = 00:00:00.029 . Memory (MB): peak = 1089.145 ; gain = 0.000
INFO: [Project 1-570] Preparing netlist for logic optimization

Processing XDC Constraints
Initializing timing engine
Parsing XDC File [d:/ComputerScience/CPU_design/lab5/lab5/lab5/lab5.srcs/sources_1/ip/axi_bus/axi_bus/axi_bus_in_context.xdc] for cell 'axib'
Finished Parsing XDC File [d:/ComputerScience/CPU_design/lab5/lab5/lab5/lab5.srcs/sources_1/ip/axi_bus/axi_bus/axi_bus_in_context.xdc] for cell 'axib'
Parsing XDC File [d:/ComputerScience/CPU_design/lab5/lab5/lab5/lab5.srcs/sources_1/ip/clk_pll/clk_pll/clk_pll_in_context.xdc] for cell 'pll'
Finished Parsing XDC File [d:/ComputerScience/CPU_design/lab5/lab5/lab5/lab5.srcs/sources_1/ip/clk_pll/clk_pll/clk_pll_in_context.xdc] for cell 'pll'
Parsing XDC File [d:/ComputerScience/CPU_design/lab5/lab5/lab5/lab5.srcs/sources_1/ip/ma_river_core_0/ma_river_core_0/ma_river_core_0_in_context.xdc] for cell 'mrcore'
Finished Parsing XDC File [d:/ComputerScience/CPU_design/lab5/lab5/lab5/lab5.srcs/sources_1/ip/ma_river_core_0/ma_river_core_0/ma_river_core_0_in_context.xdc] for cell 'mrcore'
Parsing XDC File [d:/ComputerScience/CPU_design/lab5/lab5/lab5/lab5.srcs/sources_1/ip/lcd_controller_0/lcd_controller_0/lcd_controller_0_in_context.xdc] for cell 'lcd'
Finished Parsing XDC File [d:/ComputerScience/CPU_design/lab5/lab5/lab5/lab5.srcs/sources_1/ip/lcd_controller_0/lcd_controller_0/lcd_controller_0_in_context.xdc] for cell 'lcd'
Parsing XDC File [d:/ComputerScience/CPU_design/lab5/lab5/lab5/lab5.srcs/sources_1/ip/cpu_inst_rom/cpu_inst_rom/cpu_inst_rom_in_context.xdc] for cell 'checker/ir'
Finished Parsing XDC File [d:/ComputerScience/CPU_design/lab5/lab5/lab5/lab5.srcs/sources_1/ip/cpu_inst_rom/cpu_inst_rom/cpu_inst_rom_in_context.xdc] for cell 'checker/ir'
Parsing XDC File [d:/ComputerScience/CPU_design/lab5/lab5/lab5/lab5.srcs/sources_1/ip/cpu_inst_rom/cpu_inst_rom/cpu_inst_rom_in_context.xdc] for cell 'inst_sram'
Finished Parsing XDC File [d:/ComputerScience/CPU_design/lab5/lab5/lab5/lab5.srcs/sources_1/ip/cpu_inst_rom/cpu_inst_rom/cpu_inst_rom_in_context.xdc] for cell 'inst_sram'
Parsing XDC File [d:/ComputerScience/CPU_design/lab5/lab5/lab5/lab5.srcs/sources_1/ip/cpu_data_ram/cpu_data_ram/cpu_data_ram_in_context.xdc] for cell 'data_sram'
Finished Parsing XDC File [d:/ComputerScience/CPU_design/lab5/lab5/lab5/lab5.srcs/sources_1/ip/cpu_data_ram/cpu_data_ram/cpu_data_ram_in_context.xdc] for cell 'data_sram'
Parsing XDC File [d:/ComputerScience/CPU_design/lab5/lab5/lab5/lab5.srcs/sources_1/ip/cpu_ans_rom/cpu_ans_rom/cpu_ans_rom_in_context.xdc] for cell 'checker/ansr'
Finished Parsing XDC File [d:/ComputerScience/CPU_design/lab5/lab5/lab5/lab5.srcs/sources_1/ip/cpu_ans_rom/cpu_ans_rom/cpu_ans_rom_in_context.xdc] for cell 'checker/ansr'
Parsing XDC File [d:/ComputerScience/CPU_design/lab5/lab5/lab5/lab5.srcs/sources_1/ip/mr_bram/mr_bram/mr_bram_in_context.xdc] for cell 'ram'
Finished Parsing XDC File [d:/ComputerScience/CPU_design/lab5/lab5/lab5/lab5.srcs/sources_1/ip/mr_bram/mr_bram/mr_bram_in_context.xdc] for cell 'ram'
Parsing XDC File [D:/ComputerScience/CPU_design/lab5/lab5/lab5/lab5.srcs/constrs_1/imports/new/cons.xdc]
WARNING: [Constraints 18-619] A clock with name 'sys_clk' already exists, overwriting the previous clock with the same name. [D:/ComputerScience/CPU_design/lab5/lab5/lab5/lab5.srcs/constrs_1/imports/new/cons.xdc:3]
Finished Parsing XDC File [D:/ComputerScience/CPU_design/lab5/lab5/lab5/lab5.srcs/constrs_1/imports/new/cons.xdc]
INFO: [Project 1-236] Implementation specific constraints were found while reading constraint file [D:/ComputerScience/CPU_design/lab5/lab5/lab5/lab5.srcs/constrs_1/imports/new/cons.xdc]. These constraints will be ignored for synthesis but will be used in implementation. Impacted constraints are listed in the file [.Xil/soc_top_propImpl.xdc].
Resolution: To avoid this warning, move constraints listed in [.Xil/soc_top_propImpl.xdc] to another XDC file and exclude this new file from synthesis with the used_in_synthesis property (File Properties dialog in GUI) and re-run elaboration/synthesis.
Parsing XDC File [D:/ComputerScience/CPU_design/lab5/lab5/lab5/lab5.runs/synth_1/dont_touch.xdc]
Finished Parsing XDC File [D:/ComputerScience/CPU_design/lab5/lab5/lab5/lab5.runs/synth_1/dont_touch.xdc]
Completed Processing XDC Constraints

Netlist sorting complete. Time (s): cpu = 00:00:00 ; elapsed = 00:00:00 . Memory (MB): peak = 1229.105 ; gain = 0.000
INFO: [Project 1-111] Unisim Transformation Summary:
No Unisim elements were transformed.

Constraint Validation Runtime : Time (s): cpu = 00:00:00 ; elapsed = 00:00:00.007 . Memory (MB): peak = 1229.105 ; gain = 0.000
WARNING: [Timing 38-316] Clock period '100.000' specified during out-of-context synthesis of instance 'axib' at clock pin 'aclk' is different from the actual clock period '20.000', this can lead to different synthesis results.
---------------------------------------------------------------------------------
Finished Constraint Validation : Time (s): cpu = 00:00:06 ; elapsed = 00:00:06 . Memory (MB): peak = 1229.105 ; gain = 440.586
---------------------------------------------------------------------------------
---------------------------------------------------------------------------------
Start Loading Part and Timing Information
---------------------------------------------------------------------------------
Loading part: xc7a200tfbg676-2
---------------------------------------------------------------------------------
Finished Loading Part and Timing Information : Time (s): cpu = 00:00:06 ; elapsed = 00:00:06 . Memory (MB): peak = 1229.105 ; gain = 440.586
---------------------------------------------------------------------------------
---------------------------------------------------------------------------------
Start Applying 'set_property' XDC Constraints
---------------------------------------------------------------------------------
Applied set_property IO_BUFFER_TYPE = NONE for sys_clk. (constraint file  d:/ComputerScience/CPU_design/lab5/lab5/lab5/lab5.srcs/sources_1/ip/clk_pll/clk_pll/clk_pll_in_context.xdc, line 3).
Applied set_property CLOCK_BUFFER_TYPE = NONE for sys_clk. (constraint file  d:/ComputerScience/CPU_design/lab5/lab5/lab5/lab5.srcs/sources_1/ip/clk_pll/clk_pll/clk_pll_in_context.xdc, line 4).
Applied set_property DONT_TOUCH = true for axib. (constraint file  auto generated constraint, line ).
Applied set_property DONT_TOUCH = true for pll. (constraint file  auto generated constraint, line ).
Applied set_property DONT_TOUCH = true for mrcore. (constraint file  auto generated constraint, line ).
Applied set_property DONT_TOUCH = true for lcd. (constraint file  auto generated constraint, line ).
Applied set_property DONT_TOUCH = true for inst_sram. (constraint file  auto generated constraint, line ).
Applied set_property DONT_TOUCH = true for checker/ir. (constraint file  auto generated constraint, line ).
Applied set_property DONT_TOUCH = true for data_sram. (constraint file  auto generated constraint, line ).
Applied set_property DONT_TOUCH = true for checker/ansr. (constraint file  auto generated constraint, line ).
Applied set_property DONT_TOUCH = true for ram. (constraint file  auto generated constraint, line ).
---------------------------------------------------------------------------------
Finished applying 'set_property' XDC Constraints : Time (s): cpu = 00:00:06 ; elapsed = 00:00:06 . Memory (MB): peak = 1229.105 ; gain = 440.586
---------------------------------------------------------------------------------
INFO: [Synth 8-802] inferred FSM for state register 'state_reg' in module 'checker_wrapper'
---------------------------------------------------------------------------------------------------
                   State |                     New Encoding |                Previous Encoding 
---------------------------------------------------------------------------------------------------
                  iSTATE |                            00010 |                              000
                 iSTATE3 |                            10000 |                              001
                 iSTATE0 |                            01000 |                              010
                 iSTATE2 |                            00100 |                              100
                 iSTATE1 |                            00001 |                              101
---------------------------------------------------------------------------------------------------
INFO: [Synth 8-3354] encoded FSM with state register 'state_reg' using encoding 'one-hot' in module 'checker_wrapper'
---------------------------------------------------------------------------------
Finished RTL Optimization Phase 2 : Time (s): cpu = 00:00:07 ; elapsed = 00:00:07 . Memory (MB): peak = 1229.105 ; gain = 440.586
---------------------------------------------------------------------------------

Report RTL Partitions: 
+-+--------------+------------+----------+
| |RTL Partition |Replication |Instances |
+-+--------------+------------+----------+
+-+--------------+------------+----------+
---------------------------------------------------------------------------------
Start RTL Component Statistics 
---------------------------------------------------------------------------------
Detailed RTL Component Info : 
+---Adders : 
	   3 Input     32 Bit       Adders := 2     
	   2 Input     32 Bit       Adders := 3     
	   4 Input     32 Bit       Adders := 2     
	   2 Input      6 Bit       Adders := 1     
	   2 Input      4 Bit       Adders := 1     
+---XORs : 
	   2 Input     32 Bit         XORs := 2     
	   3 Input      1 Bit         XORs := 32    
	   2 Input      1 Bit         XORs := 2     
+---Registers : 
	               32 Bit    Registers := 51    
	                6 Bit    Registers := 1     
	                4 Bit    Registers := 2     
	                1 Bit    Registers := 4     
+---Muxes : 
	   2 Input     32 Bit        Muxes := 11    
	  33 Input     32 Bit        Muxes := 2     
	   3 Input     32 Bit        Muxes := 2     
	  11 Input     32 Bit        Muxes := 1     
	   2 Input      8 Bit        Muxes := 1     
	   5 Input      5 Bit        Muxes := 1     
	   2 Input      5 Bit        Muxes := 3     
	   2 Input      4 Bit        Muxes := 2     
	  12 Input      4 Bit        Muxes := 1     
	   6 Input      3 Bit        Muxes := 1     
	   2 Input      1 Bit        Muxes := 42    
	   5 Input      1 Bit        Muxes := 1     
	   4 Input      1 Bit        Muxes := 1     
	   6 Input      1 Bit        Muxes := 1     
---------------------------------------------------------------------------------
Finished RTL Component Statistics 
---------------------------------------------------------------------------------
---------------------------------------------------------------------------------
Start RTL Hierarchical Component Statistics 
---------------------------------------------------------------------------------
Hierarchical RTL Component report 
Module soc_top 
Detailed RTL Component Info : 
+---Registers : 
	               32 Bit    Registers := 2     
	                1 Bit    Registers := 1     
Module checker_wrapper 
Detailed RTL Component Info : 
+---Registers : 
	               32 Bit    Registers := 3     
	                4 Bit    Registers := 1     
	                1 Bit    Registers := 2     
+---Muxes : 
	   2 Input     32 Bit        Muxes := 1     
	   5 Input      5 Bit        Muxes := 1     
	   2 Input      5 Bit        Muxes := 1     
	   2 Input      4 Bit        Muxes := 1     
	   2 Input      1 Bit        Muxes := 2     
	   5 Input      1 Bit        Muxes := 1     
Module mux 
Detailed RTL Component Info : 
+---Muxes : 
	   2 Input     32 Bit        Muxes := 1     
Module SingleFullAdder 
Detailed RTL Component Info : 
+---XORs : 
	   3 Input      1 Bit         XORs := 1     
Module regfile 
Detailed RTL Component Info : 
+---Registers : 
	               32 Bit    Registers := 32    
+---Muxes : 
	  33 Input     32 Bit        Muxes := 2     
	   2 Input      1 Bit        Muxes := 32    
Module inst_decoder_v2 
Detailed RTL Component Info : 
+---Muxes : 
	   2 Input      5 Bit        Muxes := 2     
	   2 Input      1 Bit        Muxes := 2     
Module ALU 
Detailed RTL Component Info : 
+---Adders : 
	   3 Input     32 Bit       Adders := 2     
	   2 Input     32 Bit       Adders := 3     
	   4 Input     32 Bit       Adders := 2     
+---XORs : 
	   2 Input     32 Bit         XORs := 2     
	   2 Input      1 Bit         XORs := 2     
Module cpu 
Detailed RTL Component Info : 
+---Adders : 
	   2 Input      4 Bit       Adders := 1     
+---Registers : 
	               32 Bit    Registers := 5     
	                4 Bit    Registers := 1     
	                1 Bit    Registers := 1     
+---Muxes : 
	   2 Input     32 Bit        Muxes := 5     
	   2 Input      4 Bit        Muxes := 1     
	   6 Input      3 Bit        Muxes := 1     
	   2 Input      1 Bit        Muxes := 6     
	   4 Input      1 Bit        Muxes := 1     
	   6 Input      1 Bit        Muxes := 1     
Module cpu_checker 
Detailed RTL Component Info : 
+---Adders : 
	   2 Input      6 Bit       Adders := 1     
+---Registers : 
	               32 Bit    Registers := 9     
	                6 Bit    Registers := 1     
+---Muxes : 
	   3 Input     32 Bit        Muxes := 2     
	  11 Input     32 Bit        Muxes := 1     
	   2 Input     32 Bit        Muxes := 1     
	   2 Input      8 Bit        Muxes := 1     
	  12 Input      4 Bit        Muxes := 1     
---------------------------------------------------------------------------------
Finished RTL Hierarchical Component Statistics
---------------------------------------------------------------------------------
---------------------------------------------------------------------------------
Start Part Resource Summary
---------------------------------------------------------------------------------
Part Resources:
DSPs: 740 (col length:100)
BRAMs: 730 (col length: RAMB18 100 RAMB36 50)
---------------------------------------------------------------------------------
Finished Part Resource Summary
---------------------------------------------------------------------------------
---------------------------------------------------------------------------------
Start Cross Boundary and Area Optimization
---------------------------------------------------------------------------------
Warning: Parallel synthesis criteria is not met 
WARNING: [Synth 8-3331] design ALU has unconnected port Cout
INFO: [Common 17-14] Message 'Synth 8-3331' appears 100 times and further instances of the messages will be disabled. Use the Tcl command set_msg_config to change the current settings.
INFO: [Synth 8-3886] merging instance 'checker/status_reg[2]' (FDRE) to 'checker/status_reg[3]'
INFO: [Synth 8-3886] merging instance 'checker/status_reg[3]' (FDRE) to 'checker/status_reg[4]'
INFO: [Synth 8-3886] merging instance 'checker/status_reg[4]' (FDRE) to 'checker/status_reg[5]'
INFO: [Synth 8-3886] merging instance 'checker/answaddr_reg[5]' (FDRE) to 'checker/errwaddr_reg[5]'
INFO: [Synth 8-3886] merging instance 'checker/errwaddr_reg[5]' (FDRE) to 'checker/errwaddr_reg[6]'
INFO: [Synth 8-3886] merging instance 'checker/status_reg[5]' (FDRE) to 'checker/status_reg[6]'
INFO: [Synth 8-3886] merging instance 'checker/answaddr_reg[6]' (FDRE) to 'checker/errwaddr_reg[6]'
INFO: [Synth 8-3886] merging instance 'checker/errwaddr_reg[6]' (FDRE) to 'checker/errwaddr_reg[7]'
INFO: [Synth 8-3886] merging instance 'checker/status_reg[6]' (FDRE) to 'checker/status_reg[7]'
INFO: [Synth 8-3886] merging instance 'checker/answaddr_reg[7]' (FDRE) to 'checker/errwaddr_reg[7]'
INFO: [Synth 8-3886] merging instance 'checker/errwaddr_reg[7]' (FDRE) to 'checker/errwaddr_reg[8]'
INFO: [Synth 8-3886] merging instance 'checker/status_reg[7]' (FDRE) to 'checker/status_reg[8]'
INFO: [Synth 8-3886] merging instance 'checker/answaddr_reg[8]' (FDRE) to 'checker/errwaddr_reg[8]'
INFO: [Synth 8-3886] merging instance 'checker/errwaddr_reg[8]' (FDRE) to 'checker/errwaddr_reg[9]'
INFO: [Synth 8-3886] merging instance 'checker/status_reg[8]' (FDRE) to 'checker/status_reg[9]'
INFO: [Synth 8-3886] merging instance 'checker/answaddr_reg[9]' (FDRE) to 'checker/errwaddr_reg[9]'
INFO: [Synth 8-3886] merging instance 'checker/errwaddr_reg[9]' (FDRE) to 'checker/errwaddr_reg[10]'
INFO: [Synth 8-3886] merging instance 'checker/status_reg[9]' (FDRE) to 'checker/status_reg[10]'
INFO: [Synth 8-3886] merging instance 'checker/answaddr_reg[10]' (FDRE) to 'checker/errwaddr_reg[10]'
INFO: [Synth 8-3886] merging instance 'checker/errwaddr_reg[10]' (FDRE) to 'checker/errwaddr_reg[11]'
INFO: [Synth 8-3886] merging instance 'checker/status_reg[10]' (FDRE) to 'checker/status_reg[11]'
INFO: [Synth 8-3886] merging instance 'checker/answaddr_reg[11]' (FDRE) to 'checker/errwaddr_reg[11]'
INFO: [Synth 8-3886] merging instance 'checker/errwaddr_reg[11]' (FDRE) to 'checker/errwaddr_reg[12]'
INFO: [Synth 8-3886] merging instance 'checker/status_reg[11]' (FDRE) to 'checker/status_reg[12]'
INFO: [Synth 8-3886] merging instance 'checker/answaddr_reg[12]' (FDRE) to 'checker/errwaddr_reg[12]'
INFO: [Synth 8-3886] merging instance 'checker/errwaddr_reg[12]' (FDRE) to 'checker/errwaddr_reg[13]'
INFO: [Synth 8-3886] merging instance 'checker/status_reg[12]' (FDRE) to 'checker/status_reg[13]'
INFO: [Synth 8-3886] merging instance 'checker/answaddr_reg[13]' (FDRE) to 'checker/errwaddr_reg[13]'
INFO: [Synth 8-3886] merging instance 'checker/errwaddr_reg[13]' (FDRE) to 'checker/errwaddr_reg[14]'
INFO: [Synth 8-3886] merging instance 'checker/status_reg[13]' (FDRE) to 'checker/status_reg[14]'
INFO: [Synth 8-3886] merging instance 'checker/answaddr_reg[14]' (FDRE) to 'checker/errwaddr_reg[14]'
INFO: [Synth 8-3886] merging instance 'checker/errwaddr_reg[14]' (FDRE) to 'checker/errwaddr_reg[15]'
INFO: [Synth 8-3886] merging instance 'checker/status_reg[14]' (FDRE) to 'checker/status_reg[15]'
INFO: [Synth 8-3886] merging instance 'checker/answaddr_reg[15]' (FDRE) to 'checker/errwaddr_reg[15]'
INFO: [Synth 8-3886] merging instance 'checker/errwaddr_reg[15]' (FDRE) to 'checker/errwaddr_reg[16]'
INFO: [Synth 8-3886] merging instance 'checker/status_reg[15]' (FDRE) to 'checker/status_reg[16]'
INFO: [Synth 8-3886] merging instance 'checker/answaddr_reg[16]' (FDRE) to 'checker/errwaddr_reg[16]'
INFO: [Synth 8-3886] merging instance 'checker/anspc_reg[16]' (FDRE) to 'checker/anspc_reg[17]'
INFO: [Synth 8-3886] merging instance 'checker/errwaddr_reg[16]' (FDRE) to 'checker/errwaddr_reg[17]'
INFO: [Synth 8-3886] merging instance 'checker/status_reg[16]' (FDRE) to 'checker/status_reg[17]'
INFO: [Synth 8-3886] merging instance 'checker/answaddr_reg[17]' (FDRE) to 'checker/errwaddr_reg[17]'
INFO: [Synth 8-3886] merging instance 'checker/anspc_reg[17]' (FDRE) to 'checker/anspc_reg[18]'
INFO: [Synth 8-3886] merging instance 'checker/errwaddr_reg[17]' (FDRE) to 'checker/errwaddr_reg[18]'
INFO: [Synth 8-3886] merging instance 'checker/status_reg[17]' (FDRE) to 'checker/status_reg[18]'
INFO: [Synth 8-3886] merging instance 'checker/answaddr_reg[18]' (FDRE) to 'checker/errwaddr_reg[18]'
INFO: [Synth 8-3886] merging instance 'checker/anspc_reg[18]' (FDRE) to 'checker/anspc_reg[19]'
INFO: [Synth 8-3886] merging instance 'checker/errwaddr_reg[18]' (FDRE) to 'checker/errwaddr_reg[19]'
INFO: [Synth 8-3886] merging instance 'checker/status_reg[18]' (FDRE) to 'checker/status_reg[19]'
INFO: [Synth 8-3886] merging instance 'checker/answaddr_reg[19]' (FDRE) to 'checker/errwaddr_reg[19]'
INFO: [Synth 8-3886] merging instance 'checker/anspc_reg[19]' (FDRE) to 'checker/anspc_reg[20]'
INFO: [Synth 8-3886] merging instance 'checker/errwaddr_reg[19]' (FDRE) to 'checker/errwaddr_reg[20]'
INFO: [Synth 8-3886] merging instance 'checker/status_reg[19]' (FDRE) to 'checker/status_reg[20]'
INFO: [Synth 8-3886] merging instance 'checker/answaddr_reg[20]' (FDRE) to 'checker/errwaddr_reg[20]'
INFO: [Synth 8-3886] merging instance 'checker/anspc_reg[20]' (FDRE) to 'checker/anspc_reg[21]'
INFO: [Synth 8-3886] merging instance 'checker/errwaddr_reg[20]' (FDRE) to 'checker/errwaddr_reg[21]'
INFO: [Synth 8-3886] merging instance 'checker/status_reg[20]' (FDRE) to 'checker/status_reg[21]'
INFO: [Synth 8-3886] merging instance 'checker/answaddr_reg[21]' (FDRE) to 'checker/errwaddr_reg[21]'
INFO: [Synth 8-3886] merging instance 'checker/anspc_reg[21]' (FDRE) to 'checker/anspc_reg[22]'
INFO: [Synth 8-3886] merging instance 'checker/errwaddr_reg[21]' (FDRE) to 'checker/errwaddr_reg[22]'
INFO: [Synth 8-3886] merging instance 'checker/status_reg[21]' (FDRE) to 'checker/status_reg[22]'
INFO: [Synth 8-3886] merging instance 'checker/answaddr_reg[22]' (FDRE) to 'checker/errwaddr_reg[22]'
INFO: [Synth 8-3886] merging instance 'checker/anspc_reg[22]' (FDRE) to 'checker/anspc_reg[23]'
INFO: [Synth 8-3886] merging instance 'checker/errwaddr_reg[22]' (FDRE) to 'checker/errwaddr_reg[23]'
INFO: [Synth 8-3886] merging instance 'checker/status_reg[22]' (FDRE) to 'checker/status_reg[23]'
INFO: [Synth 8-3886] merging instance 'checker/answaddr_reg[23]' (FDRE) to 'checker/errwaddr_reg[23]'
INFO: [Synth 8-3886] merging instance 'checker/anspc_reg[23]' (FDRE) to 'checker/anspc_reg[24]'
INFO: [Synth 8-3886] merging instance 'checker/errwaddr_reg[23]' (FDRE) to 'checker/errwaddr_reg[24]'
INFO: [Synth 8-3886] merging instance 'checker/status_reg[23]' (FDRE) to 'checker/status_reg[24]'
INFO: [Synth 8-3886] merging instance 'checker/answaddr_reg[24]' (FDRE) to 'checker/errwaddr_reg[24]'
INFO: [Synth 8-3886] merging instance 'checker/anspc_reg[24]' (FDRE) to 'checker/anspc_reg[25]'
INFO: [Synth 8-3886] merging instance 'checker/errwaddr_reg[24]' (FDRE) to 'checker/errwaddr_reg[25]'
INFO: [Synth 8-3886] merging instance 'checker/status_reg[24]' (FDRE) to 'checker/status_reg[25]'
INFO: [Synth 8-3886] merging instance 'checker/answaddr_reg[25]' (FDRE) to 'checker/errwaddr_reg[25]'
INFO: [Synth 8-3886] merging instance 'checker/anspc_reg[25]' (FDRE) to 'checker/anspc_reg[26]'
INFO: [Synth 8-3886] merging instance 'checker/errwaddr_reg[25]' (FDRE) to 'checker/errwaddr_reg[26]'
INFO: [Synth 8-3886] merging instance 'checker/status_reg[25]' (FDRE) to 'checker/status_reg[26]'
INFO: [Synth 8-3886] merging instance 'checker/answaddr_reg[26]' (FDRE) to 'checker/errwaddr_reg[26]'
INFO: [Synth 8-3886] merging instance 'checker/anspc_reg[26]' (FDRE) to 'checker/anspc_reg[27]'
INFO: [Synth 8-3886] merging instance 'checker/errwaddr_reg[26]' (FDRE) to 'checker/errwaddr_reg[27]'
INFO: [Synth 8-3886] merging instance 'checker/status_reg[26]' (FDRE) to 'checker/status_reg[27]'
INFO: [Synth 8-3886] merging instance 'checker/answaddr_reg[27]' (FDRE) to 'checker/errwaddr_reg[27]'
INFO: [Synth 8-3886] merging instance 'checker/anspc_reg[27]' (FDRE) to 'checker/anspc_reg[28]'
INFO: [Synth 8-3886] merging instance 'checker/errwaddr_reg[27]' (FDRE) to 'checker/errwaddr_reg[28]'
INFO: [Synth 8-3886] merging instance 'checker/status_reg[27]' (FDRE) to 'checker/status_reg[28]'
INFO: [Synth 8-3886] merging instance 'checker/answaddr_reg[28]' (FDRE) to 'checker/errwaddr_reg[28]'
INFO: [Synth 8-3886] merging instance 'checker/anspc_reg[28]' (FDRE) to 'checker/anspc_reg[29]'
INFO: [Synth 8-3886] merging instance 'checker/errwaddr_reg[28]' (FDRE) to 'checker/errwaddr_reg[29]'
INFO: [Synth 8-3886] merging instance 'checker/status_reg[28]' (FDRE) to 'checker/status_reg[29]'
INFO: [Synth 8-3886] merging instance 'checker/answaddr_reg[29]' (FDRE) to 'checker/errwaddr_reg[29]'
INFO: [Synth 8-3886] merging instance 'checker/anspc_reg[29]' (FDRE) to 'checker/anspc_reg[30]'
INFO: [Synth 8-3886] merging instance 'checker/errwaddr_reg[29]' (FDRE) to 'checker/errwaddr_reg[30]'
INFO: [Synth 8-3886] merging instance 'checker/status_reg[29]' (FDRE) to 'checker/status_reg[30]'
INFO: [Synth 8-3886] merging instance 'checker/answaddr_reg[30]' (FDRE) to 'checker/errwaddr_reg[30]'
INFO: [Synth 8-3886] merging instance 'checker/anspc_reg[30]' (FDRE) to 'checker/anspc_reg[31]'
INFO: [Synth 8-3886] merging instance 'checker/errwaddr_reg[30]' (FDRE) to 'checker/answaddr_reg[31]'
INFO: [Synth 8-3886] merging instance 'checker/status_reg[30]' (FDRE) to 'checker/status_reg[31]'
INFO: [Synth 8-3886] merging instance 'checker/answaddr_reg[31]' (FDRE) to 'checker/errwaddr_reg[31]'
INFO: [Synth 8-3333] propagating constant 0 across sequential element (\checker/anspc_reg[31] )
INFO: [Synth 8-3333] propagating constant 0 across sequential element (\checker/errwaddr_reg[31] )
INFO: [Synth 8-3333] propagating constant 0 across sequential element (\checker/status_reg[31] )
INFO: [Synth 8-3886] merging instance 'your_cpu/NPC_reg[0]' (FDE) to 'your_cpu/PC_now_reg[0]'
INFO: [Synth 8-3886] merging instance 'your_cpu/NPC_reg[1]' (FDE) to 'your_cpu/PC_now_reg[1]'
---------------------------------------------------------------------------------
Finished Cross Boundary and Area Optimization : Time (s): cpu = 00:00:47 ; elapsed = 00:00:47 . Memory (MB): peak = 1229.105 ; gain = 440.586
---------------------------------------------------------------------------------

Report RTL Partitions: 
+-+--------------+------------+----------+
| |RTL Partition |Replication |Instances |
+-+--------------+------------+----------+
+-+--------------+------------+----------+
---------------------------------------------------------------------------------
Start Applying XDC Timing Constraints
---------------------------------------------------------------------------------
WARNING: [Synth 8-565] redefining clock 'sys_clk'
---------------------------------------------------------------------------------
Finished Applying XDC Timing Constraints : Time (s): cpu = 00:00:51 ; elapsed = 00:00:51 . Memory (MB): peak = 1229.105 ; gain = 440.586
---------------------------------------------------------------------------------
---------------------------------------------------------------------------------
Start Timing Optimization
---------------------------------------------------------------------------------
---------------------------------------------------------------------------------
Finished Timing Optimization : Time (s): cpu = 00:00:54 ; elapsed = 00:00:54 . Memory (MB): peak = 1229.105 ; gain = 440.586
---------------------------------------------------------------------------------

Report RTL Partitions: 
+-+--------------+------------+----------+
| |RTL Partition |Replication |Instances |
+-+--------------+------------+----------+
+-+--------------+------------+----------+
---------------------------------------------------------------------------------
Start Technology Mapping
---------------------------------------------------------------------------------
---------------------------------------------------------------------------------
Finished Technology Mapping : Time (s): cpu = 00:00:55 ; elapsed = 00:00:55 . Memory (MB): peak = 1248.141 ; gain = 459.621
---------------------------------------------------------------------------------

Report RTL Partitions: 
+-+--------------+------------+----------+
| |RTL Partition |Replication |Instances |
+-+--------------+------------+----------+
+-+--------------+------------+----------+
---------------------------------------------------------------------------------
Start IO Insertion
---------------------------------------------------------------------------------
---------------------------------------------------------------------------------
Start Flattening Before IO Insertion
---------------------------------------------------------------------------------
---------------------------------------------------------------------------------
Finished Flattening Before IO Insertion
---------------------------------------------------------------------------------
---------------------------------------------------------------------------------
Start Final Netlist Cleanup
---------------------------------------------------------------------------------
---------------------------------------------------------------------------------
Finished Final Netlist Cleanup
---------------------------------------------------------------------------------
---------------------------------------------------------------------------------
Finished IO Insertion : Time (s): cpu = 00:00:57 ; elapsed = 00:00:57 . Memory (MB): peak = 1251.930 ; gain = 463.410
---------------------------------------------------------------------------------
---------------------------------------------------------------------------------
Start Renaming Generated Instances
---------------------------------------------------------------------------------
---------------------------------------------------------------------------------
Finished Renaming Generated Instances : Time (s): cpu = 00:00:57 ; elapsed = 00:00:57 . Memory (MB): peak = 1251.930 ; gain = 463.410
---------------------------------------------------------------------------------

Report RTL Partitions: 
+-+--------------+------------+----------+
| |RTL Partition |Replication |Instances |
+-+--------------+------------+----------+
+-+--------------+------------+----------+

Report Check Netlist: 
+------+------------------+-------+---------+-------+------------------+
|      |Item              |Errors |Warnings |Status |Description       |
+------+------------------+-------+---------+-------+------------------+
|1     |multi_driven_nets |      0|        0|Passed |Multi driven nets |
+------+------------------+-------+---------+-------+------------------+
---------------------------------------------------------------------------------
Start Rebuilding User Hierarchy
---------------------------------------------------------------------------------
---------------------------------------------------------------------------------
Finished Rebuilding User Hierarchy : Time (s): cpu = 00:00:57 ; elapsed = 00:00:57 . Memory (MB): peak = 1251.930 ; gain = 463.410
---------------------------------------------------------------------------------
---------------------------------------------------------------------------------
Start Renaming Generated Ports
---------------------------------------------------------------------------------
---------------------------------------------------------------------------------
Finished Renaming Generated Ports : Time (s): cpu = 00:00:57 ; elapsed = 00:00:57 . Memory (MB): peak = 1251.930 ; gain = 463.410
---------------------------------------------------------------------------------
---------------------------------------------------------------------------------
Start Handling Custom Attributes
---------------------------------------------------------------------------------
---------------------------------------------------------------------------------
Finished Handling Custom Attributes : Time (s): cpu = 00:00:57 ; elapsed = 00:00:57 . Memory (MB): peak = 1251.930 ; gain = 463.410
---------------------------------------------------------------------------------
---------------------------------------------------------------------------------
Start Renaming Generated Nets
---------------------------------------------------------------------------------
---------------------------------------------------------------------------------
Finished Renaming Generated Nets : Time (s): cpu = 00:00:57 ; elapsed = 00:00:57 . Memory (MB): peak = 1251.930 ; gain = 463.410
---------------------------------------------------------------------------------
---------------------------------------------------------------------------------
Start Writing Synthesis Report
---------------------------------------------------------------------------------

Report BlackBoxes: 
+------+-----------------+----------+
|      |BlackBox name    |Instances |
+------+-----------------+----------+
|1     |clk_pll          |         1|
|2     |mr_bram          |         1|
|3     |lcd_controller_0 |         1|
|4     |ma_river_core_0  |         1|
|5     |axi_bus          |         1|
|6     |cpu_inst_rom     |         2|
|7     |cpu_data_ram     |         1|
|8     |cpu_ans_rom      |         1|
+------+-----------------+----------+

Report Cell Usage: 
+------+-----------------+------+
|      |Cell             |Count |
+------+-----------------+------+
|1     |axi_bus          |     1|
|2     |clk_pll          |     1|
|3     |cpu_ans_rom      |     1|
|4     |cpu_data_ram     |     1|
|5     |cpu_inst_rom     |     1|
|6     |cpu_inst_rom__1  |     1|
|7     |lcd_controller_0 |     1|
|8     |ma_river_core_0  |     1|
|9     |mr_bram          |     1|
|10    |CARRY4           |    78|
|11    |LUT1             |    55|
|12    |LUT2             |   212|
|13    |LUT3             |   277|
|14    |LUT4             |   240|
|15    |LUT5             |   274|
|16    |LUT6             |  1050|
|17    |MUXF7            |   256|
|18    |MUXF8            |    66|
|19    |FDRE             |  1568|
|20    |FDSE             |     1|
|21    |IBUF             |     1|
|22    |OBUF             |     6|
+------+-----------------+------+

Report Instance Areas: 
+------+--------------------+----------------+------+
|      |Instance            |Module          |Cells |
+------+--------------------+----------------+------+
|1     |top                 |                |  5419|
|2     |  your_cpu          |cpu             |  3427|
|3     |    mux4            |mux             |    32|
|4     |    my_adder        |FullAdder       |    35|
|5     |    my_inst_decoder |inst_decoder_v2 |    98|
|6     |    my_judgment     |branch_judgment |    33|
|7     |    my_alu          |ALU             |   110|
|8     |    my_regfile      |regfile         |  2761|
|9     |  checker           |cpu_checker     |   406|
|10    |  cw                |checker_wrapper |   224|
+------+--------------------+----------------+------+
---------------------------------------------------------------------------------
Finished Writing Synthesis Report : Time (s): cpu = 00:00:57 ; elapsed = 00:00:57 . Memory (MB): peak = 1251.930 ; gain = 463.410
---------------------------------------------------------------------------------
Synthesis finished with 0 errors, 0 critical warnings and 23 warnings.
Synthesis Optimization Runtime : Time (s): cpu = 00:00:52 ; elapsed = 00:00:56 . Memory (MB): peak = 1251.930 ; gain = 323.449
Synthesis Optimization Complete : Time (s): cpu = 00:00:57 ; elapsed = 00:00:57 . Memory (MB): peak = 1251.930 ; gain = 463.410
INFO: [Project 1-571] Translating synthesized netlist
Netlist sorting complete. Time (s): cpu = 00:00:00 ; elapsed = 00:00:00.033 . Memory (MB): peak = 1264.031 ; gain = 0.000
INFO: [Netlist 29-17] Analyzing 400 Unisim elements for replacement
INFO: [Netlist 29-28] Unisim Transformation completed in 0 CPU seconds
INFO: [Project 1-570] Preparing netlist for logic optimization
INFO: [Opt 31-140] Inserted 1 IBUFs to IO ports without IO buffers.
INFO: [Opt 31-138] Pushed 0 inverter(s) to 0 load pin(s).
Netlist sorting complete. Time (s): cpu = 00:00:00 ; elapsed = 00:00:00 . Memory (MB): peak = 1264.031 ; gain = 0.000
INFO: [Project 1-111] Unisim Transformation Summary:
No Unisim elements were transformed.

INFO: [Common 17-83] Releasing license: Synthesis
172 Infos, 127 Warnings, 0 Critical Warnings and 0 Errors encountered.
synth_design completed successfully
synth_design: Time (s): cpu = 00:01:00 ; elapsed = 00:01:01 . Memory (MB): peak = 1264.031 ; gain = 801.555
Netlist sorting complete. Time (s): cpu = 00:00:00 ; elapsed = 00:00:00 . Memory (MB): peak = 1264.031 ; gain = 0.000
WARNING: [Constraints 18-5210] No constraints selected for write.
Resolution: This message can indicate that there are no constraints for the design, or it can indicate that the used_in flags are set such that the constraints are ignored. This later case is used when running synth_design to not write synthesis constraints to the resulting checkpoint. Instead, project constraints are read when the synthesized design is opened.
INFO: [Common 17-1381] The checkpoint 'D:/ComputerScience/CPU_design/lab5/lab5/lab5/lab5.runs/synth_1/soc_top.dcp' has been generated.
INFO: [runtcl-4] Executing : report_utilization -file soc_top_utilization_synth.rpt -pb soc_top_utilization_synth.pb
INFO: [Common 17-206] Exiting Vivado at Mon Sep 30 12:33:51 2024...
