#-----------------------------------------------------------
# Vivado v2019.2 (64-bit)
# SW Build 2708876 on Wed Nov  6 21:40:23 MST 2019
# IP Build 2700528 on Thu Nov  7 00:09:20 MST 2019
# Start of session at: Mon Dec 30 14:18:46 2024
# Process ID: 30060
# Current directory: D:/ComputerScience/hitcs/hitcs/computer_architecture/labs/lab3
# Command line: vivado.exe -gui_launcher_event rodinguilauncherevent29924 D:\ComputerScience\hitcs\hitcs\computer_architecture\labs\lab3\lab3.xpr
# Log file: D:/ComputerScience/hitcs/hitcs/computer_architecture/labs/lab3/vivado.log
# Journal file: D:/ComputerScience/hitcs/hitcs/computer_architecture/labs/lab3\vivado.jou
#-----------------------------------------------------------
start_gui
open_project D:/ComputerScience/hitcs/hitcs/computer_architecture/labs/lab3/lab3.xpr
Scanning sources...
Finished scanning sources
WARNING: [filemgmt 56-3] IP Repository Path: Could not find the directory 'D:/ComputerScience/hitcs/hitcs/lcd_controller/lcd_controller.srcs/sources_1'.
WARNING: [filemgmt 56-3] IP Repository Path: Could not find the directory 'D:/ComputerScience/hitcs/hitcs/ma_river_core/ma_river_core.srcs/sources_1'.
INFO: [IP_Flow 19-234] Refreshing IP repositories
WARNING: [IP_Flow 19-2248] Failed to load user IP repository 'd:/ComputerScience/hitcs/hitcs/lcd_controller/lcd_controller.srcs/sources_1'; Can't find the specified path.
If this directory should no longer be in your list of user repositories, go to the IP Settings dialog and remove it.
WARNING: [IP_Flow 19-2248] Failed to load user IP repository 'd:/ComputerScience/hitcs/hitcs/ma_river_core/ma_river_core.srcs/sources_1'; Can't find the specified path.
If this directory should no longer be in your list of user repositories, go to the IP Settings dialog and remove it.
INFO: [IP_Flow 19-2313] Loaded Vivado IP repository 'D:/StudySoftware/Xilinx_Vivado_2019.2/Vivado/2019.2/data/ip'.
WARNING: [IP_Flow 19-2162] IP 'ma_river_core_0' is locked:
* IP definition 'ma_river_core (1.0)' for IP 'ma_river_core_0' (customized with software release 2019.2) was not found in the IP Catalog.
WARNING: [IP_Flow 19-2162] IP 'lcd_controller_0' is locked:
* IP definition 'lcd_controller (1.0)' for IP 'lcd_controller_0' (customized with software release 2019.2) was not found in the IP Catalog.
open_project: Time (s): cpu = 00:00:11 ; elapsed = 00:00:06 . Memory (MB): peak = 962.633 ; gain = 228.301
update_compile_order -fileset sources_1
launch_simulation
Command: launch_simulation 
INFO: [Vivado 12-5698] Checking validity of IPs in the design for the 'XSim' simulator...
INFO: [Vivado 12-5682] Launching behavioral simulation in 'D:/ComputerScience/hitcs/hitcs/computer_architecture/labs/lab3/lab3.sim/sim_1/behav/xsim'
INFO: [Vivado 12-4795] Using compiled simulation libraries for IPs
INFO: [SIM-utils-51] Simulation object is 'sim_1'
INFO: [USF-XSim-7] Finding pre-compiled libraries...
INFO: [USF-XSim-11] File 'D:/StudySoftware/Xilinx_Vivado_2019.2/Vivado/2019.2/data/xsim/xsim.ini' copied to run dir:'D:/ComputerScience/hitcs/hitcs/computer_architecture/labs/lab3/lab3.sim/sim_1/behav/xsim'
INFO: [SIM-utils-54] Inspecting design source files for 'tb' in fileset 'sim_1'...
INFO: [SIM-utils-43] Exported 'D:/ComputerScience/hitcs/hitcs/computer_architecture/labs/lab3/lab3.sim/sim_1/behav/xsim/axi.mif'
INFO: [SIM-utils-43] Exported 'D:/ComputerScience/hitcs/hitcs/computer_architecture/labs/lab3/lab3.sim/sim_1/behav/xsim/axi_ram.coe'
INFO: [SIM-utils-43] Exported 'D:/ComputerScience/hitcs/hitcs/computer_architecture/labs/lab3/lab3.sim/sim_1/behav/xsim/cache_trace.mif'
INFO: [SIM-utils-43] Exported 'D:/ComputerScience/hitcs/hitcs/computer_architecture/labs/lab3/lab3.sim/sim_1/behav/xsim/cache_trace.coe'
INFO: [SIM-utils-43] Exported 'D:/ComputerScience/hitcs/hitcs/computer_architecture/labs/lab3/lab3.sim/sim_1/behav/xsim/font_rom.mif'
INFO: [SIM-utils-43] Exported 'D:/ComputerScience/hitcs/hitcs/computer_architecture/labs/lab3/lab3.sim/sim_1/behav/xsim/font_rom.coe'
INFO: [SIM-utils-43] Exported 'D:/ComputerScience/hitcs/hitcs/computer_architecture/labs/lab3/lab3.sim/sim_1/behav/xsim/rst_rom.mif'
INFO: [SIM-utils-43] Exported 'D:/ComputerScience/hitcs/hitcs/computer_architecture/labs/lab3/lab3.sim/sim_1/behav/xsim/rst_rom.coe'
INFO: [SIM-utils-43] Exported 'D:/ComputerScience/hitcs/hitcs/computer_architecture/labs/lab3/lab3.sim/sim_1/behav/xsim/mr_bram.mif'
INFO: [SIM-utils-43] Exported 'D:/ComputerScience/hitcs/hitcs/computer_architecture/labs/lab3/lab3.sim/sim_1/behav/xsim/cache_checker.coe'
INFO: [USF-XSim-97] Finding global include files...
INFO: [USF-XSim-98] Fetching design files from 'sim_1'...
INFO: [USF-XSim-2] XSim::Compile design
INFO: [USF-XSim-61] Executing 'COMPILE and ANALYZE' step in 'D:/ComputerScience/hitcs/hitcs/computer_architecture/labs/lab3/lab3.sim/sim_1/behav/xsim'
"xvlog --incr --relax -prj tb_vlog.prj"
INFO: [VRFC 10-2263] Analyzing Verilog file "D:/ComputerScience/hitcs/hitcs/computer_architecture/labs/lab3/lab3.srcs/sources_1/ip/lcd_controller_0/ip/rst_rom/sim/rst_rom.v" into library xil_defaultlib
INFO: [VRFC 10-311] analyzing module rst_rom
INFO: [VRFC 10-2263] Analyzing Verilog file "D:/ComputerScience/hitcs/hitcs/computer_architecture/labs/lab3/lab3.srcs/sources_1/ip/lcd_controller_0/ip/font_rom/sim/font_rom.v" into library xil_defaultlib
INFO: [VRFC 10-311] analyzing module font_rom
INFO: [VRFC 10-2263] Analyzing Verilog file "D:/ComputerScience/hitcs/hitcs/computer_architecture/labs/lab3/lab3.srcs/sources_1/ip/lcd_controller_0/imports/hardware/lcd_controller.v" into library xil_defaultlib
INFO: [VRFC 10-311] analyzing module lcd_controller
INFO: [VRFC 10-2263] Analyzing Verilog file "D:/ComputerScience/hitcs/hitcs/computer_architecture/labs/lab3/lab3.srcs/sources_1/ip/lcd_controller_0/sim/lcd_controller_0.v" into library xil_defaultlib
INFO: [VRFC 10-311] analyzing module lcd_controller_0
INFO: [VRFC 10-2263] Analyzing Verilog file "D:/ComputerScience/hitcs/hitcs/computer_architecture/labs/lab3/lab3.srcs/sources_1/ip/mr_bram/sim/mr_bram.v" into library xil_defaultlib
INFO: [VRFC 10-311] analyzing module mr_bram
INFO: [VRFC 10-2263] Analyzing Verilog file "D:/ComputerScience/hitcs/hitcs/computer_architecture/labs/lab3/lab3.srcs/sources_1/ip/clk_pll/clk_pll_clk_wiz.v" into library xil_defaultlib
INFO: [VRFC 10-311] analyzing module clk_pll_clk_wiz
INFO: [VRFC 10-2263] Analyzing Verilog file "D:/ComputerScience/hitcs/hitcs/computer_architecture/labs/lab3/lab3.srcs/sources_1/ip/clk_pll/clk_pll.v" into library xil_defaultlib
INFO: [VRFC 10-311] analyzing module clk_pll
INFO: [VRFC 10-2263] Analyzing Verilog file "D:/ComputerScience/hitcs/hitcs/computer_architecture/labs/lab3/lab3.srcs/sources_1/imports/labs/cache.v" into library xil_defaultlib
INFO: [VRFC 10-311] analyzing module cache
WARNING: [VRFC 10-3380] identifier 'req_tag' is used before its declaration [D:/ComputerScience/hitcs/hitcs/computer_architecture/labs/lab3/lab3.srcs/sources_1/imports/labs/cache.v:45]
WARNING: [VRFC 10-3380] identifier 'req_tag' is used before its declaration [D:/ComputerScience/hitcs/hitcs/computer_architecture/labs/lab3/lab3.srcs/sources_1/imports/labs/cache.v:46]
ERROR: [VRFC 10-1280] procedural assignment to a non-register cache_data_ok is not permitted, left-hand side should be reg/integer/time/genvar [D:/ComputerScience/hitcs/hitcs/computer_architecture/labs/lab3/lab3.srcs/sources_1/imports/labs/cache.v:67]
ERROR: [VRFC 10-1280] procedural assignment to a non-register arvalid is not permitted, left-hand side should be reg/integer/time/genvar [D:/ComputerScience/hitcs/hitcs/computer_architecture/labs/lab3/lab3.srcs/sources_1/imports/labs/cache.v:68]
ERROR: [VRFC 10-1280] procedural assignment to a non-register rready is not permitted, left-hand side should be reg/integer/time/genvar [D:/ComputerScience/hitcs/hitcs/computer_architecture/labs/lab3/lab3.srcs/sources_1/imports/labs/cache.v:69]
ERROR: [VRFC 10-1280] procedural assignment to a non-register cache_data_ok is not permitted, left-hand side should be reg/integer/time/genvar [D:/ComputerScience/hitcs/hitcs/computer_architecture/labs/lab3/lab3.srcs/sources_1/imports/labs/cache.v:91]
ERROR: [VRFC 10-1280] procedural assignment to a non-register cache_data_ok is not permitted, left-hand side should be reg/integer/time/genvar [D:/ComputerScience/hitcs/hitcs/computer_architecture/labs/lab3/lab3.srcs/sources_1/imports/labs/cache.v:113]
ERROR: [VRFC 10-1280] procedural assignment to a non-register cache_rdata is not permitted, left-hand side should be reg/integer/time/genvar [D:/ComputerScience/hitcs/hitcs/computer_architecture/labs/lab3/lab3.srcs/sources_1/imports/labs/cache.v:114]
ERROR: [VRFC 10-1280] procedural assignment to a non-register arvalid is not permitted, left-hand side should be reg/integer/time/genvar [D:/ComputerScience/hitcs/hitcs/computer_architecture/labs/lab3/lab3.srcs/sources_1/imports/labs/cache.v:121]
ERROR: [VRFC 10-1280] procedural assignment to a non-register araddr is not permitted, left-hand side should be reg/integer/time/genvar [D:/ComputerScience/hitcs/hitcs/computer_architecture/labs/lab3/lab3.srcs/sources_1/imports/labs/cache.v:122]
ERROR: [VRFC 10-1280] procedural assignment to a non-register arid is not permitted, left-hand side should be reg/integer/time/genvar [D:/ComputerScience/hitcs/hitcs/computer_architecture/labs/lab3/lab3.srcs/sources_1/imports/labs/cache.v:123]
ERROR: [VRFC 10-1280] procedural assignment to a non-register arvalid is not permitted, left-hand side should be reg/integer/time/genvar [D:/ComputerScience/hitcs/hitcs/computer_architecture/labs/lab3/lab3.srcs/sources_1/imports/labs/cache.v:141]
ERROR: [VRFC 10-1280] procedural assignment to a non-register rready is not permitted, left-hand side should be reg/integer/time/genvar [D:/ComputerScience/hitcs/hitcs/computer_architecture/labs/lab3/lab3.srcs/sources_1/imports/labs/cache.v:142]
ERROR: [VRFC 10-1280] procedural assignment to a non-register cache_rdata is not permitted, left-hand side should be reg/integer/time/genvar [D:/ComputerScience/hitcs/hitcs/computer_architecture/labs/lab3/lab3.srcs/sources_1/imports/labs/cache.v:156]
ERROR: [VRFC 10-1280] procedural assignment to a non-register cache_rdata is not permitted, left-hand side should be reg/integer/time/genvar [D:/ComputerScience/hitcs/hitcs/computer_architecture/labs/lab3/lab3.srcs/sources_1/imports/labs/cache.v:164]
ERROR: [VRFC 10-1280] procedural assignment to a non-register rready is not permitted, left-hand side should be reg/integer/time/genvar [D:/ComputerScience/hitcs/hitcs/computer_architecture/labs/lab3/lab3.srcs/sources_1/imports/labs/cache.v:168]
ERROR: [VRFC 10-1280] procedural assignment to a non-register cache_data_ok is not permitted, left-hand side should be reg/integer/time/genvar [D:/ComputerScience/hitcs/hitcs/computer_architecture/labs/lab3/lab3.srcs/sources_1/imports/labs/cache.v:184]
ERROR: [VRFC 10-2865] module 'cache' ignored due to previous errors [D:/ComputerScience/hitcs/hitcs/computer_architecture/labs/lab3/lab3.srcs/sources_1/imports/labs/cache.v:1]
INFO: [Common 17-41] Interrupt caught. Command should exit soon.
"xvhdl --incr --relax -prj tb_vhdl.prj"
run_program: Time (s): cpu = 00:00:01 ; elapsed = 00:00:07 . Memory (MB): peak = 1187.027 ; gain = 0.000
INFO: [Common 17-344] 'run_program' was cancelled
INFO: [Vivado 12-5357] 'compile' step aborted
launch_simulation: Time (s): cpu = 00:00:03 ; elapsed = 00:00:08 . Memory (MB): peak = 1187.027 ; gain = 0.000
INFO: [Common 17-344] 'launch_simulation' was cancelled
launch_simulation
Command: launch_simulation 
INFO: [Vivado 12-5698] Checking validity of IPs in the design for the 'XSim' simulator...
INFO: [Vivado 12-5682] Launching behavioral simulation in 'D:/ComputerScience/hitcs/hitcs/computer_architecture/labs/lab3/lab3.sim/sim_1/behav/xsim'
INFO: [Vivado 12-4795] Using compiled simulation libraries for IPs
INFO: [SIM-utils-51] Simulation object is 'sim_1'
INFO: [USF-XSim-7] Finding pre-compiled libraries...
INFO: [USF-XSim-11] File 'D:/StudySoftware/Xilinx_Vivado_2019.2/Vivado/2019.2/data/xsim/xsim.ini' copied to run dir:'D:/ComputerScience/hitcs/hitcs/computer_architecture/labs/lab3/lab3.sim/sim_1/behav/xsim'
INFO: [SIM-utils-54] Inspecting design source files for 'tb' in fileset 'sim_1'...
INFO: [SIM-utils-43] Exported 'D:/ComputerScience/hitcs/hitcs/computer_architecture/labs/lab3/lab3.sim/sim_1/behav/xsim/axi.mif'
INFO: [SIM-utils-43] Exported 'D:/ComputerScience/hitcs/hitcs/computer_architecture/labs/lab3/lab3.sim/sim_1/behav/xsim/axi_ram.coe'
INFO: [SIM-utils-43] Exported 'D:/ComputerScience/hitcs/hitcs/computer_architecture/labs/lab3/lab3.sim/sim_1/behav/xsim/cache_trace.mif'
INFO: [SIM-utils-43] Exported 'D:/ComputerScience/hitcs/hitcs/computer_architecture/labs/lab3/lab3.sim/sim_1/behav/xsim/cache_trace.coe'
INFO: [SIM-utils-43] Exported 'D:/ComputerScience/hitcs/hitcs/computer_architecture/labs/lab3/lab3.sim/sim_1/behav/xsim/font_rom.mif'
INFO: [SIM-utils-43] Exported 'D:/ComputerScience/hitcs/hitcs/computer_architecture/labs/lab3/lab3.sim/sim_1/behav/xsim/font_rom.coe'
INFO: [SIM-utils-43] Exported 'D:/ComputerScience/hitcs/hitcs/computer_architecture/labs/lab3/lab3.sim/sim_1/behav/xsim/rst_rom.mif'
INFO: [SIM-utils-43] Exported 'D:/ComputerScience/hitcs/hitcs/computer_architecture/labs/lab3/lab3.sim/sim_1/behav/xsim/rst_rom.coe'
INFO: [SIM-utils-43] Exported 'D:/ComputerScience/hitcs/hitcs/computer_architecture/labs/lab3/lab3.sim/sim_1/behav/xsim/mr_bram.mif'
INFO: [SIM-utils-43] Exported 'D:/ComputerScience/hitcs/hitcs/computer_architecture/labs/lab3/lab3.sim/sim_1/behav/xsim/cache_checker.coe'
INFO: [USF-XSim-97] Finding global include files...
INFO: [USF-XSim-98] Fetching design files from 'sim_1'...
INFO: [USF-XSim-2] XSim::Compile design
INFO: [USF-XSim-61] Executing 'COMPILE and ANALYZE' step in 'D:/ComputerScience/hitcs/hitcs/computer_architecture/labs/lab3/lab3.sim/sim_1/behav/xsim'
"xvlog --incr --relax -prj tb_vlog.prj"
INFO: [VRFC 10-2263] Analyzing Verilog file "D:/ComputerScience/hitcs/hitcs/computer_architecture/labs/lab3/lab3.srcs/sources_1/ip/lcd_controller_0/ip/rst_rom/sim/rst_rom.v" into library xil_defaultlib
INFO: [VRFC 10-311] analyzing module rst_rom
INFO: [VRFC 10-2263] Analyzing Verilog file "D:/ComputerScience/hitcs/hitcs/computer_architecture/labs/lab3/lab3.srcs/sources_1/ip/lcd_controller_0/ip/font_rom/sim/font_rom.v" into library xil_defaultlib
INFO: [VRFC 10-311] analyzing module font_rom
INFO: [VRFC 10-2263] Analyzing Verilog file "D:/ComputerScience/hitcs/hitcs/computer_architecture/labs/lab3/lab3.srcs/sources_1/ip/lcd_controller_0/imports/hardware/lcd_controller.v" into library xil_defaultlib
INFO: [VRFC 10-311] analyzing module lcd_controller
INFO: [VRFC 10-2263] Analyzing Verilog file "D:/ComputerScience/hitcs/hitcs/computer_architecture/labs/lab3/lab3.srcs/sources_1/ip/lcd_controller_0/sim/lcd_controller_0.v" into library xil_defaultlib
INFO: [VRFC 10-311] analyzing module lcd_controller_0
INFO: [VRFC 10-2263] Analyzing Verilog file "D:/ComputerScience/hitcs/hitcs/computer_architecture/labs/lab3/lab3.srcs/sources_1/ip/mr_bram/sim/mr_bram.v" into library xil_defaultlib
INFO: [VRFC 10-311] analyzing module mr_bram
INFO: [VRFC 10-2263] Analyzing Verilog file "D:/ComputerScience/hitcs/hitcs/computer_architecture/labs/lab3/lab3.srcs/sources_1/ip/clk_pll/clk_pll_clk_wiz.v" into library xil_defaultlib
INFO: [VRFC 10-311] analyzing module clk_pll_clk_wiz
INFO: [VRFC 10-2263] Analyzing Verilog file "D:/ComputerScience/hitcs/hitcs/computer_architecture/labs/lab3/lab3.srcs/sources_1/ip/clk_pll/clk_pll.v" into library xil_defaultlib
INFO: [VRFC 10-311] analyzing module clk_pll
INFO: [VRFC 10-2263] Analyzing Verilog file "D:/ComputerScience/hitcs/hitcs/computer_architecture/labs/lab3/lab3.srcs/sources_1/imports/labs/cache.v" into library xil_defaultlib
INFO: [VRFC 10-311] analyzing module cache
INFO: [VRFC 10-2263] Analyzing Verilog file "D:/ComputerScience/hitcs/hitcs/computer_architecture/labs/lab3/lab3.srcs/sources_1/new/cache_checker.v" into library xil_defaultlib
INFO: [VRFC 10-311] analyzing module cache_checker
INFO: [VRFC 10-2263] Analyzing Verilog file "D:/ComputerScience/hitcs/hitcs/computer_architecture/labs/lab3/lab3.srcs/sources_1/imports/new/checker_wrapper.v" into library xil_defaultlib
INFO: [VRFC 10-311] analyzing module checker_wrapper
INFO: [VRFC 10-2263] Analyzing Verilog file "D:/ComputerScience/hitcs/hitcs/computer_architecture/labs/lab3/lab3.srcs/sources_1/new/soc_top.v" into library xil_defaultlib
INFO: [VRFC 10-311] analyzing module soc_top
INFO: [VRFC 10-2263] Analyzing Verilog file "D:/ComputerScience/hitcs/hitcs/computer_architecture/labs/lab3/lab3.srcs/sim_1/imports/new/tb.v" into library xil_defaultlib
INFO: [VRFC 10-311] analyzing module tb
"xvhdl --incr --relax -prj tb_vhdl.prj"
run_program: Time (s): cpu = 00:00:00 ; elapsed = 00:00:09 . Memory (MB): peak = 1187.027 ; gain = 0.000
INFO: [USF-XSim-69] 'compile' step finished in '8' seconds
INFO: [USF-XSim-3] XSim::Elaborate design
INFO: [USF-XSim-61] Executing 'ELABORATE' step in 'D:/ComputerScience/hitcs/hitcs/computer_architecture/labs/lab3/lab3.sim/sim_1/behav/xsim'
"xelab -wto 9be7ad88ad224a16ba95fc7511ab4ddc --incr --debug typical --relax --mt 2 -L blk_mem_gen_v8_4_4 -L xil_defaultlib -L generic_baseblocks_v2_1_0 -L axi_infrastructure_v1_1_0 -L axi_register_slice_v2_1_20 -L fifo_generator_v13_2_5 -L axi_data_fifo_v2_1_19 -L axi_crossbar_v2_1_21 -L dist_mem_gen_v8_0_13 -L unisims_ver -L unimacro_ver -L secureip -L xpm --snapshot tb_behav xil_defaultlib.tb xil_defaultlib.glbl -log elaborate.log"
Vivado Simulator 2019.2
Copyright 1986-1999, 2001-2019 Xilinx, Inc. All Rights Reserved.
Running: D:/StudySoftware/Xilinx_Vivado_2019.2/Vivado/2019.2/bin/unwrapped/win64.o/xelab.exe -wto 9be7ad88ad224a16ba95fc7511ab4ddc --incr --debug typical --relax --mt 2 -L blk_mem_gen_v8_4_4 -L xil_defaultlib -L generic_baseblocks_v2_1_0 -L axi_infrastructure_v1_1_0 -L axi_register_slice_v2_1_20 -L fifo_generator_v13_2_5 -L axi_data_fifo_v2_1_19 -L axi_crossbar_v2_1_21 -L dist_mem_gen_v8_0_13 -L unisims_ver -L unimacro_ver -L secureip -L xpm --snapshot tb_behav xil_defaultlib.tb xil_defaultlib.glbl -log elaborate.log 
Using 2 slave threads.
Starting static elaboration
Pass Through NonSizing Optimizer
WARNING: [VRFC 10-3091] actual bit length 32 differs from formal bit length 1 for port 'sim' [D:/ComputerScience/hitcs/hitcs/computer_architecture/labs/lab3/lab3.srcs/sources_1/new/soc_top.v:184]
WARNING: [VRFC 10-3091] actual bit length 32 differs from formal bit length 1 for port 'dma_valid_dev' [D:/ComputerScience/hitcs/hitcs/computer_architecture/labs/lab3/lab3.srcs/sources_1/new/soc_top.v:195]
WARNING: [VRFC 10-3091] actual bit length 32 differs from formal bit length 1 for port 'dma_last_dev' [D:/ComputerScience/hitcs/hitcs/computer_architecture/labs/lab3/lab3.srcs/sources_1/new/soc_top.v:196]
WARNING: [VRFC 10-3091] actual bit length 32 differs from formal bit length 16 for port 'dma_data_dev' [D:/ComputerScience/hitcs/hitcs/computer_architecture/labs/lab3/lab3.srcs/sources_1/new/soc_top.v:197]
WARNING: [VRFC 10-3091] actual bit length 4 differs from formal bit length 6 for port 'rid' [D:/ComputerScience/hitcs/hitcs/computer_architecture/labs/lab3/lab3.srcs/sources_1/new/soc_top.v:211]
WARNING: [VRFC 10-3091] actual bit length 4 differs from formal bit length 6 for port 'bid' [D:/ComputerScience/hitcs/hitcs/computer_architecture/labs/lab3/lab3.srcs/sources_1/new/soc_top.v:234]
WARNING: [VRFC 10-3091] actual bit length 16 differs from formal bit length 10 for port 'a' [D:/ComputerScience/hitcs/hitcs/computer_architecture/labs/lab3/lab3.srcs/sources_1/ip/lcd_controller_0/imports/hardware/lcd_controller.v:154]
WARNING: [VRFC 10-3091] actual bit length 32 differs from formal bit length 6 for port 'ext_int' [D:/ComputerScience/hitcs/hitcs/computer_architecture/labs/lab3/lab3.srcs/sources_1/new/soc_top.v:284]
WARNING: [VRFC 10-3091] actual bit length 32 differs from formal bit length 1 for port 'a_wait' [D:/ComputerScience/hitcs/hitcs/computer_architecture/labs/lab3/lab3.srcs/sources_1/ip/ma_river_core_0/imports/super/mul.v:50]
WARNING: [VRFC 10-3091] actual bit length 32 differs from formal bit length 48 for port 'C' [D:/ComputerScience/hitcs/hitcs/computer_architecture/labs/lab3/lab3.srcs/sources_1/ip/ma_river_core_0/imports/super/dsp_mul.v:80]
WARNING: [VRFC 10-3091] actual bit length 32 differs from formal bit length 25 for port 'D' [D:/ComputerScience/hitcs/hitcs/computer_architecture/labs/lab3/lab3.srcs/sources_1/ip/ma_river_core_0/imports/super/dsp_mul.v:82]
WARNING: [VRFC 10-3091] actual bit length 32 differs from formal bit length 1 for port 'a_wait' [D:/ComputerScience/hitcs/hitcs/computer_architecture/labs/lab3/lab3.srcs/sources_1/ip/ma_river_core_0/imports/super/mul.v:53]
WARNING: [VRFC 10-3091] actual bit length 32 differs from formal bit length 1 for port 'a_wait' [D:/ComputerScience/hitcs/hitcs/computer_architecture/labs/lab3/lab3.srcs/sources_1/ip/ma_river_core_0/imports/super/mul.v:56]
WARNING: [VRFC 10-3091] actual bit length 32 differs from formal bit length 1 for port 'a_wait' [D:/ComputerScience/hitcs/hitcs/computer_architecture/labs/lab3/lab3.srcs/sources_1/ip/ma_river_core_0/imports/super/mul.v:59]
WARNING: [VRFC 10-3091] actual bit length 26 differs from formal bit length 41 for port 'result' [D:/ComputerScience/hitcs/hitcs/computer_architecture/labs/lab3/lab3.srcs/sources_1/ip/ma_river_core_0/imports/super/f_muler_front.v:70]
WARNING: [VRFC 10-3091] actual bit length 26 differs from formal bit length 41 for port 'result' [D:/ComputerScience/hitcs/hitcs/computer_architecture/labs/lab3/lab3.srcs/sources_1/ip/ma_river_core_0/imports/super/f_muler_front.v:82]
WARNING: [VRFC 10-3091] actual bit length 22 differs from formal bit length 41 for port 'result' [D:/ComputerScience/hitcs/hitcs/computer_architecture/labs/lab3/lab3.srcs/sources_1/ip/ma_river_core_0/imports/super/f_muler_front.v:85]
WARNING: [VRFC 10-3091] actual bit length 22 differs from formal bit length 41 for port 'result' [D:/ComputerScience/hitcs/hitcs/computer_architecture/labs/lab3/lab3.srcs/sources_1/ip/ma_river_core_0/imports/super/f_muler_front.v:88]
WARNING: [VRFC 10-3091] actual bit length 22 differs from formal bit length 41 for port 'result' [D:/ComputerScience/hitcs/hitcs/computer_architecture/labs/lab3/lab3.srcs/sources_1/ip/ma_river_core_0/imports/super/f_muler_front.v:91]
WARNING: [VRFC 10-3091] actual bit length 7 differs from formal bit length 41 for port 'result' [D:/ComputerScience/hitcs/hitcs/computer_architecture/labs/lab3/lab3.srcs/sources_1/ip/ma_river_core_0/imports/super/f_muler_front.v:94]
WARNING: [VRFC 10-3091] actual bit length 32 differs from formal bit length 1 for port 'a_wait' [D:/ComputerScience/hitcs/hitcs/computer_architecture/labs/lab3/lab3.srcs/sources_1/ip/ma_river_core_0/imports/super/fpu_top.v:420]
WARNING: [VRFC 10-3091] actual bit length 32 differs from formal bit length 4 for port 's_axi_arqos' [D:/ComputerScience/hitcs/hitcs/computer_architecture/labs/lab3/lab3.srcs/sources_1/new/soc_top.v:443]
WARNING: [VRFC 10-3091] actual bit length 32 differs from formal bit length 4 for port 's_axi_awqos' [D:/ComputerScience/hitcs/hitcs/computer_architecture/labs/lab3/lab3.srcs/sources_1/new/soc_top.v:460]
WARNING: [VRFC 10-3091] actual bit length 4 differs from formal bit length 1 for port 's_axi_awvalid' [D:/ComputerScience/hitcs/hitcs/computer_architecture/labs/lab3/lab3.srcs/sources_1/new/soc_top.v:562]
WARNING: [VRFC 10-3091] actual bit length 3 differs from formal bit length 1 for port 's_axi_wlast' [D:/ComputerScience/hitcs/hitcs/computer_architecture/labs/lab3/lab3.srcs/sources_1/new/soc_top.v:567]
WARNING: [VRFC 10-3091] actual bit length 4 differs from formal bit length 1 for port 's_axi_wvalid' [D:/ComputerScience/hitcs/hitcs/computer_architecture/labs/lab3/lab3.srcs/sources_1/new/soc_top.v:568]
WARNING: [VRFC 10-3091] actual bit length 4 differs from formal bit length 1 for port 's_axi_bready' [D:/ComputerScience/hitcs/hitcs/computer_architecture/labs/lab3/lab3.srcs/sources_1/new/soc_top.v:574]
WARNING: [VRFC 10-3091] actual bit length 32 differs from formal bit length 17 for port 'addra' [D:/ComputerScience/hitcs/hitcs/computer_architecture/labs/lab3/lab3.srcs/sources_1/new/cache_checker.v:118]
WARNING: [VRFC 10-3091] actual bit length 20 differs from formal bit length 17 for port 'addrb' [D:/ComputerScience/hitcs/hitcs/computer_architecture/labs/lab3/lab3.srcs/sources_1/new/cache_checker.v:119]
WARNING: [VRFC 10-5021] port 'aclk2x' is not connected on this instance [/wrk/2019.2/continuous/2019_11_06_2708876/packages/customer/vivado/data/ip/xilinx/axi_crossbar_v2_1/hdl/axi_crossbar_v2_1_vl_rfs.v:3103]
Completed static elaboration
Starting simulation data flow analysis
Completed simulation data flow analysis
Time Resolution for simulation is 1ps
Compiling module unisims_ver.IBUF
Compiling module unisims_ver.MMCME2_ADV(CLKFBOUT_MULT_F=10.0,...
Compiling module unisims_ver.BUFG
Compiling module xil_defaultlib.clk_pll_clk_wiz
Compiling module xil_defaultlib.clk_pll
Compiling module blk_mem_gen_v8_4_4.beh_vlog_ff_clr_v8_4
Compiling module blk_mem_gen_v8_4_4.beh_vlog_ff_pre_v8_4
Compiling module blk_mem_gen_v8_4_4.STATE_LOGIC_v8_4(INIT=64'b010101...
Compiling module blk_mem_gen_v8_4_4.STATE_LOGIC_v8_4(INIT=64'b101111...
Compiling module blk_mem_gen_v8_4_4.STATE_LOGIC_v8_4(INIT=64'b101010...
Compiling module blk_mem_gen_v8_4_4.STATE_LOGIC_v8_4(INIT=64'b010101...
Compiling module blk_mem_gen_v8_4_4.STATE_LOGIC_v8_4(INIT=64'b010001...
Compiling module blk_mem_gen_v8_4_4.STATE_LOGIC_v8_4(INIT=64'b010001...
Compiling module blk_mem_gen_v8_4_4.STATE_LOGIC_v8_4(INIT=64'b011010...
Compiling module blk_mem_gen_v8_4_4.STATE_LOGIC_v8_4(INIT=64'b111111...
Compiling module blk_mem_gen_v8_4_4.STATE_LOGIC_v8_4(INIT=64'b011000...
Compiling module blk_mem_gen_v8_4_4.STATE_LOGIC_v8_4(INIT=64'b011111...
Compiling module blk_mem_gen_v8_4_4.STATE_LOGIC_v8_4(INIT=64'b0111)
Compiling module blk_mem_gen_v8_4_4.STATE_LOGIC_v8_4(INIT=64'b111110...
Compiling module blk_mem_gen_v8_4_4.STATE_LOGIC_v8_4(INIT=64'b01000)
Compiling module blk_mem_gen_v8_4_4.STATE_LOGIC_v8_4(INIT=64'b100010...
Compiling module blk_mem_gen_v8_4_4.write_netlist_v8_4(C_AXI_TYPE=1)
Compiling module blk_mem_gen_v8_4_4.blk_mem_axi_write_wrapper_beh_v8...
Compiling module blk_mem_gen_v8_4_4.beh_vlog_ff_ce_clr_v8_4
Compiling module blk_mem_gen_v8_4_4.STATE_LOGIC_v8_4(INIT=64'b01011)
Compiling module blk_mem_gen_v8_4_4.STATE_LOGIC_v8_4(INIT=64'b0100)
Compiling module blk_mem_gen_v8_4_4.STATE_LOGIC_v8_4(INIT=64'b111011...
Compiling module blk_mem_gen_v8_4_4.STATE_LOGIC_v8_4(INIT=64'b010001...
Compiling module blk_mem_gen_v8_4_4.STATE_LOGIC_v8_4(INIT=64'b010000...
Compiling module blk_mem_gen_v8_4_4.STATE_LOGIC_v8_4(INIT=64'b011111...
Compiling module blk_mem_gen_v8_4_4.STATE_LOGIC_v8_4(INIT=64'b01)
Compiling module blk_mem_gen_v8_4_4.STATE_LOGIC_v8_4(INIT=64'b010000...
Compiling module blk_mem_gen_v8_4_4.STATE_LOGIC_v8_4(INIT=64'b010001...
Compiling module blk_mem_gen_v8_4_4.STATE_LOGIC_v8_4(INIT=64'b011101...
Compiling module blk_mem_gen_v8_4_4.STATE_LOGIC_v8_4(INIT=64'b111111...
Compiling module blk_mem_gen_v8_4_4.STATE_LOGIC_v8_4(INIT=64'b010101...
Compiling module blk_mem_gen_v8_4_4.STATE_LOGIC_v8_4(INIT=64'b111100...
Compiling module blk_mem_gen_v8_4_4.beh_vlog_muxf7_v8_4
Compiling module blk_mem_gen_v8_4_4.STATE_LOGIC_v8_4(INIT=64'b010101...
Compiling module blk_mem_gen_v8_4_4.STATE_LOGIC_v8_4(INIT=64'b011100...
Compiling module blk_mem_gen_v8_4_4.STATE_LOGIC_v8_4(INIT=64'b011111...
Compiling module blk_mem_gen_v8_4_4.STATE_LOGIC_v8_4(INIT=64'b010001...
Compiling module blk_mem_gen_v8_4_4.STATE_LOGIC_v8_4(INIT=64'b010001...
Compiling module blk_mem_gen_v8_4_4.STATE_LOGIC_v8_4(INIT=64'b011100...
Compiling module blk_mem_gen_v8_4_4.read_netlist_v8_4(C_ADDRB_WIDTH=...
Compiling module blk_mem_gen_v8_4_4.blk_mem_axi_read_wrapper_beh_v8_...
Compiling module blk_mem_gen_v8_4_4.blk_mem_gen_v8_4_4_output_stage(...
Compiling module blk_mem_gen_v8_4_4.blk_mem_gen_v8_4_4_output_stage(...
Compiling module blk_mem_gen_v8_4_4.blk_mem_gen_v8_4_4_softecc_outpu...
Compiling module blk_mem_gen_v8_4_4.blk_mem_gen_v8_4_4_mem_module(C_...
Compiling module blk_mem_gen_v8_4_4.blk_mem_gen_v8_4_4(C_FAMILY="art...
Compiling module xil_defaultlib.mr_bram
Compiling module dist_mem_gen_v8_0_13.dist_mem_gen_v8_0_13(C_FAMILY="a...
Compiling module xil_defaultlib.font_rom
Compiling module dist_mem_gen_v8_0_13.dist_mem_gen_v8_0_13(C_FAMILY="a...
Compiling module xil_defaultlib.rst_rom
Compiling module blk_mem_gen_v8_4_4.blk_mem_gen_v8_4_4_output_stage(...
Compiling module blk_mem_gen_v8_4_4.blk_mem_gen_v8_4_4_softecc_outpu...
Compiling module blk_mem_gen_v8_4_4.blk_mem_gen_v8_4_4_mem_module(C_...
Compiling module blk_mem_gen_v8_4_4.blk_mem_gen_v8_4_4(C_FAMILY="art...
Compiling module xil_defaultlib.text_bram
Compiling module xil_defaultlib.lcd_controller
Compiling module xil_defaultlib.lcd_controller_0
Compiling module xil_defaultlib.interconnect
Compiling module blk_mem_gen_v8_4_4.blk_mem_gen_v8_4_4_output_stage(...
Compiling module blk_mem_gen_v8_4_4.blk_mem_gen_v8_4_4_softecc_outpu...
Compiling module blk_mem_gen_v8_4_4.blk_mem_gen_v8_4_4_mem_module(C_...
Compiling module blk_mem_gen_v8_4_4.blk_mem_gen_v8_4_4(C_FAMILY="art...
Compiling module xil_defaultlib.bram_sd
Compiling module xil_defaultlib.bram_32_1024_sd
Compiling module xil_defaultlib.fetch_default
Compiling module xil_defaultlib.branch_predictor
Compiling module xil_defaultlib.buffer
Compiling module xil_defaultlib.decoder
Compiling module xil_defaultlib.decode
Compiling module xil_defaultlib.rename
Compiling module xil_defaultlib.gpr_table
Compiling module xil_defaultlib.arf
Compiling module xil_defaultlib.dispatch
Compiling module xil_defaultlib.station
Compiling module xil_defaultlib.alu
Compiling module xil_defaultlib.fu_alu
Compiling module blk_mem_gen_v8_4_4.blk_mem_gen_v8_4_4_mem_module(C_...
Compiling module blk_mem_gen_v8_4_4.blk_mem_gen_v8_4_4(C_FAMILY="art...
Compiling module xil_defaultlib.bram_td
Compiling module xil_defaultlib.bram_32_1024_td
Compiling module xil_defaultlib.mem_ctrl
Compiling module xil_defaultlib.fu_mu_default
Compiling module xil_defaultlib.div
Compiling module unisims_ver.DSP48E1(ACASCREG=0,ADREG=0,ALUMO...
Compiling module xil_defaultlib.dsp_mul
Compiling module xil_defaultlib.mul
Compiling module xil_defaultlib.fu_mdu
Compiling module xil_defaultlib.rob
Compiling module xil_defaultlib.commit
Compiling module xil_defaultlib.cp0_group
Compiling module xil_defaultlib.l2_tlb
Compiling module xil_defaultlib.l1_tlb
Compiling module xil_defaultlib.l1_tlb(isdata=1)
Compiling module xil_defaultlib.get_free_prf
Compiling module xil_defaultlib.f_prf
Compiling module xil_defaultlib.float_prepare
Compiling module xil_defaultlib.f_adder_front(info_width=42)
Compiling module xil_defaultlib.fCSA_default
Compiling module xil_defaultlib.double_frac_mul(info_width=70)
Compiling module xil_defaultlib.f_muler_front(info_width=42)
Compiling module xil_defaultlib.frac_divider
Compiling module xil_defaultlib.f_divider_front(info_width=42)
Compiling module xil_defaultlib.f_sqrter_front(info_width=42)
Compiling module xil_defaultlib.float_to_fixed(info_width=42)
Compiling module xil_defaultlib.fixed_to_float(info_width=42)
Compiling module xil_defaultlib.clz_16
Compiling module xil_defaultlib.f_normal(info_width=43)
Compiling module xil_defaultlib.f_round(info_width=42)
Compiling module xil_defaultlib.fu_fpu(info_width=22)
Compiling module xil_defaultlib.check_spef(exp_width=8,frac_widt...
Compiling module xil_defaultlib.check_spef
Compiling module xil_defaultlib.f_comp
Compiling module xil_defaultlib.fu_fccu(info_width=19)
Compiling module xil_defaultlib.f_decoder
Compiling module xil_defaultlib.fpu_top
Compiling module xil_defaultlib.ma_river_core
Compiling module xil_defaultlib.ma_river_core_0
Compiling module xil_defaultlib.checker_wrapper
Compiling module generic_baseblocks_v2_1_0.generic_baseblocks_v2_1_0_carry_...
Compiling module generic_baseblocks_v2_1_0.generic_baseblocks_v2_1_0_compar...
Compiling module generic_baseblocks_v2_1_0.generic_baseblocks_v2_1_0_compar...
Compiling module generic_baseblocks_v2_1_0.generic_baseblocks_v2_1_0_compar...
Compiling module axi_crossbar_v2_1_21.axi_crossbar_v2_1_21_addr_decode...
Compiling module axi_crossbar_v2_1_21.axi_crossbar_v2_1_21_arbiter_res...
Compiling module generic_baseblocks_v2_1_0.generic_baseblocks_v2_1_0_mux_en...
Compiling module unisims_ver.SRLC32E_default
Compiling module axi_data_fifo_v2_1_19.axi_data_fifo_v2_1_19_ndeep_srl(...
Compiling module axi_data_fifo_v2_1_19.axi_data_fifo_v2_1_19_axic_srl_f...
Compiling module axi_crossbar_v2_1_21.axi_crossbar_v2_1_21_si_transact...
Compiling module generic_baseblocks_v2_1_0.generic_baseblocks_v2_1_0_mux_en...
Compiling module axi_crossbar_v2_1_21.axi_crossbar_v2_1_21_si_transact...
Compiling module axi_crossbar_v2_1_21.axi_crossbar_v2_1_21_splitter
Compiling module axi_data_fifo_v2_1_19.axi_data_fifo_v2_1_19_axic_reg_s...
Compiling module axi_crossbar_v2_1_21.axi_crossbar_v2_1_21_wdata_route...
Compiling module axi_crossbar_v2_1_21.axi_crossbar_v2_1_21_wdata_mux(C...
Compiling module axi_infrastructure_v1_1_0.axi_infrastructure_v1_1_0_axi2ve...
Compiling module axi_infrastructure_v1_1_0.axi_infrastructure_v1_1_0_vector...
Compiling module axi_register_slice_v2_1_20.axi_register_slice_v2_1_20_axic_...
Compiling module axi_register_slice_v2_1_20.axi_register_slice_v2_1_20_axic_...
Compiling module axi_register_slice_v2_1_20.axi_register_slice_v2_1_20_axic_...
Compiling module axi_register_slice_v2_1_20.axi_register_slice_v2_1_20_axic_...
Compiling module axi_register_slice_v2_1_20.axi_register_slice_v2_1_20_axi_r...
Compiling module axi_crossbar_v2_1_21.axi_crossbar_v2_1_21_wdata_mux(C...
Compiling module axi_data_fifo_v2_1_19.axi_data_fifo_v2_1_19_axic_srl_f...
Compiling module axi_crossbar_v2_1_21.axi_crossbar_v2_1_21_addr_arbite...
Compiling module axi_crossbar_v2_1_21.axi_crossbar_v2_1_21_decerr_slav...
Compiling module axi_crossbar_v2_1_21.axi_crossbar_v2_1_21_crossbar(C_...
Compiling module axi_crossbar_v2_1_21.axi_crossbar_v2_1_21_axi_crossba...
Compiling module xil_defaultlib.axi_bus
Compiling module blk_mem_gen_v8_4_4.blk_mem_gen_v8_4_4_mem_module(C_...
Compiling module blk_mem_gen_v8_4_4.blk_mem_gen_v8_4_4(C_FAMILY="art...
Compiling module xil_defaultlib.blk_mem_gen_0
Compiling module xil_defaultlib.cache
Compiling module blk_mem_gen_v8_4_4.blk_mem_gen_v8_4_4_mem_module(C_...
Compiling module blk_mem_gen_v8_4_4.blk_mem_gen_v8_4_4(C_FAMILY="art...
Compiling module xil_defaultlib.axi
Compiling module blk_mem_gen_v8_4_4.blk_mem_gen_v8_4_4_output_stage(...
Compiling module blk_mem_gen_v8_4_4.blk_mem_gen_v8_4_4_softecc_outpu...
Compiling module blk_mem_gen_v8_4_4.blk_mem_gen_v8_4_4_mem_module(C_...
Compiling module blk_mem_gen_v8_4_4.blk_mem_gen_v8_4_4(C_FAMILY="art...
Compiling module xil_defaultlib.cache_trace
Compiling module xil_defaultlib.cache_checker(SIMULATION=1)
Compiling module xil_defaultlib.soc_top(SIMULATION=1)
Compiling module xil_defaultlib.tb
Compiling module xil_defaultlib.glbl
Built simulation snapshot tb_behav

****** Webtalk v2019.2 (64-bit)
  **** SW Build 2708876 on Wed Nov  6 21:40:23 MST 2019
  **** IP Build 2700528 on Thu Nov  7 00:09:20 MST 2019
    ** Copyright 1986-2019 Xilinx, Inc. All Rights Reserved.

source D:/ComputerScience/hitcs/hitcs/computer_architecture/labs/lab3/lab3.sim/sim_1/behav/xsim/xsim.dir/tb_behav/webtalk/xsim_webtalk.tcl -notrace
INFO: [Common 17-206] Exiting Webtalk at Mon Dec 30 14:26:17 2024...
run_program: Time (s): cpu = 00:00:01 ; elapsed = 00:00:19 . Memory (MB): peak = 1187.027 ; gain = 0.000
INFO: [USF-XSim-69] 'elaborate' step finished in '19' seconds
INFO: [USF-XSim-4] XSim::Simulate design
INFO: [USF-XSim-61] Executing 'SIMULATE' step in 'D:/ComputerScience/hitcs/hitcs/computer_architecture/labs/lab3/lab3.sim/sim_1/behav/xsim'
INFO: [USF-XSim-98] *** Running xsim
   with args "tb_behav -key {Behavioral:sim_1:Functional:tb} -tclbatch {tb.tcl} -view {D:/ComputerScience/hitcs/hitcs/computer_architecture/labs/lab3/lab3.srcs/sim_1/imports/lab4/tb_behav.wcfg} -log {simulate.log}"
INFO: [USF-XSim-8] Loading simulator feature
Vivado Simulator 2019.2
Time resolution is 1 ps
open_wave_config D:/ComputerScience/hitcs/hitcs/computer_architecture/labs/lab3/lab3.srcs/sim_1/imports/lab4/tb_behav.wcfg
source tb.tcl
# set curr_wave [current_wave_config]
# if { [string length $curr_wave] == 0 } {
#   if { [llength [get_objects]] > 0} {
#     add_wave /
#     set_property needs_save false [current_wave_config]
#   } else {
#      send_msg_id Add_Wave-1 WARNING "No top level signals found. Simulator will start without a wave window. If you want to open a wave window go to 'File->New Waveform Configuration' or type 'create_wave_config' in the TCL console."
#   }
# }
# run 0ns
 Block Memory Generator module loading initial data...
 Block Memory Generator data initialization complete.
Block Memory Generator module tb.soc.ram.inst.axi_mem_module.blk_mem_gen_v8_4_4_inst is using a behavioral model for simulation which will not precisely model memory collision behavior.
WARNING: This core is supplied with a behavioral model. To model cycle-accurate behavior you must run timing simulation.
WARNING: This core is supplied with a behavioral model. To model cycle-accurate behavior you must run timing simulation.
Block Memory Generator module tb.soc.lcd.inst.textram.inst.native_mem_module.blk_mem_gen_v8_4_4_inst is using a behavioral model for simulation which will not precisely model memory collision behavior.
 Block Memory Generator module loading initial data...
 Block Memory Generator data initialization complete.
Block Memory Generator module tb.soc.mrcore.inst.Fetch_module.genblk1[0].icdat0.bs.inst.native_mem_module.blk_mem_gen_v8_4_4_inst is using a behavioral model for simulation which will not precisely model memory collision behavior.
 Block Memory Generator module loading initial data...
 Block Memory Generator data initialization complete.
Block Memory Generator module tb.soc.mrcore.inst.Fetch_module.genblk1[0].icdat1.bs.inst.native_mem_module.blk_mem_gen_v8_4_4_inst is using a behavioral model for simulation which will not precisely model memory collision behavior.
 Block Memory Generator module loading initial data...
 Block Memory Generator data initialization complete.
Block Memory Generator module tb.soc.mrcore.inst.Fetch_module.genblk1[1].icdat0.bs.inst.native_mem_module.blk_mem_gen_v8_4_4_inst is using a behavioral model for simulation which will not precisely model memory collision behavior.
 Block Memory Generator module loading initial data...
 Block Memory Generator data initialization complete.
Block Memory Generator module tb.soc.mrcore.inst.Fetch_module.genblk1[1].icdat1.bs.inst.native_mem_module.blk_mem_gen_v8_4_4_inst is using a behavioral model for simulation which will not precisely model memory collision behavior.
 Block Memory Generator module loading initial data...
 Block Memory Generator data initialization complete.
Block Memory Generator module tb.soc.mrcore.inst.Fetch_module.genblk1[2].icdat0.bs.inst.native_mem_module.blk_mem_gen_v8_4_4_inst is using a behavioral model for simulation which will not precisely model memory collision behavior.
 Block Memory Generator module loading initial data...
 Block Memory Generator data initialization complete.
Block Memory Generator module tb.soc.mrcore.inst.Fetch_module.genblk1[2].icdat1.bs.inst.native_mem_module.blk_mem_gen_v8_4_4_inst is using a behavioral model for simulation which will not precisely model memory collision behavior.
 Block Memory Generator module loading initial data...
 Block Memory Generator data initialization complete.
Block Memory Generator module tb.soc.mrcore.inst.Fetch_module.genblk1[3].icdat0.bs.inst.native_mem_module.blk_mem_gen_v8_4_4_inst is using a behavioral model for simulation which will not precisely model memory collision behavior.
 Block Memory Generator module loading initial data...
 Block Memory Generator data initialization complete.
Block Memory Generator module tb.soc.mrcore.inst.Fetch_module.genblk1[3].icdat1.bs.inst.native_mem_module.blk_mem_gen_v8_4_4_inst is using a behavioral model for simulation which will not precisely model memory collision behavior.
 Block Memory Generator module loading initial data...
 Block Memory Generator data initialization complete.
Block Memory Generator module tb.soc.mrcore.inst.FU_MU_module.genblk1[0].dcache_data.bt.inst.native_mem_module.blk_mem_gen_v8_4_4_inst is using a behavioral model for simulation which will not precisely model memory collision behavior.
 Block Memory Generator module loading initial data...
 Block Memory Generator data initialization complete.
Block Memory Generator module tb.soc.mrcore.inst.FU_MU_module.genblk1[1].dcache_data.bt.inst.native_mem_module.blk_mem_gen_v8_4_4_inst is using a behavioral model for simulation which will not precisely model memory collision behavior.
 Block Memory Generator module loading initial data...
 Block Memory Generator data initialization complete.
Block Memory Generator module tb.soc.mrcore.inst.FU_MU_module.genblk1[2].dcache_data.bt.inst.native_mem_module.blk_mem_gen_v8_4_4_inst is using a behavioral model for simulation which will not precisely model memory collision behavior.
 Block Memory Generator module loading initial data...
 Block Memory Generator data initialization complete.
Block Memory Generator module tb.soc.your_cache.ram0.inst.native_mem_module.blk_mem_gen_v8_4_4_inst is using a behavioral model for simulation which will not precisely model memory collision behavior.
 Block Memory Generator module loading initial data...
 Block Memory Generator data initialization complete.
Block Memory Generator module tb.soc.your_cache.ram1.inst.native_mem_module.blk_mem_gen_v8_4_4_inst is using a behavioral model for simulation which will not precisely model memory collision behavior.
 Block Memory Generator module loading initial data...
 Block Memory Generator data initialization complete.
Block Memory Generator module tb.soc.u_axi.inst.axi_mem_module.blk_mem_gen_v8_4_4_inst is using a behavioral model for simulation which will not precisely model memory collision behavior.
 Block Memory Generator module loading initial data...
 Block Memory Generator data initialization complete.
Block Memory Generator module tb.soc.checker.ct.inst.native_mem_module.blk_mem_gen_v8_4_4_inst is using a behavioral model for simulation which will not precisely model memory collision behavior.
xsim: Time (s): cpu = 00:00:07 ; elapsed = 00:00:06 . Memory (MB): peak = 1187.027 ; gain = 0.000
INFO: [USF-XSim-96] XSim completed. Design snapshot 'tb_behav' loaded.
INFO: [USF-XSim-97] XSim simulation ran for 0ns
launch_simulation: Time (s): cpu = 00:00:11 ; elapsed = 00:00:36 . Memory (MB): peak = 1187.027 ; gain = 0.000
run 1 ms
-------------------
   HIT COA Lab3    
Instruction Cache
-------------------
run: Time (s): cpu = 00:00:04 ; elapsed = 00:00:50 . Memory (MB): peak = 1187.027 ; gain = 0.000
relaunch_sim
ERROR: [Vivado 12-106] *** Exception: ui.utils.e: ui.frmwork.CommandFailedException: Unknown exception occurred ui.frmwork.CommandFailedException: Unknown exception occurred
	at ui.views.simulator.executive.simulationi.SimulationExecutive_getCallStacksData(Native Method)
	at ui.views.O.c.a.gzr(SourceFile:1302)
	at ui.views.O.a.B.reset(SourceFile:393)
	at ui.views.O.a.B.a(SourceFile:328)
	at ui.views.O.a.A.reset(SourceFile:274)
	at ui.views.O.a.x.reset(SourceFile:67)
	at ui.views.O.a.D.reset(SourceFile:124)
	at ui.views.O.a.D.a(SourceFile:114)
	at ui.frmwork.b.l.d(SourceFile:42)
	at ui.frmwork.G.i(SourceFile:253)
	at ui.frmwork.G.fireTclEvent(SourceFile:350)
	at ui.views.simulator.executive.simulationi.SimulationExecutive_setTreeWindowTreeHeight(Native Method)
	at ui.views.O.c.a.b(SourceFile:674)
	at ui.views.O.i.f.gzG(SourceFile:116)
	at ui.views.O.i.i.componentResized(SourceFile:139)
	at java.desktop/java.awt.Component.processComponentEvent(Unknown Source)
	at java.desktop/java.awt.Component.processEvent(Unknown Source)
	at java.desktop/java.awt.Container.processEvent(Unknown Source)
	at java.desktop/java.awt.Component.dispatchEventImpl(Unknown Source)
	at java.desktop/java.awt.Container.dispatchEventImpl(Unknown Source)
	at java.desktop/java.awt.Component.dispatchEvent(Unknown Source)
	at java.desktop/java.awt.EventQueue.dispatchEventImpl(Unknown Source)
	at java.desktop/java.awt.EventQueue.access$500(Unknown Source)
	at java.desktop/java.awt.EventQueue$3.run(Unknown Source)
	at java.desktop/java.awt.EventQueue$3.run(Unknown Source)
	at java.base/java.security.AccessController.doPrivileged(Native Method)
	at java.base/java.security.ProtectionDomain$JavaSecurityAccessImpl.doIntersectionPrivilege(Unknown Source)
	at java.base/java.security.ProtectionDomain$JavaSecurityAccessImpl.doIntersectionPrivilege(Unknown Source)
	at java.desktop/java.awt.EventQueue$4.run(Unknown Source)
	at java.desktop/java.awt.EventQueue$4.run(Unknown Source)
	at java.base/java.security.AccessController.doPrivileged(Native Method)
	at java.base/java.security.ProtectionDomain$JavaSecurityAccessImpl.doIntersectionPrivilege(Unknown Source)
	at java.desktop/java.awt.EventQueue.dispatchEvent(Unknown Source)
	at ui.frmwork.b.d.dispatchEvent(SourceFile:88)
	at java.desktop/java.awt.EventDispatchThread.pumpOneEventForFilters(Unknown Source)
	at java.desktop/java.awt.EventDispatchThread.pumpEventsForFilter(Unknown Source)
	at java.desktop/java.awt.EventDispatchThread.pumpEventsForHierarchy(Unknown Source)
	at java.desktop/java.awt.EventDispatchThread.pumpEvents(Unknown Source)
	at java.desktop/java.awt.EventDispatchThread.pumpEvents(Unknown Source)
	at java.desktop/java.awt.EventDispatchThread.run(Unknown Source)
 (See D:/ComputerScience/hitcs/hitcs/computer_architecture/labs/lab3/vivado_pid30060.debug)
