#-----------------------------------------------------------
# Vivado v2019.2 (64-bit)
# SW Build 2708876 on Wed Nov  6 21:40:23 MST 2019
# IP Build 2700528 on Thu Nov  7 00:09:20 MST 2019
# Start of session at: Mon Dec 30 17:14:02 2024
# Process ID: 45072
# Current directory: D:/ComputerScience/hitcs/hitcs/computer_architecture/labs/lab3
# Command line: vivado.exe -gui_launcher_event rodinguilauncherevent33676 D:\ComputerScience\hitcs\hitcs\computer_architecture\labs\lab3\lab3.xpr
# Log file: D:/ComputerScience/hitcs/hitcs/computer_architecture/labs/lab3/vivado.log
# Journal file: D:/ComputerScience/hitcs/hitcs/computer_architecture/labs/lab3\vivado.jou
#-----------------------------------------------------------
start_gui
open_project D:/ComputerScience/hitcs/hitcs/computer_architecture/labs/lab3/lab3.xpr
Scanning sources...
Finished scanning sources
WARNING: [filemgmt 56-3] IP Repository Path: Could not find the directory 'D:/ComputerScience/hitcs/hitcs/lcd_controller/lcd_controller.srcs/sources_1'.
WARNING: [filemgmt 56-3] IP Repository Path: Could not find the directory 'D:/ComputerScience/hitcs/hitcs/ma_river_core/ma_river_core.srcs/sources_1'.
INFO: [IP_Flow 19-234] Refreshing IP repositories
WARNING: [IP_Flow 19-2248] Failed to load user IP repository 'd:/ComputerScience/hitcs/hitcs/lcd_controller/lcd_controller.srcs/sources_1'; Can't find the specified path.
If this directory should no longer be in your list of user repositories, go to the IP Settings dialog and remove it.
WARNING: [IP_Flow 19-2248] Failed to load user IP repository 'd:/ComputerScience/hitcs/hitcs/ma_river_core/ma_river_core.srcs/sources_1'; Can't find the specified path.
If this directory should no longer be in your list of user repositories, go to the IP Settings dialog and remove it.
INFO: [IP_Flow 19-2313] Loaded Vivado IP repository 'D:/StudySoftware/Xilinx_Vivado_2019.2/Vivado/2019.2/data/ip'.
WARNING: [IP_Flow 19-2162] IP 'ma_river_core_0' is locked:
* IP definition 'ma_river_core (1.0)' for IP 'ma_river_core_0' (customized with software release 2019.2) was not found in the IP Catalog.
WARNING: [IP_Flow 19-2162] IP 'lcd_controller_0' is locked:
* IP definition 'lcd_controller (1.0)' for IP 'lcd_controller_0' (customized with software release 2019.2) was not found in the IP Catalog.
open_project: Time (s): cpu = 00:00:05 ; elapsed = 00:00:09 . Memory (MB): peak = 979.352 ; gain = 254.418
update_compile_order -fileset sources_1
exit
INFO: [Common 17-206] Exiting Vivado at Mon Dec 30 17:14:28 2024...
