#-----------------------------------------------------------
# Vivado v2019.2 (64-bit)
# SW Build 2708876 on Wed Nov  6 21:40:23 MST 2019
# IP Build 2700528 on Thu Nov  7 00:09:20 MST 2019
# Start of session at: Mon Sep 30 14:12:48 2024
# Process ID: 21596
# Current directory: D:/ComputerScience/CPU_design/project_4_new/project_4
# Command line: vivado.exe -gui_launcher_event rodinguilauncherevent31384 D:\ComputerScience\CPU_design\project_4_new\project_4\project_4.xpr
# Log file: D:/ComputerScience/CPU_design/project_4_new/project_4/vivado.log
# Journal file: D:/ComputerScience/CPU_design/project_4_new/project_4\vivado.jou
#-----------------------------------------------------------
start_gui
open_project D:/ComputerScience/CPU_design/project_4_new/project_4/project_4.xpr
Scanning sources...
Finished scanning sources
WARNING: [filemgmt 56-3] IP Repository Path: Could not find the directory 'C:/Users/tian/Downloads/lab4/lcd_controller/lcd_controller.srcs/sources_1'.
WARNING: [filemgmt 56-3] IP Repository Path: Could not find the directory 'C:/Users/tian/Downloads/lab4/ma_river_core/ma_river_core.srcs/sources_1'.
INFO: [IP_Flow 19-234] Refreshing IP repositories
WARNING: [IP_Flow 19-2248] Failed to load user IP repository 'c:/Users/tian/Downloads/lab4/lcd_controller/lcd_controller.srcs/sources_1'; Can't find the specified path.
If this directory should no longer be in your list of user repositories, go to the IP Settings dialog and remove it.
WARNING: [IP_Flow 19-2248] Failed to load user IP repository 'c:/Users/tian/Downloads/lab4/ma_river_core/ma_river_core.srcs/sources_1'; Can't find the specified path.
If this directory should no longer be in your list of user repositories, go to the IP Settings dialog and remove it.
INFO: [IP_Flow 19-2313] Loaded Vivado IP repository 'D:/StudySoftware/Xilinx_Vivado_2019.2/Vivado/2019.2/data/ip'.
WARNING: [IP_Flow 19-2162] IP 'ma_river_core_0' is locked:
* IP definition 'ma_river_core (1.0)' for IP 'ma_river_core_0' (customized with software release 2019.2) was not found in the IP Catalog.
WARNING: [IP_Flow 19-2162] IP 'lcd_controller_0' is locked:
* IP definition 'lcd_controller (1.0)' for IP 'lcd_controller_0' (customized with software release 2019.2) was not found in the IP Catalog.
open_project: Time (s): cpu = 00:00:04 ; elapsed = 00:00:06 . Memory (MB): peak = 972.410 ; gain = 233.875
update_compile_order -fileset sources_1
open_run synth_1 -name synth_1
Design is defaulting to impl run constrset: constrs_1
Design is defaulting to synth run part: xc7a200tfbg676-2
INFO: [Device 21-403] Loading part xc7a200tfbg676-2
INFO: [Project 1-454] Reading design checkpoint 'd:/ComputerScience/CPU_design/project_4_new/project_4/project_4.srcs/sources_1/ip/axi_bus/axi_bus.dcp' for cell 'axib'
INFO: [Project 1-454] Reading design checkpoint 'd:/ComputerScience/CPU_design/project_4_new/project_4/project_4.srcs/sources_1/ip/lcd_controller_0/lcd_controller_0.dcp' for cell 'lcd'
INFO: [Project 1-454] Reading design checkpoint 'd:/ComputerScience/CPU_design/project_4_new/project_4/project_4.srcs/sources_1/ip/ma_river_core_0/ma_river_core_0.dcp' for cell 'mrcore'
INFO: [Project 1-454] Reading design checkpoint 'd:/ComputerScience/CPU_design/project_4_new/project_4/project_4.srcs/sources_1/ip/clk_pll/clk_pll.dcp' for cell 'pll'
INFO: [Project 1-454] Reading design checkpoint 'd:/ComputerScience/CPU_design/project_4_new/project_4/project_4.srcs/sources_1/ip/mr_bram/mr_bram.dcp' for cell 'ram'
INFO: [Project 1-454] Reading design checkpoint 'd:/ComputerScience/CPU_design/project_4_new/project_4/project_4.srcs/sources_1/ip/ans_ram/ans_ram.dcp' for cell 'checker/ar'
INFO: [Project 1-454] Reading design checkpoint 'd:/ComputerScience/CPU_design/project_4_new/project_4/project_4.srcs/sources_1/ip/input_ram/input_ram.dcp' for cell 'checker/ir'
Netlist sorting complete. Time (s): cpu = 00:00:00 ; elapsed = 00:00:00.397 . Memory (MB): peak = 1622.605 ; gain = 0.000
INFO: [Netlist 29-17] Analyzing 2370 Unisim elements for replacement
INFO: [Netlist 29-28] Unisim Transformation completed in 0 CPU seconds
INFO: [Project 1-479] Netlist was created with Vivado 2019.2
INFO: [Project 1-570] Preparing netlist for logic optimization
WARNING: [Opt 31-35] Removing redundant IBUF, pll/inst/clkin1_ibufg, from the path connected to top-level port: sys_clk 
Resolution: The tool has removed redundant IBUF. To resolve this warning, check for redundant IBUF in the input design.
INFO: [Opt 31-141] Inserted 16 OBUFs to IO ports without IO buffers.
WARNING: [Constraints 18-550] Could not create 'IBUF_LOW_PWR' constraint because net 'pll/clk_in' is not directly connected to top level port. Synthesis is ignored for IBUF_LOW_PWR but preserved for implementation.
Parsing XDC File [d:/ComputerScience/CPU_design/project_4_new/project_4/project_4.srcs/sources_1/ip/clk_pll/clk_pll_board.xdc] for cell 'pll/inst'
Finished Parsing XDC File [d:/ComputerScience/CPU_design/project_4_new/project_4/project_4.srcs/sources_1/ip/clk_pll/clk_pll_board.xdc] for cell 'pll/inst'
Parsing XDC File [d:/ComputerScience/CPU_design/project_4_new/project_4/project_4.srcs/sources_1/ip/clk_pll/clk_pll.xdc] for cell 'pll/inst'
INFO: [Timing 38-35] Done setting XDC timing constraints. [d:/ComputerScience/CPU_design/project_4_new/project_4/project_4.srcs/sources_1/ip/clk_pll/clk_pll.xdc:57]
INFO: [Timing 38-2] Deriving generated clocks [d:/ComputerScience/CPU_design/project_4_new/project_4/project_4.srcs/sources_1/ip/clk_pll/clk_pll.xdc:57]
get_clocks: Time (s): cpu = 00:00:08 ; elapsed = 00:00:08 . Memory (MB): peak = 2222.859 ; gain = 600.254
Finished Parsing XDC File [d:/ComputerScience/CPU_design/project_4_new/project_4/project_4.srcs/sources_1/ip/clk_pll/clk_pll.xdc] for cell 'pll/inst'
Parsing XDC File [D:/ComputerScience/CPU_design/project_4_new/project_4/project_4.srcs/constrs_1/imports/new/cons.xdc]
Finished Parsing XDC File [D:/ComputerScience/CPU_design/project_4_new/project_4/project_4.srcs/constrs_1/imports/new/cons.xdc]
INFO: [Opt 31-138] Pushed 0 inverter(s) to 0 load pin(s).
Netlist sorting complete. Time (s): cpu = 00:00:00 ; elapsed = 00:00:00.006 . Memory (MB): peak = 2222.859 ; gain = 0.000
INFO: [Project 1-111] Unisim Transformation Summary:
  A total of 570 instances were transformed.
  RAM128X1D => RAM128X1D (MUXF7(x2), RAMD64E(x4)): 8 instances
  RAM32M => RAM32M (RAMD32(x6), RAMS32(x2)): 427 instances
  RAM64M => RAM64M (RAMD64E(x4)): 120 instances
  RAM64X1D => RAM64X1D (RAMD64E(x2)): 13 instances
  RAM64X1S => RAM64X1S (RAMS64E): 2 instances

open_run: Time (s): cpu = 00:00:19 ; elapsed = 00:00:22 . Memory (MB): peak = 2368.984 ; gain = 981.090
open_hw_manager
connect_hw_server -allow_non_jtag
INFO: [Labtools 27-2285] Connecting to hw_server url TCP:localhost:3121
INFO: [Labtools 27-2222] Launching hw_server...
INFO: [Labtools 27-2221] Launch Output:

****** Xilinx hw_server v2019.2
  **** Build date : Nov  6 2019 at 22:12:23
    ** Copyright 1986-2019 Xilinx, Inc. All Rights Reserved.


INFO: [Labtools 27-3415] Connecting to cs_server url TCP:localhost:3042
INFO: [Labtools 27-3417] Launching cs_server...
INFO: [Labtools 27-2221] Launch Output:


****** Xilinx cs_server v2019.2.0
  **** Build date : Nov 07 2019-13:28:22
    ** Copyright 2017-2019 Xilinx, Inc. All Rights Reserved.



connect_hw_server: Time (s): cpu = 00:00:01 ; elapsed = 00:00:09 . Memory (MB): peak = 2369.359 ; gain = 0.000
open_hw_target
INFO: [Labtoolstcl 44-466] Opening hw_target localhost:3121/xilinx_tcf/Digilent/210357A7D00EA
set_property PROGRAM.FILE {D:/ComputerScience/CPU_design/project_4_new/project_4/project_4.runs/impl_1/soc_top.bit} [get_hw_devices xc7a200t_0]
current_hw_device [get_hw_devices xc7a200t_0]
refresh_hw_device -update_hw_probes false [lindex [get_hw_devices xc7a200t_0] 0]
INFO: [Labtools 27-1435] Device xc7a200t (JTAG device index = 0) is not programmed (DONE status = 0).
set_property PROBES.FILE {} [get_hw_devices xc7a200t_0]
set_property FULL_PROBES.FILE {} [get_hw_devices xc7a200t_0]
set_property PROGRAM.FILE {D:/ComputerScience/CPU_design/project_4_new/project_4/project_4.runs/impl_1/soc_top.bit} [get_hw_devices xc7a200t_0]
program_hw_devices [get_hw_devices xc7a200t_0]
INFO: [Labtools 27-3164] End of startup status: HIGH
program_hw_devices: Time (s): cpu = 00:00:04 ; elapsed = 00:00:06 . Memory (MB): peak = 3568.855 ; gain = 0.000
refresh_hw_device [lindex [get_hw_devices xc7a200t_0] 0]
INFO: [Labtools 27-1434] Device xc7a200t (JTAG device index = 0) is programmed with a design that has no supported debug core(s) in it.
set_property PROBES.FILE {} [get_hw_devices xc7a200t_0]
set_property FULL_PROBES.FILE {} [get_hw_devices xc7a200t_0]
set_property PROGRAM.FILE {D:/ComputerScience/CPU_design/project_4_new/project_4/project_4.runs/impl_1/soc_top.bit} [get_hw_devices xc7a200t_0]
program_hw_devices [get_hw_devices xc7a200t_0]
INFO: [Labtools 27-3164] End of startup status: HIGH
program_hw_devices: Time (s): cpu = 00:00:03 ; elapsed = 00:00:06 . Memory (MB): peak = 3587.414 ; gain = 0.000
refresh_hw_device [lindex [get_hw_devices xc7a200t_0] 0]
INFO: [Labtools 27-1434] Device xc7a200t (JTAG device index = 0) is programmed with a design that has no supported debug core(s) in it.
exit
INFO: [Common 17-206] Exiting Vivado at Mon Sep 30 14:20:50 2024...
