#-----------------------------------------------------------
# Vivado v2019.2 (64-bit)
# SW Build 2708876 on Wed Nov  6 21:40:23 MST 2019
# IP Build 2700528 on Thu Nov  7 00:09:20 MST 2019
# Start of session at: Mon Sep  9 13:56:09 2024
# Process ID: 10092
# Current directory: D:/ComputerScience/CPU_design/project_4_new/project_4
# Command line: vivado.exe -gui_launcher_event rodinguilauncherevent24932 D:\ComputerScience\CPU_design\project_4_new\project_4\project_4.xpr
# Log file: D:/ComputerScience/CPU_design/project_4_new/project_4/vivado.log
# Journal file: D:/ComputerScience/CPU_design/project_4_new/project_4\vivado.jou
#-----------------------------------------------------------
start_gui
open_project D:/ComputerScience/CPU_design/project_4_new/project_4/project_4.xpr
Scanning sources...
Finished scanning sources
WARNING: [filemgmt 56-3] IP Repository Path: Could not find the directory 'C:/Users/tian/Downloads/lab4/lcd_controller/lcd_controller.srcs/sources_1'.
WARNING: [filemgmt 56-3] IP Repository Path: Could not find the directory 'C:/Users/tian/Downloads/lab4/ma_river_core/ma_river_core.srcs/sources_1'.
INFO: [IP_Flow 19-234] Refreshing IP repositories
WARNING: [IP_Flow 19-2248] Failed to load user IP repository 'c:/Users/tian/Downloads/lab4/lcd_controller/lcd_controller.srcs/sources_1'; Can't find the specified path.
If this directory should no longer be in your list of user repositories, go to the IP Settings dialog and remove it.
WARNING: [IP_Flow 19-2248] Failed to load user IP repository 'c:/Users/tian/Downloads/lab4/ma_river_core/ma_river_core.srcs/sources_1'; Can't find the specified path.
If this directory should no longer be in your list of user repositories, go to the IP Settings dialog and remove it.
INFO: [IP_Flow 19-2313] Loaded Vivado IP repository 'D:/StudySoftware/Xilinx_Vivado_2019.2/Vivado/2019.2/data/ip'.
WARNING: [IP_Flow 19-2162] IP 'ma_river_core_0' is locked:
* IP definition 'ma_river_core (1.0)' for IP 'ma_river_core_0' (customized with software release 2019.2) was not found in the IP Catalog.
WARNING: [IP_Flow 19-2162] IP 'lcd_controller_0' is locked:
* IP definition 'lcd_controller (1.0)' for IP 'lcd_controller_0' (customized with software release 2019.2) was not found in the IP Catalog.
open_project: Time (s): cpu = 00:00:02 ; elapsed = 00:00:07 . Memory (MB): peak = 987.273 ; gain = 263.148
update_compile_order -fileset sources_1
reset_run synth_1
launch_runs synth_1 -jobs 16
INFO: [Vivado 12-4149] The synthesis checkpoint for IP 'D:/ComputerScience/CPU_design/project_4_new/project_4/project_4.srcs/sources_1/ip/axi_bus/axi_bus.xci' is already up-to-date
INFO: [Vivado 12-4149] The synthesis checkpoint for IP 'D:/ComputerScience/CPU_design/project_4_new/project_4/project_4.srcs/sources_1/ip/clk_pll/clk_pll.xci' is already up-to-date
[Mon Sep  9 13:57:28 2024] Launched synth_1...
Run output will be captured here: D:/ComputerScience/CPU_design/project_4_new/project_4/project_4.runs/synth_1/runme.log
launch_runs impl_1 -jobs 16
INFO: [Vivado 12-4149] The synthesis checkpoint for IP 'D:/ComputerScience/CPU_design/project_4_new/project_4/project_4.srcs/sources_1/ip/axi_bus/axi_bus.xci' is already up-to-date
INFO: [Vivado 12-4149] The synthesis checkpoint for IP 'D:/ComputerScience/CPU_design/project_4_new/project_4/project_4.srcs/sources_1/ip/clk_pll/clk_pll.xci' is already up-to-date
[Mon Sep  9 13:58:41 2024] Launched impl_1...
Run output will be captured here: D:/ComputerScience/CPU_design/project_4_new/project_4/project_4.runs/impl_1/runme.log
launch_simulation
Command: launch_simulation 
INFO: [Vivado 12-5698] Checking validity of IPs in the design for the 'XSim' simulator...
INFO: [Vivado 12-5682] Launching behavioral simulation in 'D:/ComputerScience/CPU_design/project_4_new/project_4/project_4.sim/sim_1/behav/xsim'
INFO: [Vivado 12-4795] Using compiled simulation libraries for IPs
INFO: [SIM-utils-51] Simulation object is 'sim_1'
INFO: [USF-XSim-7] Finding pre-compiled libraries...
INFO: [USF-XSim-11] File 'D:/StudySoftware/Xilinx_Vivado_2019.2/Vivado/2019.2/data/xsim/xsim.ini' copied to run dir:'D:/ComputerScience/CPU_design/project_4_new/project_4/project_4.sim/sim_1/behav/xsim'
INFO: [SIM-utils-54] Inspecting design source files for 'tb' in fileset 'sim_1'...
INFO: [SIM-utils-43] Exported 'D:/ComputerScience/CPU_design/project_4_new/project_4/project_4.sim/sim_1/behav/xsim/ans_ram.mif'
INFO: [SIM-utils-43] Exported 'D:/ComputerScience/CPU_design/project_4_new/project_4/project_4.sim/sim_1/behav/xsim/decoder_ans.coe'
INFO: [SIM-utils-43] Exported 'D:/ComputerScience/CPU_design/project_4_new/project_4/project_4.sim/sim_1/behav/xsim/input_ram.mif'
INFO: [SIM-utils-43] Exported 'D:/ComputerScience/CPU_design/project_4_new/project_4/project_4.sim/sim_1/behav/xsim/decoder_code.coe'
INFO: [SIM-utils-43] Exported 'D:/ComputerScience/CPU_design/project_4_new/project_4/project_4.sim/sim_1/behav/xsim/font_rom.mif'
INFO: [SIM-utils-43] Exported 'D:/ComputerScience/CPU_design/project_4_new/project_4/project_4.sim/sim_1/behav/xsim/font_rom.coe'
INFO: [SIM-utils-43] Exported 'D:/ComputerScience/CPU_design/project_4_new/project_4/project_4.sim/sim_1/behav/xsim/rst_rom.mif'
INFO: [SIM-utils-43] Exported 'D:/ComputerScience/CPU_design/project_4_new/project_4/project_4.sim/sim_1/behav/xsim/rst_rom.coe'
INFO: [SIM-utils-43] Exported 'D:/ComputerScience/CPU_design/project_4_new/project_4/project_4.sim/sim_1/behav/xsim/mr_bram.mif'
INFO: [SIM-utils-43] Exported 'D:/ComputerScience/CPU_design/project_4_new/project_4/project_4.sim/sim_1/behav/xsim/decoder_checker.coe'
INFO: [USF-XSim-97] Finding global include files...
INFO: [USF-XSim-98] Fetching design files from 'sim_1'...
INFO: [USF-XSim-2] XSim::Compile design
INFO: [USF-XSim-61] Executing 'COMPILE and ANALYZE' step in 'D:/ComputerScience/CPU_design/project_4_new/project_4/project_4.sim/sim_1/behav/xsim'
"xvlog --incr --relax -prj tb_vlog.prj"
INFO: [VRFC 10-2263] Analyzing Verilog file "D:/ComputerScience/CPU_design/project_4_new/project_4/project_4.srcs/sources_1/ip/lcd_controller_0/ip/rst_rom/sim/rst_rom.v" into library xil_defaultlib
INFO: [VRFC 10-311] analyzing module rst_rom
INFO: [VRFC 10-2263] Analyzing Verilog file "D:/ComputerScience/CPU_design/project_4_new/project_4/project_4.srcs/sources_1/ip/lcd_controller_0/ip/font_rom/sim/font_rom.v" into library xil_defaultlib
INFO: [VRFC 10-311] analyzing module font_rom
INFO: [VRFC 10-2263] Analyzing Verilog file "D:/ComputerScience/CPU_design/project_4_new/project_4/project_4.srcs/sources_1/ip/lcd_controller_0/imports/hardware/lcd_controller.v" into library xil_defaultlib
INFO: [VRFC 10-311] analyzing module lcd_controller
INFO: [VRFC 10-2263] Analyzing Verilog file "D:/ComputerScience/CPU_design/project_4_new/project_4/project_4.srcs/sources_1/ip/lcd_controller_0/sim/lcd_controller_0.v" into library xil_defaultlib
INFO: [VRFC 10-311] analyzing module lcd_controller_0
INFO: [VRFC 10-2263] Analyzing Verilog file "D:/ComputerScience/CPU_design/project_4_new/project_4/project_4.srcs/sources_1/ip/mr_bram/sim/mr_bram.v" into library xil_defaultlib
INFO: [VRFC 10-311] analyzing module mr_bram
INFO: [VRFC 10-2263] Analyzing Verilog file "D:/ComputerScience/CPU_design/project_4_new/project_4/project_4.srcs/sources_1/ip/clk_pll/clk_pll_clk_wiz.v" into library xil_defaultlib
INFO: [VRFC 10-311] analyzing module clk_pll_clk_wiz
INFO: [VRFC 10-2263] Analyzing Verilog file "D:/ComputerScience/CPU_design/project_4_new/project_4/project_4.srcs/sources_1/ip/clk_pll/clk_pll.v" into library xil_defaultlib
INFO: [VRFC 10-311] analyzing module clk_pll
INFO: [VRFC 10-2263] Analyzing Verilog file "D:/ComputerScience/CPU_design/project_4_new/project_4/project_4.srcs/sources_1/imports/new/checker_wrapper.v" into library xil_defaultlib
INFO: [VRFC 10-311] analyzing module checker_wrapper
INFO: [VRFC 10-2263] Analyzing Verilog file "D:/ComputerScience/CPU_design/project_4_new/project_4/project_4.srcs/sources_1/imports/new/decoder_checker.v" into library xil_defaultlib
INFO: [VRFC 10-311] analyzing module decoder_checker
INFO: [VRFC 10-2263] Analyzing Verilog file "D:/ComputerScience/CPU_design/project_4_new/project_4/project_4.srcs/sources_1/new/inst_decoder.v" into library xil_defaultlib
INFO: [VRFC 10-311] analyzing module inst_decoder
INFO: [VRFC 10-2263] Analyzing Verilog file "D:/ComputerScience/CPU_design/project_4_new/project_4/project_4.srcs/sources_1/new/soc_top.v" into library xil_defaultlib
INFO: [VRFC 10-311] analyzing module soc_top
INFO: [VRFC 10-2263] Analyzing Verilog file "D:/ComputerScience/CPU_design/project_4_new/project_4/project_4.srcs/sim_1/imports/new/tb.v" into library xil_defaultlib
INFO: [VRFC 10-311] analyzing module tb
"xvhdl --incr --relax -prj tb_vhdl.prj"
INFO: [USF-XSim-69] 'compile' step finished in '3' seconds
INFO: [USF-XSim-3] XSim::Elaborate design
INFO: [USF-XSim-61] Executing 'ELABORATE' step in 'D:/ComputerScience/CPU_design/project_4_new/project_4/project_4.sim/sim_1/behav/xsim'
"xelab -wto 80f91433cb3d49e4ba3839b0c5c04b8e --incr --debug typical --relax --mt 2 -L blk_mem_gen_v8_4_4 -L xil_defaultlib -L generic_baseblocks_v2_1_0 -L axi_infrastructure_v1_1_0 -L axi_register_slice_v2_1_20 -L fifo_generator_v13_2_5 -L axi_data_fifo_v2_1_19 -L axi_crossbar_v2_1_21 -L dist_mem_gen_v8_0_13 -L unisims_ver -L unimacro_ver -L secureip -L xpm --snapshot tb_behav xil_defaultlib.tb xil_defaultlib.glbl -log elaborate.log"
Vivado Simulator 2019.2
Copyright 1986-1999, 2001-2019 Xilinx, Inc. All Rights Reserved.
Running: D:/StudySoftware/Xilinx_Vivado_2019.2/Vivado/2019.2/bin/unwrapped/win64.o/xelab.exe -wto 80f91433cb3d49e4ba3839b0c5c04b8e --incr --debug typical --relax --mt 2 -L blk_mem_gen_v8_4_4 -L xil_defaultlib -L generic_baseblocks_v2_1_0 -L axi_infrastructure_v1_1_0 -L axi_register_slice_v2_1_20 -L fifo_generator_v13_2_5 -L axi_data_fifo_v2_1_19 -L axi_crossbar_v2_1_21 -L dist_mem_gen_v8_0_13 -L unisims_ver -L unimacro_ver -L secureip -L xpm --snapshot tb_behav xil_defaultlib.tb xil_defaultlib.glbl -log elaborate.log 
Using 2 slave threads.
Starting static elaboration
Pass Through NonSizing Optimizer
WARNING: [VRFC 10-3091] actual bit length 32 differs from formal bit length 1 for port 'sim' [D:/ComputerScience/CPU_design/project_4_new/project_4/project_4.srcs/sources_1/new/soc_top.v:177]
WARNING: [VRFC 10-3091] actual bit length 32 differs from formal bit length 1 for port 'dma_valid_dev' [D:/ComputerScience/CPU_design/project_4_new/project_4/project_4.srcs/sources_1/new/soc_top.v:188]
WARNING: [VRFC 10-3091] actual bit length 32 differs from formal bit length 1 for port 'dma_last_dev' [D:/ComputerScience/CPU_design/project_4_new/project_4/project_4.srcs/sources_1/new/soc_top.v:189]
WARNING: [VRFC 10-3091] actual bit length 32 differs from formal bit length 16 for port 'dma_data_dev' [D:/ComputerScience/CPU_design/project_4_new/project_4/project_4.srcs/sources_1/new/soc_top.v:190]
WARNING: [VRFC 10-3091] actual bit length 4 differs from formal bit length 6 for port 'rid' [D:/ComputerScience/CPU_design/project_4_new/project_4/project_4.srcs/sources_1/new/soc_top.v:204]
WARNING: [VRFC 10-3091] actual bit length 4 differs from formal bit length 6 for port 'bid' [D:/ComputerScience/CPU_design/project_4_new/project_4/project_4.srcs/sources_1/new/soc_top.v:227]
WARNING: [VRFC 10-3091] actual bit length 16 differs from formal bit length 10 for port 'a' [D:/ComputerScience/CPU_design/project_4_new/project_4/project_4.srcs/sources_1/ip/lcd_controller_0/imports/hardware/lcd_controller.v:154]
WARNING: [VRFC 10-3091] actual bit length 32 differs from formal bit length 6 for port 'ext_int' [D:/ComputerScience/CPU_design/project_4_new/project_4/project_4.srcs/sources_1/new/soc_top.v:277]
WARNING: [VRFC 10-3091] actual bit length 32 differs from formal bit length 1 for port 'a_wait' [D:/ComputerScience/CPU_design/project_4_new/project_4/project_4.srcs/sources_1/ip/ma_river_core_0/imports/super/mul.v:50]
WARNING: [VRFC 10-3091] actual bit length 32 differs from formal bit length 48 for port 'C' [D:/ComputerScience/CPU_design/project_4_new/project_4/project_4.srcs/sources_1/ip/ma_river_core_0/imports/super/dsp_mul.v:80]
WARNING: [VRFC 10-3091] actual bit length 32 differs from formal bit length 25 for port 'D' [D:/ComputerScience/CPU_design/project_4_new/project_4/project_4.srcs/sources_1/ip/ma_river_core_0/imports/super/dsp_mul.v:82]
WARNING: [VRFC 10-3091] actual bit length 32 differs from formal bit length 1 for port 'a_wait' [D:/ComputerScience/CPU_design/project_4_new/project_4/project_4.srcs/sources_1/ip/ma_river_core_0/imports/super/mul.v:53]
WARNING: [VRFC 10-3091] actual bit length 32 differs from formal bit length 1 for port 'a_wait' [D:/ComputerScience/CPU_design/project_4_new/project_4/project_4.srcs/sources_1/ip/ma_river_core_0/imports/super/mul.v:56]
WARNING: [VRFC 10-3091] actual bit length 32 differs from formal bit length 1 for port 'a_wait' [D:/ComputerScience/CPU_design/project_4_new/project_4/project_4.srcs/sources_1/ip/ma_river_core_0/imports/super/mul.v:59]
WARNING: [VRFC 10-3091] actual bit length 26 differs from formal bit length 41 for port 'result' [D:/ComputerScience/CPU_design/project_4_new/project_4/project_4.srcs/sources_1/ip/ma_river_core_0/imports/super/f_muler_front.v:70]
WARNING: [VRFC 10-3091] actual bit length 26 differs from formal bit length 41 for port 'result' [D:/ComputerScience/CPU_design/project_4_new/project_4/project_4.srcs/sources_1/ip/ma_river_core_0/imports/super/f_muler_front.v:82]
WARNING: [VRFC 10-3091] actual bit length 22 differs from formal bit length 41 for port 'result' [D:/ComputerScience/CPU_design/project_4_new/project_4/project_4.srcs/sources_1/ip/ma_river_core_0/imports/super/f_muler_front.v:85]
WARNING: [VRFC 10-3091] actual bit length 22 differs from formal bit length 41 for port 'result' [D:/ComputerScience/CPU_design/project_4_new/project_4/project_4.srcs/sources_1/ip/ma_river_core_0/imports/super/f_muler_front.v:88]
WARNING: [VRFC 10-3091] actual bit length 22 differs from formal bit length 41 for port 'result' [D:/ComputerScience/CPU_design/project_4_new/project_4/project_4.srcs/sources_1/ip/ma_river_core_0/imports/super/f_muler_front.v:91]
WARNING: [VRFC 10-3091] actual bit length 7 differs from formal bit length 41 for port 'result' [D:/ComputerScience/CPU_design/project_4_new/project_4/project_4.srcs/sources_1/ip/ma_river_core_0/imports/super/f_muler_front.v:94]
WARNING: [VRFC 10-3091] actual bit length 32 differs from formal bit length 1 for port 'a_wait' [D:/ComputerScience/CPU_design/project_4_new/project_4/project_4.srcs/sources_1/ip/ma_river_core_0/imports/super/fpu_top.v:420]
WARNING: [VRFC 10-3091] actual bit length 32 differs from formal bit length 4 for port 's_axi_arqos' [D:/ComputerScience/CPU_design/project_4_new/project_4/project_4.srcs/sources_1/new/soc_top.v:436]
WARNING: [VRFC 10-3091] actual bit length 32 differs from formal bit length 4 for port 's_axi_awqos' [D:/ComputerScience/CPU_design/project_4_new/project_4/project_4.srcs/sources_1/new/soc_top.v:453]
WARNING: [VRFC 10-5021] port 'aclk2x' is not connected on this instance [/wrk/2019.2/continuous/2019_11_06_2708876/packages/customer/vivado/data/ip/xilinx/axi_crossbar_v2_1/hdl/axi_crossbar_v2_1_vl_rfs.v:3103]
Completed static elaboration
Starting simulation data flow analysis
Completed simulation data flow analysis
Time Resolution for simulation is 1ps
Compiling module unisims_ver.IBUF
Compiling module unisims_ver.MMCME2_ADV(CLKFBOUT_MULT_F=10.0,...
Compiling module unisims_ver.BUFG
Compiling module xil_defaultlib.clk_pll_clk_wiz
Compiling module xil_defaultlib.clk_pll
Compiling module blk_mem_gen_v8_4_4.beh_vlog_ff_clr_v8_4
Compiling module blk_mem_gen_v8_4_4.beh_vlog_ff_pre_v8_4
Compiling module blk_mem_gen_v8_4_4.STATE_LOGIC_v8_4(INIT=64'b010101...
Compiling module blk_mem_gen_v8_4_4.STATE_LOGIC_v8_4(INIT=64'b101111...
Compiling module blk_mem_gen_v8_4_4.STATE_LOGIC_v8_4(INIT=64'b101010...
Compiling module blk_mem_gen_v8_4_4.STATE_LOGIC_v8_4(INIT=64'b010101...
Compiling module blk_mem_gen_v8_4_4.STATE_LOGIC_v8_4(INIT=64'b010001...
Compiling module blk_mem_gen_v8_4_4.STATE_LOGIC_v8_4(INIT=64'b010001...
Compiling module blk_mem_gen_v8_4_4.STATE_LOGIC_v8_4(INIT=64'b011010...
Compiling module blk_mem_gen_v8_4_4.STATE_LOGIC_v8_4(INIT=64'b111111...
Compiling module blk_mem_gen_v8_4_4.STATE_LOGIC_v8_4(INIT=64'b011000...
Compiling module blk_mem_gen_v8_4_4.STATE_LOGIC_v8_4(INIT=64'b011111...
Compiling module blk_mem_gen_v8_4_4.STATE_LOGIC_v8_4(INIT=64'b0111)
Compiling module blk_mem_gen_v8_4_4.STATE_LOGIC_v8_4(INIT=64'b111110...
Compiling module blk_mem_gen_v8_4_4.STATE_LOGIC_v8_4(INIT=64'b01000)
Compiling module blk_mem_gen_v8_4_4.STATE_LOGIC_v8_4(INIT=64'b100010...
Compiling module blk_mem_gen_v8_4_4.write_netlist_v8_4(C_AXI_TYPE=1)
Compiling module blk_mem_gen_v8_4_4.blk_mem_axi_write_wrapper_beh_v8...
Compiling module blk_mem_gen_v8_4_4.beh_vlog_ff_ce_clr_v8_4
Compiling module blk_mem_gen_v8_4_4.STATE_LOGIC_v8_4(INIT=64'b01011)
Compiling module blk_mem_gen_v8_4_4.STATE_LOGIC_v8_4(INIT=64'b0100)
Compiling module blk_mem_gen_v8_4_4.STATE_LOGIC_v8_4(INIT=64'b111011...
Compiling module blk_mem_gen_v8_4_4.STATE_LOGIC_v8_4(INIT=64'b010001...
Compiling module blk_mem_gen_v8_4_4.STATE_LOGIC_v8_4(INIT=64'b010000...
Compiling module blk_mem_gen_v8_4_4.STATE_LOGIC_v8_4(INIT=64'b011111...
Compiling module blk_mem_gen_v8_4_4.STATE_LOGIC_v8_4(INIT=64'b01)
Compiling module blk_mem_gen_v8_4_4.STATE_LOGIC_v8_4(INIT=64'b010000...
Compiling module blk_mem_gen_v8_4_4.STATE_LOGIC_v8_4(INIT=64'b010001...
Compiling module blk_mem_gen_v8_4_4.STATE_LOGIC_v8_4(INIT=64'b011101...
Compiling module blk_mem_gen_v8_4_4.STATE_LOGIC_v8_4(INIT=64'b111111...
Compiling module blk_mem_gen_v8_4_4.STATE_LOGIC_v8_4(INIT=64'b010101...
Compiling module blk_mem_gen_v8_4_4.STATE_LOGIC_v8_4(INIT=64'b111100...
Compiling module blk_mem_gen_v8_4_4.beh_vlog_muxf7_v8_4
Compiling module blk_mem_gen_v8_4_4.STATE_LOGIC_v8_4(INIT=64'b010101...
Compiling module blk_mem_gen_v8_4_4.STATE_LOGIC_v8_4(INIT=64'b011100...
Compiling module blk_mem_gen_v8_4_4.STATE_LOGIC_v8_4(INIT=64'b011111...
Compiling module blk_mem_gen_v8_4_4.STATE_LOGIC_v8_4(INIT=64'b010001...
Compiling module blk_mem_gen_v8_4_4.STATE_LOGIC_v8_4(INIT=64'b010001...
Compiling module blk_mem_gen_v8_4_4.STATE_LOGIC_v8_4(INIT=64'b011100...
Compiling module blk_mem_gen_v8_4_4.read_netlist_v8_4(C_ADDRB_WIDTH=...
Compiling module blk_mem_gen_v8_4_4.blk_mem_axi_read_wrapper_beh_v8_...
Compiling module blk_mem_gen_v8_4_4.blk_mem_gen_v8_4_4_output_stage(...
Compiling module blk_mem_gen_v8_4_4.blk_mem_gen_v8_4_4_output_stage(...
Compiling module blk_mem_gen_v8_4_4.blk_mem_gen_v8_4_4_softecc_outpu...
Compiling module blk_mem_gen_v8_4_4.blk_mem_gen_v8_4_4_mem_module(C_...
Compiling module blk_mem_gen_v8_4_4.blk_mem_gen_v8_4_4(C_FAMILY="art...
Compiling module xil_defaultlib.mr_bram
Compiling module dist_mem_gen_v8_0_13.dist_mem_gen_v8_0_13(C_FAMILY="a...
Compiling module xil_defaultlib.font_rom
Compiling module dist_mem_gen_v8_0_13.dist_mem_gen_v8_0_13(C_FAMILY="a...
Compiling module xil_defaultlib.rst_rom
Compiling module blk_mem_gen_v8_4_4.blk_mem_gen_v8_4_4_output_stage(...
Compiling module blk_mem_gen_v8_4_4.blk_mem_gen_v8_4_4_softecc_outpu...
Compiling module blk_mem_gen_v8_4_4.blk_mem_gen_v8_4_4_mem_module(C_...
Compiling module blk_mem_gen_v8_4_4.blk_mem_gen_v8_4_4(C_FAMILY="art...
Compiling module xil_defaultlib.text_bram
Compiling module xil_defaultlib.lcd_controller
Compiling module xil_defaultlib.lcd_controller_0
Compiling module xil_defaultlib.interconnect
Compiling module blk_mem_gen_v8_4_4.blk_mem_gen_v8_4_4_output_stage(...
Compiling module blk_mem_gen_v8_4_4.blk_mem_gen_v8_4_4_softecc_outpu...
Compiling module blk_mem_gen_v8_4_4.blk_mem_gen_v8_4_4_mem_module(C_...
Compiling module blk_mem_gen_v8_4_4.blk_mem_gen_v8_4_4(C_FAMILY="art...
Compiling module xil_defaultlib.bram_sd
Compiling module xil_defaultlib.bram_32_1024_sd
Compiling module xil_defaultlib.fetch_default
Compiling module xil_defaultlib.branch_predictor
Compiling module xil_defaultlib.buffer
Compiling module xil_defaultlib.decoder
Compiling module xil_defaultlib.decode
Compiling module xil_defaultlib.rename
Compiling module xil_defaultlib.gpr_table
Compiling module xil_defaultlib.arf
Compiling module xil_defaultlib.dispatch
Compiling module xil_defaultlib.station
Compiling module xil_defaultlib.alu
Compiling module xil_defaultlib.fu_alu
Compiling module blk_mem_gen_v8_4_4.blk_mem_gen_v8_4_4_mem_module(C_...
Compiling module blk_mem_gen_v8_4_4.blk_mem_gen_v8_4_4(C_FAMILY="art...
Compiling module xil_defaultlib.bram_td
Compiling module xil_defaultlib.bram_32_1024_td
Compiling module xil_defaultlib.mem_ctrl
Compiling module xil_defaultlib.fu_mu_default
Compiling module xil_defaultlib.div
Compiling module unisims_ver.DSP48E1(ACASCREG=0,ADREG=0,ALUMO...
Compiling module xil_defaultlib.dsp_mul
Compiling module xil_defaultlib.mul
Compiling module xil_defaultlib.fu_mdu
Compiling module xil_defaultlib.rob
Compiling module xil_defaultlib.commit
Compiling module xil_defaultlib.cp0_group
Compiling module xil_defaultlib.l2_tlb
Compiling module xil_defaultlib.l1_tlb
Compiling module xil_defaultlib.l1_tlb(isdata=1)
Compiling module xil_defaultlib.get_free_prf
Compiling module xil_defaultlib.f_prf
Compiling module xil_defaultlib.float_prepare
Compiling module xil_defaultlib.f_adder_front(info_width=42)
Compiling module xil_defaultlib.fCSA_default
Compiling module xil_defaultlib.double_frac_mul(info_width=70)
Compiling module xil_defaultlib.f_muler_front(info_width=42)
Compiling module xil_defaultlib.frac_divider
Compiling module xil_defaultlib.f_divider_front(info_width=42)
Compiling module xil_defaultlib.f_sqrter_front(info_width=42)
Compiling module xil_defaultlib.float_to_fixed(info_width=42)
Compiling module xil_defaultlib.fixed_to_float(info_width=42)
Compiling module xil_defaultlib.clz_16
Compiling module xil_defaultlib.f_normal(info_width=43)
Compiling module xil_defaultlib.f_round(info_width=42)
Compiling module xil_defaultlib.fu_fpu(info_width=22)
Compiling module xil_defaultlib.check_spef(exp_width=8,frac_widt...
Compiling module xil_defaultlib.check_spef
Compiling module xil_defaultlib.f_comp
Compiling module xil_defaultlib.fu_fccu(info_width=19)
Compiling module xil_defaultlib.f_decoder
Compiling module xil_defaultlib.fpu_top
Compiling module xil_defaultlib.ma_river_core
Compiling module xil_defaultlib.ma_river_core_0
Compiling module xil_defaultlib.checker_wrapper
Compiling module generic_baseblocks_v2_1_0.generic_baseblocks_v2_1_0_carry_...
Compiling module generic_baseblocks_v2_1_0.generic_baseblocks_v2_1_0_compar...
Compiling module generic_baseblocks_v2_1_0.generic_baseblocks_v2_1_0_compar...
Compiling module generic_baseblocks_v2_1_0.generic_baseblocks_v2_1_0_compar...
Compiling module axi_crossbar_v2_1_21.axi_crossbar_v2_1_21_addr_decode...
Compiling module axi_crossbar_v2_1_21.axi_crossbar_v2_1_21_arbiter_res...
Compiling module generic_baseblocks_v2_1_0.generic_baseblocks_v2_1_0_mux_en...
Compiling module unisims_ver.SRLC32E_default
Compiling module axi_data_fifo_v2_1_19.axi_data_fifo_v2_1_19_ndeep_srl(...
Compiling module axi_data_fifo_v2_1_19.axi_data_fifo_v2_1_19_axic_srl_f...
Compiling module axi_crossbar_v2_1_21.axi_crossbar_v2_1_21_si_transact...
Compiling module generic_baseblocks_v2_1_0.generic_baseblocks_v2_1_0_mux_en...
Compiling module axi_crossbar_v2_1_21.axi_crossbar_v2_1_21_si_transact...
Compiling module axi_crossbar_v2_1_21.axi_crossbar_v2_1_21_splitter
Compiling module axi_data_fifo_v2_1_19.axi_data_fifo_v2_1_19_axic_reg_s...
Compiling module axi_crossbar_v2_1_21.axi_crossbar_v2_1_21_wdata_route...
Compiling module axi_crossbar_v2_1_21.axi_crossbar_v2_1_21_wdata_mux(C...
Compiling module axi_infrastructure_v1_1_0.axi_infrastructure_v1_1_0_axi2ve...
Compiling module axi_infrastructure_v1_1_0.axi_infrastructure_v1_1_0_vector...
Compiling module axi_register_slice_v2_1_20.axi_register_slice_v2_1_20_axic_...
Compiling module axi_register_slice_v2_1_20.axi_register_slice_v2_1_20_axic_...
Compiling module axi_register_slice_v2_1_20.axi_register_slice_v2_1_20_axic_...
Compiling module axi_register_slice_v2_1_20.axi_register_slice_v2_1_20_axic_...
Compiling module axi_register_slice_v2_1_20.axi_register_slice_v2_1_20_axi_r...
Compiling module axi_crossbar_v2_1_21.axi_crossbar_v2_1_21_wdata_mux(C...
Compiling module axi_data_fifo_v2_1_19.axi_data_fifo_v2_1_19_axic_srl_f...
Compiling module axi_crossbar_v2_1_21.axi_crossbar_v2_1_21_addr_arbite...
Compiling module axi_crossbar_v2_1_21.axi_crossbar_v2_1_21_decerr_slav...
Compiling module axi_crossbar_v2_1_21.axi_crossbar_v2_1_21_crossbar(C_...
Compiling module axi_crossbar_v2_1_21.axi_crossbar_v2_1_21_axi_crossba...
Compiling module xil_defaultlib.axi_bus
Compiling module xil_defaultlib.inst_decoder
Compiling module blk_mem_gen_v8_4_4.blk_mem_gen_v8_4_4_output_stage(...
Compiling module blk_mem_gen_v8_4_4.blk_mem_gen_v8_4_4_softecc_outpu...
Compiling module blk_mem_gen_v8_4_4.blk_mem_gen_v8_4_4_mem_module(C_...
Compiling module blk_mem_gen_v8_4_4.blk_mem_gen_v8_4_4(C_FAMILY="art...
Compiling module xil_defaultlib.ans_ram
Compiling module blk_mem_gen_v8_4_4.blk_mem_gen_v8_4_4_mem_module(C_...
Compiling module blk_mem_gen_v8_4_4.blk_mem_gen_v8_4_4(C_FAMILY="art...
Compiling module xil_defaultlib.input_ram
Compiling module xil_defaultlib.decoder_checker(SIMULATION=1)
Compiling module xil_defaultlib.soc_top(SIMULATION=1)
Compiling module xil_defaultlib.tb
Compiling module xil_defaultlib.glbl
Built simulation snapshot tb_behav
run_program: Time (s): cpu = 00:00:00 ; elapsed = 00:00:11 . Memory (MB): peak = 1214.562 ; gain = 0.000
INFO: [USF-XSim-69] 'elaborate' step finished in '11' seconds
INFO: [USF-XSim-4] XSim::Simulate design
INFO: [USF-XSim-61] Executing 'SIMULATE' step in 'D:/ComputerScience/CPU_design/project_4_new/project_4/project_4.sim/sim_1/behav/xsim'
INFO: [USF-XSim-98] *** Running xsim
   with args "tb_behav -key {Behavioral:sim_1:Functional:tb} -tclbatch {tb.tcl} -view {D:/ComputerScience/CPU_design/project_4_new/project_4/project_4.srcs/sim_1/imports/lab4/tb_behav.wcfg} -log {simulate.log}"
INFO: [USF-XSim-8] Loading simulator feature
Vivado Simulator 2019.2
Time resolution is 1 ps
open_wave_config D:/ComputerScience/CPU_design/project_4_new/project_4/project_4.srcs/sim_1/imports/lab4/tb_behav.wcfg
source tb.tcl
# set curr_wave [current_wave_config]
# if { [string length $curr_wave] == 0 } {
#   if { [llength [get_objects]] > 0} {
#     add_wave /
#     set_property needs_save false [current_wave_config]
#   } else {
#      send_msg_id Add_Wave-1 WARNING "No top level signals found. Simulator will start without a wave window. If you want to open a wave window go to 'File->New Waveform Configuration' or type 'create_wave_config' in the TCL console."
#   }
# }
# run 0ns
 Block Memory Generator module loading initial data...
 Block Memory Generator data initialization complete.
Block Memory Generator module tb.soc.ram.inst.axi_mem_module.blk_mem_gen_v8_4_4_inst is using a behavioral model for simulation which will not precisely model memory collision behavior.
WARNING: This core is supplied with a behavioral model. To model cycle-accurate behavior you must run timing simulation.
WARNING: This core is supplied with a behavioral model. To model cycle-accurate behavior you must run timing simulation.
Block Memory Generator module tb.soc.lcd.inst.textram.inst.native_mem_module.blk_mem_gen_v8_4_4_inst is using a behavioral model for simulation which will not precisely model memory collision behavior.
 Block Memory Generator module loading initial data...
 Block Memory Generator data initialization complete.
Block Memory Generator module tb.soc.mrcore.inst.Fetch_module.genblk1[0].icdat0.bs.inst.native_mem_module.blk_mem_gen_v8_4_4_inst is using a behavioral model for simulation which will not precisely model memory collision behavior.
 Block Memory Generator module loading initial data...
 Block Memory Generator data initialization complete.
Block Memory Generator module tb.soc.mrcore.inst.Fetch_module.genblk1[0].icdat1.bs.inst.native_mem_module.blk_mem_gen_v8_4_4_inst is using a behavioral model for simulation which will not precisely model memory collision behavior.
 Block Memory Generator module loading initial data...
 Block Memory Generator data initialization complete.
Block Memory Generator module tb.soc.mrcore.inst.Fetch_module.genblk1[1].icdat0.bs.inst.native_mem_module.blk_mem_gen_v8_4_4_inst is using a behavioral model for simulation which will not precisely model memory collision behavior.
 Block Memory Generator module loading initial data...
 Block Memory Generator data initialization complete.
Block Memory Generator module tb.soc.mrcore.inst.Fetch_module.genblk1[1].icdat1.bs.inst.native_mem_module.blk_mem_gen_v8_4_4_inst is using a behavioral model for simulation which will not precisely model memory collision behavior.
 Block Memory Generator module loading initial data...
 Block Memory Generator data initialization complete.
Block Memory Generator module tb.soc.mrcore.inst.Fetch_module.genblk1[2].icdat0.bs.inst.native_mem_module.blk_mem_gen_v8_4_4_inst is using a behavioral model for simulation which will not precisely model memory collision behavior.
 Block Memory Generator module loading initial data...
 Block Memory Generator data initialization complete.
Block Memory Generator module tb.soc.mrcore.inst.Fetch_module.genblk1[2].icdat1.bs.inst.native_mem_module.blk_mem_gen_v8_4_4_inst is using a behavioral model for simulation which will not precisely model memory collision behavior.
 Block Memory Generator module loading initial data...
 Block Memory Generator data initialization complete.
Block Memory Generator module tb.soc.mrcore.inst.Fetch_module.genblk1[3].icdat0.bs.inst.native_mem_module.blk_mem_gen_v8_4_4_inst is using a behavioral model for simulation which will not precisely model memory collision behavior.
 Block Memory Generator module loading initial data...
 Block Memory Generator data initialization complete.
Block Memory Generator module tb.soc.mrcore.inst.Fetch_module.genblk1[3].icdat1.bs.inst.native_mem_module.blk_mem_gen_v8_4_4_inst is using a behavioral model for simulation which will not precisely model memory collision behavior.
 Block Memory Generator module loading initial data...
 Block Memory Generator data initialization complete.
Block Memory Generator module tb.soc.mrcore.inst.FU_MU_module.genblk1[0].dcache_data.bt.inst.native_mem_module.blk_mem_gen_v8_4_4_inst is using a behavioral model for simulation which will not precisely model memory collision behavior.
 Block Memory Generator module loading initial data...
 Block Memory Generator data initialization complete.
Block Memory Generator module tb.soc.mrcore.inst.FU_MU_module.genblk1[1].dcache_data.bt.inst.native_mem_module.blk_mem_gen_v8_4_4_inst is using a behavioral model for simulation which will not precisely model memory collision behavior.
 Block Memory Generator module loading initial data...
 Block Memory Generator data initialization complete.
Block Memory Generator module tb.soc.mrcore.inst.FU_MU_module.genblk1[2].dcache_data.bt.inst.native_mem_module.blk_mem_gen_v8_4_4_inst is using a behavioral model for simulation which will not precisely model memory collision behavior.
 Block Memory Generator module loading initial data...
 Block Memory Generator data initialization complete.
Block Memory Generator module tb.soc.checker.ar.inst.native_mem_module.blk_mem_gen_v8_4_4_inst is using a behavioral model for simulation which will not precisely model memory collision behavior.
 Block Memory Generator module loading initial data...
 Block Memory Generator data initialization complete.
Block Memory Generator module tb.soc.checker.ir.inst.native_mem_module.blk_mem_gen_v8_4_4_inst is using a behavioral model for simulation which will not precisely model memory collision behavior.
INFO: [USF-XSim-96] XSim completed. Design snapshot 'tb_behav' loaded.
INFO: [USF-XSim-97] XSim simulation ran for 0ns
launch_simulation: Time (s): cpu = 00:00:01 ; elapsed = 00:00:20 . Memory (MB): peak = 1214.562 ; gain = 0.000
run 10 ms
-------------------
   HIT CDP Lab4    
Instruction decoder
-------------------
CORRECT! You have done well!
-------------------
$finish called at time : 57565 ns : File "D:/ComputerScience/CPU_design/project_4_new/project_4/project_4.srcs/sources_1/imports/new/decoder_checker.v" Line 73
close_sim
INFO: [Simtcl 6-16] Simulation closed
launch_simulation
Command: launch_simulation 
INFO: [Vivado 12-5698] Checking validity of IPs in the design for the 'XSim' simulator...
INFO: [Vivado 12-5682] Launching behavioral simulation in 'D:/ComputerScience/CPU_design/project_4_new/project_4/project_4.sim/sim_1/behav/xsim'
INFO: [Vivado 12-4795] Using compiled simulation libraries for IPs
INFO: [SIM-utils-51] Simulation object is 'sim_1'
INFO: [USF-XSim-7] Finding pre-compiled libraries...
INFO: [USF-XSim-11] File 'D:/StudySoftware/Xilinx_Vivado_2019.2/Vivado/2019.2/data/xsim/xsim.ini' copied to run dir:'D:/ComputerScience/CPU_design/project_4_new/project_4/project_4.sim/sim_1/behav/xsim'
INFO: [SIM-utils-54] Inspecting design source files for 'tb' in fileset 'sim_1'...
INFO: [SIM-utils-43] Exported 'D:/ComputerScience/CPU_design/project_4_new/project_4/project_4.sim/sim_1/behav/xsim/ans_ram.mif'
INFO: [SIM-utils-43] Exported 'D:/ComputerScience/CPU_design/project_4_new/project_4/project_4.sim/sim_1/behav/xsim/decoder_ans.coe'
INFO: [SIM-utils-43] Exported 'D:/ComputerScience/CPU_design/project_4_new/project_4/project_4.sim/sim_1/behav/xsim/input_ram.mif'
INFO: [SIM-utils-43] Exported 'D:/ComputerScience/CPU_design/project_4_new/project_4/project_4.sim/sim_1/behav/xsim/decoder_code.coe'
INFO: [SIM-utils-43] Exported 'D:/ComputerScience/CPU_design/project_4_new/project_4/project_4.sim/sim_1/behav/xsim/font_rom.mif'
INFO: [SIM-utils-43] Exported 'D:/ComputerScience/CPU_design/project_4_new/project_4/project_4.sim/sim_1/behav/xsim/font_rom.coe'
INFO: [SIM-utils-43] Exported 'D:/ComputerScience/CPU_design/project_4_new/project_4/project_4.sim/sim_1/behav/xsim/rst_rom.mif'
INFO: [SIM-utils-43] Exported 'D:/ComputerScience/CPU_design/project_4_new/project_4/project_4.sim/sim_1/behav/xsim/rst_rom.coe'
INFO: [SIM-utils-43] Exported 'D:/ComputerScience/CPU_design/project_4_new/project_4/project_4.sim/sim_1/behav/xsim/mr_bram.mif'
INFO: [SIM-utils-43] Exported 'D:/ComputerScience/CPU_design/project_4_new/project_4/project_4.sim/sim_1/behav/xsim/decoder_checker.coe'
INFO: [USF-XSim-97] Finding global include files...
INFO: [USF-XSim-98] Fetching design files from 'sim_1'...
INFO: [USF-XSim-2] XSim::Compile design
INFO: [USF-XSim-61] Executing 'COMPILE and ANALYZE' step in 'D:/ComputerScience/CPU_design/project_4_new/project_4/project_4.sim/sim_1/behav/xsim'
"xvlog --incr --relax -prj tb_vlog.prj"
"xvhdl --incr --relax -prj tb_vhdl.prj"
INFO: [USF-XSim-69] 'compile' step finished in '3' seconds
INFO: [USF-XSim-3] XSim::Elaborate design
INFO: [USF-XSim-61] Executing 'ELABORATE' step in 'D:/ComputerScience/CPU_design/project_4_new/project_4/project_4.sim/sim_1/behav/xsim'
"xelab -wto 80f91433cb3d49e4ba3839b0c5c04b8e --incr --debug typical --relax --mt 2 -L blk_mem_gen_v8_4_4 -L xil_defaultlib -L generic_baseblocks_v2_1_0 -L axi_infrastructure_v1_1_0 -L axi_register_slice_v2_1_20 -L fifo_generator_v13_2_5 -L axi_data_fifo_v2_1_19 -L axi_crossbar_v2_1_21 -L dist_mem_gen_v8_0_13 -L unisims_ver -L unimacro_ver -L secureip -L xpm --snapshot tb_behav xil_defaultlib.tb xil_defaultlib.glbl -log elaborate.log"
Vivado Simulator 2019.2
Copyright 1986-1999, 2001-2019 Xilinx, Inc. All Rights Reserved.
Running: D:/StudySoftware/Xilinx_Vivado_2019.2/Vivado/2019.2/bin/unwrapped/win64.o/xelab.exe -wto 80f91433cb3d49e4ba3839b0c5c04b8e --incr --debug typical --relax --mt 2 -L blk_mem_gen_v8_4_4 -L xil_defaultlib -L generic_baseblocks_v2_1_0 -L axi_infrastructure_v1_1_0 -L axi_register_slice_v2_1_20 -L fifo_generator_v13_2_5 -L axi_data_fifo_v2_1_19 -L axi_crossbar_v2_1_21 -L dist_mem_gen_v8_0_13 -L unisims_ver -L unimacro_ver -L secureip -L xpm --snapshot tb_behav xil_defaultlib.tb xil_defaultlib.glbl -log elaborate.log 
Using 2 slave threads.
Starting static elaboration
Pass Through NonSizing Optimizer
WARNING: [VRFC 10-3091] actual bit length 32 differs from formal bit length 1 for port 'sim' [D:/ComputerScience/CPU_design/project_4_new/project_4/project_4.srcs/sources_1/new/soc_top.v:177]
WARNING: [VRFC 10-3091] actual bit length 32 differs from formal bit length 1 for port 'dma_valid_dev' [D:/ComputerScience/CPU_design/project_4_new/project_4/project_4.srcs/sources_1/new/soc_top.v:188]
WARNING: [VRFC 10-3091] actual bit length 32 differs from formal bit length 1 for port 'dma_last_dev' [D:/ComputerScience/CPU_design/project_4_new/project_4/project_4.srcs/sources_1/new/soc_top.v:189]
WARNING: [VRFC 10-3091] actual bit length 32 differs from formal bit length 16 for port 'dma_data_dev' [D:/ComputerScience/CPU_design/project_4_new/project_4/project_4.srcs/sources_1/new/soc_top.v:190]
WARNING: [VRFC 10-3091] actual bit length 4 differs from formal bit length 6 for port 'rid' [D:/ComputerScience/CPU_design/project_4_new/project_4/project_4.srcs/sources_1/new/soc_top.v:204]
WARNING: [VRFC 10-3091] actual bit length 4 differs from formal bit length 6 for port 'bid' [D:/ComputerScience/CPU_design/project_4_new/project_4/project_4.srcs/sources_1/new/soc_top.v:227]
WARNING: [VRFC 10-3091] actual bit length 16 differs from formal bit length 10 for port 'a' [D:/ComputerScience/CPU_design/project_4_new/project_4/project_4.srcs/sources_1/ip/lcd_controller_0/imports/hardware/lcd_controller.v:154]
WARNING: [VRFC 10-3091] actual bit length 32 differs from formal bit length 6 for port 'ext_int' [D:/ComputerScience/CPU_design/project_4_new/project_4/project_4.srcs/sources_1/new/soc_top.v:277]
WARNING: [VRFC 10-3091] actual bit length 32 differs from formal bit length 1 for port 'a_wait' [D:/ComputerScience/CPU_design/project_4_new/project_4/project_4.srcs/sources_1/ip/ma_river_core_0/imports/super/mul.v:50]
WARNING: [VRFC 10-3091] actual bit length 32 differs from formal bit length 48 for port 'C' [D:/ComputerScience/CPU_design/project_4_new/project_4/project_4.srcs/sources_1/ip/ma_river_core_0/imports/super/dsp_mul.v:80]
WARNING: [VRFC 10-3091] actual bit length 32 differs from formal bit length 25 for port 'D' [D:/ComputerScience/CPU_design/project_4_new/project_4/project_4.srcs/sources_1/ip/ma_river_core_0/imports/super/dsp_mul.v:82]
WARNING: [VRFC 10-3091] actual bit length 32 differs from formal bit length 1 for port 'a_wait' [D:/ComputerScience/CPU_design/project_4_new/project_4/project_4.srcs/sources_1/ip/ma_river_core_0/imports/super/mul.v:53]
WARNING: [VRFC 10-3091] actual bit length 32 differs from formal bit length 1 for port 'a_wait' [D:/ComputerScience/CPU_design/project_4_new/project_4/project_4.srcs/sources_1/ip/ma_river_core_0/imports/super/mul.v:56]
WARNING: [VRFC 10-3091] actual bit length 32 differs from formal bit length 1 for port 'a_wait' [D:/ComputerScience/CPU_design/project_4_new/project_4/project_4.srcs/sources_1/ip/ma_river_core_0/imports/super/mul.v:59]
WARNING: [VRFC 10-3091] actual bit length 26 differs from formal bit length 41 for port 'result' [D:/ComputerScience/CPU_design/project_4_new/project_4/project_4.srcs/sources_1/ip/ma_river_core_0/imports/super/f_muler_front.v:70]
WARNING: [VRFC 10-3091] actual bit length 26 differs from formal bit length 41 for port 'result' [D:/ComputerScience/CPU_design/project_4_new/project_4/project_4.srcs/sources_1/ip/ma_river_core_0/imports/super/f_muler_front.v:82]
WARNING: [VRFC 10-3091] actual bit length 22 differs from formal bit length 41 for port 'result' [D:/ComputerScience/CPU_design/project_4_new/project_4/project_4.srcs/sources_1/ip/ma_river_core_0/imports/super/f_muler_front.v:85]
WARNING: [VRFC 10-3091] actual bit length 22 differs from formal bit length 41 for port 'result' [D:/ComputerScience/CPU_design/project_4_new/project_4/project_4.srcs/sources_1/ip/ma_river_core_0/imports/super/f_muler_front.v:88]
WARNING: [VRFC 10-3091] actual bit length 22 differs from formal bit length 41 for port 'result' [D:/ComputerScience/CPU_design/project_4_new/project_4/project_4.srcs/sources_1/ip/ma_river_core_0/imports/super/f_muler_front.v:91]
WARNING: [VRFC 10-3091] actual bit length 7 differs from formal bit length 41 for port 'result' [D:/ComputerScience/CPU_design/project_4_new/project_4/project_4.srcs/sources_1/ip/ma_river_core_0/imports/super/f_muler_front.v:94]
WARNING: [VRFC 10-3091] actual bit length 32 differs from formal bit length 1 for port 'a_wait' [D:/ComputerScience/CPU_design/project_4_new/project_4/project_4.srcs/sources_1/ip/ma_river_core_0/imports/super/fpu_top.v:420]
WARNING: [VRFC 10-3091] actual bit length 32 differs from formal bit length 4 for port 's_axi_arqos' [D:/ComputerScience/CPU_design/project_4_new/project_4/project_4.srcs/sources_1/new/soc_top.v:436]
WARNING: [VRFC 10-3091] actual bit length 32 differs from formal bit length 4 for port 's_axi_awqos' [D:/ComputerScience/CPU_design/project_4_new/project_4/project_4.srcs/sources_1/new/soc_top.v:453]
WARNING: [VRFC 10-5021] port 'aclk2x' is not connected on this instance [/wrk/2019.2/continuous/2019_11_06_2708876/packages/customer/vivado/data/ip/xilinx/axi_crossbar_v2_1/hdl/axi_crossbar_v2_1_vl_rfs.v:3103]
Completed static elaboration
INFO: [XSIM 43-4323] No Change in HDL. Linking previously generated obj files to create kernel
INFO: [USF-XSim-69] 'elaborate' step finished in '3' seconds
INFO: [USF-XSim-4] XSim::Simulate design
INFO: [USF-XSim-61] Executing 'SIMULATE' step in 'D:/ComputerScience/CPU_design/project_4_new/project_4/project_4.sim/sim_1/behav/xsim'
INFO: [USF-XSim-98] *** Running xsim
   with args "tb_behav -key {Behavioral:sim_1:Functional:tb} -tclbatch {tb.tcl} -view {D:/ComputerScience/CPU_design/project_4_new/project_4/project_4.srcs/sim_1/imports/lab4/tb_behav.wcfg} -log {simulate.log}"
INFO: [USF-XSim-8] Loading simulator feature
Vivado Simulator 2019.2
Time resolution is 1 ps
open_wave_config D:/ComputerScience/CPU_design/project_4_new/project_4/project_4.srcs/sim_1/imports/lab4/tb_behav.wcfg
source tb.tcl
# set curr_wave [current_wave_config]
# if { [string length $curr_wave] == 0 } {
#   if { [llength [get_objects]] > 0} {
#     add_wave /
#     set_property needs_save false [current_wave_config]
#   } else {
#      send_msg_id Add_Wave-1 WARNING "No top level signals found. Simulator will start without a wave window. If you want to open a wave window go to 'File->New Waveform Configuration' or type 'create_wave_config' in the TCL console."
#   }
# }
# run 0ns
 Block Memory Generator module loading initial data...
 Block Memory Generator data initialization complete.
Block Memory Generator module tb.soc.ram.inst.axi_mem_module.blk_mem_gen_v8_4_4_inst is using a behavioral model for simulation which will not precisely model memory collision behavior.
WARNING: This core is supplied with a behavioral model. To model cycle-accurate behavior you must run timing simulation.
WARNING: This core is supplied with a behavioral model. To model cycle-accurate behavior you must run timing simulation.
Block Memory Generator module tb.soc.lcd.inst.textram.inst.native_mem_module.blk_mem_gen_v8_4_4_inst is using a behavioral model for simulation which will not precisely model memory collision behavior.
 Block Memory Generator module loading initial data...
 Block Memory Generator data initialization complete.
Block Memory Generator module tb.soc.mrcore.inst.Fetch_module.genblk1[0].icdat0.bs.inst.native_mem_module.blk_mem_gen_v8_4_4_inst is using a behavioral model for simulation which will not precisely model memory collision behavior.
 Block Memory Generator module loading initial data...
 Block Memory Generator data initialization complete.
Block Memory Generator module tb.soc.mrcore.inst.Fetch_module.genblk1[0].icdat1.bs.inst.native_mem_module.blk_mem_gen_v8_4_4_inst is using a behavioral model for simulation which will not precisely model memory collision behavior.
 Block Memory Generator module loading initial data...
 Block Memory Generator data initialization complete.
Block Memory Generator module tb.soc.mrcore.inst.Fetch_module.genblk1[1].icdat0.bs.inst.native_mem_module.blk_mem_gen_v8_4_4_inst is using a behavioral model for simulation which will not precisely model memory collision behavior.
 Block Memory Generator module loading initial data...
 Block Memory Generator data initialization complete.
Block Memory Generator module tb.soc.mrcore.inst.Fetch_module.genblk1[1].icdat1.bs.inst.native_mem_module.blk_mem_gen_v8_4_4_inst is using a behavioral model for simulation which will not precisely model memory collision behavior.
 Block Memory Generator module loading initial data...
 Block Memory Generator data initialization complete.
Block Memory Generator module tb.soc.mrcore.inst.Fetch_module.genblk1[2].icdat0.bs.inst.native_mem_module.blk_mem_gen_v8_4_4_inst is using a behavioral model for simulation which will not precisely model memory collision behavior.
 Block Memory Generator module loading initial data...
 Block Memory Generator data initialization complete.
Block Memory Generator module tb.soc.mrcore.inst.Fetch_module.genblk1[2].icdat1.bs.inst.native_mem_module.blk_mem_gen_v8_4_4_inst is using a behavioral model for simulation which will not precisely model memory collision behavior.
 Block Memory Generator module loading initial data...
 Block Memory Generator data initialization complete.
Block Memory Generator module tb.soc.mrcore.inst.Fetch_module.genblk1[3].icdat0.bs.inst.native_mem_module.blk_mem_gen_v8_4_4_inst is using a behavioral model for simulation which will not precisely model memory collision behavior.
 Block Memory Generator module loading initial data...
 Block Memory Generator data initialization complete.
Block Memory Generator module tb.soc.mrcore.inst.Fetch_module.genblk1[3].icdat1.bs.inst.native_mem_module.blk_mem_gen_v8_4_4_inst is using a behavioral model for simulation which will not precisely model memory collision behavior.
 Block Memory Generator module loading initial data...
 Block Memory Generator data initialization complete.
Block Memory Generator module tb.soc.mrcore.inst.FU_MU_module.genblk1[0].dcache_data.bt.inst.native_mem_module.blk_mem_gen_v8_4_4_inst is using a behavioral model for simulation which will not precisely model memory collision behavior.
 Block Memory Generator module loading initial data...
 Block Memory Generator data initialization complete.
Block Memory Generator module tb.soc.mrcore.inst.FU_MU_module.genblk1[1].dcache_data.bt.inst.native_mem_module.blk_mem_gen_v8_4_4_inst is using a behavioral model for simulation which will not precisely model memory collision behavior.
 Block Memory Generator module loading initial data...
 Block Memory Generator data initialization complete.
Block Memory Generator module tb.soc.mrcore.inst.FU_MU_module.genblk1[2].dcache_data.bt.inst.native_mem_module.blk_mem_gen_v8_4_4_inst is using a behavioral model for simulation which will not precisely model memory collision behavior.
 Block Memory Generator module loading initial data...
 Block Memory Generator data initialization complete.
Block Memory Generator module tb.soc.checker.ar.inst.native_mem_module.blk_mem_gen_v8_4_4_inst is using a behavioral model for simulation which will not precisely model memory collision behavior.
 Block Memory Generator module loading initial data...
 Block Memory Generator data initialization complete.
Block Memory Generator module tb.soc.checker.ir.inst.native_mem_module.blk_mem_gen_v8_4_4_inst is using a behavioral model for simulation which will not precisely model memory collision behavior.
INFO: [USF-XSim-96] XSim completed. Design snapshot 'tb_behav' loaded.
INFO: [USF-XSim-97] XSim simulation ran for 0ns
launch_simulation: Time (s): cpu = 00:00:01 ; elapsed = 00:00:11 . Memory (MB): peak = 1214.562 ; gain = 0.000
run 10 ms
-------------------
   HIT CDP Lab4    
Instruction decoder
-------------------
CORRECT! You have done well!
-------------------
$finish called at time : 57565 ns : File "D:/ComputerScience/CPU_design/project_4_new/project_4/project_4.srcs/sources_1/imports/new/decoder_checker.v" Line 73
launch_runs impl_1 -to_step write_bitstream -jobs 16
INFO: [Vivado 12-4149] The synthesis checkpoint for IP 'D:/ComputerScience/CPU_design/project_4_new/project_4/project_4.srcs/sources_1/ip/axi_bus/axi_bus.xci' is already up-to-date
INFO: [Vivado 12-4149] The synthesis checkpoint for IP 'D:/ComputerScience/CPU_design/project_4_new/project_4/project_4.srcs/sources_1/ip/clk_pll/clk_pll.xci' is already up-to-date
[Mon Sep  9 14:25:02 2024] Launched impl_1...
Run output will be captured here: D:/ComputerScience/CPU_design/project_4_new/project_4/project_4.runs/impl_1/runme.log
open_hw_manager
connect_hw_server -allow_non_jtag
INFO: [Labtools 27-2285] Connecting to hw_server url TCP:localhost:3121
INFO: [Labtools 27-2222] Launching hw_server...
INFO: [Labtools 27-2221] Launch Output:

****** Xilinx hw_server v2019.2
  **** Build date : Nov  6 2019 at 22:12:23
    ** Copyright 1986-2019 Xilinx, Inc. All Rights Reserved.


INFO: [Labtools 27-3415] Connecting to cs_server url TCP:localhost:3042
INFO: [Labtools 27-3417] Launching cs_server...
INFO: [Labtools 27-2221] Launch Output:


****** Xilinx cs_server v2019.2.0
  **** Build date : Nov 07 2019-13:28:22
    ** Copyright 2017-2019 Xilinx, Inc. All Rights Reserved.



connect_hw_server: Time (s): cpu = 00:00:00 ; elapsed = 00:00:17 . Memory (MB): peak = 1235.066 ; gain = 17.340
open_hw_target
INFO: [Labtoolstcl 44-466] Opening hw_target localhost:3121/xilinx_tcf/Digilent/210357A7D00EA
ERROR: [Labtools 27-2269] No devices detected on target localhost:3121/xilinx_tcf/Digilent/210357A7D00EA.
Check cable connectivity and that the target board is powered up then
use the disconnect_hw_server and connect_hw_server to re-register this hardware target.
ERROR: [Common 17-39] 'open_hw_target' failed due to earlier errors.
open_run impl_1
INFO: [Device 21-403] Loading part xc7a200tfbg676-2
Netlist sorting complete. Time (s): cpu = 00:00:00 ; elapsed = 00:00:00.294 . Memory (MB): peak = 1569.477 ; gain = 0.000
INFO: [Netlist 29-17] Analyzing 2370 Unisim elements for replacement
INFO: [Netlist 29-28] Unisim Transformation completed in 0 CPU seconds
INFO: [Project 1-479] Netlist was created with Vivado 2019.2
INFO: [Project 1-570] Preparing netlist for logic optimization
WARNING: [Constraints 18-550] Could not create 'IBUF_LOW_PWR' constraint because net 'pll/clk_in' is not directly connected to top level port. Synthesis is ignored for IBUF_LOW_PWR but preserved for implementation.
INFO: [Timing 38-478] Restoring timing data from binary archive.
INFO: [Timing 38-479] Binary timing data restore complete.
INFO: [Project 1-856] Restoring constraints from binary archive.
INFO: [Project 1-853] Binary constraint restore complete.
Reading XDEF placement.
Reading placer database...
Reading XDEF routing.
Read XDEF File: Time (s): cpu = 00:00:02 ; elapsed = 00:00:02 . Memory (MB): peak = 2390.051 ; gain = 18.492
Restored from archive | CPU: 2.000000 secs | Memory: 0.000000 MB |
Finished XDEF File Restore: Time (s): cpu = 00:00:02 ; elapsed = 00:00:02 . Memory (MB): peak = 2390.051 ; gain = 18.492
Netlist sorting complete. Time (s): cpu = 00:00:00 ; elapsed = 00:00:00.005 . Memory (MB): peak = 2390.281 ; gain = 0.000
INFO: [Project 1-111] Unisim Transformation Summary:
  A total of 572 instances were transformed.
  RAM128X1D => RAM128X1D (MUXF7(x2), RAMD64E(x4)): 8 instances
  RAM32M => RAM32M (RAMD32(x6), RAMS32(x2)): 427 instances
  RAM64M => RAM64M (RAMD64E(x4)): 120 instances
  RAM64X1D => RAM64X1D (RAMD64E(x2)): 13 instances
  RAM64X1S => RAM64X1S (RAMS64E): 2 instances
  SRLC32E => SRL16E: 2 instances

open_run: Time (s): cpu = 00:00:18 ; elapsed = 00:00:18 . Memory (MB): peak = 2602.238 ; gain = 1367.125
set_property PROBES.FILE {} [get_hw_devices xc7a200t_0]
set_property FULL_PROBES.FILE {} [get_hw_devices xc7a200t_0]
set_property PROGRAM.FILE {D:/ComputerScience/CPU_design/project_4_new/project_4/project_4.runs/impl_1/soc_top.bit} [get_hw_devices xc7a200t_0]
program_hw_devices [get_hw_devices xc7a200t_0]
INFO: [Labtools 27-3164] End of startup status: HIGH
program_hw_devices: Time (s): cpu = 00:00:04 ; elapsed = 00:00:06 . Memory (MB): peak = 4042.672 ; gain = 0.000
refresh_hw_device [lindex [get_hw_devices xc7a200t_0] 0]
INFO: [Labtools 27-1434] Device xc7a200t (JTAG device index = 0) is programmed with a design that has no supported debug core(s) in it.
ERROR: [Labtoolstcl 44-513] HW Target shutdown. Closing target: localhost:3121/xilinx_tcf/Digilent/210357A7D00EA
close_sim
INFO: [Simtcl 6-16] Simulation closed
exit
INFO: [Common 17-206] Exiting Vivado at Mon Sep  9 14:45:51 2024...
