#-----------------------------------------------------------
# Vivado v2019.2 (64-bit)
# SW Build 2708876 on Wed Nov  6 21:40:23 MST 2019
# IP Build 2700528 on Thu Nov  7 00:09:20 MST 2019
# Start of session at: Mon Sep 30 11:50:50 2024
# Process ID: 10180
# Current directory: D:/ComputerScience/CPU_design/lab5/lab5/lab5
# Command line: vivado.exe -gui_launcher_event rodinguilauncherevent11832 D:\ComputerScience\CPU_design\lab5\lab5\lab5\lab5.xpr
# Log file: D:/ComputerScience/CPU_design/lab5/lab5/lab5/vivado.log
# Journal file: D:/ComputerScience/CPU_design/lab5/lab5/lab5\vivado.jou
#-----------------------------------------------------------
start_gui
open_project D:/ComputerScience/CPU_design/lab5/lab5/lab5/lab5.xpr
Scanning sources...
Finished scanning sources
WARNING: [filemgmt 56-3] IP Repository Path: Could not find the directory 'D:/ComputerScience/CPU_design/lab5/lab5/lcd_controller/lcd_controller.srcs/sources_1'.
WARNING: [filemgmt 56-3] IP Repository Path: Could not find the directory 'D:/ComputerScience/CPU_design/lab5/lab5/ma_river_core/ma_river_core.srcs/sources_1'.
INFO: [IP_Flow 19-234] Refreshing IP repositories
WARNING: [IP_Flow 19-2248] Failed to load user IP repository 'd:/ComputerScience/CPU_design/lab5/lab5/lcd_controller/lcd_controller.srcs/sources_1'; Can't find the specified path.
If this directory should no longer be in your list of user repositories, go to the IP Settings dialog and remove it.
WARNING: [IP_Flow 19-2248] Failed to load user IP repository 'd:/ComputerScience/CPU_design/lab5/lab5/ma_river_core/ma_river_core.srcs/sources_1'; Can't find the specified path.
If this directory should no longer be in your list of user repositories, go to the IP Settings dialog and remove it.
INFO: [IP_Flow 19-2313] Loaded Vivado IP repository 'D:/StudySoftware/Xilinx_Vivado_2019.2/Vivado/2019.2/data/ip'.
WARNING: [IP_Flow 19-2162] IP 'ma_river_core_0' is locked:
* IP definition 'ma_river_core (1.0)' for IP 'ma_river_core_0' (customized with software release 2019.2) was not found in the IP Catalog.
WARNING: [IP_Flow 19-2162] IP 'lcd_controller_0' is locked:
* IP definition 'lcd_controller (1.0)' for IP 'lcd_controller_0' (customized with software release 2019.2) was not found in the IP Catalog.
open_project: Time (s): cpu = 00:00:03 ; elapsed = 00:00:09 . Memory (MB): peak = 973.164 ; gain = 264.590
update_compile_order -fileset sources_1
reset_run synth_1
reset_run lcd_controller_0_synth_1
launch_runs impl_1 -to_step write_bitstream -jobs 16
INFO: [Vivado 12-4149] The synthesis checkpoint for IP 'D:/ComputerScience/CPU_design/lab5/lab5/lab5/lab5.srcs/sources_1/ip/axi_bus/axi_bus.xci' is already up-to-date
INFO: [Vivado 12-4149] The synthesis checkpoint for IP 'D:/ComputerScience/CPU_design/lab5/lab5/lab5/lab5.srcs/sources_1/ip/clk_pll/clk_pll.xci' is already up-to-date
WARNING: [Project 1-577] IP run lcd_controller_0_synth_1 is available but is out of date. Since the IP is locked, the synthesis checkpoint cannot be updated. The out-of-date checkpoint will be used and it may result in incorrect behavior.
Please select 'Report IP Status' from the 'Tools/Report' menu or run the Tcl command 'report_ip_status' for more information.
WARNING: [Runs 36-337] The following IPs are either missing output products or output products are not up-to-date for Synthesis target. Since these IPs are locked, no update to the output products can be done. 
Please select 'Report IP Status' from the 'Tools/Report' menu or run Tcl command 'report_ip_status' for more information.
D:/ComputerScience/CPU_design/lab5/lab5/lab5/lab5.srcs/sources_1/ip/lcd_controller_0/lcd_controller_0.xci

WARNING: [Project 1-576] IP 'D:/ComputerScience/CPU_design/lab5/lab5/lab5/lab5.srcs/sources_1/ip/lcd_controller_0/lcd_controller_0.xci' in run lcd_controller_0_synth_1 is locked, no out-of-context (OOC) run will be launched. The run may not be able to complete.
Please select 'Report IP Status' from 'Tools/Report' or run the Tcl command 'report_ip_status' for more information.
[Mon Sep 30 11:56:33 2024] Launched lcd_controller_0_synth_1, synth_1...
Run output will be captured here:
lcd_controller_0_synth_1: D:/ComputerScience/CPU_design/lab5/lab5/lab5/lab5.runs/lcd_controller_0_synth_1/runme.log
synth_1: D:/ComputerScience/CPU_design/lab5/lab5/lab5/lab5.runs/synth_1/runme.log
[Mon Sep 30 11:56:33 2024] Launched impl_1...
Run output will be captured here: D:/ComputerScience/CPU_design/lab5/lab5/lab5/lab5.runs/impl_1/runme.log
reset_run synth_1
reset_run lcd_controller_0_synth_1
launch_runs impl_1 -jobs 16
INFO: [Vivado 12-4149] The synthesis checkpoint for IP 'D:/ComputerScience/CPU_design/lab5/lab5/lab5/lab5.srcs/sources_1/ip/axi_bus/axi_bus.xci' is already up-to-date
INFO: [Vivado 12-4149] The synthesis checkpoint for IP 'D:/ComputerScience/CPU_design/lab5/lab5/lab5/lab5.srcs/sources_1/ip/clk_pll/clk_pll.xci' is already up-to-date
WARNING: [Project 1-576] IP 'D:/ComputerScience/CPU_design/lab5/lab5/lab5/lab5.srcs/sources_1/ip/lcd_controller_0/lcd_controller_0.xci' in run lcd_controller_0_synth_1 is locked, no out-of-context (OOC) run will be launched. The run may not be able to complete.
Please select 'Report IP Status' from 'Tools/Report' or run the Tcl command 'report_ip_status' for more information.
WARNING: [Runs 36-337] The following IPs are either missing output products or output products are not up-to-date for Synthesis target. Since these IPs are locked, no update to the output products can be done. 
Please select 'Report IP Status' from the 'Tools/Report' menu or run Tcl command 'report_ip_status' for more information.
D:/ComputerScience/CPU_design/lab5/lab5/lab5/lab5.srcs/sources_1/ip/lcd_controller_0/lcd_controller_0.xci

WARNING: [Project 1-576] IP 'D:/ComputerScience/CPU_design/lab5/lab5/lab5/lab5.srcs/sources_1/ip/lcd_controller_0/lcd_controller_0.xci' in run lcd_controller_0_synth_1 is locked, no out-of-context (OOC) run will be launched. The run may not be able to complete.
Please select 'Report IP Status' from 'Tools/Report' or run the Tcl command 'report_ip_status' for more information.
[Mon Sep 30 12:06:05 2024] Launched lcd_controller_0_synth_1, synth_1...
Run output will be captured here:
lcd_controller_0_synth_1: D:/ComputerScience/CPU_design/lab5/lab5/lab5/lab5.runs/lcd_controller_0_synth_1/runme.log
synth_1: D:/ComputerScience/CPU_design/lab5/lab5/lab5/lab5.runs/synth_1/runme.log
[Mon Sep 30 12:06:05 2024] Launched impl_1...
Run output will be captured here: D:/ComputerScience/CPU_design/lab5/lab5/lab5/lab5.runs/impl_1/runme.log
open_run synth_1 -name synth_1
Design is defaulting to impl run constrset: constrs_1
Design is defaulting to synth run part: xc7a200tfbg676-2
INFO: [Device 21-403] Loading part xc7a200tfbg676-2
INFO: [Project 1-454] Reading design checkpoint 'd:/ComputerScience/CPU_design/lab5/lab5/lab5/lab5.srcs/sources_1/ip/axi_bus/axi_bus.dcp' for cell 'axib'
INFO: [Project 1-454] Reading design checkpoint 'd:/ComputerScience/CPU_design/lab5/lab5/lab5/lab5.srcs/sources_1/ip/cpu_data_ram/cpu_data_ram.dcp' for cell 'data_sram'
INFO: [Project 1-454] Reading design checkpoint 'd:/ComputerScience/CPU_design/lab5/lab5/lab5/lab5.srcs/sources_1/ip/cpu_inst_rom/cpu_inst_rom.dcp' for cell 'inst_sram'
INFO: [Project 1-454] Reading design checkpoint 'd:/ComputerScience/CPU_design/lab5/lab5/lab5/lab5.srcs/sources_1/ip/lcd_controller_0/lcd_controller_0.dcp' for cell 'lcd'
INFO: [Project 1-454] Reading design checkpoint 'd:/ComputerScience/CPU_design/lab5/lab5/lab5/lab5.srcs/sources_1/ip/ma_river_core_0/ma_river_core_0.dcp' for cell 'mrcore'
INFO: [Project 1-454] Reading design checkpoint 'd:/ComputerScience/CPU_design/lab5/lab5/lab5/lab5.srcs/sources_1/ip/clk_pll/clk_pll.dcp' for cell 'pll'
INFO: [Project 1-454] Reading design checkpoint 'd:/ComputerScience/CPU_design/lab5/lab5/lab5/lab5.srcs/sources_1/ip/mr_bram/mr_bram.dcp' for cell 'ram'
INFO: [Project 1-454] Reading design checkpoint 'd:/ComputerScience/CPU_design/lab5/lab5/lab5/lab5.srcs/sources_1/ip/cpu_ans_rom/cpu_ans_rom.dcp' for cell 'checker/ansr'
Netlist sorting complete. Time (s): cpu = 00:00:01 ; elapsed = 00:00:00.300 . Memory (MB): peak = 2218.914 ; gain = 0.000
INFO: [Netlist 29-17] Analyzing 2790 Unisim elements for replacement
INFO: [Netlist 29-28] Unisim Transformation completed in 0 CPU seconds
INFO: [Project 1-479] Netlist was created with Vivado 2019.2
INFO: [Project 1-570] Preparing netlist for logic optimization
WARNING: [Opt 31-35] Removing redundant IBUF, pll/inst/clkin1_ibufg, from the path connected to top-level port: sys_clk 
Resolution: The tool has removed redundant IBUF. To resolve this warning, check for redundant IBUF in the input design.
INFO: [Opt 31-141] Inserted 16 OBUFs to IO ports without IO buffers.
WARNING: [Constraints 18-550] Could not create 'IBUF_LOW_PWR' constraint because net 'pll/clk_in' is not directly connected to top level port. Synthesis is ignored for IBUF_LOW_PWR but preserved for implementation.
Parsing XDC File [d:/ComputerScience/CPU_design/lab5/lab5/lab5/lab5.srcs/sources_1/ip/clk_pll/clk_pll_board.xdc] for cell 'pll/inst'
Finished Parsing XDC File [d:/ComputerScience/CPU_design/lab5/lab5/lab5/lab5.srcs/sources_1/ip/clk_pll/clk_pll_board.xdc] for cell 'pll/inst'
Parsing XDC File [d:/ComputerScience/CPU_design/lab5/lab5/lab5/lab5.srcs/sources_1/ip/clk_pll/clk_pll.xdc] for cell 'pll/inst'
INFO: [Timing 38-35] Done setting XDC timing constraints. [d:/ComputerScience/CPU_design/lab5/lab5/lab5/lab5.srcs/sources_1/ip/clk_pll/clk_pll.xdc:57]
INFO: [Timing 38-2] Deriving generated clocks [d:/ComputerScience/CPU_design/lab5/lab5/lab5/lab5.srcs/sources_1/ip/clk_pll/clk_pll.xdc:57]
get_clocks: Time (s): cpu = 00:00:09 ; elapsed = 00:00:09 . Memory (MB): peak = 2344.004 ; gain = 125.090
Finished Parsing XDC File [d:/ComputerScience/CPU_design/lab5/lab5/lab5/lab5.srcs/sources_1/ip/clk_pll/clk_pll.xdc] for cell 'pll/inst'
Parsing XDC File [D:/ComputerScience/CPU_design/lab5/lab5/lab5/lab5.srcs/constrs_1/imports/new/cons.xdc]
Finished Parsing XDC File [D:/ComputerScience/CPU_design/lab5/lab5/lab5/lab5.srcs/constrs_1/imports/new/cons.xdc]
INFO: [Opt 31-138] Pushed 0 inverter(s) to 0 load pin(s).
Netlist sorting complete. Time (s): cpu = 00:00:00 ; elapsed = 00:00:00.010 . Memory (MB): peak = 2344.004 ; gain = 0.000
INFO: [Project 1-111] Unisim Transformation Summary:
  A total of 602 instances were transformed.
  RAM128X1D => RAM128X1D (MUXF7(x2), RAMD64E(x4)): 8 instances
  RAM256X1S => RAM256X1S (MUXF7(x2), MUXF8, RAMS64E(x4)): 32 instances
  RAM32M => RAM32M (RAMD32(x6), RAMS32(x2)): 427 instances
  RAM64M => RAM64M (RAMD64E(x4)): 120 instances
  RAM64X1D => RAM64X1D (RAMD64E(x2)): 13 instances
  RAM64X1S => RAM64X1S (RAMS64E): 2 instances

open_run: Time (s): cpu = 00:00:23 ; elapsed = 00:00:23 . Memory (MB): peak = 2507.000 ; gain = 288.086
delete_debug_core [get_debug_cores {u_ila_0 }]
create_debug_core u_ila_0 ila
set_property C_DATA_DEPTH 1024 [get_debug_cores u_ila_0]
set_property C_TRIGIN_EN false [get_debug_cores u_ila_0]
set_property C_TRIGOUT_EN false [get_debug_cores u_ila_0]
set_property C_ADV_TRIGGER false [get_debug_cores u_ila_0]
set_property C_INPUT_PIPE_STAGES 0 [get_debug_cores u_ila_0]
set_property C_EN_STRG_QUAL false [get_debug_cores u_ila_0]
set_property ALL_PROBE_SAME_MU true [get_debug_cores u_ila_0]
set_property ALL_PROBE_SAME_MU_CNT 1 [get_debug_cores u_ila_0]
connect_debug_port u_ila_0/clk [get_nets [list pll/inst/clk_out ]]
set_property port_width 5 [get_debug_ports u_ila_0/probe0]
set_property PROBE_TYPE DATA_AND_TRIGGER [get_debug_ports u_ila_0/probe0]
connect_debug_port u_ila_0/probe0 [get_nets [list {your_cpu/debug_wb_rf_wnum[0]} {your_cpu/debug_wb_rf_wnum[1]} {your_cpu/debug_wb_rf_wnum[2]} {your_cpu/debug_wb_rf_wnum[3]} {your_cpu/debug_wb_rf_wnum[4]} ]]
create_debug_port u_ila_0 probe
set_property port_width 32 [get_debug_ports u_ila_0/probe1]
set_property PROBE_TYPE DATA_AND_TRIGGER [get_debug_ports u_ila_0/probe1]
connect_debug_port u_ila_0/probe1 [get_nets [list {your_cpu/debug_wb_rf_wdata[0]} {your_cpu/debug_wb_rf_wdata[1]} {your_cpu/debug_wb_rf_wdata[2]} {your_cpu/debug_wb_rf_wdata[3]} {your_cpu/debug_wb_rf_wdata[4]} {your_cpu/debug_wb_rf_wdata[5]} {your_cpu/debug_wb_rf_wdata[6]} {your_cpu/debug_wb_rf_wdata[7]} {your_cpu/debug_wb_rf_wdata[8]} {your_cpu/debug_wb_rf_wdata[9]} {your_cpu/debug_wb_rf_wdata[10]} {your_cpu/debug_wb_rf_wdata[11]} {your_cpu/debug_wb_rf_wdata[12]} {your_cpu/debug_wb_rf_wdata[13]} {your_cpu/debug_wb_rf_wdata[14]} {your_cpu/debug_wb_rf_wdata[15]} {your_cpu/debug_wb_rf_wdata[16]} {your_cpu/debug_wb_rf_wdata[17]} {your_cpu/debug_wb_rf_wdata[18]} {your_cpu/debug_wb_rf_wdata[19]} {your_cpu/debug_wb_rf_wdata[20]} {your_cpu/debug_wb_rf_wdata[21]} {your_cpu/debug_wb_rf_wdata[22]} {your_cpu/debug_wb_rf_wdata[23]} {your_cpu/debug_wb_rf_wdata[24]} {your_cpu/debug_wb_rf_wdata[25]} {your_cpu/debug_wb_rf_wdata[26]} {your_cpu/debug_wb_rf_wdata[27]} {your_cpu/debug_wb_rf_wdata[28]} {your_cpu/debug_wb_rf_wdata[29]} {your_cpu/debug_wb_rf_wdata[30]} {your_cpu/debug_wb_rf_wdata[31]} ]]
create_debug_port u_ila_0 probe
set_property port_width 32 [get_debug_ports u_ila_0/probe2]
set_property PROBE_TYPE DATA_AND_TRIGGER [get_debug_ports u_ila_0/probe2]
connect_debug_port u_ila_0/probe2 [get_nets [list {your_cpu/IR[0]} {your_cpu/IR[1]} {your_cpu/IR[2]} {your_cpu/IR[3]} {your_cpu/IR[4]} {your_cpu/IR[5]} {your_cpu/IR[6]} {your_cpu/IR[7]} {your_cpu/IR[8]} {your_cpu/IR[9]} {your_cpu/IR[10]} {your_cpu/IR[11]} {your_cpu/IR[12]} {your_cpu/IR[13]} {your_cpu/IR[14]} {your_cpu/IR[15]} {your_cpu/IR[16]} {your_cpu/IR[17]} {your_cpu/IR[18]} {your_cpu/IR[19]} {your_cpu/IR[20]} {your_cpu/IR[21]} {your_cpu/IR[22]} {your_cpu/IR[23]} {your_cpu/IR[24]} {your_cpu/IR[25]} {your_cpu/IR[26]} {your_cpu/IR[27]} {your_cpu/IR[28]} {your_cpu/IR[29]} {your_cpu/IR[30]} {your_cpu/IR[31]} ]]
create_debug_port u_ila_0 probe
set_property port_width 32 [get_debug_ports u_ila_0/probe3]
set_property PROBE_TYPE DATA_AND_TRIGGER [get_debug_ports u_ila_0/probe3]
connect_debug_port u_ila_0/probe3 [get_nets [list {your_cpu/PC[0]} {your_cpu/PC[1]} {your_cpu/PC[2]} {your_cpu/PC[3]} {your_cpu/PC[4]} {your_cpu/PC[5]} {your_cpu/PC[6]} {your_cpu/PC[7]} {your_cpu/PC[8]} {your_cpu/PC[9]} {your_cpu/PC[10]} {your_cpu/PC[11]} {your_cpu/PC[12]} {your_cpu/PC[13]} {your_cpu/PC[14]} {your_cpu/PC[15]} {your_cpu/PC[16]} {your_cpu/PC[17]} {your_cpu/PC[18]} {your_cpu/PC[19]} {your_cpu/PC[20]} {your_cpu/PC[21]} {your_cpu/PC[22]} {your_cpu/PC[23]} {your_cpu/PC[24]} {your_cpu/PC[25]} {your_cpu/PC[26]} {your_cpu/PC[27]} {your_cpu/PC[28]} {your_cpu/PC[29]} {your_cpu/PC[30]} {your_cpu/PC[31]} ]]
create_debug_port u_ila_0 probe
set_property port_width 1 [get_debug_ports u_ila_0/probe4]
set_property PROBE_TYPE DATA_AND_TRIGGER [get_debug_ports u_ila_0/probe4]
connect_debug_port u_ila_0/probe4 [get_nets [list your_cpu/debug_wb_rf_wen ]]
delete_debug_core [get_debug_cores {u_ila_0 }]
create_debug_core u_ila_0 ila
set_property C_DATA_DEPTH 1024 [get_debug_cores u_ila_0]
set_property C_TRIGIN_EN false [get_debug_cores u_ila_0]
set_property C_TRIGOUT_EN false [get_debug_cores u_ila_0]
set_property C_ADV_TRIGGER false [get_debug_cores u_ila_0]
set_property C_INPUT_PIPE_STAGES 0 [get_debug_cores u_ila_0]
set_property C_EN_STRG_QUAL false [get_debug_cores u_ila_0]
set_property ALL_PROBE_SAME_MU true [get_debug_cores u_ila_0]
set_property ALL_PROBE_SAME_MU_CNT 1 [get_debug_cores u_ila_0]
startgroup 
set_property C_EN_STRG_QUAL true [get_debug_cores u_ila_0 ]
set_property ALL_PROBE_SAME_MU true [get_debug_cores u_ila_0 ]
set_property ALL_PROBE_SAME_MU_CNT 2 [get_debug_cores u_ila_0 ]
endgroup
connect_debug_port u_ila_0/clk [get_nets [list pll/inst/clk_out ]]
set_property port_width 5 [get_debug_ports u_ila_0/probe0]
set_property PROBE_TYPE DATA_AND_TRIGGER [get_debug_ports u_ila_0/probe0]
connect_debug_port u_ila_0/probe0 [get_nets [list {your_cpu/debug_wb_rf_wnum[0]} {your_cpu/debug_wb_rf_wnum[1]} {your_cpu/debug_wb_rf_wnum[2]} {your_cpu/debug_wb_rf_wnum[3]} {your_cpu/debug_wb_rf_wnum[4]} ]]
create_debug_port u_ila_0 probe
set_property port_width 32 [get_debug_ports u_ila_0/probe1]
set_property PROBE_TYPE DATA_AND_TRIGGER [get_debug_ports u_ila_0/probe1]
connect_debug_port u_ila_0/probe1 [get_nets [list {your_cpu/debug_wb_rf_wdata[0]} {your_cpu/debug_wb_rf_wdata[1]} {your_cpu/debug_wb_rf_wdata[2]} {your_cpu/debug_wb_rf_wdata[3]} {your_cpu/debug_wb_rf_wdata[4]} {your_cpu/debug_wb_rf_wdata[5]} {your_cpu/debug_wb_rf_wdata[6]} {your_cpu/debug_wb_rf_wdata[7]} {your_cpu/debug_wb_rf_wdata[8]} {your_cpu/debug_wb_rf_wdata[9]} {your_cpu/debug_wb_rf_wdata[10]} {your_cpu/debug_wb_rf_wdata[11]} {your_cpu/debug_wb_rf_wdata[12]} {your_cpu/debug_wb_rf_wdata[13]} {your_cpu/debug_wb_rf_wdata[14]} {your_cpu/debug_wb_rf_wdata[15]} {your_cpu/debug_wb_rf_wdata[16]} {your_cpu/debug_wb_rf_wdata[17]} {your_cpu/debug_wb_rf_wdata[18]} {your_cpu/debug_wb_rf_wdata[19]} {your_cpu/debug_wb_rf_wdata[20]} {your_cpu/debug_wb_rf_wdata[21]} {your_cpu/debug_wb_rf_wdata[22]} {your_cpu/debug_wb_rf_wdata[23]} {your_cpu/debug_wb_rf_wdata[24]} {your_cpu/debug_wb_rf_wdata[25]} {your_cpu/debug_wb_rf_wdata[26]} {your_cpu/debug_wb_rf_wdata[27]} {your_cpu/debug_wb_rf_wdata[28]} {your_cpu/debug_wb_rf_wdata[29]} {your_cpu/debug_wb_rf_wdata[30]} {your_cpu/debug_wb_rf_wdata[31]} ]]
create_debug_port u_ila_0 probe
set_property port_width 32 [get_debug_ports u_ila_0/probe2]
set_property PROBE_TYPE DATA_AND_TRIGGER [get_debug_ports u_ila_0/probe2]
connect_debug_port u_ila_0/probe2 [get_nets [list {your_cpu/IR[0]} {your_cpu/IR[1]} {your_cpu/IR[2]} {your_cpu/IR[3]} {your_cpu/IR[4]} {your_cpu/IR[5]} {your_cpu/IR[6]} {your_cpu/IR[7]} {your_cpu/IR[8]} {your_cpu/IR[9]} {your_cpu/IR[10]} {your_cpu/IR[11]} {your_cpu/IR[12]} {your_cpu/IR[13]} {your_cpu/IR[14]} {your_cpu/IR[15]} {your_cpu/IR[16]} {your_cpu/IR[17]} {your_cpu/IR[18]} {your_cpu/IR[19]} {your_cpu/IR[20]} {your_cpu/IR[21]} {your_cpu/IR[22]} {your_cpu/IR[23]} {your_cpu/IR[24]} {your_cpu/IR[25]} {your_cpu/IR[26]} {your_cpu/IR[27]} {your_cpu/IR[28]} {your_cpu/IR[29]} {your_cpu/IR[30]} {your_cpu/IR[31]} ]]
create_debug_port u_ila_0 probe
set_property port_width 32 [get_debug_ports u_ila_0/probe3]
set_property PROBE_TYPE DATA_AND_TRIGGER [get_debug_ports u_ila_0/probe3]
connect_debug_port u_ila_0/probe3 [get_nets [list {your_cpu/PC[0]} {your_cpu/PC[1]} {your_cpu/PC[2]} {your_cpu/PC[3]} {your_cpu/PC[4]} {your_cpu/PC[5]} {your_cpu/PC[6]} {your_cpu/PC[7]} {your_cpu/PC[8]} {your_cpu/PC[9]} {your_cpu/PC[10]} {your_cpu/PC[11]} {your_cpu/PC[12]} {your_cpu/PC[13]} {your_cpu/PC[14]} {your_cpu/PC[15]} {your_cpu/PC[16]} {your_cpu/PC[17]} {your_cpu/PC[18]} {your_cpu/PC[19]} {your_cpu/PC[20]} {your_cpu/PC[21]} {your_cpu/PC[22]} {your_cpu/PC[23]} {your_cpu/PC[24]} {your_cpu/PC[25]} {your_cpu/PC[26]} {your_cpu/PC[27]} {your_cpu/PC[28]} {your_cpu/PC[29]} {your_cpu/PC[30]} {your_cpu/PC[31]} ]]
create_debug_port u_ila_0 probe
set_property port_width 1 [get_debug_ports u_ila_0/probe4]
set_property PROBE_TYPE DATA_AND_TRIGGER [get_debug_ports u_ila_0/probe4]
connect_debug_port u_ila_0/probe4 [get_nets [list your_cpu/debug_wb_rf_wen ]]
save_constraints
reset_run impl_1
launch_runs impl_1 -to_step write_bitstream -jobs 16
INFO: [Vivado 12-4149] The synthesis checkpoint for IP 'D:/ComputerScience/CPU_design/lab5/lab5/lab5/lab5.srcs/sources_1/ip/axi_bus/axi_bus.xci' is already up-to-date
INFO: [Vivado 12-4149] The synthesis checkpoint for IP 'D:/ComputerScience/CPU_design/lab5/lab5/lab5/lab5.srcs/sources_1/ip/clk_pll/clk_pll.xci' is already up-to-date
Netlist sorting complete. Time (s): cpu = 00:00:00 ; elapsed = 00:00:00.010 . Memory (MB): peak = 2507.000 ; gain = 0.000
INFO: [Timing 38-480] Writing timing data to binary archive.
Writing placer database...
Writing XDEF routing.
Writing XDEF routing logical nets.
Writing XDEF routing special nets.
Write XDEF Complete: Time (s): cpu = 00:00:01 ; elapsed = 00:00:00.034 . Memory (MB): peak = 2507.000 ; gain = 0.000
[Mon Sep 30 13:28:14 2024] Launched impl_1...
Run output will be captured here: D:/ComputerScience/CPU_design/lab5/lab5/lab5/lab5.runs/impl_1/runme.log
open_hw_manager
connect_hw_server -allow_non_jtag
INFO: [Labtools 27-2285] Connecting to hw_server url TCP:localhost:3121
INFO: [Labtools 27-2222] Launching hw_server...
INFO: [Labtools 27-2221] Launch Output:

****** Xilinx hw_server v2019.2
  **** Build date : Nov  6 2019 at 22:12:23
    ** Copyright 1986-2019 Xilinx, Inc. All Rights Reserved.


INFO: [Labtools 27-3415] Connecting to cs_server url TCP:localhost:3042
INFO: [Labtools 27-3417] Launching cs_server...
INFO: [Labtools 27-2221] Launch Output:


****** Xilinx cs_server v2019.2.0
  **** Build date : Nov 07 2019-13:28:22
    ** Copyright 2017-2019 Xilinx, Inc. All Rights Reserved.



connect_hw_server: Time (s): cpu = 00:00:00 ; elapsed = 00:00:12 . Memory (MB): peak = 2507.000 ; gain = 0.000
open_hw_target
INFO: [Labtoolstcl 44-466] Opening hw_target localhost:3121/xilinx_tcf/Digilent/210357A7D00EA
open_hw_target: Time (s): cpu = 00:00:05 ; elapsed = 00:00:08 . Memory (MB): peak = 3653.016 ; gain = 1146.016
set_property PROGRAM.FILE {D:/ComputerScience/CPU_design/lab5/lab5/lab5/lab5.runs/impl_1/soc_top.bit} [get_hw_devices xc7a200t_0]
set_property PROBES.FILE {D:/ComputerScience/CPU_design/lab5/lab5/lab5/lab5.runs/impl_1/soc_top.ltx} [get_hw_devices xc7a200t_0]
set_property FULL_PROBES.FILE {D:/ComputerScience/CPU_design/lab5/lab5/lab5/lab5.runs/impl_1/soc_top.ltx} [get_hw_devices xc7a200t_0]
current_hw_device [get_hw_devices xc7a200t_0]
refresh_hw_device [lindex [get_hw_devices xc7a200t_0] 0]
INFO: [Labtools 27-1435] Device xc7a200t (JTAG device index = 0) is not programmed (DONE status = 0).
set_property PROBES.FILE {D:/ComputerScience/CPU_design/lab5/lab5/lab5/lab5.runs/impl_1/soc_top.ltx} [get_hw_devices xc7a200t_0]
set_property FULL_PROBES.FILE {D:/ComputerScience/CPU_design/lab5/lab5/lab5/lab5.runs/impl_1/soc_top.ltx} [get_hw_devices xc7a200t_0]
set_property PROGRAM.FILE {D:/ComputerScience/CPU_design/lab5/lab5/lab5/lab5.runs/impl_1/soc_top.bit} [get_hw_devices xc7a200t_0]
program_hw_devices [get_hw_devices xc7a200t_0]
INFO: [Labtools 27-3164] End of startup status: HIGH
program_hw_devices: Time (s): cpu = 00:00:04 ; elapsed = 00:00:06 . Memory (MB): peak = 3658.770 ; gain = 0.074
refresh_hw_device [lindex [get_hw_devices xc7a200t_0] 0]
INFO: [Labtools 27-2302] Device xc7a200t (JTAG device index = 0) is programmed with a design that has 1 ILA core(s).
display_hw_ila_data [ get_hw_ila_data hw_ila_data_1 -of_objects [get_hw_ilas -of_objects [get_hw_devices xc7a200t_0] -filter {CELL_NAME=~"u_ila_0"}]]
run_hw_ila [get_hw_ilas -of_objects [get_hw_devices xc7a200t_0] -filter {CELL_NAME=~"u_ila_0"}]
INFO: [Labtools 27-1964] The ILA core 'hw_ila_1' trigger was armed at 2024-Sep-30 14:01:45
wait_on_hw_ila -timeout 0 [get_hw_ilas -of_objects [get_hw_devices xc7a200t_0] -filter {CELL_NAME=~"u_ila_0"}]
upload_hw_ila_data [get_hw_ilas -of_objects [get_hw_devices xc7a200t_0] -filter {CELL_NAME=~"u_ila_0"}]
INFO: [Labtools 27-1965] The ILA core 'hw_ila_1' trigger was stopped by user at 2024-Sep-30 14:02:15
WARNING: [Labtools 27-157] hw_ila [hw_ila_1] stopped. No data to upload.
add_wave -into {hw_ila_data_1.wcfg} -radix hex { {your_cpu/debug_wb_rf_wdata} }
run_hw_ila [get_hw_ilas -of_objects [get_hw_devices xc7a200t_0] -filter {CELL_NAME=~"u_ila_0"}]
INFO: [Labtools 27-1964] The ILA core 'hw_ila_1' trigger was armed at 2024-Sep-30 14:05:13
wait_on_hw_ila [get_hw_ilas -of_objects [get_hw_devices xc7a200t_0] -filter {CELL_NAME=~"u_ila_0"}]
display_hw_ila_data [upload_hw_ila_data [get_hw_ilas -of_objects [get_hw_devices xc7a200t_0] -filter {CELL_NAME=~"u_ila_0"}]]
INFO: [Labtools 27-1966] The ILA core 'hw_ila_1' triggered at 2024-Sep-30 14:05:13
INFO: [Labtools 27-3304] ILA Waveform data saved to file D:/ComputerScience/CPU_design/lab5/lab5/lab5/lab5.hw/backup/hw_ila_data_1.ila. Use Tcl command 'read_hw_ila_data' or Vivado File->Import->Import ILA Data menu item to import the previously saved data.
run_hw_ila [get_hw_ilas -of_objects [get_hw_devices xc7a200t_0] -filter {CELL_NAME=~"u_ila_0"}]
INFO: [Labtools 27-1964] The ILA core 'hw_ila_1' trigger was armed at 2024-Sep-30 14:11:35
wait_on_hw_ila [get_hw_ilas -of_objects [get_hw_devices xc7a200t_0] -filter {CELL_NAME=~"u_ila_0"}]
display_hw_ila_data [upload_hw_ila_data [get_hw_ilas -of_objects [get_hw_devices xc7a200t_0] -filter {CELL_NAME=~"u_ila_0"}]]
INFO: [Labtools 27-1966] The ILA core 'hw_ila_1' triggered at 2024-Sep-30 14:11:41
INFO: [Labtools 27-3304] ILA Waveform data saved to file D:/ComputerScience/CPU_design/lab5/lab5/lab5/lab5.hw/backup/hw_ila_data_1.ila. Use Tcl command 'read_hw_ila_data' or Vivado File->Import->Import ILA Data menu item to import the previously saved data.
ERROR: [Labtoolstcl 44-513] HW Target shutdown. Closing target: localhost:3121/xilinx_tcf/Digilent/210357A7D00EA
exit
INFO: [Common 17-206] Exiting Vivado at Mon Sep 30 14:12:33 2024...
