#-----------------------------------------------------------
# Vivado v2019.2 (64-bit)
# SW Build 2708876 on Wed Nov  6 21:40:23 MST 2019
# IP Build 2700528 on Thu Nov  7 00:09:20 MST 2019
# Start of session at: Mon Sep 23 20:42:41 2024
# Process ID: 31520
# Current directory: C:/Users/13936/Downloads/WeChat Files/wxid_ltefx8gbs4xv32/FileStorage/File/2024-09/lab5/lab5
# Command line: vivado.exe -gui_launcher_event rodinguilauncherevent20836 C:\Users\13936\Downloads\WeChat Files\wxid_ltefx8gbs4xv32\FileStorage\File\2024-09\lab5\lab5\lab5.xpr
# Log file: C:/Users/13936/Downloads/WeChat Files/wxid_ltefx8gbs4xv32/FileStorage/File/2024-09/lab5/lab5/vivado.log
# Journal file: C:/Users/13936/Downloads/WeChat Files/wxid_ltefx8gbs4xv32/FileStorage/File/2024-09/lab5/lab5\vivado.jou
#-----------------------------------------------------------
start_gui
open_project {C:/Users/13936/Downloads/WeChat Files/wxid_ltefx8gbs4xv32/FileStorage/File/2024-09/lab5/lab5/lab5.xpr}
INFO: [ProjectBase 1-489] The host OS only allows 260 characters in a normal path. The project is stored in a path with more than 80 characters. If you experience issues with IP, Block Designs, or files not being found, please consider moving the project to a location with a shorter path. Alternately consider using the OS subst command to map part of the path to a drive letter.
Current project path is 'C:/Users/13936/Downloads/WeChat Files/wxid_ltefx8gbs4xv32/FileStorage/File/2024-09/lab5/lab5'
INFO: [Project 1-313] Project file moved from 'D:/vivadoprojects/lab5' since last save.
Scanning sources...
Finished scanning sources
WARNING: [filemgmt 56-2] IP Repository Path: Could not find the directory 'C:/Users/13936/Downloads/WeChat Files/wxid_ltefx8gbs4xv32/FileStorage/File/2024-09/lab5/lcd_controller/lcd_controller.srcs/sources_1', nor could it be found using path 'D:/vivadoprojects/lcd_controller/lcd_controller.srcs/sources_1'.
WARNING: [filemgmt 56-2] IP Repository Path: Could not find the directory 'C:/Users/13936/Downloads/WeChat Files/wxid_ltefx8gbs4xv32/FileStorage/File/2024-09/lab5/ma_river_core/ma_river_core.srcs/sources_1', nor could it be found using path 'D:/vivadoprojects/ma_river_core/ma_river_core.srcs/sources_1'.
INFO: [IP_Flow 19-234] Refreshing IP repositories
WARNING: [IP_Flow 19-2248] Failed to load user IP repository 'c:/Users/13936/Downloads/WeChat Files/wxid_ltefx8gbs4xv32/FileStorage/File/2024-09/lab5/lcd_controller/lcd_controller.srcs/sources_1'; Can't find the specified path.
If this directory should no longer be in your list of user repositories, go to the IP Settings dialog and remove it.
WARNING: [IP_Flow 19-2248] Failed to load user IP repository 'c:/Users/13936/Downloads/WeChat Files/wxid_ltefx8gbs4xv32/FileStorage/File/2024-09/lab5/ma_river_core/ma_river_core.srcs/sources_1'; Can't find the specified path.
If this directory should no longer be in your list of user repositories, go to the IP Settings dialog and remove it.
INFO: [IP_Flow 19-2313] Loaded Vivado IP repository 'D:/StudySoftware/Xilinx_Vivado_2019.2/Vivado/2019.2/data/ip'.
WARNING: [IP_Flow 19-2162] IP 'ma_river_core_0' is locked:
* IP definition 'ma_river_core (1.0)' for IP 'ma_river_core_0' (customized with software release 2019.2) was not found in the IP Catalog.
WARNING: [IP_Flow 19-2162] IP 'lcd_controller_0' is locked:
* IP definition 'lcd_controller (1.0)' for IP 'lcd_controller_0' (customized with software release 2019.2) was not found in the IP Catalog.
update_compile_order -fileset sources_1
exit
INFO: [Common 17-206] Exiting Vivado at Mon Sep 23 20:43:37 2024...
