
*** Running vivado
    with args -log soc_top.vds -m64 -product Vivado -mode batch -messageDb vivado.pb -notrace -source soc_top.tcl


****** Vivado v2019.2 (64-bit)
  **** SW Build 2708876 on Wed Nov  6 21:40:23 MST 2019
  **** IP Build 2700528 on Thu Nov  7 00:09:20 MST 2019
    ** Copyright 1986-2019 Xilinx, Inc. All Rights Reserved.

source soc_top.tcl -notrace
INFO: [IP_Flow 19-234] Refreshing IP repositories
WARNING: [IP_Flow 19-2248] Failed to load user IP repository 'd:/ComputerScience/hitcs/hitcs/computer_architecture/lcd_controller/lcd_controller.srcs/sources_1'; Can't find the specified path.
If this directory should no longer be in your list of user repositories, go to the IP Settings dialog and remove it.
WARNING: [IP_Flow 19-2248] Failed to load user IP repository 'd:/ComputerScience/hitcs/hitcs/computer_architecture/ma_river_core/ma_river_core.srcs/sources_1'; Can't find the specified path.
If this directory should no longer be in your list of user repositories, go to the IP Settings dialog and remove it.
INFO: [IP_Flow 19-2313] Loaded Vivado IP repository 'D:/StudySoftware/Xilinx_Vivado_2019.2/Vivado/2019.2/data/ip'.
WARNING: [IP_Flow 19-4995] The host OS only allows 260 characters in a normal path. The IP cache path is more than 80 characters. If you experience issues with IP caching, please consider changing the IP cache to a location with a shorter path. Alternately consider using the OS subst command to map part of the path to a drive letter. 
Current IP cache path is d:/ComputerScience/hitcs/hitcs/computer_architecture/labs/lab1/lab1/lab1.cache/ip 
Command: synth_design -top soc_top -part xc7a200tfbg676-2
Starting synth_design
INFO: [IP_Flow 19-2162] IP 'ma_river_core_0' is locked:
* IP definition 'ma_river_core (1.0)' for IP 'ma_river_core_0' (customized with software release 2019.2) was not found in the IP Catalog.
INFO: [IP_Flow 19-2162] IP 'lcd_controller_0' is locked:
* IP definition 'lcd_controller (1.0)' for IP 'lcd_controller_0' (customized with software release 2019.2) was not found in the IP Catalog.
Attempting to get a license for feature 'Synthesis' and/or device 'xc7a200t'
INFO: [Common 17-349] Got license for feature 'Synthesis' and/or device 'xc7a200t'
INFO: [Device 21-403] Loading part xc7a200tfbg676-2
INFO: Launching helper process for spawning children vivado processes
INFO: Helper process launched with PID 30032 
---------------------------------------------------------------------------------
Starting RTL Elaboration : Time (s): cpu = 00:00:01 ; elapsed = 00:00:02 . Memory (MB): peak = 1023.914 ; gain = 234.629
---------------------------------------------------------------------------------
INFO: [Synth 8-6157] synthesizing module 'soc_top' [D:/ComputerScience/hitcs/hitcs/computer_architecture/labs/lab1/lab1/lab1.srcs/sources_1/new/soc_top.v:11]
	Parameter SIMULATION bound to: 0 - type: integer 
INFO: [Synth 8-6157] synthesizing module 'clk_pll' [D:/ComputerScience/hitcs/hitcs/computer_architecture/labs/lab1/lab1/lab1.runs/synth_1/.Xil/Vivado-26816-TianChang/realtime/clk_pll_stub.v:5]
INFO: [Synth 8-6155] done synthesizing module 'clk_pll' (1#1) [D:/ComputerScience/hitcs/hitcs/computer_architecture/labs/lab1/lab1/lab1.runs/synth_1/.Xil/Vivado-26816-TianChang/realtime/clk_pll_stub.v:5]
INFO: [Synth 8-6157] synthesizing module 'mr_bram' [D:/ComputerScience/hitcs/hitcs/computer_architecture/labs/lab1/lab1/lab1.runs/synth_1/.Xil/Vivado-26816-TianChang/realtime/mr_bram_stub.v:6]
INFO: [Synth 8-6155] done synthesizing module 'mr_bram' (2#1) [D:/ComputerScience/hitcs/hitcs/computer_architecture/labs/lab1/lab1/lab1.runs/synth_1/.Xil/Vivado-26816-TianChang/realtime/mr_bram_stub.v:6]
INFO: [Synth 8-6157] synthesizing module 'lcd_controller_0' [D:/ComputerScience/hitcs/hitcs/computer_architecture/labs/lab1/lab1/lab1.runs/synth_1/.Xil/Vivado-26816-TianChang/realtime/lcd_controller_0_stub.v:6]
INFO: [Synth 8-6155] done synthesizing module 'lcd_controller_0' (3#1) [D:/ComputerScience/hitcs/hitcs/computer_architecture/labs/lab1/lab1/lab1.runs/synth_1/.Xil/Vivado-26816-TianChang/realtime/lcd_controller_0_stub.v:6]
WARNING: [Synth 8-689] width (4) of port connection 'rid' does not match port width (6) of module 'lcd_controller_0' [D:/ComputerScience/hitcs/hitcs/computer_architecture/labs/lab1/lab1/lab1.srcs/sources_1/new/soc_top.v:211]
WARNING: [Synth 8-689] width (4) of port connection 'bid' does not match port width (6) of module 'lcd_controller_0' [D:/ComputerScience/hitcs/hitcs/computer_architecture/labs/lab1/lab1/lab1.srcs/sources_1/new/soc_top.v:234]
WARNING: [Synth 8-7023] instance 'lcd' of module 'lcd_controller_0' has 59 connections declared, but only 50 given [D:/ComputerScience/hitcs/hitcs/computer_architecture/labs/lab1/lab1/lab1.srcs/sources_1/new/soc_top.v:180]
INFO: [Synth 8-6157] synthesizing module 'ma_river_core_0' [D:/ComputerScience/hitcs/hitcs/computer_architecture/labs/lab1/lab1/lab1.runs/synth_1/.Xil/Vivado-26816-TianChang/realtime/ma_river_core_0_stub.v:6]
INFO: [Synth 8-6155] done synthesizing module 'ma_river_core_0' (4#1) [D:/ComputerScience/hitcs/hitcs/computer_architecture/labs/lab1/lab1/lab1.runs/synth_1/.Xil/Vivado-26816-TianChang/realtime/ma_river_core_0_stub.v:6]
WARNING: [Synth 8-7023] instance 'mrcore' of module 'ma_river_core_0' has 51 connections declared, but only 39 given [D:/ComputerScience/hitcs/hitcs/computer_architecture/labs/lab1/lab1/lab1.srcs/sources_1/new/soc_top.v:283]
INFO: [Synth 8-6157] synthesizing module 'checker_wrapper' [D:/ComputerScience/hitcs/hitcs/computer_architecture/labs/lab1/lab1/lab1.srcs/sources_1/imports/new/checker_wrapper.v:8]
INFO: [Synth 8-155] case statement is not full and has no default [D:/ComputerScience/hitcs/hitcs/computer_architecture/labs/lab1/lab1/lab1.srcs/sources_1/imports/new/checker_wrapper.v:131]
INFO: [Synth 8-6155] done synthesizing module 'checker_wrapper' (5#1) [D:/ComputerScience/hitcs/hitcs/computer_architecture/labs/lab1/lab1/lab1.srcs/sources_1/imports/new/checker_wrapper.v:8]
INFO: [Synth 8-6157] synthesizing module 'axi_bus' [D:/ComputerScience/hitcs/hitcs/computer_architecture/labs/lab1/lab1/lab1.runs/synth_1/.Xil/Vivado-26816-TianChang/realtime/axi_bus_stub.v:6]
INFO: [Synth 8-6155] done synthesizing module 'axi_bus' (6#1) [D:/ComputerScience/hitcs/hitcs/computer_architecture/labs/lab1/lab1/lab1.runs/synth_1/.Xil/Vivado-26816-TianChang/realtime/axi_bus_stub.v:6]
WARNING: [Synth 8-7023] instance 'axib' of module 'axi_bus' has 78 connections declared, but only 76 given [D:/ComputerScience/hitcs/hitcs/computer_architecture/labs/lab1/lab1/lab1.srcs/sources_1/new/soc_top.v:429]
INFO: [Synth 8-6157] synthesizing module 'cpu_inst_rom' [D:/ComputerScience/hitcs/hitcs/computer_architecture/labs/lab1/lab1/lab1.srcs/sources_1/new/cpu_inst_rom.v:23]
INFO: [Synth 8-6157] synthesizing module 'cpu_inst0_rom' [D:/ComputerScience/hitcs/hitcs/computer_architecture/labs/lab1/lab1/lab1.runs/synth_1/.Xil/Vivado-26816-TianChang/realtime/cpu_inst0_rom_stub.v:6]
INFO: [Synth 8-6155] done synthesizing module 'cpu_inst0_rom' (7#1) [D:/ComputerScience/hitcs/hitcs/computer_architecture/labs/lab1/lab1/lab1.runs/synth_1/.Xil/Vivado-26816-TianChang/realtime/cpu_inst0_rom_stub.v:6]
INFO: [Synth 8-6157] synthesizing module 'cpu_inst1_rom' [D:/ComputerScience/hitcs/hitcs/computer_architecture/labs/lab1/lab1/lab1.runs/synth_1/.Xil/Vivado-26816-TianChang/realtime/cpu_inst1_rom_stub.v:6]
INFO: [Synth 8-6155] done synthesizing module 'cpu_inst1_rom' (8#1) [D:/ComputerScience/hitcs/hitcs/computer_architecture/labs/lab1/lab1/lab1.runs/synth_1/.Xil/Vivado-26816-TianChang/realtime/cpu_inst1_rom_stub.v:6]
INFO: [Synth 8-6157] synthesizing module 'cpu_inst2_rom' [D:/ComputerScience/hitcs/hitcs/computer_architecture/labs/lab1/lab1/lab1.runs/synth_1/.Xil/Vivado-26816-TianChang/realtime/cpu_inst2_rom_stub.v:6]
INFO: [Synth 8-6155] done synthesizing module 'cpu_inst2_rom' (9#1) [D:/ComputerScience/hitcs/hitcs/computer_architecture/labs/lab1/lab1/lab1.runs/synth_1/.Xil/Vivado-26816-TianChang/realtime/cpu_inst2_rom_stub.v:6]
INFO: [Synth 8-6155] done synthesizing module 'cpu_inst_rom' (10#1) [D:/ComputerScience/hitcs/hitcs/computer_architecture/labs/lab1/lab1/lab1.srcs/sources_1/new/cpu_inst_rom.v:23]
INFO: [Synth 8-6157] synthesizing module 'cpu_data_ram' [D:/ComputerScience/hitcs/hitcs/computer_architecture/labs/lab1/lab1/lab1.runs/synth_1/.Xil/Vivado-26816-TianChang/realtime/cpu_data_ram_stub.v:6]
INFO: [Synth 8-6155] done synthesizing module 'cpu_data_ram' (11#1) [D:/ComputerScience/hitcs/hitcs/computer_architecture/labs/lab1/lab1/lab1.runs/synth_1/.Xil/Vivado-26816-TianChang/realtime/cpu_data_ram_stub.v:6]
WARNING: [Synth 8-689] width (8) of port connection 'a' does not match port width (7) of module 'cpu_data_ram' [D:/ComputerScience/hitcs/hitcs/computer_architecture/labs/lab1/lab1/lab1.srcs/sources_1/new/soc_top.v:531]
INFO: [Synth 8-6157] synthesizing module 'cpu' [D:/ComputerScience/hitcs/hitcs/computer_architecture/labs/lab1/lab1/lab1.srcs/sources_1/imports/src/cpu.v:3]
INFO: [Synth 8-6157] synthesizing module 'pc' [D:/ComputerScience/hitcs/hitcs/computer_architecture/labs/lab1/lab1/lab1.srcs/sources_1/imports/src/pc.v:3]
INFO: [Synth 8-6155] done synthesizing module 'pc' (12#1) [D:/ComputerScience/hitcs/hitcs/computer_architecture/labs/lab1/lab1/lab1.srcs/sources_1/imports/src/pc.v:3]
INFO: [Synth 8-6157] synthesizing module 'ADD' [D:/ComputerScience/hitcs/hitcs/computer_architecture/labs/lab1/lab1/lab1.srcs/sources_1/imports/src/ADD.v:4]
INFO: [Synth 8-6155] done synthesizing module 'ADD' (13#1) [D:/ComputerScience/hitcs/hitcs/computer_architecture/labs/lab1/lab1/lab1.srcs/sources_1/imports/src/ADD.v:4]
INFO: [Synth 8-6157] synthesizing module 'IF_ID' [D:/ComputerScience/hitcs/hitcs/computer_architecture/labs/lab1/lab1/lab1.srcs/sources_1/imports/src/IF_ID_Reg.v:4]
INFO: [Synth 8-6157] synthesizing module 'npc' [D:/ComputerScience/hitcs/hitcs/computer_architecture/labs/lab1/lab1/lab1.srcs/sources_1/imports/src/npc.v:4]
WARNING: [Synth 8-567] referenced signal 'write_enable' should be on the sensitivity list [D:/ComputerScience/hitcs/hitcs/computer_architecture/labs/lab1/lab1/lab1.srcs/sources_1/imports/src/npc.v:16]
INFO: [Synth 8-6155] done synthesizing module 'npc' (14#1) [D:/ComputerScience/hitcs/hitcs/computer_architecture/labs/lab1/lab1/lab1.srcs/sources_1/imports/src/npc.v:4]
INFO: [Synth 8-6157] synthesizing module 'IR' [D:/ComputerScience/hitcs/hitcs/computer_architecture/labs/lab1/lab1/lab1.srcs/sources_1/imports/src/IR.v:3]
INFO: [Synth 8-6155] done synthesizing module 'IR' (15#1) [D:/ComputerScience/hitcs/hitcs/computer_architecture/labs/lab1/lab1/lab1.srcs/sources_1/imports/src/IR.v:3]
INFO: [Synth 8-6155] done synthesizing module 'IF_ID' (16#1) [D:/ComputerScience/hitcs/hitcs/computer_architecture/labs/lab1/lab1/lab1.srcs/sources_1/imports/src/IF_ID_Reg.v:4]
WARNING: [Synth 8-7023] instance 'IF_ID' of module 'IF_ID' has 10 connections declared, but only 9 given [D:/ComputerScience/hitcs/hitcs/computer_architecture/labs/lab1/lab1/lab1.srcs/sources_1/imports/src/cpu.v:123]
INFO: [Synth 8-6157] synthesizing module 'regfile' [D:/ComputerScience/hitcs/hitcs/computer_architecture/labs/lab1/lab1/lab1.srcs/sources_1/imports/src/regfile.v:4]
INFO: [Synth 8-6155] done synthesizing module 'regfile' (17#1) [D:/ComputerScience/hitcs/hitcs/computer_architecture/labs/lab1/lab1/lab1.srcs/sources_1/imports/src/regfile.v:4]
INFO: [Synth 8-6157] synthesizing module 'extender' [D:/ComputerScience/hitcs/hitcs/computer_architecture/labs/lab1/lab1/lab1.srcs/sources_1/imports/src/extender.v:3]
INFO: [Synth 8-6155] done synthesizing module 'extender' (18#1) [D:/ComputerScience/hitcs/hitcs/computer_architecture/labs/lab1/lab1/lab1.srcs/sources_1/imports/src/extender.v:3]
INFO: [Synth 8-6157] synthesizing module 'ID_EX' [D:/ComputerScience/hitcs/hitcs/computer_architecture/labs/lab1/lab1/lab1.srcs/sources_1/imports/src/ID_EX_Reg.v:8]
INFO: [Synth 8-155] case statement is not full and has no default [D:/ComputerScience/hitcs/hitcs/computer_architecture/labs/lab1/lab1/lab1.srcs/sources_1/imports/src/ID_EX_Reg.v:40]
INFO: [Synth 8-6157] synthesizing module 'data_holder' [D:/ComputerScience/hitcs/hitcs/computer_architecture/labs/lab1/lab1/lab1.srcs/sources_1/imports/src/data_reg.v:3]
INFO: [Synth 8-6155] done synthesizing module 'data_holder' (19#1) [D:/ComputerScience/hitcs/hitcs/computer_architecture/labs/lab1/lab1/lab1.srcs/sources_1/imports/src/data_reg.v:3]
INFO: [Synth 8-6157] synthesizing module 'imm' [D:/ComputerScience/hitcs/hitcs/computer_architecture/labs/lab1/lab1/lab1.srcs/sources_1/imports/src/imm.v:3]
INFO: [Synth 8-6155] done synthesizing module 'imm' (20#1) [D:/ComputerScience/hitcs/hitcs/computer_architecture/labs/lab1/lab1/lab1.srcs/sources_1/imports/src/imm.v:3]
INFO: [Synth 8-6155] done synthesizing module 'ID_EX' (21#1) [D:/ComputerScience/hitcs/hitcs/computer_architecture/labs/lab1/lab1/lab1.srcs/sources_1/imports/src/ID_EX_Reg.v:8]
INFO: [Synth 8-6157] synthesizing module 'mux32' [D:/ComputerScience/hitcs/hitcs/computer_architecture/labs/lab1/lab1/lab1.srcs/sources_1/imports/src/mux.v:4]
INFO: [Synth 8-6155] done synthesizing module 'mux32' (22#1) [D:/ComputerScience/hitcs/hitcs/computer_architecture/labs/lab1/lab1/lab1.srcs/sources_1/imports/src/mux.v:4]
INFO: [Synth 8-6157] synthesizing module 'hazard' [D:/ComputerScience/hitcs/hitcs/computer_architecture/labs/lab1/lab1/lab1.srcs/sources_1/imports/src/hazard_detection_unit.v:7]
INFO: [Synth 8-6155] done synthesizing module 'hazard' (23#1) [D:/ComputerScience/hitcs/hitcs/computer_architecture/labs/lab1/lab1/lab1.srcs/sources_1/imports/src/hazard_detection_unit.v:7]
INFO: [Synth 8-6157] synthesizing module 'mux4to1' [D:/ComputerScience/hitcs/hitcs/computer_architecture/labs/lab1/lab1/lab1.srcs/sources_1/imports/src/mux_4.v:4]
INFO: [Synth 8-6155] done synthesizing module 'mux4to1' (24#1) [D:/ComputerScience/hitcs/hitcs/computer_architecture/labs/lab1/lab1/lab1.srcs/sources_1/imports/src/mux_4.v:4]
WARNING: [Synth 8-7023] instance 'forwarding_mux_1' of module 'mux4to1' has 6 connections declared, but only 5 given [D:/ComputerScience/hitcs/hitcs/computer_architecture/labs/lab1/lab1/lab1.srcs/sources_1/imports/src/cpu.v:204]
WARNING: [Synth 8-7023] instance 'forwarding_mux_2' of module 'mux4to1' has 6 connections declared, but only 5 given [D:/ComputerScience/hitcs/hitcs/computer_architecture/labs/lab1/lab1/lab1.srcs/sources_1/imports/src/cpu.v:212]
INFO: [Synth 8-6157] synthesizing module 'alu_me' [D:/ComputerScience/hitcs/hitcs/computer_architecture/labs/lab1/lab1/lab1.srcs/sources_1/imports/src/alu_me.v:9]
INFO: [Synth 8-6155] done synthesizing module 'alu_me' (25#1) [D:/ComputerScience/hitcs/hitcs/computer_architecture/labs/lab1/lab1/lab1.srcs/sources_1/imports/src/alu_me.v:9]
INFO: [Synth 8-6157] synthesizing module 'EX_MEM' [D:/ComputerScience/hitcs/hitcs/computer_architecture/labs/lab1/lab1/lab1.srcs/sources_1/imports/src/EX_MEM_Reg.v:3]
INFO: [Synth 8-155] case statement is not full and has no default [D:/ComputerScience/hitcs/hitcs/computer_architecture/labs/lab1/lab1/lab1.srcs/sources_1/imports/src/EX_MEM_Reg.v:28]
WARNING: [Synth 8-567] referenced signal 'mem_rt' should be on the sensitivity list [D:/ComputerScience/hitcs/hitcs/computer_architecture/labs/lab1/lab1/lab1.srcs/sources_1/imports/src/EX_MEM_Reg.v:27]
INFO: [Synth 8-6155] done synthesizing module 'EX_MEM' (26#1) [D:/ComputerScience/hitcs/hitcs/computer_architecture/labs/lab1/lab1/lab1.srcs/sources_1/imports/src/EX_MEM_Reg.v:3]
INFO: [Synth 8-6157] synthesizing module 'MEM_WB' [D:/ComputerScience/hitcs/hitcs/computer_architecture/labs/lab1/lab1/lab1.srcs/sources_1/imports/src/MEM_WB_Reg.v:7]
INFO: [Synth 8-155] case statement is not full and has no default [D:/ComputerScience/hitcs/hitcs/computer_architecture/labs/lab1/lab1/lab1.srcs/sources_1/imports/src/MEM_WB_Reg.v:34]
WARNING: [Synth 8-567] referenced signal 'wb_rt' should be on the sensitivity list [D:/ComputerScience/hitcs/hitcs/computer_architecture/labs/lab1/lab1/lab1.srcs/sources_1/imports/src/MEM_WB_Reg.v:33]
INFO: [Synth 8-6155] done synthesizing module 'MEM_WB' (27#1) [D:/ComputerScience/hitcs/hitcs/computer_architecture/labs/lab1/lab1/lab1.srcs/sources_1/imports/src/MEM_WB_Reg.v:7]
INFO: [Synth 8-6155] done synthesizing module 'cpu' (28#1) [D:/ComputerScience/hitcs/hitcs/computer_architecture/labs/lab1/lab1/lab1.srcs/sources_1/imports/src/cpu.v:3]
INFO: [Synth 8-6157] synthesizing module 'cpu_checker' [D:/ComputerScience/hitcs/hitcs/computer_architecture/labs/lab1/lab1/lab1.srcs/sources_1/new/cpu_checker.v:42]
	Parameter SIMULATION bound to: 0 - type: integer 
WARNING: [Synth 8-689] width (8) of port connection 'addr' does not match port width (5) of module 'cpu_inst_rom' [D:/ComputerScience/hitcs/hitcs/computer_architecture/labs/lab1/lab1/lab1.srcs/sources_1/new/cpu_checker.v:137]
INFO: [Synth 8-6157] synthesizing module 'cpu_ans0_rom' [D:/ComputerScience/hitcs/hitcs/computer_architecture/labs/lab1/lab1/lab1.runs/synth_1/.Xil/Vivado-26816-TianChang/realtime/cpu_ans0_rom_stub.v:6]
INFO: [Synth 8-6155] done synthesizing module 'cpu_ans0_rom' (29#1) [D:/ComputerScience/hitcs/hitcs/computer_architecture/labs/lab1/lab1/lab1.runs/synth_1/.Xil/Vivado-26816-TianChang/realtime/cpu_ans0_rom_stub.v:6]
INFO: [Synth 8-6157] synthesizing module 'cpu_ans1_rom' [D:/ComputerScience/hitcs/hitcs/computer_architecture/labs/lab1/lab1/lab1.runs/synth_1/.Xil/Vivado-26816-TianChang/realtime/cpu_ans1_rom_stub.v:6]
INFO: [Synth 8-6155] done synthesizing module 'cpu_ans1_rom' (30#1) [D:/ComputerScience/hitcs/hitcs/computer_architecture/labs/lab1/lab1/lab1.runs/synth_1/.Xil/Vivado-26816-TianChang/realtime/cpu_ans1_rom_stub.v:6]
INFO: [Synth 8-6157] synthesizing module 'cpu_ans2_rom' [D:/ComputerScience/hitcs/hitcs/computer_architecture/labs/lab1/lab1/lab1.runs/synth_1/.Xil/Vivado-26816-TianChang/realtime/cpu_ans2_rom_stub.v:6]
INFO: [Synth 8-6155] done synthesizing module 'cpu_ans2_rom' (31#1) [D:/ComputerScience/hitcs/hitcs/computer_architecture/labs/lab1/lab1/lab1.runs/synth_1/.Xil/Vivado-26816-TianChang/realtime/cpu_ans2_rom_stub.v:6]
INFO: [Synth 8-6155] done synthesizing module 'cpu_checker' (32#1) [D:/ComputerScience/hitcs/hitcs/computer_architecture/labs/lab1/lab1/lab1.srcs/sources_1/new/cpu_checker.v:42]
INFO: [Synth 8-6155] done synthesizing module 'soc_top' (33#1) [D:/ComputerScience/hitcs/hitcs/computer_architecture/labs/lab1/lab1/lab1.srcs/sources_1/new/soc_top.v:11]
WARNING: [Synth 8-3331] design cpu_checker has unconnected port checker_raddr[31]
WARNING: [Synth 8-3331] design cpu_checker has unconnected port checker_raddr[30]
WARNING: [Synth 8-3331] design cpu_checker has unconnected port checker_raddr[29]
WARNING: [Synth 8-3331] design cpu_checker has unconnected port checker_raddr[28]
WARNING: [Synth 8-3331] design cpu_checker has unconnected port checker_raddr[27]
WARNING: [Synth 8-3331] design cpu_checker has unconnected port checker_raddr[26]
WARNING: [Synth 8-3331] design cpu_checker has unconnected port checker_raddr[25]
WARNING: [Synth 8-3331] design cpu_checker has unconnected port checker_raddr[24]
WARNING: [Synth 8-3331] design cpu_checker has unconnected port checker_raddr[23]
WARNING: [Synth 8-3331] design cpu_checker has unconnected port checker_raddr[22]
WARNING: [Synth 8-3331] design cpu_checker has unconnected port checker_raddr[21]
WARNING: [Synth 8-3331] design cpu_checker has unconnected port checker_raddr[20]
WARNING: [Synth 8-3331] design cpu_checker has unconnected port checker_raddr[19]
WARNING: [Synth 8-3331] design cpu_checker has unconnected port checker_raddr[18]
WARNING: [Synth 8-3331] design cpu_checker has unconnected port checker_raddr[17]
WARNING: [Synth 8-3331] design cpu_checker has unconnected port checker_raddr[16]
WARNING: [Synth 8-3331] design cpu_checker has unconnected port checker_waddr[31]
WARNING: [Synth 8-3331] design cpu_checker has unconnected port checker_waddr[30]
WARNING: [Synth 8-3331] design cpu_checker has unconnected port checker_waddr[29]
WARNING: [Synth 8-3331] design cpu_checker has unconnected port checker_waddr[28]
WARNING: [Synth 8-3331] design cpu_checker has unconnected port checker_waddr[27]
WARNING: [Synth 8-3331] design cpu_checker has unconnected port checker_waddr[26]
WARNING: [Synth 8-3331] design cpu_checker has unconnected port checker_waddr[25]
WARNING: [Synth 8-3331] design cpu_checker has unconnected port checker_waddr[24]
WARNING: [Synth 8-3331] design cpu_checker has unconnected port checker_waddr[23]
WARNING: [Synth 8-3331] design cpu_checker has unconnected port checker_waddr[22]
WARNING: [Synth 8-3331] design cpu_checker has unconnected port checker_waddr[21]
WARNING: [Synth 8-3331] design cpu_checker has unconnected port checker_waddr[20]
WARNING: [Synth 8-3331] design cpu_checker has unconnected port checker_waddr[19]
WARNING: [Synth 8-3331] design cpu_checker has unconnected port checker_waddr[18]
WARNING: [Synth 8-3331] design cpu_checker has unconnected port checker_waddr[17]
WARNING: [Synth 8-3331] design cpu_checker has unconnected port checker_waddr[16]
WARNING: [Synth 8-3331] design hazard has unconnected port if_id_ir[31]
WARNING: [Synth 8-3331] design hazard has unconnected port if_id_ir[30]
WARNING: [Synth 8-3331] design hazard has unconnected port if_id_ir[29]
WARNING: [Synth 8-3331] design hazard has unconnected port if_id_ir[28]
WARNING: [Synth 8-3331] design hazard has unconnected port if_id_ir[27]
WARNING: [Synth 8-3331] design hazard has unconnected port if_id_ir[26]
WARNING: [Synth 8-3331] design hazard has unconnected port if_id_ir[15]
WARNING: [Synth 8-3331] design hazard has unconnected port if_id_ir[14]
WARNING: [Synth 8-3331] design hazard has unconnected port if_id_ir[13]
WARNING: [Synth 8-3331] design hazard has unconnected port if_id_ir[12]
WARNING: [Synth 8-3331] design hazard has unconnected port if_id_ir[11]
WARNING: [Synth 8-3331] design hazard has unconnected port if_id_ir[10]
WARNING: [Synth 8-3331] design hazard has unconnected port if_id_ir[9]
WARNING: [Synth 8-3331] design hazard has unconnected port if_id_ir[8]
WARNING: [Synth 8-3331] design hazard has unconnected port if_id_ir[7]
WARNING: [Synth 8-3331] design hazard has unconnected port if_id_ir[6]
WARNING: [Synth 8-3331] design hazard has unconnected port if_id_ir[5]
WARNING: [Synth 8-3331] design hazard has unconnected port if_id_ir[4]
WARNING: [Synth 8-3331] design hazard has unconnected port if_id_ir[3]
WARNING: [Synth 8-3331] design hazard has unconnected port if_id_ir[2]
WARNING: [Synth 8-3331] design hazard has unconnected port if_id_ir[1]
WARNING: [Synth 8-3331] design hazard has unconnected port if_id_ir[0]
WARNING: [Synth 8-3331] design hazard has unconnected port id_ex_ir[10]
WARNING: [Synth 8-3331] design hazard has unconnected port id_ex_ir[9]
WARNING: [Synth 8-3331] design hazard has unconnected port id_ex_ir[8]
WARNING: [Synth 8-3331] design hazard has unconnected port id_ex_ir[7]
WARNING: [Synth 8-3331] design hazard has unconnected port id_ex_ir[6]
WARNING: [Synth 8-3331] design hazard has unconnected port id_ex_ir[5]
WARNING: [Synth 8-3331] design hazard has unconnected port id_ex_ir[4]
WARNING: [Synth 8-3331] design hazard has unconnected port id_ex_ir[3]
WARNING: [Synth 8-3331] design hazard has unconnected port id_ex_ir[2]
WARNING: [Synth 8-3331] design hazard has unconnected port id_ex_ir[1]
WARNING: [Synth 8-3331] design hazard has unconnected port id_ex_ir[0]
WARNING: [Synth 8-3331] design hazard has unconnected port ex_mem_ir[25]
WARNING: [Synth 8-3331] design hazard has unconnected port ex_mem_ir[24]
WARNING: [Synth 8-3331] design hazard has unconnected port ex_mem_ir[23]
WARNING: [Synth 8-3331] design hazard has unconnected port ex_mem_ir[22]
WARNING: [Synth 8-3331] design hazard has unconnected port ex_mem_ir[21]
WARNING: [Synth 8-3331] design hazard has unconnected port mem_wb_ir[25]
WARNING: [Synth 8-3331] design hazard has unconnected port mem_wb_ir[24]
WARNING: [Synth 8-3331] design hazard has unconnected port mem_wb_ir[23]
WARNING: [Synth 8-3331] design hazard has unconnected port mem_wb_ir[22]
WARNING: [Synth 8-3331] design hazard has unconnected port mem_wb_ir[21]
WARNING: [Synth 8-3331] design npc has unconnected port clk
WARNING: [Synth 8-3331] design IF_ID has unconnected port flush
WARNING: [Synth 8-3331] design checker_wrapper has unconnected port arlen[3]
WARNING: [Synth 8-3331] design checker_wrapper has unconnected port arlen[2]
WARNING: [Synth 8-3331] design checker_wrapper has unconnected port arlen[1]
WARNING: [Synth 8-3331] design checker_wrapper has unconnected port arlen[0]
WARNING: [Synth 8-3331] design checker_wrapper has unconnected port arsize[2]
WARNING: [Synth 8-3331] design checker_wrapper has unconnected port arsize[1]
WARNING: [Synth 8-3331] design checker_wrapper has unconnected port arsize[0]
WARNING: [Synth 8-3331] design checker_wrapper has unconnected port arburst[1]
WARNING: [Synth 8-3331] design checker_wrapper has unconnected port arburst[0]
WARNING: [Synth 8-3331] design checker_wrapper has unconnected port arlock[1]
WARNING: [Synth 8-3331] design checker_wrapper has unconnected port arlock[0]
WARNING: [Synth 8-3331] design checker_wrapper has unconnected port arcache[3]
WARNING: [Synth 8-3331] design checker_wrapper has unconnected port arcache[2]
WARNING: [Synth 8-3331] design checker_wrapper has unconnected port arcache[1]
WARNING: [Synth 8-3331] design checker_wrapper has unconnected port arcache[0]
WARNING: [Synth 8-3331] design checker_wrapper has unconnected port arprot[2]
WARNING: [Synth 8-3331] design checker_wrapper has unconnected port arprot[1]
WARNING: [Synth 8-3331] design checker_wrapper has unconnected port arprot[0]
WARNING: [Synth 8-3331] design checker_wrapper has unconnected port awlen[3]
WARNING: [Synth 8-3331] design checker_wrapper has unconnected port awlen[2]
WARNING: [Synth 8-3331] design checker_wrapper has unconnected port awlen[1]
WARNING: [Synth 8-3331] design checker_wrapper has unconnected port awlen[0]
WARNING: [Synth 8-3331] design checker_wrapper has unconnected port awsize[2]
INFO: [Common 17-14] Message 'Synth 8-3331' appears 100 times and further instances of the messages will be disabled. Use the Tcl command set_msg_config to change the current settings.
---------------------------------------------------------------------------------
Finished RTL Elaboration : Time (s): cpu = 00:00:02 ; elapsed = 00:00:03 . Memory (MB): peak = 1100.289 ; gain = 311.004
---------------------------------------------------------------------------------

Report Check Netlist: 
+------+------------------+-------+---------+-------+------------------+
|      |Item              |Errors |Warnings |Status |Description       |
+------+------------------+-------+---------+-------+------------------+
|1     |multi_driven_nets |      0|        0|Passed |Multi driven nets |
+------+------------------+-------+---------+-------+------------------+
---------------------------------------------------------------------------------
Start Handling Custom Attributes
---------------------------------------------------------------------------------
---------------------------------------------------------------------------------
Finished Handling Custom Attributes : Time (s): cpu = 00:00:02 ; elapsed = 00:00:03 . Memory (MB): peak = 1100.289 ; gain = 311.004
---------------------------------------------------------------------------------
---------------------------------------------------------------------------------
Finished RTL Optimization Phase 1 : Time (s): cpu = 00:00:02 ; elapsed = 00:00:03 . Memory (MB): peak = 1100.289 ; gain = 311.004
---------------------------------------------------------------------------------
Netlist sorting complete. Time (s): cpu = 00:00:00 ; elapsed = 00:00:00.034 . Memory (MB): peak = 1100.289 ; gain = 0.000
INFO: [Project 1-570] Preparing netlist for logic optimization

Processing XDC Constraints
Initializing timing engine
Parsing XDC File [d:/ComputerScience/hitcs/hitcs/computer_architecture/labs/lab1/lab1/lab1.srcs/sources_1/ip/axi_bus/axi_bus/axi_bus_in_context.xdc] for cell 'axib'
Finished Parsing XDC File [d:/ComputerScience/hitcs/hitcs/computer_architecture/labs/lab1/lab1/lab1.srcs/sources_1/ip/axi_bus/axi_bus/axi_bus_in_context.xdc] for cell 'axib'
Parsing XDC File [d:/ComputerScience/hitcs/hitcs/computer_architecture/labs/lab1/lab1/lab1.srcs/sources_1/ip/clk_pll/clk_pll/clk_pll_in_context.xdc] for cell 'pll'
Finished Parsing XDC File [d:/ComputerScience/hitcs/hitcs/computer_architecture/labs/lab1/lab1/lab1.srcs/sources_1/ip/clk_pll/clk_pll/clk_pll_in_context.xdc] for cell 'pll'
Parsing XDC File [d:/ComputerScience/hitcs/hitcs/computer_architecture/labs/lab1/lab1/lab1.srcs/sources_1/ip/ma_river_core_0/ma_river_core_0/ma_river_core_0_in_context.xdc] for cell 'mrcore'
Finished Parsing XDC File [d:/ComputerScience/hitcs/hitcs/computer_architecture/labs/lab1/lab1/lab1.srcs/sources_1/ip/ma_river_core_0/ma_river_core_0/ma_river_core_0_in_context.xdc] for cell 'mrcore'
Parsing XDC File [d:/ComputerScience/hitcs/hitcs/computer_architecture/labs/lab1/lab1/lab1.srcs/sources_1/ip/lcd_controller_0/lcd_controller_0/lcd_controller_0_in_context.xdc] for cell 'lcd'
Finished Parsing XDC File [d:/ComputerScience/hitcs/hitcs/computer_architecture/labs/lab1/lab1/lab1.srcs/sources_1/ip/lcd_controller_0/lcd_controller_0/lcd_controller_0_in_context.xdc] for cell 'lcd'
Parsing XDC File [d:/ComputerScience/hitcs/hitcs/computer_architecture/labs/lab1/lab1/lab1.srcs/sources_1/ip/cpu_data_ram/cpu_data_ram/cpu_data_ram_in_context.xdc] for cell 'data_sram'
Finished Parsing XDC File [d:/ComputerScience/hitcs/hitcs/computer_architecture/labs/lab1/lab1/lab1.srcs/sources_1/ip/cpu_data_ram/cpu_data_ram/cpu_data_ram_in_context.xdc] for cell 'data_sram'
Parsing XDC File [d:/ComputerScience/hitcs/hitcs/computer_architecture/labs/lab1/lab1/lab1.srcs/sources_1/ip/mr_bram/mr_bram/mr_bram_in_context.xdc] for cell 'ram'
Finished Parsing XDC File [d:/ComputerScience/hitcs/hitcs/computer_architecture/labs/lab1/lab1/lab1.srcs/sources_1/ip/mr_bram/mr_bram/mr_bram_in_context.xdc] for cell 'ram'
Parsing XDC File [d:/ComputerScience/hitcs/hitcs/computer_architecture/labs/lab1/lab1/lab1.srcs/sources_1/ip/cpu_inst0_rom/cpu_inst0_rom/cpu_inst0_rom_in_context.xdc] for cell 'inst_sram/i0'
Finished Parsing XDC File [d:/ComputerScience/hitcs/hitcs/computer_architecture/labs/lab1/lab1/lab1.srcs/sources_1/ip/cpu_inst0_rom/cpu_inst0_rom/cpu_inst0_rom_in_context.xdc] for cell 'inst_sram/i0'
Parsing XDC File [d:/ComputerScience/hitcs/hitcs/computer_architecture/labs/lab1/lab1/lab1.srcs/sources_1/ip/cpu_inst0_rom/cpu_inst0_rom/cpu_inst0_rom_in_context.xdc] for cell 'checker/ir/i0'
Finished Parsing XDC File [d:/ComputerScience/hitcs/hitcs/computer_architecture/labs/lab1/lab1/lab1.srcs/sources_1/ip/cpu_inst0_rom/cpu_inst0_rom/cpu_inst0_rom_in_context.xdc] for cell 'checker/ir/i0'
Parsing XDC File [d:/ComputerScience/hitcs/hitcs/computer_architecture/labs/lab1/lab1/lab1.srcs/sources_1/ip/cpu_inst1_rom/cpu_inst1_rom/cpu_inst1_rom_in_context.xdc] for cell 'inst_sram/i1'
Finished Parsing XDC File [d:/ComputerScience/hitcs/hitcs/computer_architecture/labs/lab1/lab1/lab1.srcs/sources_1/ip/cpu_inst1_rom/cpu_inst1_rom/cpu_inst1_rom_in_context.xdc] for cell 'inst_sram/i1'
Parsing XDC File [d:/ComputerScience/hitcs/hitcs/computer_architecture/labs/lab1/lab1/lab1.srcs/sources_1/ip/cpu_inst1_rom/cpu_inst1_rom/cpu_inst1_rom_in_context.xdc] for cell 'checker/ir/i1'
Finished Parsing XDC File [d:/ComputerScience/hitcs/hitcs/computer_architecture/labs/lab1/lab1/lab1.srcs/sources_1/ip/cpu_inst1_rom/cpu_inst1_rom/cpu_inst1_rom_in_context.xdc] for cell 'checker/ir/i1'
Parsing XDC File [d:/ComputerScience/hitcs/hitcs/computer_architecture/labs/lab1/lab1/lab1.srcs/sources_1/ip/cpu_inst2_rom/cpu_inst2_rom/cpu_inst2_rom_in_context.xdc] for cell 'inst_sram/i2'
Finished Parsing XDC File [d:/ComputerScience/hitcs/hitcs/computer_architecture/labs/lab1/lab1/lab1.srcs/sources_1/ip/cpu_inst2_rom/cpu_inst2_rom/cpu_inst2_rom_in_context.xdc] for cell 'inst_sram/i2'
Parsing XDC File [d:/ComputerScience/hitcs/hitcs/computer_architecture/labs/lab1/lab1/lab1.srcs/sources_1/ip/cpu_inst2_rom/cpu_inst2_rom/cpu_inst2_rom_in_context.xdc] for cell 'checker/ir/i2'
Finished Parsing XDC File [d:/ComputerScience/hitcs/hitcs/computer_architecture/labs/lab1/lab1/lab1.srcs/sources_1/ip/cpu_inst2_rom/cpu_inst2_rom/cpu_inst2_rom_in_context.xdc] for cell 'checker/ir/i2'
Parsing XDC File [d:/ComputerScience/hitcs/hitcs/computer_architecture/labs/lab1/lab1/lab1.srcs/sources_1/ip/cpu_ans0_rom/cpu_ans0_rom/cpu_ans0_rom_in_context.xdc] for cell 'checker/_a0'
Finished Parsing XDC File [d:/ComputerScience/hitcs/hitcs/computer_architecture/labs/lab1/lab1/lab1.srcs/sources_1/ip/cpu_ans0_rom/cpu_ans0_rom/cpu_ans0_rom_in_context.xdc] for cell 'checker/_a0'
Parsing XDC File [d:/ComputerScience/hitcs/hitcs/computer_architecture/labs/lab1/lab1/lab1.srcs/sources_1/ip/cpu_ans1_rom/cpu_ans1_rom/cpu_ans1_rom_in_context.xdc] for cell 'checker/_a1'
Finished Parsing XDC File [d:/ComputerScience/hitcs/hitcs/computer_architecture/labs/lab1/lab1/lab1.srcs/sources_1/ip/cpu_ans1_rom/cpu_ans1_rom/cpu_ans1_rom_in_context.xdc] for cell 'checker/_a1'
Parsing XDC File [d:/ComputerScience/hitcs/hitcs/computer_architecture/labs/lab1/lab1/lab1.srcs/sources_1/ip/cpu_ans2_rom/cpu_ans2_rom/cpu_ans2_rom_in_context.xdc] for cell 'checker/_a2'
Finished Parsing XDC File [d:/ComputerScience/hitcs/hitcs/computer_architecture/labs/lab1/lab1/lab1.srcs/sources_1/ip/cpu_ans2_rom/cpu_ans2_rom/cpu_ans2_rom_in_context.xdc] for cell 'checker/_a2'
Parsing XDC File [D:/ComputerScience/hitcs/hitcs/computer_architecture/labs/lab1/lab1/lab1.srcs/constrs_1/imports/new/cons.xdc]
WARNING: [Constraints 18-619] A clock with name 'sys_clk' already exists, overwriting the previous clock with the same name. [D:/ComputerScience/hitcs/hitcs/computer_architecture/labs/lab1/lab1/lab1.srcs/constrs_1/imports/new/cons.xdc:3]
Finished Parsing XDC File [D:/ComputerScience/hitcs/hitcs/computer_architecture/labs/lab1/lab1/lab1.srcs/constrs_1/imports/new/cons.xdc]
INFO: [Project 1-236] Implementation specific constraints were found while reading constraint file [D:/ComputerScience/hitcs/hitcs/computer_architecture/labs/lab1/lab1/lab1.srcs/constrs_1/imports/new/cons.xdc]. These constraints will be ignored for synthesis but will be used in implementation. Impacted constraints are listed in the file [.Xil/soc_top_propImpl.xdc].
Resolution: To avoid this warning, move constraints listed in [.Xil/soc_top_propImpl.xdc] to another XDC file and exclude this new file from synthesis with the used_in_synthesis property (File Properties dialog in GUI) and re-run elaboration/synthesis.
Parsing XDC File [D:/ComputerScience/hitcs/hitcs/computer_architecture/labs/lab1/lab1/lab1.runs/synth_1/dont_touch.xdc]
Finished Parsing XDC File [D:/ComputerScience/hitcs/hitcs/computer_architecture/labs/lab1/lab1/lab1.runs/synth_1/dont_touch.xdc]
Completed Processing XDC Constraints

Netlist sorting complete. Time (s): cpu = 00:00:00 ; elapsed = 00:00:00 . Memory (MB): peak = 1219.473 ; gain = 0.000
INFO: [Project 1-111] Unisim Transformation Summary:
No Unisim elements were transformed.

Constraint Validation Runtime : Time (s): cpu = 00:00:00 ; elapsed = 00:00:00.007 . Memory (MB): peak = 1219.473 ; gain = 0.000
WARNING: [Timing 38-316] Clock period '100.000' specified during out-of-context synthesis of instance 'axib' at clock pin 'aclk' is different from the actual clock period '20.000', this can lead to different synthesis results.
---------------------------------------------------------------------------------
Finished Constraint Validation : Time (s): cpu = 00:00:05 ; elapsed = 00:00:07 . Memory (MB): peak = 1219.473 ; gain = 430.188
---------------------------------------------------------------------------------
---------------------------------------------------------------------------------
Start Loading Part and Timing Information
---------------------------------------------------------------------------------
Loading part: xc7a200tfbg676-2
---------------------------------------------------------------------------------
Finished Loading Part and Timing Information : Time (s): cpu = 00:00:05 ; elapsed = 00:00:07 . Memory (MB): peak = 1219.473 ; gain = 430.188
---------------------------------------------------------------------------------
---------------------------------------------------------------------------------
Start Applying 'set_property' XDC Constraints
---------------------------------------------------------------------------------
Applied set_property IO_BUFFER_TYPE = NONE for sys_clk. (constraint file  d:/ComputerScience/hitcs/hitcs/computer_architecture/labs/lab1/lab1/lab1.srcs/sources_1/ip/clk_pll/clk_pll/clk_pll_in_context.xdc, line 3).
Applied set_property CLOCK_BUFFER_TYPE = NONE for sys_clk. (constraint file  d:/ComputerScience/hitcs/hitcs/computer_architecture/labs/lab1/lab1/lab1.srcs/sources_1/ip/clk_pll/clk_pll/clk_pll_in_context.xdc, line 4).
Applied set_property DONT_TOUCH = true for axib. (constraint file  auto generated constraint, line ).
Applied set_property DONT_TOUCH = true for pll. (constraint file  auto generated constraint, line ).
Applied set_property DONT_TOUCH = true for mrcore. (constraint file  auto generated constraint, line ).
Applied set_property DONT_TOUCH = true for lcd. (constraint file  auto generated constraint, line ).
Applied set_property DONT_TOUCH = true for data_sram. (constraint file  auto generated constraint, line ).
Applied set_property DONT_TOUCH = true for ram. (constraint file  auto generated constraint, line ).
Applied set_property DONT_TOUCH = true for inst_sram/i0. (constraint file  auto generated constraint, line ).
Applied set_property DONT_TOUCH = true for checker/ir/i0. (constraint file  auto generated constraint, line ).
Applied set_property DONT_TOUCH = true for inst_sram/i1. (constraint file  auto generated constraint, line ).
Applied set_property DONT_TOUCH = true for checker/ir/i1. (constraint file  auto generated constraint, line ).
Applied set_property DONT_TOUCH = true for inst_sram/i2. (constraint file  auto generated constraint, line ).
Applied set_property DONT_TOUCH = true for checker/ir/i2. (constraint file  auto generated constraint, line ).
Applied set_property DONT_TOUCH = true for checker/_a0. (constraint file  auto generated constraint, line ).
Applied set_property DONT_TOUCH = true for checker/_a1. (constraint file  auto generated constraint, line ).
Applied set_property DONT_TOUCH = true for checker/_a2. (constraint file  auto generated constraint, line ).
---------------------------------------------------------------------------------
Finished applying 'set_property' XDC Constraints : Time (s): cpu = 00:00:05 ; elapsed = 00:00:07 . Memory (MB): peak = 1219.473 ; gain = 430.188
---------------------------------------------------------------------------------
INFO: [Synth 8-802] inferred FSM for state register 'state_reg' in module 'checker_wrapper'
---------------------------------------------------------------------------------------------------
                   State |                     New Encoding |                Previous Encoding 
---------------------------------------------------------------------------------------------------
                  iSTATE |                            00010 |                              000
                 iSTATE3 |                            10000 |                              001
                 iSTATE0 |                            01000 |                              010
                 iSTATE2 |                            00100 |                              100
                 iSTATE1 |                            00001 |                              101
---------------------------------------------------------------------------------------------------
INFO: [Synth 8-3354] encoded FSM with state register 'state_reg' using encoding 'one-hot' in module 'checker_wrapper'
WARNING: [Synth 8-327] inferring latch for variable 'npc_reg' [D:/ComputerScience/hitcs/hitcs/computer_architecture/labs/lab1/lab1/lab1.srcs/sources_1/imports/src/npc.v:18]
WARNING: [Synth 8-327] inferring latch for variable 'mux_B_select_reg' [D:/ComputerScience/hitcs/hitcs/computer_architecture/labs/lab1/lab1/lab1.srcs/sources_1/imports/src/ID_EX_Reg.v:42]
WARNING: [Synth 8-327] inferring latch for variable 'mux_sll_select_reg' [D:/ComputerScience/hitcs/hitcs/computer_architecture/labs/lab1/lab1/lab1.srcs/sources_1/imports/src/ID_EX_Reg.v:47]
WARNING: [Synth 8-327] inferring latch for variable 'alu_op_reg' [D:/ComputerScience/hitcs/hitcs/computer_architecture/labs/lab1/lab1/lab1.srcs/sources_1/imports/src/ID_EX_Reg.v:43]
WARNING: [Synth 8-327] inferring latch for variable 'id_ex_rd_reg' [D:/ComputerScience/hitcs/hitcs/computer_architecture/labs/lab1/lab1/lab1.srcs/sources_1/imports/src/hazard_detection_unit.v:35]
WARNING: [Synth 8-327] inferring latch for variable 'mem_rd_reg' [D:/ComputerScience/hitcs/hitcs/computer_architecture/labs/lab1/lab1/lab1.srcs/sources_1/imports/src/hazard_detection_unit.v:65]
WARNING: [Synth 8-327] inferring latch for variable 'wb_rd_reg' [D:/ComputerScience/hitcs/hitcs/computer_architecture/labs/lab1/lab1/lab1.srcs/sources_1/imports/src/hazard_detection_unit.v:72]
WARNING: [Synth 8-327] inferring latch for variable 'dmem_write_enable_reg' [D:/ComputerScience/hitcs/hitcs/computer_architecture/labs/lab1/lab1/lab1.srcs/sources_1/imports/src/EX_MEM_Reg.v:31]
WARNING: [Synth 8-327] inferring latch for variable 'reg_write_enable_reg' [D:/ComputerScience/hitcs/hitcs/computer_architecture/labs/lab1/lab1/lab1.srcs/sources_1/imports/src/MEM_WB_Reg.v:41]
WARNING: [Synth 8-327] inferring latch for variable 'write_back_mux_select_reg' [D:/ComputerScience/hitcs/hitcs/computer_architecture/labs/lab1/lab1/lab1.srcs/sources_1/imports/src/MEM_WB_Reg.v:36]
WARNING: [Synth 8-327] inferring latch for variable 'write_back_addr_reg' [D:/ComputerScience/hitcs/hitcs/computer_architecture/labs/lab1/lab1/lab1.srcs/sources_1/imports/src/MEM_WB_Reg.v:37]
---------------------------------------------------------------------------------
Finished RTL Optimization Phase 2 : Time (s): cpu = 00:00:05 ; elapsed = 00:00:07 . Memory (MB): peak = 1219.473 ; gain = 430.188
---------------------------------------------------------------------------------

Report RTL Partitions: 
+-+--------------+------------+----------+
| |RTL Partition |Replication |Instances |
+-+--------------+------------+----------+
+-+--------------+------------+----------+
---------------------------------------------------------------------------------
Start RTL Component Statistics 
---------------------------------------------------------------------------------
Detailed RTL Component Info : 
+---Adders : 
	   2 Input     32 Bit       Adders := 2     
	   3 Input     32 Bit       Adders := 1     
	   2 Input      6 Bit       Adders := 1     
+---XORs : 
	   2 Input     32 Bit         XORs := 1     
+---Registers : 
	               32 Bit    Registers := 29    
	                6 Bit    Registers := 1     
	                4 Bit    Registers := 1     
	                2 Bit    Registers := 1     
	                1 Bit    Registers := 3     
+---Muxes : 
	   2 Input     53 Bit        Muxes := 2     
	   2 Input     32 Bit        Muxes := 9     
	   4 Input     32 Bit        Muxes := 2     
	   3 Input     32 Bit        Muxes := 2     
	   2 Input      7 Bit        Muxes := 2     
	   5 Input      5 Bit        Muxes := 1     
	   2 Input      5 Bit        Muxes := 5     
	   2 Input      4 Bit        Muxes := 1     
	   2 Input      2 Bit        Muxes := 1     
	   3 Input      2 Bit        Muxes := 1     
	   2 Input      1 Bit        Muxes := 3     
	   5 Input      1 Bit        Muxes := 1     
	   4 Input      1 Bit        Muxes := 4     
	   3 Input      1 Bit        Muxes := 3     
---------------------------------------------------------------------------------
Finished RTL Component Statistics 
---------------------------------------------------------------------------------
---------------------------------------------------------------------------------
Start RTL Hierarchical Component Statistics 
---------------------------------------------------------------------------------
Hierarchical RTL Component report 
Module soc_top 
Detailed RTL Component Info : 
+---Registers : 
	               32 Bit    Registers := 2     
	                2 Bit    Registers := 1     
	                1 Bit    Registers := 1     
Module checker_wrapper 
Detailed RTL Component Info : 
+---Registers : 
	               32 Bit    Registers := 3     
	                4 Bit    Registers := 1     
	                1 Bit    Registers := 2     
+---Muxes : 
	   2 Input     32 Bit        Muxes := 1     
	   5 Input      5 Bit        Muxes := 1     
	   2 Input      5 Bit        Muxes := 1     
	   2 Input      4 Bit        Muxes := 1     
	   2 Input      1 Bit        Muxes := 2     
	   5 Input      1 Bit        Muxes := 1     
Module cpu_inst_rom__xdcDup__1 
Detailed RTL Component Info : 
+---Muxes : 
	   2 Input     32 Bit        Muxes := 2     
Module pc 
Detailed RTL Component Info : 
+---Registers : 
	               32 Bit    Registers := 1     
Module ADD 
Detailed RTL Component Info : 
+---Adders : 
	   2 Input     32 Bit       Adders := 1     
Module IR 
Detailed RTL Component Info : 
+---Registers : 
	               32 Bit    Registers := 1     
Module data_holder 
Detailed RTL Component Info : 
+---Registers : 
	               32 Bit    Registers := 1     
Module imm 
Detailed RTL Component Info : 
+---Registers : 
	               32 Bit    Registers := 1     
Module ID_EX 
Detailed RTL Component Info : 
+---Muxes : 
	   4 Input      1 Bit        Muxes := 1     
	   2 Input      1 Bit        Muxes := 1     
Module mux32 
Detailed RTL Component Info : 
+---Muxes : 
	   2 Input     32 Bit        Muxes := 1     
Module hazard 
Detailed RTL Component Info : 
+---Muxes : 
	   2 Input      5 Bit        Muxes := 3     
	   2 Input      2 Bit        Muxes := 1     
	   3 Input      2 Bit        Muxes := 1     
	   3 Input      1 Bit        Muxes := 3     
Module mux4to1 
Detailed RTL Component Info : 
+---Muxes : 
	   4 Input     32 Bit        Muxes := 1     
Module alu_me 
Detailed RTL Component Info : 
+---Adders : 
	   3 Input     32 Bit       Adders := 1     
	   2 Input     32 Bit       Adders := 1     
+---XORs : 
	   2 Input     32 Bit         XORs := 1     
Module EX_MEM 
Detailed RTL Component Info : 
+---Muxes : 
	   4 Input      1 Bit        Muxes := 1     
Module MEM_WB 
Detailed RTL Component Info : 
+---Muxes : 
	   4 Input      1 Bit        Muxes := 2     
Module cpu_inst_rom 
Detailed RTL Component Info : 
+---Muxes : 
	   2 Input     32 Bit        Muxes := 2     
Module cpu_checker 
Detailed RTL Component Info : 
+---Adders : 
	   2 Input      6 Bit       Adders := 1     
+---Registers : 
	               32 Bit    Registers := 9     
	                6 Bit    Registers := 1     
+---Muxes : 
	   2 Input     53 Bit        Muxes := 2     
	   3 Input     32 Bit        Muxes := 2     
	   2 Input     32 Bit        Muxes := 1     
	   2 Input      7 Bit        Muxes := 2     
	   2 Input      5 Bit        Muxes := 1     
---------------------------------------------------------------------------------
Finished RTL Hierarchical Component Statistics
---------------------------------------------------------------------------------
---------------------------------------------------------------------------------
Start Part Resource Summary
---------------------------------------------------------------------------------
Part Resources:
DSPs: 740 (col length:100)
BRAMs: 730 (col length: RAMB18 100 RAMB36 50)
---------------------------------------------------------------------------------
Finished Part Resource Summary
---------------------------------------------------------------------------------
---------------------------------------------------------------------------------
Start Cross Boundary and Area Optimization
---------------------------------------------------------------------------------
Warning: Parallel synthesis criteria is not met 
INFO: [Synth 8-3886] merging instance 'your_cpu/ID_EX/ID_EX_IR/instr_output_reg[14]' (FDR) to 'your_cpu/ID_EX/imm/reg_output_reg[14]'
INFO: [Synth 8-3886] merging instance 'your_cpu/ID_EX/ID_EX_IR/instr_output_reg[15]' (FDR) to 'your_cpu/ID_EX/imm/reg_output_reg[15]'
INFO: [Synth 8-3886] merging instance 'your_cpu/ID_EX/ID_EX_IR/instr_output_reg[11]' (FDR) to 'your_cpu/ID_EX/imm/reg_output_reg[11]'
INFO: [Synth 8-3886] merging instance 'your_cpu/ID_EX/ID_EX_IR/instr_output_reg[12]' (FDR) to 'your_cpu/ID_EX/imm/reg_output_reg[12]'
INFO: [Synth 8-3886] merging instance 'your_cpu/ID_EX/ID_EX_IR/instr_output_reg[13]' (FDR) to 'your_cpu/ID_EX/imm/reg_output_reg[13]'
INFO: [Synth 8-3886] merging instance 'your_cpu/ID_EX/ID_EX_IR/instr_output_reg[3]' (FDR) to 'your_cpu/ID_EX/imm/reg_output_reg[3]'
INFO: [Synth 8-3886] merging instance 'your_cpu/ID_EX/ID_EX_IR/instr_output_reg[1]' (FDR) to 'your_cpu/ID_EX/imm/reg_output_reg[1]'
INFO: [Synth 8-3886] merging instance 'your_cpu/ID_EX/ID_EX_IR/instr_output_reg[9]' (FDR) to 'your_cpu/ID_EX/imm/reg_output_reg[9]'
INFO: [Synth 8-3886] merging instance 'your_cpu/ID_EX/ID_EX_IR/instr_output_reg[7]' (FDR) to 'your_cpu/ID_EX/imm/reg_output_reg[7]'
INFO: [Synth 8-3886] merging instance 'your_cpu/ID_EX/ID_EX_IR/instr_output_reg[6]' (FDR) to 'your_cpu/ID_EX/imm/reg_output_reg[6]'
INFO: [Synth 8-3886] merging instance 'your_cpu/ID_EX/ID_EX_IR/instr_output_reg[5]' (FDR) to 'your_cpu/ID_EX/imm/reg_output_reg[5]'
INFO: [Synth 8-3886] merging instance 'your_cpu/ID_EX/ID_EX_IR/instr_output_reg[4]' (FDR) to 'your_cpu/ID_EX/imm/reg_output_reg[4]'
INFO: [Synth 8-3886] merging instance 'your_cpu/ID_EX/ID_EX_IR/instr_output_reg[8]' (FDR) to 'your_cpu/ID_EX/imm/reg_output_reg[8]'
INFO: [Synth 8-3886] merging instance 'your_cpu/ID_EX/ID_EX_IR/instr_output_reg[2]' (FDR) to 'your_cpu/ID_EX/imm/reg_output_reg[2]'
INFO: [Synth 8-3886] merging instance 'your_cpu/ID_EX/ID_EX_IR/instr_output_reg[10]' (FDR) to 'your_cpu/ID_EX/imm/reg_output_reg[10]'
INFO: [Synth 8-3886] merging instance 'your_cpu/ID_EX/ID_EX_IR/instr_output_reg[0]' (FDR) to 'your_cpu/ID_EX/imm/reg_output_reg[0]'
INFO: [Synth 8-3886] merging instance 'checker/status_reg[2]' (FDRE) to 'checker/status_reg[3]'
INFO: [Synth 8-3886] merging instance 'checker/status_reg[3]' (FDRE) to 'checker/status_reg[4]'
INFO: [Synth 8-3886] merging instance 'checker/status_reg[4]' (FDRE) to 'checker/status_reg[5]'
INFO: [Synth 8-3886] merging instance 'checker/answaddr_reg[5]' (FDRE) to 'checker/errwaddr_reg[5]'
INFO: [Synth 8-3886] merging instance 'checker/errwaddr_reg[5]' (FDRE) to 'checker/errwaddr_reg[6]'
INFO: [Synth 8-3886] merging instance 'checker/status_reg[5]' (FDRE) to 'checker/status_reg[6]'
INFO: [Synth 8-3886] merging instance 'checker/answaddr_reg[6]' (FDRE) to 'checker/errwaddr_reg[6]'
INFO: [Synth 8-3886] merging instance 'checker/errwaddr_reg[6]' (FDRE) to 'checker/errwaddr_reg[7]'
INFO: [Synth 8-3886] merging instance 'checker/status_reg[6]' (FDRE) to 'checker/status_reg[7]'
INFO: [Synth 8-3886] merging instance 'checker/answaddr_reg[7]' (FDRE) to 'checker/errwaddr_reg[7]'
INFO: [Synth 8-3886] merging instance 'checker/errwaddr_reg[7]' (FDRE) to 'checker/errwaddr_reg[8]'
INFO: [Synth 8-3886] merging instance 'checker/status_reg[7]' (FDRE) to 'checker/status_reg[8]'
INFO: [Synth 8-3886] merging instance 'checker/answaddr_reg[8]' (FDRE) to 'checker/errwaddr_reg[8]'
INFO: [Synth 8-3886] merging instance 'checker/errwaddr_reg[8]' (FDRE) to 'checker/errwaddr_reg[9]'
INFO: [Synth 8-3886] merging instance 'checker/status_reg[8]' (FDRE) to 'checker/status_reg[9]'
INFO: [Synth 8-3886] merging instance 'checker/answaddr_reg[9]' (FDRE) to 'checker/errwaddr_reg[9]'
INFO: [Synth 8-3886] merging instance 'checker/errwaddr_reg[9]' (FDRE) to 'checker/errwaddr_reg[10]'
INFO: [Synth 8-3886] merging instance 'checker/status_reg[9]' (FDRE) to 'checker/status_reg[10]'
INFO: [Synth 8-3886] merging instance 'checker/answaddr_reg[10]' (FDRE) to 'checker/errwaddr_reg[10]'
INFO: [Synth 8-3886] merging instance 'checker/errwaddr_reg[10]' (FDRE) to 'checker/errwaddr_reg[11]'
INFO: [Synth 8-3886] merging instance 'checker/status_reg[10]' (FDRE) to 'checker/status_reg[11]'
INFO: [Synth 8-3886] merging instance 'checker/answaddr_reg[11]' (FDRE) to 'checker/errwaddr_reg[11]'
INFO: [Synth 8-3886] merging instance 'checker/errwaddr_reg[11]' (FDRE) to 'checker/errwaddr_reg[12]'
INFO: [Synth 8-3886] merging instance 'checker/status_reg[11]' (FDRE) to 'checker/status_reg[12]'
INFO: [Synth 8-3886] merging instance 'checker/answaddr_reg[12]' (FDRE) to 'checker/errwaddr_reg[12]'
INFO: [Synth 8-3886] merging instance 'checker/errwaddr_reg[12]' (FDRE) to 'checker/errwaddr_reg[13]'
INFO: [Synth 8-3886] merging instance 'checker/status_reg[12]' (FDRE) to 'checker/status_reg[13]'
INFO: [Synth 8-3886] merging instance 'checker/answaddr_reg[13]' (FDRE) to 'checker/errwaddr_reg[13]'
INFO: [Synth 8-3886] merging instance 'checker/errwaddr_reg[13]' (FDRE) to 'checker/errwaddr_reg[14]'
INFO: [Synth 8-3886] merging instance 'checker/status_reg[13]' (FDRE) to 'checker/status_reg[14]'
INFO: [Synth 8-3886] merging instance 'checker/answaddr_reg[14]' (FDRE) to 'checker/errwaddr_reg[14]'
INFO: [Synth 8-3886] merging instance 'checker/errwaddr_reg[14]' (FDRE) to 'checker/errwaddr_reg[15]'
INFO: [Synth 8-3886] merging instance 'checker/status_reg[14]' (FDRE) to 'checker/status_reg[15]'
INFO: [Synth 8-3886] merging instance 'checker/answaddr_reg[15]' (FDRE) to 'checker/errwaddr_reg[15]'
INFO: [Synth 8-3886] merging instance 'checker/errwaddr_reg[15]' (FDRE) to 'checker/errwaddr_reg[16]'
INFO: [Synth 8-3886] merging instance 'checker/status_reg[15]' (FDRE) to 'checker/status_reg[16]'
INFO: [Synth 8-3886] merging instance 'checker/answaddr_reg[16]' (FDRE) to 'checker/errwaddr_reg[16]'
INFO: [Synth 8-3886] merging instance 'checker/anspc_reg[16]' (FDRE) to 'checker/anspc_reg[31]'
INFO: [Synth 8-3886] merging instance 'checker/errwaddr_reg[16]' (FDRE) to 'checker/errwaddr_reg[17]'
INFO: [Synth 8-3886] merging instance 'checker/status_reg[16]' (FDRE) to 'checker/status_reg[17]'
INFO: [Synth 8-3886] merging instance 'checker/answaddr_reg[17]' (FDRE) to 'checker/errwaddr_reg[17]'
INFO: [Synth 8-3886] merging instance 'checker/anspc_reg[17]' (FDRE) to 'checker/anspc_reg[31]'
INFO: [Synth 8-3886] merging instance 'checker/errwaddr_reg[17]' (FDRE) to 'checker/errwaddr_reg[18]'
INFO: [Synth 8-3886] merging instance 'checker/status_reg[17]' (FDRE) to 'checker/status_reg[18]'
INFO: [Synth 8-3886] merging instance 'checker/answaddr_reg[18]' (FDRE) to 'checker/errwaddr_reg[18]'
INFO: [Synth 8-3886] merging instance 'checker/anspc_reg[18]' (FDRE) to 'checker/anspc_reg[31]'
INFO: [Synth 8-3886] merging instance 'checker/errwaddr_reg[18]' (FDRE) to 'checker/errwaddr_reg[19]'
INFO: [Synth 8-3886] merging instance 'checker/status_reg[18]' (FDRE) to 'checker/status_reg[19]'
INFO: [Synth 8-3886] merging instance 'checker/answaddr_reg[19]' (FDRE) to 'checker/errwaddr_reg[19]'
INFO: [Synth 8-3886] merging instance 'checker/anspc_reg[19]' (FDRE) to 'checker/anspc_reg[31]'
INFO: [Synth 8-3886] merging instance 'checker/errwaddr_reg[19]' (FDRE) to 'checker/errwaddr_reg[20]'
INFO: [Synth 8-3886] merging instance 'checker/status_reg[19]' (FDRE) to 'checker/status_reg[20]'
INFO: [Synth 8-3886] merging instance 'checker/answaddr_reg[20]' (FDRE) to 'checker/errwaddr_reg[20]'
INFO: [Synth 8-3886] merging instance 'checker/anspc_reg[20]' (FDRE) to 'checker/anspc_reg[31]'
INFO: [Synth 8-3886] merging instance 'checker/errwaddr_reg[20]' (FDRE) to 'checker/errwaddr_reg[21]'
INFO: [Synth 8-3886] merging instance 'checker/status_reg[20]' (FDRE) to 'checker/status_reg[21]'
INFO: [Synth 8-3886] merging instance 'checker/answaddr_reg[21]' (FDRE) to 'checker/errwaddr_reg[21]'
INFO: [Synth 8-3886] merging instance 'checker/anspc_reg[21]' (FDRE) to 'checker/anspc_reg[31]'
INFO: [Synth 8-3886] merging instance 'checker/errwaddr_reg[21]' (FDRE) to 'checker/errwaddr_reg[22]'
INFO: [Synth 8-3886] merging instance 'checker/status_reg[21]' (FDRE) to 'checker/status_reg[22]'
INFO: [Synth 8-3886] merging instance 'checker/answaddr_reg[22]' (FDRE) to 'checker/errwaddr_reg[22]'
INFO: [Synth 8-3886] merging instance 'checker/anspc_reg[22]' (FDRE) to 'checker/anspc_reg[31]'
INFO: [Synth 8-3886] merging instance 'checker/errwaddr_reg[22]' (FDRE) to 'checker/errwaddr_reg[23]'
INFO: [Synth 8-3886] merging instance 'checker/status_reg[22]' (FDRE) to 'checker/status_reg[23]'
INFO: [Synth 8-3886] merging instance 'checker/answaddr_reg[23]' (FDRE) to 'checker/errwaddr_reg[23]'
INFO: [Synth 8-3886] merging instance 'checker/anspc_reg[23]' (FDRE) to 'checker/anspc_reg[31]'
INFO: [Synth 8-3886] merging instance 'checker/errwaddr_reg[23]' (FDRE) to 'checker/errwaddr_reg[24]'
INFO: [Synth 8-3886] merging instance 'checker/status_reg[23]' (FDRE) to 'checker/status_reg[24]'
INFO: [Synth 8-3886] merging instance 'checker/answaddr_reg[24]' (FDRE) to 'checker/errwaddr_reg[24]'
INFO: [Synth 8-3886] merging instance 'checker/anspc_reg[24]' (FDRE) to 'checker/anspc_reg[31]'
INFO: [Synth 8-3886] merging instance 'checker/errwaddr_reg[24]' (FDRE) to 'checker/errwaddr_reg[25]'
INFO: [Synth 8-3886] merging instance 'checker/status_reg[24]' (FDRE) to 'checker/status_reg[25]'
INFO: [Synth 8-3886] merging instance 'checker/answaddr_reg[25]' (FDRE) to 'checker/errwaddr_reg[25]'
INFO: [Synth 8-3886] merging instance 'checker/anspc_reg[25]' (FDRE) to 'checker/anspc_reg[31]'
INFO: [Synth 8-3886] merging instance 'checker/errwaddr_reg[25]' (FDRE) to 'checker/errwaddr_reg[26]'
INFO: [Synth 8-3886] merging instance 'checker/status_reg[25]' (FDRE) to 'checker/status_reg[26]'
INFO: [Synth 8-3886] merging instance 'checker/answaddr_reg[26]' (FDRE) to 'checker/errwaddr_reg[26]'
INFO: [Synth 8-3886] merging instance 'checker/anspc_reg[26]' (FDRE) to 'checker/anspc_reg[31]'
INFO: [Synth 8-3886] merging instance 'checker/errwaddr_reg[26]' (FDRE) to 'checker/errwaddr_reg[27]'
INFO: [Synth 8-3886] merging instance 'checker/status_reg[26]' (FDRE) to 'checker/status_reg[27]'
INFO: [Synth 8-3886] merging instance 'checker/answaddr_reg[27]' (FDRE) to 'checker/errwaddr_reg[27]'
INFO: [Synth 8-3886] merging instance 'checker/anspc_reg[27]' (FDRE) to 'checker/anspc_reg[31]'
INFO: [Synth 8-3886] merging instance 'checker/errwaddr_reg[27]' (FDRE) to 'checker/errwaddr_reg[28]'
INFO: [Synth 8-3886] merging instance 'checker/status_reg[27]' (FDRE) to 'checker/status_reg[28]'
INFO: [Common 17-14] Message 'Synth 8-3886' appears 100 times and further instances of the messages will be disabled. Use the Tcl command set_msg_config to change the current settings.
INFO: [Synth 8-3333] propagating constant 0 across sequential element (\checker/anspc_reg[31] )
INFO: [Synth 8-3333] propagating constant 0 across sequential element (\checker/errwaddr_reg[31] )
INFO: [Synth 8-3333] propagating constant 0 across sequential element (\checker/status_reg[31] )
---------------------------------------------------------------------------------
Finished Cross Boundary and Area Optimization : Time (s): cpu = 00:00:40 ; elapsed = 00:00:47 . Memory (MB): peak = 1294.953 ; gain = 505.668
---------------------------------------------------------------------------------
---------------------------------------------------------------------------------
Start ROM, RAM, DSP and Shift Register Reporting
---------------------------------------------------------------------------------

Distributed RAM: Preliminary Mapping	Report (see note below)
+------------+---------------------------+-----------+----------------------+--------------+
|Module Name | RTL Object                | Inference | Size (Depth x Width) | Primitives   | 
+------------+---------------------------+-----------+----------------------+--------------+
|soc_top     | your_cpu/regfile/regs_reg | Implied   | 32 x 32              | RAM32M x 12	 | 
+------------+---------------------------+-----------+----------------------+--------------+

Note: The table above is a preliminary report that shows the Distributed RAMs at the current stage of the synthesis flow. Some Distributed RAMs may be reimplemented as non Distributed RAM primitives later in the synthesis flow. Multiple instantiated RAMs are reported only once.
---------------------------------------------------------------------------------
Finished ROM, RAM, DSP and Shift Register Reporting
---------------------------------------------------------------------------------

Report RTL Partitions: 
+-+--------------+------------+----------+
| |RTL Partition |Replication |Instances |
+-+--------------+------------+----------+
+-+--------------+------------+----------+
---------------------------------------------------------------------------------
Start Applying XDC Timing Constraints
---------------------------------------------------------------------------------
WARNING: [Synth 8-565] redefining clock 'sys_clk'
---------------------------------------------------------------------------------
Finished Applying XDC Timing Constraints : Time (s): cpu = 00:00:44 ; elapsed = 00:00:51 . Memory (MB): peak = 1294.953 ; gain = 505.668
---------------------------------------------------------------------------------
---------------------------------------------------------------------------------
Start Timing Optimization
---------------------------------------------------------------------------------
WARNING: [Synth 8-326] inferred exception to break timing loop: 'set_false_path -through i_5/i_17/O'
WARNING: [Synth 8-326] inferred exception to break timing loop: 'set_false_path -through i_5/i_17/O'
---------------------------------------------------------------------------------
Finished Timing Optimization : Time (s): cpu = 00:00:44 ; elapsed = 00:00:51 . Memory (MB): peak = 1294.953 ; gain = 505.668
---------------------------------------------------------------------------------
---------------------------------------------------------------------------------
Start ROM, RAM, DSP and Shift Register Reporting
---------------------------------------------------------------------------------

Distributed RAM: Final Mapping	Report
+------------+---------------------------+-----------+----------------------+--------------+
|Module Name | RTL Object                | Inference | Size (Depth x Width) | Primitives   | 
+------------+---------------------------+-----------+----------------------+--------------+
|soc_top     | your_cpu/regfile/regs_reg | Implied   | 32 x 32              | RAM32M x 12	 | 
+------------+---------------------------+-----------+----------------------+--------------+

---------------------------------------------------------------------------------
Finished ROM, RAM, DSP and Shift Register Reporting
---------------------------------------------------------------------------------

Report RTL Partitions: 
+-+--------------+------------+----------+
| |RTL Partition |Replication |Instances |
+-+--------------+------------+----------+
+-+--------------+------------+----------+
---------------------------------------------------------------------------------
Start Technology Mapping
---------------------------------------------------------------------------------
WARNING: [Synth 8-3332] Sequential element (your_cpu/IF_ID/IF_ID_NPC/npc_reg[0]) is unused and will be removed from module soc_top.
Found timing loop:
     0: i_326/O (LUT6)
      [D:/ComputerScience/hitcs/hitcs/computer_architecture/labs/lab1/lab1/lab1.srcs/sources_1/imports/src/ID_EX_Reg.v:40]
     1: i_326/I3 (LUT6)
     2: i_328/O (LUT6)
      [D:/ComputerScience/hitcs/hitcs/computer_architecture/labs/lab1/lab1/lab1.srcs/sources_1/imports/src/ID_EX_Reg.v:40]
     3: i_328/I0 (LUT6)
     4: i_786/O (LUT2)
      [D:/ComputerScience/hitcs/hitcs/computer_architecture/labs/lab1/lab1/lab1.srcs/sources_1/imports/src/ID_EX_Reg.v:40]
     5: i_786/I1 (LUT2)
     6: i_785/O (LUT2)
      [D:/ComputerScience/hitcs/hitcs/computer_architecture/labs/lab1/lab1/lab1.srcs/sources_1/imports/src/ID_EX_Reg.v:40]
     7: i_785/I1 (LUT2)
     8: i_276/O (LUT6)
      [D:/ComputerScience/hitcs/hitcs/computer_architecture/labs/lab1/lab1/lab1.srcs/sources_1/imports/src/ID_EX_Reg.v:40]
     9: i_276/I5 (LUT6)
    10: i_288/O (LUT5)
      [D:/ComputerScience/hitcs/hitcs/computer_architecture/labs/lab1/lab1/lab1.srcs/sources_1/imports/src/ID_EX_Reg.v:40]
    11: i_288/I4 (LUT5)
    12: i_326/O (LUT6)
      [D:/ComputerScience/hitcs/hitcs/computer_architecture/labs/lab1/lab1/lab1.srcs/sources_1/imports/src/ID_EX_Reg.v:40]
CRITICAL WARNING: [Synth 8-295] found timing loop. [D:/ComputerScience/hitcs/hitcs/computer_architecture/labs/lab1/lab1/lab1.srcs/sources_1/new/soc_top.v:11]
Inferred a: "set_disable_timing -from I3 -to O i_326"
Found timing loop:
     0: i_328/O (LUT6)
      [D:/ComputerScience/hitcs/hitcs/computer_architecture/labs/lab1/lab1/lab1.srcs/sources_1/imports/src/ID_EX_Reg.v:40]
     1: i_328/I0 (LUT6)
     2: i_786/O (LUT2)
      [D:/ComputerScience/hitcs/hitcs/computer_architecture/labs/lab1/lab1/lab1.srcs/sources_1/imports/src/ID_EX_Reg.v:40]
     3: i_786/I1 (LUT2)
     4: i_785/O (LUT2)
      [D:/ComputerScience/hitcs/hitcs/computer_architecture/labs/lab1/lab1/lab1.srcs/sources_1/imports/src/ID_EX_Reg.v:40]
     5: i_785/I1 (LUT2)
     6: i_276/O (LUT6)
      [D:/ComputerScience/hitcs/hitcs/computer_architecture/labs/lab1/lab1/lab1.srcs/sources_1/imports/src/ID_EX_Reg.v:40]
     7: i_276/I5 (LUT6)
     8: i_288/O (LUT5)
      [D:/ComputerScience/hitcs/hitcs/computer_architecture/labs/lab1/lab1/lab1.srcs/sources_1/imports/src/ID_EX_Reg.v:40]
     9: i_288/I4 (LUT5)
    10: i_326/O (LUT6)
      [D:/ComputerScience/hitcs/hitcs/computer_architecture/labs/lab1/lab1/lab1.srcs/sources_1/imports/src/ID_EX_Reg.v:40]
    11: i_326/I1 (LUT6)
    12: i_786/O (LUT2)
      [D:/ComputerScience/hitcs/hitcs/computer_architecture/labs/lab1/lab1/lab1.srcs/sources_1/imports/src/ID_EX_Reg.v:40]
CRITICAL WARNING: [Synth 8-295] found timing loop. [D:/ComputerScience/hitcs/hitcs/computer_architecture/labs/lab1/lab1/lab1.srcs/sources_1/new/soc_top.v:11]
Inferred a: "set_disable_timing -from I0 -to O i_328"
Found timing loop:
     0: i_326/O (LUT6)
      [D:/ComputerScience/hitcs/hitcs/computer_architecture/labs/lab1/lab1/lab1.srcs/sources_1/imports/src/ID_EX_Reg.v:40]
     1: i_326/I1 (LUT6)
     2: i_786/O (LUT2)
      [D:/ComputerScience/hitcs/hitcs/computer_architecture/labs/lab1/lab1/lab1.srcs/sources_1/imports/src/ID_EX_Reg.v:40]
     3: i_786/I1 (LUT2)
     4: i_785/O (LUT2)
      [D:/ComputerScience/hitcs/hitcs/computer_architecture/labs/lab1/lab1/lab1.srcs/sources_1/imports/src/ID_EX_Reg.v:40]
     5: i_785/I1 (LUT2)
     6: i_276/O (LUT6)
      [D:/ComputerScience/hitcs/hitcs/computer_architecture/labs/lab1/lab1/lab1.srcs/sources_1/imports/src/ID_EX_Reg.v:40]
     7: i_276/I4 (LUT6)
     8: i_281/O (LUT5)
      [D:/ComputerScience/hitcs/hitcs/computer_architecture/labs/lab1/lab1/lab1.srcs/sources_1/imports/src/ID_EX_Reg.v:40]
     9: i_281/I4 (LUT5)
    10: i_326/O (LUT6)
      [D:/ComputerScience/hitcs/hitcs/computer_architecture/labs/lab1/lab1/lab1.srcs/sources_1/imports/src/ID_EX_Reg.v:40]
CRITICAL WARNING: [Synth 8-295] found timing loop. [D:/ComputerScience/hitcs/hitcs/computer_architecture/labs/lab1/lab1/lab1.srcs/sources_1/new/soc_top.v:11]
Inferred a: "set_disable_timing -from I1 -to O i_326"
Found timing loop:
     0: i_326/O (LUT6)
      [D:/ComputerScience/hitcs/hitcs/computer_architecture/labs/lab1/lab1/lab1.srcs/sources_1/imports/src/ID_EX_Reg.v:40]
     1: i_326/O (LUT6)
CRITICAL WARNING: [Synth 8-295] found timing loop. [D:/ComputerScience/hitcs/hitcs/computer_architecture/labs/lab1/lab1/lab1.srcs/sources_1/new/soc_top.v:11]
Found timing loop:
     0: i_326/O (LUT6)
      [D:/ComputerScience/hitcs/hitcs/computer_architecture/labs/lab1/lab1/lab1.srcs/sources_1/imports/src/ID_EX_Reg.v:40]
     1: i_326/O (LUT6)
CRITICAL WARNING: [Synth 8-295] found timing loop. [D:/ComputerScience/hitcs/hitcs/computer_architecture/labs/lab1/lab1/lab1.srcs/sources_1/new/soc_top.v:11]
Found timing loop:
     0: i_326/O (LUT6)
      [D:/ComputerScience/hitcs/hitcs/computer_architecture/labs/lab1/lab1/lab1.srcs/sources_1/imports/src/ID_EX_Reg.v:40]
     1: i_326/O (LUT6)
CRITICAL WARNING: [Synth 8-295] found timing loop. [D:/ComputerScience/hitcs/hitcs/computer_architecture/labs/lab1/lab1/lab1.srcs/sources_1/new/soc_top.v:11]
Found timing loop:
     0: i_304/O (LUT5)
      [D:/ComputerScience/hitcs/hitcs/computer_architecture/labs/lab1/lab1/lab1.srcs/sources_1/imports/src/ID_EX_Reg.v:40]
     1: i_304/I4 (LUT5)
     2: i_326/O (LUT6)
      [D:/ComputerScience/hitcs/hitcs/computer_architecture/labs/lab1/lab1/lab1.srcs/sources_1/imports/src/ID_EX_Reg.v:40]
     3: i_326/O (LUT6)
CRITICAL WARNING: [Synth 8-295] found timing loop. [D:/ComputerScience/hitcs/hitcs/computer_architecture/labs/lab1/lab1/lab1.srcs/sources_1/new/soc_top.v:11]
Inferred a: "set_disable_timing -from I4 -to O i_304"
Found timing loop:
     0: i_326/O (LUT6)
      [D:/ComputerScience/hitcs/hitcs/computer_architecture/labs/lab1/lab1/lab1.srcs/sources_1/imports/src/ID_EX_Reg.v:40]
     1: i_326/O (LUT6)
CRITICAL WARNING: [Synth 8-295] found timing loop. [D:/ComputerScience/hitcs/hitcs/computer_architecture/labs/lab1/lab1/lab1.srcs/sources_1/new/soc_top.v:11]
Found timing loop:
     0: i_326/O (LUT6)
      [D:/ComputerScience/hitcs/hitcs/computer_architecture/labs/lab1/lab1/lab1.srcs/sources_1/imports/src/ID_EX_Reg.v:40]
     1: i_326/O (LUT6)
CRITICAL WARNING: [Synth 8-295] found timing loop. [D:/ComputerScience/hitcs/hitcs/computer_architecture/labs/lab1/lab1/lab1.srcs/sources_1/new/soc_top.v:11]
Found timing loop:
     0: i_326/O (LUT6)
      [D:/ComputerScience/hitcs/hitcs/computer_architecture/labs/lab1/lab1/lab1.srcs/sources_1/imports/src/ID_EX_Reg.v:40]
     1: i_326/O (LUT6)
CRITICAL WARNING: [Synth 8-295] found timing loop. [D:/ComputerScience/hitcs/hitcs/computer_architecture/labs/lab1/lab1/lab1.srcs/sources_1/new/soc_top.v:11]
Found timing loop:
     0: i_326/O (LUT6)
      [D:/ComputerScience/hitcs/hitcs/computer_architecture/labs/lab1/lab1/lab1.srcs/sources_1/imports/src/ID_EX_Reg.v:40]
     1: i_326/O (LUT6)
CRITICAL WARNING: [Synth 8-295] found timing loop. [D:/ComputerScience/hitcs/hitcs/computer_architecture/labs/lab1/lab1/lab1.srcs/sources_1/new/soc_top.v:11]
Found timing loop:
     0: i_326/O (LUT6)
      [D:/ComputerScience/hitcs/hitcs/computer_architecture/labs/lab1/lab1/lab1.srcs/sources_1/imports/src/ID_EX_Reg.v:40]
     1: i_326/O (LUT6)
CRITICAL WARNING: [Synth 8-295] found timing loop. [D:/ComputerScience/hitcs/hitcs/computer_architecture/labs/lab1/lab1/lab1.srcs/sources_1/new/soc_top.v:11]
Found timing loop:
     0: i_326/O (LUT6)
      [D:/ComputerScience/hitcs/hitcs/computer_architecture/labs/lab1/lab1/lab1.srcs/sources_1/imports/src/ID_EX_Reg.v:40]
     1: i_326/O (LUT6)
CRITICAL WARNING: [Synth 8-295] found timing loop. [D:/ComputerScience/hitcs/hitcs/computer_architecture/labs/lab1/lab1/lab1.srcs/sources_1/new/soc_top.v:11]
Found timing loop:
     0: i_326/O (LUT6)
      [D:/ComputerScience/hitcs/hitcs/computer_architecture/labs/lab1/lab1/lab1.srcs/sources_1/imports/src/ID_EX_Reg.v:40]
     1: i_326/O (LUT6)
CRITICAL WARNING: [Synth 8-295] found timing loop. [D:/ComputerScience/hitcs/hitcs/computer_architecture/labs/lab1/lab1/lab1.srcs/sources_1/new/soc_top.v:11]
Found timing loop:
     0: i_326/O (LUT6)
      [D:/ComputerScience/hitcs/hitcs/computer_architecture/labs/lab1/lab1/lab1.srcs/sources_1/imports/src/ID_EX_Reg.v:40]
     1: i_326/O (LUT6)
CRITICAL WARNING: [Synth 8-295] found timing loop. [D:/ComputerScience/hitcs/hitcs/computer_architecture/labs/lab1/lab1/lab1.srcs/sources_1/new/soc_top.v:11]
Found timing loop:
     0: i_326/O (LUT6)
      [D:/ComputerScience/hitcs/hitcs/computer_architecture/labs/lab1/lab1/lab1.srcs/sources_1/imports/src/ID_EX_Reg.v:40]
     1: i_326/O (LUT6)
CRITICAL WARNING: [Synth 8-295] found timing loop. [D:/ComputerScience/hitcs/hitcs/computer_architecture/labs/lab1/lab1/lab1.srcs/sources_1/new/soc_top.v:11]
Found timing loop:
     0: i_326/O (LUT6)
      [D:/ComputerScience/hitcs/hitcs/computer_architecture/labs/lab1/lab1/lab1.srcs/sources_1/imports/src/ID_EX_Reg.v:40]
     1: i_326/O (LUT6)
CRITICAL WARNING: [Synth 8-295] found timing loop. [D:/ComputerScience/hitcs/hitcs/computer_architecture/labs/lab1/lab1/lab1.srcs/sources_1/new/soc_top.v:11]
Found timing loop:
     0: i_326/O (LUT6)
      [D:/ComputerScience/hitcs/hitcs/computer_architecture/labs/lab1/lab1/lab1.srcs/sources_1/imports/src/ID_EX_Reg.v:40]
     1: i_326/O (LUT6)
CRITICAL WARNING: [Synth 8-295] found timing loop. [D:/ComputerScience/hitcs/hitcs/computer_architecture/labs/lab1/lab1/lab1.srcs/sources_1/new/soc_top.v:11]
Found timing loop:
     0: i_326/O (LUT6)
      [D:/ComputerScience/hitcs/hitcs/computer_architecture/labs/lab1/lab1/lab1.srcs/sources_1/imports/src/ID_EX_Reg.v:40]
     1: i_326/O (LUT6)
CRITICAL WARNING: [Synth 8-295] found timing loop. [D:/ComputerScience/hitcs/hitcs/computer_architecture/labs/lab1/lab1/lab1.srcs/sources_1/new/soc_top.v:11]
Found timing loop:
     0: i_326/O (LUT6)
      [D:/ComputerScience/hitcs/hitcs/computer_architecture/labs/lab1/lab1/lab1.srcs/sources_1/imports/src/ID_EX_Reg.v:40]
     1: i_326/O (LUT6)
CRITICAL WARNING: [Synth 8-295] found timing loop. [D:/ComputerScience/hitcs/hitcs/computer_architecture/labs/lab1/lab1/lab1.srcs/sources_1/new/soc_top.v:11]
Found timing loop:
     0: i_326/O (LUT6)
      [D:/ComputerScience/hitcs/hitcs/computer_architecture/labs/lab1/lab1/lab1.srcs/sources_1/imports/src/ID_EX_Reg.v:40]
     1: i_326/O (LUT6)
CRITICAL WARNING: [Synth 8-295] found timing loop. [D:/ComputerScience/hitcs/hitcs/computer_architecture/labs/lab1/lab1/lab1.srcs/sources_1/new/soc_top.v:11]
Found timing loop:
     0: i_326/O (LUT6)
      [D:/ComputerScience/hitcs/hitcs/computer_architecture/labs/lab1/lab1/lab1.srcs/sources_1/imports/src/ID_EX_Reg.v:40]
     1: i_326/O (LUT6)
CRITICAL WARNING: [Synth 8-295] found timing loop. [D:/ComputerScience/hitcs/hitcs/computer_architecture/labs/lab1/lab1/lab1.srcs/sources_1/new/soc_top.v:11]
Found timing loop:
     0: i_326/O (LUT6)
      [D:/ComputerScience/hitcs/hitcs/computer_architecture/labs/lab1/lab1/lab1.srcs/sources_1/imports/src/ID_EX_Reg.v:40]
     1: i_326/O (LUT6)
CRITICAL WARNING: [Synth 8-295] found timing loop. [D:/ComputerScience/hitcs/hitcs/computer_architecture/labs/lab1/lab1/lab1.srcs/sources_1/new/soc_top.v:11]
Found timing loop:
     0: i_326/O (LUT6)
      [D:/ComputerScience/hitcs/hitcs/computer_architecture/labs/lab1/lab1/lab1.srcs/sources_1/imports/src/ID_EX_Reg.v:40]
     1: i_326/O (LUT6)
CRITICAL WARNING: [Synth 8-295] found timing loop. [D:/ComputerScience/hitcs/hitcs/computer_architecture/labs/lab1/lab1/lab1.srcs/sources_1/new/soc_top.v:11]
Found timing loop:
     0: i_326/O (LUT6)
      [D:/ComputerScience/hitcs/hitcs/computer_architecture/labs/lab1/lab1/lab1.srcs/sources_1/imports/src/ID_EX_Reg.v:40]
     1: i_326/O (LUT6)
CRITICAL WARNING: [Synth 8-295] found timing loop. [D:/ComputerScience/hitcs/hitcs/computer_architecture/labs/lab1/lab1/lab1.srcs/sources_1/new/soc_top.v:11]
Found timing loop:
     0: i_326/O (LUT6)
      [D:/ComputerScience/hitcs/hitcs/computer_architecture/labs/lab1/lab1/lab1.srcs/sources_1/imports/src/ID_EX_Reg.v:40]
     1: i_326/O (LUT6)
CRITICAL WARNING: [Synth 8-295] found timing loop. [D:/ComputerScience/hitcs/hitcs/computer_architecture/labs/lab1/lab1/lab1.srcs/sources_1/new/soc_top.v:11]
Found timing loop:
     0: i_326/O (LUT6)
      [D:/ComputerScience/hitcs/hitcs/computer_architecture/labs/lab1/lab1/lab1.srcs/sources_1/imports/src/ID_EX_Reg.v:40]
     1: i_326/O (LUT6)
CRITICAL WARNING: [Synth 8-295] found timing loop. [D:/ComputerScience/hitcs/hitcs/computer_architecture/labs/lab1/lab1/lab1.srcs/sources_1/new/soc_top.v:11]
Found timing loop:
     0: i_326/O (LUT6)
      [D:/ComputerScience/hitcs/hitcs/computer_architecture/labs/lab1/lab1/lab1.srcs/sources_1/imports/src/ID_EX_Reg.v:40]
     1: i_326/O (LUT6)
CRITICAL WARNING: [Synth 8-295] found timing loop. [D:/ComputerScience/hitcs/hitcs/computer_architecture/labs/lab1/lab1/lab1.srcs/sources_1/new/soc_top.v:11]
Found timing loop:
     0: i_326/O (LUT6)
      [D:/ComputerScience/hitcs/hitcs/computer_architecture/labs/lab1/lab1/lab1.srcs/sources_1/imports/src/ID_EX_Reg.v:40]
     1: i_326/O (LUT6)
CRITICAL WARNING: [Synth 8-295] found timing loop. [D:/ComputerScience/hitcs/hitcs/computer_architecture/labs/lab1/lab1/lab1.srcs/sources_1/new/soc_top.v:11]
Found timing loop:
     0: i_326/O (LUT6)
      [D:/ComputerScience/hitcs/hitcs/computer_architecture/labs/lab1/lab1/lab1.srcs/sources_1/imports/src/ID_EX_Reg.v:40]
     1: i_326/O (LUT6)
CRITICAL WARNING: [Synth 8-295] found timing loop. [D:/ComputerScience/hitcs/hitcs/computer_architecture/labs/lab1/lab1/lab1.srcs/sources_1/new/soc_top.v:11]
Found timing loop:
     0: i_326/O (LUT6)
      [D:/ComputerScience/hitcs/hitcs/computer_architecture/labs/lab1/lab1/lab1.srcs/sources_1/imports/src/ID_EX_Reg.v:40]
     1: i_326/O (LUT6)
CRITICAL WARNING: [Synth 8-295] found timing loop. [D:/ComputerScience/hitcs/hitcs/computer_architecture/labs/lab1/lab1/lab1.srcs/sources_1/new/soc_top.v:11]
Found timing loop:
     0: i_326/O (LUT6)
      [D:/ComputerScience/hitcs/hitcs/computer_architecture/labs/lab1/lab1/lab1.srcs/sources_1/imports/src/ID_EX_Reg.v:40]
     1: i_326/O (LUT6)
CRITICAL WARNING: [Synth 8-295] found timing loop. [D:/ComputerScience/hitcs/hitcs/computer_architecture/labs/lab1/lab1/lab1.srcs/sources_1/new/soc_top.v:11]
Found timing loop:
     0: i_326/O (LUT6)
      [D:/ComputerScience/hitcs/hitcs/computer_architecture/labs/lab1/lab1/lab1.srcs/sources_1/imports/src/ID_EX_Reg.v:40]
     1: i_326/O (LUT6)
CRITICAL WARNING: [Synth 8-295] found timing loop. [D:/ComputerScience/hitcs/hitcs/computer_architecture/labs/lab1/lab1/lab1.srcs/sources_1/new/soc_top.v:11]
---------------------------------------------------------------------------------
Finished Technology Mapping : Time (s): cpu = 00:00:44 ; elapsed = 00:00:52 . Memory (MB): peak = 1294.953 ; gain = 505.668
---------------------------------------------------------------------------------

Report RTL Partitions: 
+-+--------------+------------+----------+
| |RTL Partition |Replication |Instances |
+-+--------------+------------+----------+
+-+--------------+------------+----------+
---------------------------------------------------------------------------------
Start IO Insertion
---------------------------------------------------------------------------------
---------------------------------------------------------------------------------
Start Flattening Before IO Insertion
---------------------------------------------------------------------------------
---------------------------------------------------------------------------------
Finished Flattening Before IO Insertion
---------------------------------------------------------------------------------
---------------------------------------------------------------------------------
Start Final Netlist Cleanup
---------------------------------------------------------------------------------
---------------------------------------------------------------------------------
Finished Final Netlist Cleanup
---------------------------------------------------------------------------------
---------------------------------------------------------------------------------
Finished IO Insertion : Time (s): cpu = 00:00:46 ; elapsed = 00:00:54 . Memory (MB): peak = 1294.953 ; gain = 505.668
---------------------------------------------------------------------------------
---------------------------------------------------------------------------------
Start Renaming Generated Instances
---------------------------------------------------------------------------------
---------------------------------------------------------------------------------
Finished Renaming Generated Instances : Time (s): cpu = 00:00:46 ; elapsed = 00:00:54 . Memory (MB): peak = 1294.953 ; gain = 505.668
---------------------------------------------------------------------------------

Report RTL Partitions: 
+-+--------------+------------+----------+
| |RTL Partition |Replication |Instances |
+-+--------------+------------+----------+
+-+--------------+------------+----------+

Report Check Netlist: 
+------+------------------+-------+---------+-------+------------------+
|      |Item              |Errors |Warnings |Status |Description       |
+------+------------------+-------+---------+-------+------------------+
|1     |multi_driven_nets |      0|        0|Passed |Multi driven nets |
+------+------------------+-------+---------+-------+------------------+
---------------------------------------------------------------------------------
Start Rebuilding User Hierarchy
---------------------------------------------------------------------------------
---------------------------------------------------------------------------------
Finished Rebuilding User Hierarchy : Time (s): cpu = 00:00:46 ; elapsed = 00:00:54 . Memory (MB): peak = 1294.953 ; gain = 505.668
---------------------------------------------------------------------------------
---------------------------------------------------------------------------------
Start Renaming Generated Ports
---------------------------------------------------------------------------------
---------------------------------------------------------------------------------
Finished Renaming Generated Ports : Time (s): cpu = 00:00:46 ; elapsed = 00:00:54 . Memory (MB): peak = 1294.953 ; gain = 505.668
---------------------------------------------------------------------------------
---------------------------------------------------------------------------------
Start Handling Custom Attributes
---------------------------------------------------------------------------------
---------------------------------------------------------------------------------
Finished Handling Custom Attributes : Time (s): cpu = 00:00:46 ; elapsed = 00:00:54 . Memory (MB): peak = 1294.953 ; gain = 505.668
---------------------------------------------------------------------------------
---------------------------------------------------------------------------------
Start Renaming Generated Nets
---------------------------------------------------------------------------------
---------------------------------------------------------------------------------
Finished Renaming Generated Nets : Time (s): cpu = 00:00:46 ; elapsed = 00:00:54 . Memory (MB): peak = 1294.953 ; gain = 505.668
---------------------------------------------------------------------------------
---------------------------------------------------------------------------------
Start Writing Synthesis Report
---------------------------------------------------------------------------------

Report BlackBoxes: 
+------+-----------------+----------+
|      |BlackBox name    |Instances |
+------+-----------------+----------+
|1     |clk_pll          |         1|
|2     |mr_bram          |         1|
|3     |lcd_controller_0 |         1|
|4     |ma_river_core_0  |         1|
|5     |axi_bus          |         1|
|6     |cpu_data_ram     |         1|
|7     |cpu_ans0_rom     |         1|
|8     |cpu_ans1_rom     |         1|
|9     |cpu_ans2_rom     |         1|
|10    |cpu_inst0_rom    |         2|
|11    |cpu_inst1_rom    |         2|
|12    |cpu_inst2_rom    |         2|
+------+-----------------+----------+

Report Cell Usage: 
+------+-----------------+------+
|      |Cell             |Count |
+------+-----------------+------+
|1     |axi_bus          |     1|
|2     |clk_pll          |     1|
|3     |cpu_ans0_rom     |     1|
|4     |cpu_ans1_rom     |     1|
|5     |cpu_ans2_rom     |     1|
|6     |cpu_data_ram     |     1|
|7     |cpu_inst0_rom    |     1|
|8     |cpu_inst0_rom__2 |     1|
|9     |cpu_inst1_rom    |     1|
|10    |cpu_inst1_rom__2 |     1|
|11    |cpu_inst2_rom    |     1|
|12    |cpu_inst2_rom__2 |     1|
|13    |lcd_controller_0 |     1|
|14    |ma_river_core_0  |     1|
|15    |mr_bram          |     1|
|16    |BUFG             |     1|
|17    |CARRY4           |    50|
|18    |LUT1             |    23|
|19    |LUT2             |    92|
|20    |LUT3             |   142|
|21    |LUT4             |   106|
|22    |LUT5             |   265|
|23    |LUT6             |   216|
|24    |RAM32M           |    12|
|25    |FDRE             |   857|
|26    |FDSE             |     1|
|27    |LD               |    31|
|28    |LDC              |    31|
|29    |IBUF             |     3|
|30    |OBUF             |     6|
+------+-----------------+------+

Report Instance Areas: 
+------+----------------+------------------------+------+
|      |Instance        |Module                  |Cells |
+------+----------------+------------------------+------+
|1     |top             |                        |  3427|
|2     |  checker       |cpu_checker             |   715|
|3     |    ir          |cpu_inst_rom            |   138|
|4     |  cw            |checker_wrapper         |   183|
|5     |  inst_sram     |cpu_inst_rom__xdcDup__1 |   128|
|6     |  your_cpu      |cpu                     |  1065|
|7     |    EX_MEM      |EX_MEM                  |   104|
|8     |      EX_MEM_IR |IR_8                    |    39|
|9     |      EX_MEM_PC |pc_9                    |    31|
|10    |      aluoutput |data_holder_10          |    32|
|11    |    ID_EX       |ID_EX                   |   555|
|12    |      Data_A    |data_holder_4           |    65|
|13    |      Data_B    |data_holder_5           |    32|
|14    |      ID_EX_IR  |IR_6                    |   306|
|15    |      ID_EX_PC  |pc_7                    |    31|
|16    |      imm       |imm                     |    77|
|17    |    IF_ID       |IF_ID                   |    96|
|18    |      IF_ID_IR  |IR_2                    |    34|
|19    |      IF_ID_NPC |npc                     |    31|
|20    |      IF_ID_PC  |pc_3                    |    31|
|21    |    MEM_WB      |MEM_WB                  |   211|
|22    |      LMD       |data_holder             |    33|
|23    |      MEM_WB_IR |IR                      |    47|
|24    |      MEM_WB_PC |pc_0                    |    45|
|25    |      aluoutput |data_holder_1           |    78|
|26    |    adder       |ADD                     |     9|
|27    |    alu_inst    |alu_me                  |    16|
|28    |    hazard      |hazard                  |    21|
|29    |    pc          |pc                      |    31|
|30    |    regfile     |regfile                 |    22|
+------+----------------+------------------------+------+
---------------------------------------------------------------------------------
Finished Writing Synthesis Report : Time (s): cpu = 00:00:46 ; elapsed = 00:00:54 . Memory (MB): peak = 1294.953 ; gain = 505.668
---------------------------------------------------------------------------------
Synthesis finished with 0 errors, 33 critical warnings and 92 warnings.
Synthesis Optimization Runtime : Time (s): cpu = 00:00:43 ; elapsed = 00:00:52 . Memory (MB): peak = 1294.953 ; gain = 386.484
Synthesis Optimization Complete : Time (s): cpu = 00:00:46 ; elapsed = 00:00:54 . Memory (MB): peak = 1294.953 ; gain = 505.668
INFO: [Project 1-571] Translating synthesized netlist
Netlist sorting complete. Time (s): cpu = 00:00:00 ; elapsed = 00:00:00.033 . Memory (MB): peak = 1294.953 ; gain = 0.000
INFO: [Netlist 29-17] Analyzing 124 Unisim elements for replacement
INFO: [Netlist 29-28] Unisim Transformation completed in 0 CPU seconds
INFO: [Project 1-570] Preparing netlist for logic optimization
INFO: [Opt 31-140] Inserted 1 IBUFs to IO ports without IO buffers.
INFO: [Opt 31-138] Pushed 1 inverter(s) to 12 load pin(s).
Netlist sorting complete. Time (s): cpu = 00:00:00 ; elapsed = 00:00:00.001 . Memory (MB): peak = 1294.953 ; gain = 0.000
INFO: [Project 1-111] Unisim Transformation Summary:
  A total of 74 instances were transformed.
  LD => LDCE: 31 instances
  LDC => LDCE: 31 instances
  RAM32M => RAM32M (inverted pins: WCLK) (RAMD32(x6), RAMS32(x2)): 12 instances

INFO: [Common 17-83] Releasing license: Synthesis
194 Infos, 133 Warnings, 33 Critical Warnings and 0 Errors encountered.
synth_design completed successfully
synth_design: Time (s): cpu = 00:00:49 ; elapsed = 00:00:58 . Memory (MB): peak = 1294.953 ; gain = 832.094
Netlist sorting complete. Time (s): cpu = 00:00:00 ; elapsed = 00:00:00 . Memory (MB): peak = 1294.953 ; gain = 0.000
WARNING: [Constraints 18-5210] No constraints selected for write.
Resolution: This message can indicate that there are no constraints for the design, or it can indicate that the used_in flags are set such that the constraints are ignored. This later case is used when running synth_design to not write synthesis constraints to the resulting checkpoint. Instead, project constraints are read when the synthesized design is opened.
INFO: [Common 17-1381] The checkpoint 'D:/ComputerScience/hitcs/hitcs/computer_architecture/labs/lab1/lab1/lab1.runs/synth_1/soc_top.dcp' has been generated.
INFO: [runtcl-4] Executing : report_utilization -file soc_top_utilization_synth.rpt -pb soc_top_utilization_synth.pb
INFO: [Common 17-206] Exiting Vivado at Sat Oct 19 14:41:17 2024...
