INFO: [VRFC 10-2263] Analyzing Verilog file "D:/ComputerScience/hitcs/hitcs/computer_architecture/labs/lab2/lab2/lab2.ip_user_files/ipstatic/simulation/blk_mem_gen_v8_4.v" into library blk_mem_gen_v8_4_4
INFO: [VRFC 10-311] analyzing module STATE_LOGIC_v8_4
INFO: [VRFC 10-311] analyzing module beh_vlog_muxf7_v8_4
INFO: [VRFC 10-311] analyzing module beh_vlog_ff_clr_v8_4
INFO: [VRFC 10-311] analyzing module beh_vlog_ff_pre_v8_4
INFO: [VRFC 10-311] analyzing module beh_vlog_ff_ce_clr_v8_4
INFO: [VRFC 10-311] analyzing module write_netlist_v8_4
INFO: [VRFC 10-311] analyzing module read_netlist_v8_4
INFO: [VRFC 10-311] analyzing module blk_mem_axi_write_wrapper_beh_v8_4
INFO: [VRFC 10-311] analyzing module blk_mem_axi_read_wrapper_beh_v8_4
INFO: [VRFC 10-311] analyzing module blk_mem_axi_regs_fwd_v8_4
INFO: [VRFC 10-311] analyzing module blk_mem_gen_v8_4_4_output_stage
INFO: [VRFC 10-311] analyzing module blk_mem_gen_v8_4_4_softecc_output_reg_stage
INFO: [VRFC 10-311] analyzing module blk_mem_gen_v8_4_4_mem_module
INFO: [VRFC 10-311] analyzing module blk_mem_gen_v8_4_4
INFO: [VRFC 10-2263] Analyzing Verilog file "D:/ComputerScience/hitcs/hitcs/computer_architecture/labs/lab2/lab2/lab2.srcs/sources_1/ip/cpu_ans2_rom_1/sim/cpu_ans2_rom.v" into library xil_defaultlib
INFO: [VRFC 10-311] analyzing module cpu_ans2_rom
INFO: [VRFC 10-2263] Analyzing Verilog file "D:/ComputerScience/hitcs/hitcs/computer_architecture/labs/lab2/lab2/lab2.srcs/sources_1/ip/cpu_ans1_rom_1/sim/cpu_ans1_rom.v" into library xil_defaultlib
INFO: [VRFC 10-311] analyzing module cpu_ans1_rom
INFO: [VRFC 10-2263] Analyzing Verilog file "D:/ComputerScience/hitcs/hitcs/computer_architecture/labs/lab2/lab2/lab2.srcs/sources_1/ip/cpu_ans0_rom_1/sim/cpu_ans0_rom.v" into library xil_defaultlib
INFO: [VRFC 10-311] analyzing module cpu_ans0_rom
INFO: [VRFC 10-2263] Analyzing Verilog file "D:/ComputerScience/hitcs/hitcs/computer_architecture/labs/lab2/lab2/lab2.ip_user_files/ipstatic/simulation/dist_mem_gen_v8_0.v" into library dist_mem_gen_v8_0_13
INFO: [VRFC 10-311] analyzing module dist_mem_gen_v8_0_13
INFO: [VRFC 10-2263] Analyzing Verilog file "D:/ComputerScience/hitcs/hitcs/computer_architecture/labs/lab2/lab2/lab2.srcs/sources_1/ip/cpu_inst2_rom/sim/cpu_inst2_rom.v" into library xil_defaultlib
INFO: [VRFC 10-311] analyzing module cpu_inst2_rom
INFO: [VRFC 10-2263] Analyzing Verilog file "D:/ComputerScience/hitcs/hitcs/computer_architecture/labs/lab2/lab2/lab2.srcs/sources_1/ip/cpu_inst1_rom/sim/cpu_inst1_rom.v" into library xil_defaultlib
INFO: [VRFC 10-311] analyzing module cpu_inst1_rom
INFO: [VRFC 10-2263] Analyzing Verilog file "D:/ComputerScience/hitcs/hitcs/computer_architecture/labs/lab2/lab2/lab2.srcs/sources_1/ip/cpu_inst0_rom/sim/cpu_inst0_rom.v" into library xil_defaultlib
INFO: [VRFC 10-311] analyzing module cpu_inst0_rom
INFO: [VRFC 10-2263] Analyzing Verilog file "D:/ComputerScience/hitcs/hitcs/computer_architecture/labs/lab2/lab2/lab2.srcs/sources_1/ip/cpu_data_ram/sim/cpu_data_ram.v" into library xil_defaultlib
INFO: [VRFC 10-311] analyzing module cpu_data_ram
INFO: [VRFC 10-2263] Analyzing Verilog file "D:/ComputerScience/hitcs/hitcs/computer_architecture/labs/lab2/lab2/lab2.srcs/sources_1/ip/axi_bus/sim/axi_bus.v" into library xil_defaultlib
INFO: [VRFC 10-311] analyzing module axi_bus
INFO: [VRFC 10-2263] Analyzing Verilog file "D:/ComputerScience/hitcs/hitcs/computer_architecture/labs/lab2/lab2/lab2.srcs/sources_1/ip/ma_river_core_0/ip/bram_td/sim/bram_td.v" into library xil_defaultlib
INFO: [VRFC 10-311] analyzing module bram_td
INFO: [VRFC 10-2263] Analyzing Verilog file "D:/ComputerScience/hitcs/hitcs/computer_architecture/labs/lab2/lab2/lab2.srcs/sources_1/ip/ma_river_core_0/ip/bram_sd/sim/bram_sd.v" into library xil_defaultlib
INFO: [VRFC 10-311] analyzing module bram_sd
INFO: [VRFC 10-2263] Analyzing Verilog file "D:/ComputerScience/hitcs/hitcs/computer_architecture/labs/lab2/lab2/lab2.srcs/sources_1/ip/ma_river_core_0/imports/super/alu.v" into library xil_defaultlib
INFO: [VRFC 10-311] analyzing module alu
INFO: [VRFC 10-2263] Analyzing Verilog file "D:/ComputerScience/hitcs/hitcs/computer_architecture/labs/lab2/lab2/lab2.srcs/sources_1/ip/ma_river_core_0/imports/super/arf.v" into library xil_defaultlib
INFO: [VRFC 10-311] analyzing module arf
INFO: [VRFC 10-2263] Analyzing Verilog file "D:/ComputerScience/hitcs/hitcs/computer_architecture/labs/lab2/lab2/lab2.srcs/sources_1/ip/ma_river_core_0/imports/super/bram_32_1024_sd.v" into library xil_defaultlib
INFO: [VRFC 10-311] analyzing module bram_32_1024_sd
INFO: [VRFC 10-2263] Analyzing Verilog file "D:/ComputerScience/hitcs/hitcs/computer_architecture/labs/lab2/lab2/lab2.srcs/sources_1/ip/ma_river_core_0/imports/super/bram_32_1024_td.v" into library xil_defaultlib
INFO: [VRFC 10-311] analyzing module bram_32_1024_td
INFO: [VRFC 10-2263] Analyzing Verilog file "D:/ComputerScience/hitcs/hitcs/computer_architecture/labs/lab2/lab2/lab2.srcs/sources_1/ip/ma_river_core_0/imports/super/branch_predictor.v" into library xil_defaultlib
INFO: [VRFC 10-311] analyzing module branch_predictor
INFO: [VRFC 10-2263] Analyzing Verilog file "D:/ComputerScience/hitcs/hitcs/computer_architecture/labs/lab2/lab2/lab2.srcs/sources_1/ip/ma_river_core_0/imports/super/buffer.v" into library xil_defaultlib
INFO: [VRFC 10-311] analyzing module buffer
INFO: [VRFC 10-2263] Analyzing Verilog file "D:/ComputerScience/hitcs/hitcs/computer_architecture/labs/lab2/lab2/lab2.srcs/sources_1/ip/ma_river_core_0/imports/super/commit.v" into library xil_defaultlib
INFO: [VRFC 10-311] analyzing module commit
INFO: [VRFC 10-2263] Analyzing Verilog file "D:/ComputerScience/hitcs/hitcs/computer_architecture/labs/lab2/lab2/lab2.srcs/sources_1/ip/ma_river_core_0/imports/super/cp0_group.v" into library xil_defaultlib
INFO: [VRFC 10-311] analyzing module cp0_group
INFO: [VRFC 10-2263] Analyzing Verilog file "D:/ComputerScience/hitcs/hitcs/computer_architecture/labs/lab2/lab2/lab2.srcs/sources_1/ip/ma_river_core_0/imports/super/decode.v" into library xil_defaultlib
INFO: [VRFC 10-311] analyzing module decode
INFO: [VRFC 10-2263] Analyzing Verilog file "D:/ComputerScience/hitcs/hitcs/computer_architecture/labs/lab2/lab2/lab2.srcs/sources_1/ip/ma_river_core_0/imports/super/decoder.v" into library xil_defaultlib
INFO: [VRFC 10-311] analyzing module decoder
INFO: [VRFC 10-2263] Analyzing Verilog file "D:/ComputerScience/hitcs/hitcs/computer_architecture/labs/lab2/lab2/lab2.srcs/sources_1/ip/ma_river_core_0/imports/super/dispatch.v" into library xil_defaultlib
INFO: [VRFC 10-311] analyzing module dispatch
INFO: [VRFC 10-2263] Analyzing Verilog file "D:/ComputerScience/hitcs/hitcs/computer_architecture/labs/lab2/lab2/lab2.srcs/sources_1/ip/ma_river_core_0/imports/super/div.v" into library xil_defaultlib
INFO: [VRFC 10-311] analyzing module div
INFO: [VRFC 10-2263] Analyzing Verilog file "D:/ComputerScience/hitcs/hitcs/computer_architecture/labs/lab2/lab2/lab2.srcs/sources_1/ip/ma_river_core_0/imports/super/dsp_mul.v" into library xil_defaultlib
INFO: [VRFC 10-311] analyzing module dsp_mul
INFO: [VRFC 10-2263] Analyzing Verilog file "D:/ComputerScience/hitcs/hitcs/computer_architecture/labs/lab2/lab2/lab2.srcs/sources_1/ip/ma_river_core_0/imports/super/f_adder_front.v" into library xil_defaultlib
INFO: [VRFC 10-311] analyzing module f_adder_front
INFO: [VRFC 10-2263] Analyzing Verilog file "D:/ComputerScience/hitcs/hitcs/computer_architecture/labs/lab2/lab2/lab2.srcs/sources_1/ip/ma_river_core_0/imports/super/f_comp.v" into library xil_defaultlib
INFO: [VRFC 10-311] analyzing module f_comp
INFO: [VRFC 10-2263] Analyzing Verilog file "D:/ComputerScience/hitcs/hitcs/computer_architecture/labs/lab2/lab2/lab2.srcs/sources_1/ip/ma_river_core_0/imports/super/f_decoder.v" into library xil_defaultlib
INFO: [VRFC 10-311] analyzing module f_decoder
INFO: [VRFC 10-2263] Analyzing Verilog file "D:/ComputerScience/hitcs/hitcs/computer_architecture/labs/lab2/lab2/lab2.srcs/sources_1/ip/ma_river_core_0/imports/super/f_divider_front.v" into library xil_defaultlib
INFO: [VRFC 10-311] analyzing module frac_divider
INFO: [VRFC 10-311] analyzing module f_divider_front
INFO: [VRFC 10-2263] Analyzing Verilog file "D:/ComputerScience/hitcs/hitcs/computer_architecture/labs/lab2/lab2/lab2.srcs/sources_1/ip/ma_river_core_0/imports/super/f_muler_front.v" into library xil_defaultlib
INFO: [VRFC 10-311] analyzing module fCSA
INFO: [VRFC 10-311] analyzing module double_frac_mul
INFO: [VRFC 10-311] analyzing module f_muler_front
INFO: [VRFC 10-2263] Analyzing Verilog file "D:/ComputerScience/hitcs/hitcs/computer_architecture/labs/lab2/lab2/lab2.srcs/sources_1/ip/ma_river_core_0/imports/super/f_normal.v" into library xil_defaultlib
INFO: [VRFC 10-311] analyzing module f_normal
INFO: [VRFC 10-2263] Analyzing Verilog file "D:/ComputerScience/hitcs/hitcs/computer_architecture/labs/lab2/lab2/lab2.srcs/sources_1/ip/ma_river_core_0/imports/super/f_prf.v" into library xil_defaultlib
INFO: [VRFC 10-311] analyzing module get_free_prf
INFO: [VRFC 10-311] analyzing module f_prf
INFO: [VRFC 10-2263] Analyzing Verilog file "D:/ComputerScience/hitcs/hitcs/computer_architecture/labs/lab2/lab2/lab2.srcs/sources_1/ip/ma_river_core_0/imports/super/f_round.v" into library xil_defaultlib
INFO: [VRFC 10-311] analyzing module f_round
INFO: [VRFC 10-2263] Analyzing Verilog file "D:/ComputerScience/hitcs/hitcs/computer_architecture/labs/lab2/lab2/lab2.srcs/sources_1/ip/ma_river_core_0/imports/super/f_sqrter_front.v" into library xil_defaultlib
INFO: [VRFC 10-311] analyzing module f_sqrter_front
INFO: [VRFC 10-2263] Analyzing Verilog file "D:/ComputerScience/hitcs/hitcs/computer_architecture/labs/lab2/lab2/lab2.srcs/sources_1/ip/ma_river_core_0/imports/super/fetch.v" into library xil_defaultlib
INFO: [VRFC 10-311] analyzing module fetch
INFO: [VRFC 10-2263] Analyzing Verilog file "D:/ComputerScience/hitcs/hitcs/computer_architecture/labs/lab2/lab2/lab2.srcs/sources_1/ip/ma_river_core_0/imports/super/fixed_to_float.v" into library xil_defaultlib
INFO: [VRFC 10-311] analyzing module fixed_to_float
INFO: [VRFC 10-2263] Analyzing Verilog file "D:/ComputerScience/hitcs/hitcs/computer_architecture/labs/lab2/lab2/lab2.srcs/sources_1/ip/ma_river_core_0/imports/super/float_base.v" into library xil_defaultlib
INFO: [VRFC 10-311] analyzing module check_spef
INFO: [VRFC 10-311] analyzing module clz_16
INFO: [VRFC 10-311] analyzing module float_prepare
INFO: [VRFC 10-2263] Analyzing Verilog file "D:/ComputerScience/hitcs/hitcs/computer_architecture/labs/lab2/lab2/lab2.srcs/sources_1/ip/ma_river_core_0/imports/super/float_to_fixed.v" into library xil_defaultlib
INFO: [VRFC 10-311] analyzing module float_to_fixed
INFO: [VRFC 10-2458] undeclared symbol inv, assumed default net type wire [D:/ComputerScience/hitcs/hitcs/computer_architecture/labs/lab2/lab2/lab2.srcs/sources_1/ip/ma_river_core_0/imports/super/float_to_fixed.v:140]
INFO: [VRFC 10-2263] Analyzing Verilog file "D:/ComputerScience/hitcs/hitcs/computer_architecture/labs/lab2/lab2/lab2.srcs/sources_1/ip/ma_river_core_0/imports/super/fpu_top.v" into library xil_defaultlib
INFO: [VRFC 10-311] analyzing module fpu_top
INFO: [VRFC 10-2263] Analyzing Verilog file "D:/ComputerScience/hitcs/hitcs/computer_architecture/labs/lab2/lab2/lab2.srcs/sources_1/ip/ma_river_core_0/imports/super/fu_alu.v" into library xil_defaultlib
INFO: [VRFC 10-311] analyzing module fu_alu
INFO: [VRFC 10-2263] Analyzing Verilog file "D:/ComputerScience/hitcs/hitcs/computer_architecture/labs/lab2/lab2/lab2.srcs/sources_1/ip/ma_river_core_0/imports/super/fu_fccu.v" into library xil_defaultlib
INFO: [VRFC 10-311] analyzing module fu_fccu
INFO: [VRFC 10-2263] Analyzing Verilog file "D:/ComputerScience/hitcs/hitcs/computer_architecture/labs/lab2/lab2/lab2.srcs/sources_1/ip/ma_river_core_0/imports/super/fu_fpu.v" into library xil_defaultlib
INFO: [VRFC 10-311] analyzing module fu_fpu
INFO: [VRFC 10-2263] Analyzing Verilog file "D:/ComputerScience/hitcs/hitcs/computer_architecture/labs/lab2/lab2/lab2.srcs/sources_1/ip/ma_river_core_0/imports/super/fu_mdu.v" into library xil_defaultlib
INFO: [VRFC 10-311] analyzing module fu_mdu
INFO: [VRFC 10-2263] Analyzing Verilog file "D:/ComputerScience/hitcs/hitcs/computer_architecture/labs/lab2/lab2/lab2.srcs/sources_1/ip/ma_river_core_0/imports/super/fu_mu.v" into library xil_defaultlib
INFO: [VRFC 10-311] analyzing module fu_mu
INFO: [VRFC 10-2263] Analyzing Verilog file "D:/ComputerScience/hitcs/hitcs/computer_architecture/labs/lab2/lab2/lab2.srcs/sources_1/ip/ma_river_core_0/imports/super/gpr_table.v" into library xil_defaultlib
INFO: [VRFC 10-311] analyzing module gpr_table
INFO: [VRFC 10-2263] Analyzing Verilog file "D:/ComputerScience/hitcs/hitcs/computer_architecture/labs/lab2/lab2/lab2.srcs/sources_1/ip/ma_river_core_0/imports/super/interconnect.v" into library xil_defaultlib
INFO: [VRFC 10-311] analyzing module interconnect
INFO: [VRFC 10-2263] Analyzing Verilog file "D:/ComputerScience/hitcs/hitcs/computer_architecture/labs/lab2/lab2/lab2.srcs/sources_1/ip/ma_river_core_0/imports/super/l1_tlb.v" into library xil_defaultlib
INFO: [VRFC 10-311] analyzing module l1_tlb
INFO: [VRFC 10-2263] Analyzing Verilog file "D:/ComputerScience/hitcs/hitcs/computer_architecture/labs/lab2/lab2/lab2.srcs/sources_1/ip/ma_river_core_0/imports/super/l2_tlb.v" into library xil_defaultlib
INFO: [VRFC 10-311] analyzing module l2_tlb
INFO: [VRFC 10-2263] Analyzing Verilog file "D:/ComputerScience/hitcs/hitcs/computer_architecture/labs/lab2/lab2/lab2.srcs/sources_1/ip/ma_river_core_0/imports/super/mem_ctrl.v" into library xil_defaultlib
INFO: [VRFC 10-311] analyzing module mem_ctrl
INFO: [VRFC 10-2263] Analyzing Verilog file "D:/ComputerScience/hitcs/hitcs/computer_architecture/labs/lab2/lab2/lab2.srcs/sources_1/ip/ma_river_core_0/imports/super/mul.v" into library xil_defaultlib
INFO: [VRFC 10-311] analyzing module mul
INFO: [VRFC 10-2263] Analyzing Verilog file "D:/ComputerScience/hitcs/hitcs/computer_architecture/labs/lab2/lab2/lab2.srcs/sources_1/ip/ma_river_core_0/imports/super/rename.v" into library xil_defaultlib
INFO: [VRFC 10-311] analyzing module rename
INFO: [VRFC 10-2263] Analyzing Verilog file "D:/ComputerScience/hitcs/hitcs/computer_architecture/labs/lab2/lab2/lab2.srcs/sources_1/ip/ma_river_core_0/imports/super/rob.v" into library xil_defaultlib
INFO: [VRFC 10-311] analyzing module rob
INFO: [VRFC 10-2263] Analyzing Verilog file "D:/ComputerScience/hitcs/hitcs/computer_architecture/labs/lab2/lab2/lab2.srcs/sources_1/ip/ma_river_core_0/imports/super/station.v" into library xil_defaultlib
INFO: [VRFC 10-311] analyzing module station
INFO: [VRFC 10-2263] Analyzing Verilog file "D:/ComputerScience/hitcs/hitcs/computer_architecture/labs/lab2/lab2/lab2.srcs/sources_1/ip/ma_river_core_0/imports/super/mycpu_top.v" into library xil_defaultlib
INFO: [VRFC 10-311] analyzing module ma_river_core
INFO: [VRFC 10-2263] Analyzing Verilog file "D:/ComputerScience/hitcs/hitcs/computer_architecture/labs/lab2/lab2/lab2.srcs/sources_1/ip/ma_river_core_0/sim/ma_river_core_0.v" into library xil_defaultlib
INFO: [VRFC 10-311] analyzing module ma_river_core_0
INFO: [VRFC 10-2263] Analyzing Verilog file "D:/ComputerScience/hitcs/hitcs/computer_architecture/labs/lab2/lab2/lab2.srcs/sources_1/ip/lcd_controller_0/ip/text_bram/sim/text_bram.v" into library xil_defaultlib
INFO: [VRFC 10-311] analyzing module text_bram
INFO: [VRFC 10-2263] Analyzing Verilog file "D:/ComputerScience/hitcs/hitcs/computer_architecture/labs/lab2/lab2/lab2.srcs/sources_1/ip/lcd_controller_0/ip/rst_rom/sim/rst_rom.v" into library xil_defaultlib
INFO: [VRFC 10-311] analyzing module rst_rom
INFO: [VRFC 10-2263] Analyzing Verilog file "D:/ComputerScience/hitcs/hitcs/computer_architecture/labs/lab2/lab2/lab2.srcs/sources_1/ip/lcd_controller_0/ip/font_rom/sim/font_rom.v" into library xil_defaultlib
INFO: [VRFC 10-311] analyzing module font_rom
INFO: [VRFC 10-2263] Analyzing Verilog file "D:/ComputerScience/hitcs/hitcs/computer_architecture/labs/lab2/lab2/lab2.srcs/sources_1/ip/lcd_controller_0/imports/hardware/lcd_controller.v" into library xil_defaultlib
INFO: [VRFC 10-311] analyzing module lcd_controller
INFO: [VRFC 10-2263] Analyzing Verilog file "D:/ComputerScience/hitcs/hitcs/computer_architecture/labs/lab2/lab2/lab2.srcs/sources_1/ip/lcd_controller_0/sim/lcd_controller_0.v" into library xil_defaultlib
INFO: [VRFC 10-311] analyzing module lcd_controller_0
INFO: [VRFC 10-2263] Analyzing Verilog file "D:/ComputerScience/hitcs/hitcs/computer_architecture/labs/lab2/lab2/lab2.srcs/sources_1/ip/mr_bram/sim/mr_bram.v" into library xil_defaultlib
INFO: [VRFC 10-311] analyzing module mr_bram
INFO: [VRFC 10-2263] Analyzing Verilog file "D:/ComputerScience/hitcs/hitcs/computer_architecture/labs/lab2/lab2/lab2.srcs/sources_1/ip/clk_pll/clk_pll_clk_wiz.v" into library xil_defaultlib
INFO: [VRFC 10-311] analyzing module clk_pll_clk_wiz
INFO: [VRFC 10-2263] Analyzing Verilog file "D:/ComputerScience/hitcs/hitcs/computer_architecture/labs/lab2/lab2/lab2.srcs/sources_1/ip/clk_pll/clk_pll.v" into library xil_defaultlib
INFO: [VRFC 10-311] analyzing module clk_pll
INFO: [VRFC 10-2263] Analyzing Verilog file "D:/ComputerScience/hitcs/hitcs/computer_architecture/labs/lab2/lab2/lab2.srcs/sources_1/imports/src/ADD.v" into library xil_defaultlib
INFO: [VRFC 10-311] analyzing module ADD
INFO: [VRFC 10-2263] Analyzing Verilog file "D:/ComputerScience/hitcs/hitcs/computer_architecture/labs/lab2/lab2/lab2.srcs/sources_1/imports/src/ALU.v" into library xil_defaultlib
INFO: [VRFC 10-311] analyzing module ALU
INFO: [VRFC 10-2263] Analyzing Verilog file "D:/ComputerScience/hitcs/hitcs/computer_architecture/labs/lab2/lab2/lab2.srcs/sources_1/imports/src/EX_MEM_registers.v" into library xil_defaultlib
INFO: [VRFC 10-311] analyzing module EX_MEM_registers
INFO: [VRFC 10-2263] Analyzing Verilog file "D:/ComputerScience/hitcs/hitcs/computer_architecture/labs/lab2/lab2/lab2.srcs/sources_1/imports/src/Equal.v" into library xil_defaultlib
INFO: [VRFC 10-311] analyzing module Equal
INFO: [VRFC 10-2263] Analyzing Verilog file "D:/ComputerScience/hitcs/hitcs/computer_architecture/labs/lab2/lab2/lab2.srcs/sources_1/imports/src/Extender.v" into library xil_defaultlib
INFO: [VRFC 10-311] analyzing module Extender
INFO: [VRFC 10-2263] Analyzing Verilog file "D:/ComputerScience/hitcs/hitcs/computer_architecture/labs/lab2/lab2/lab2.srcs/sources_1/imports/src/ID_EX_registers.v" into library xil_defaultlib
INFO: [VRFC 10-311] analyzing module ID_EX_registers
INFO: [VRFC 10-2263] Analyzing Verilog file "D:/ComputerScience/hitcs/hitcs/computer_architecture/labs/lab2/lab2/lab2.srcs/sources_1/imports/src/IF_ID_registers.v" into library xil_defaultlib
INFO: [VRFC 10-311] analyzing module IF_ID_registers
INFO: [VRFC 10-2263] Analyzing Verilog file "D:/ComputerScience/hitcs/hitcs/computer_architecture/labs/lab2/lab2/lab2.srcs/sources_1/imports/src/MEM_WB_registers.v" into library xil_defaultlib
INFO: [VRFC 10-311] analyzing module MEM_WB_registers
INFO: [VRFC 10-2263] Analyzing Verilog file "D:/ComputerScience/hitcs/hitcs/computer_architecture/labs/lab2/lab2/lab2.srcs/sources_1/imports/src/MUX.v" into library xil_defaultlib
INFO: [VRFC 10-311] analyzing module MUX
INFO: [VRFC 10-2263] Analyzing Verilog file "D:/ComputerScience/hitcs/hitcs/computer_architecture/labs/lab2/lab2/lab2.srcs/sources_1/imports/src/MUX1.v" into library xil_defaultlib
INFO: [VRFC 10-311] analyzing module MUX1
INFO: [VRFC 10-2263] Analyzing Verilog file "D:/ComputerScience/hitcs/hitcs/computer_architecture/labs/lab2/lab2/lab2.srcs/sources_1/imports/src/MUX2.v" into library xil_defaultlib
INFO: [VRFC 10-311] analyzing module MUX2
INFO: [VRFC 10-2263] Analyzing Verilog file "D:/ComputerScience/hitcs/hitcs/computer_architecture/labs/lab2/lab2/lab2.srcs/sources_1/imports/src/PC.v" into library xil_defaultlib
INFO: [VRFC 10-311] analyzing module PC
INFO: [VRFC 10-2263] Analyzing Verilog file "D:/ComputerScience/hitcs/hitcs/computer_architecture/labs/lab2/lab2/lab2.srcs/sources_1/imports/src/Registers.v" into library xil_defaultlib
INFO: [VRFC 10-311] analyzing module Registers
INFO: [VRFC 10-2263] Analyzing Verilog file "D:/ComputerScience/hitcs/hitcs/computer_architecture/labs/lab2/lab2/lab2.srcs/sources_1/imports/src/Writeback_aMUX.v" into library xil_defaultlib
INFO: [VRFC 10-311] analyzing module Writeback_aMUX
INFO: [VRFC 10-2263] Analyzing Verilog file "D:/ComputerScience/hitcs/hitcs/computer_architecture/labs/lab2/lab2/lab2.srcs/sources_1/imports/src/Writeback_dMUX.v" into library xil_defaultlib
INFO: [VRFC 10-311] analyzing module Writeback_dMUX
INFO: [VRFC 10-2263] Analyzing Verilog file "D:/ComputerScience/hitcs/hitcs/computer_architecture/labs/lab2/lab2/lab2.srcs/sources_1/imports/new/checker_wrapper.v" into library xil_defaultlib
INFO: [VRFC 10-311] analyzing module checker_wrapper
INFO: [VRFC 10-2263] Analyzing Verilog file "D:/ComputerScience/hitcs/hitcs/computer_architecture/labs/lab2/lab2/lab2.srcs/sources_1/imports/src/cpu.v" into library xil_defaultlib
INFO: [VRFC 10-311] analyzing module cpu
INFO: [VRFC 10-2263] Analyzing Verilog file "D:/ComputerScience/hitcs/hitcs/computer_architecture/labs/lab2/lab2/lab2.srcs/sources_1/new/cpu_checker.v" into library xil_defaultlib
INFO: [VRFC 10-311] analyzing module cpu_checker
INFO: [VRFC 10-2263] Analyzing Verilog file "D:/ComputerScience/hitcs/hitcs/computer_architecture/labs/lab2/lab2/lab2.srcs/sources_1/new/cpu_inst_rom.v" into library xil_defaultlib
INFO: [VRFC 10-311] analyzing module cpu_inst_rom
INFO: [VRFC 10-2263] Analyzing Verilog file "D:/ComputerScience/hitcs/hitcs/computer_architecture/labs/lab2/lab2/lab2.srcs/sources_1/new/soc_top.v" into library xil_defaultlib
INFO: [VRFC 10-311] analyzing module soc_top
INFO: [VRFC 10-2263] Analyzing Verilog file "D:/ComputerScience/hitcs/hitcs/computer_architecture/labs/lab2/lab2/lab2.srcs/sim_1/imports/new/tb.v" into library xil_defaultlib
INFO: [VRFC 10-311] analyzing module tb
INFO: [VRFC 10-2263] Analyzing Verilog file "D:/ComputerScience/hitcs/hitcs/computer_architecture/labs/lab2/lab2/lab2.sim/sim_1/behav/xsim/glbl.v" into library xil_defaultlib
INFO: [VRFC 10-311] analyzing module glbl
