#
# A fatal error has been detected by the Java Runtime Environment:
#
#  EXCEPTION_ACCESS_VIOLATION (0xc0000005) at pc=0x00007ffbfcdfed95, pid=20844, tid=45216
#
# JRE version: Java(TM) SE Runtime Environment (9.0+11) (build 9.0.4+11)
# Java VM: Java HotSpot(TM) 64-Bit Server VM (9.0.4+11, mixed mode, tiered, compressed oops, g1 gc, windows-amd64)
# Problematic frame:
# C  [librdi_common.dll+0x17ed95]
#
# No core dump will be written. Minidumps are not enabled by default on client versions of Windows
#
# If you would like to submit a bug report, please visit:
#   http://bugreport.java.com/bugreport/crash.jsp
# The crash happened outside the Java Virtual Machine in native code.
# See problematic frame for where to report the bug.
#

---------------  S U M M A R Y ------------

Command Line: -Dsun.java2d.pmoffscreen=false -Dsun.java2d.xrender=false -Dsun.java2d.d3d=false -Dsun.awt.nopixfmt=true -Dsun.java2d.dpiaware=true -Dsun.java2d.uiScale.enabled=false -Xverify:none -Dswing.aatext=true -XX:-UsePerfData -Djdk.map.althashing.threshold=512 -XX:StringTableSize=4072 --add-opens=java.base/java.nio=ALL-UNNAMED --add-opens=java.desktop/sun.swing=ALL-UNNAMED --add-opens=java.desktop/javax.swing=ALL-UNNAMED --add-opens=java.desktop/javax.swing.tree=ALL-UNNAMED --add-opens=java.desktop/javax.swing.plaf.basic=ALL-UNNAMED --add-opens=java.desktop/javax.swing.plaf.synth=ALL-UNNAMED --add-opens=java.desktop/com.sun.awt=ALL-UNNAMED -XX:NewSize=60m -XX:MaxNewSize=60m -Xms128m -Xmx3072m -Xss5m 

Host: 13th Gen Intel(R) Core(TM) i9-13900HX, 32 cores, 31G,  Windows 10 , 64 bit Build 22621 (10.0.22621.4391)
Time: Sat Jan 04 15:31:51 2025 China Standard Time elapsed time: 408 seconds (0d 0h 6m 48s)

---------------  T H R E A D  ---------------

Current thread (0x00000258caac5800):  JavaThread "AWT-EventQueue-1" [_thread_in_native, id=45216, stack(0x0000007ec5700000,0x0000007ec5c00000)]

Stack: [0x0000007ec5700000,0x0000007ec5c00000],  sp=0x0000007ec5bfaed0,  free space=5099k
Native frames: (J=compiled Java code, j=interpreted, Vv=VM code, C=native code)
C  [librdi_common.dll+0x17ed95]
C  [librdi_common.dll+0x173b75]
C  [librdi_common.dll+0x13cd4a]
C  [librdi_wavedata.dll+0x1e21df]
C  [librdi_wavedata.dll+0x2621ef]
C  [librdi_wavedata.dll+0x269f09]
C  [librdi_wavedata.dll+0x23a6cb]
C  [librdi_wavedata.dll+0x276e97]
C  0x00000258b87eacba

Java frames: (J=compiled Java code, j=interpreted, Vv=VM code)
J 21241  ui.views.waveform.waveformi.WVExecutive_getTooltipTextDelayed(J)Ljava/lang/String; (0 bytes) @ 0x00000258b87eac21 [0x00000258b87eabe0+0x0000000000000041]
J 21414 c1 ui.views.waveform.b.a.bJ(Ljava/awt/event/MouseEvent;)V (135 bytes) @ 0x00000258b24863a4 [0x00000258b2485d00+0x00000000000006a4]
J 21231 c1 ui.views.waveform.b.a.mouseMoved(Ljava/awt/event/MouseEvent;)V (32 bytes) @ 0x00000258b1e59fdc [0x00000258b1e59aa0+0x000000000000053c]
J 18887 c2 java.awt.AWTEventMulticaster.mouseMoved(Ljava/awt/event/MouseEvent;)V java.desktop@9.0.4 (27 bytes) @ 0x00000258b8c17e74 [0x00000258b8c17dc0+0x00000000000000b4]
J 18887 c2 java.awt.AWTEventMulticaster.mouseMoved(Ljava/awt/event/MouseEvent;)V java.desktop@9.0.4 (27 bytes) @ 0x00000258b8c17e34 [0x00000258b8c17dc0+0x0000000000000074]
J 21928 c2 javax.swing.JComponent.processMouseMotionEvent(Ljava/awt/event/MouseEvent;)V java.desktop@9.0.4 (46 bytes) @ 0x00000258b8ed6028 [0x00000258b8ed5ee0+0x0000000000000148]
J 21038 c1 ui.frmwork.c.i.processMouseMotionEvent(Ljava/awt/event/MouseEvent;)V (131 bytes) @ 0x00000258b19d89c4 [0x00000258b19d7b00+0x0000000000000ec4]
J 14254 c2 java.awt.Container.processEvent(Ljava/awt/AWTEvent;)V java.desktop@9.0.4 (22 bytes) @ 0x00000258b7d78c98 [0x00000258b7d78b20+0x0000000000000178]
J 21379 c2 java.awt.Component.dispatchEventImpl(Ljava/awt/AWTEvent;)V java.desktop@9.0.4 (739 bytes) @ 0x00000258b896f6fc [0x00000258b896e9e0+0x0000000000000d1c]
J 20883 c2 java.awt.Container.dispatchEventImpl(Ljava/awt/AWTEvent;)V java.desktop@9.0.4 (129 bytes) @ 0x00000258b86efee4 [0x00000258b86efe80+0x0000000000000064]
J 20292 c2 java.awt.LightweightDispatcher.retargetMouseEvent(Ljava/awt/Component;ILjava/awt/event/MouseEvent;)V java.desktop@9.0.4 (350 bytes) @ 0x00000258b8dabe7c [0x00000258b8dab8a0+0x00000000000005dc]
J 20883 c2 java.awt.Container.dispatchEventImpl(Ljava/awt/AWTEvent;)V java.desktop@9.0.4 (129 bytes) @ 0x00000258b86f0be8 [0x00000258b86efe80+0x0000000000000d68]
J 19364 c2 java.awt.Window.dispatchEventImpl(Ljava/awt/AWTEvent;)V java.desktop@9.0.4 (23 bytes) @ 0x00000258b7fcad8c [0x00000258b7fcad40+0x000000000000004c]
J 14316 c2 java.awt.EventQueue$3.run()Ljava/lang/Object; java.desktop@9.0.4 (5 bytes) @ 0x00000258b7ecefa8 [0x00000258b7ece980+0x0000000000000628]
v  ~StubRoutines::call_stub
J 4267  java.security.AccessController.doPrivileged(Ljava/security/PrivilegedAction;Ljava/security/AccessControlContext;)Ljava/lang/Object; java.base@9.0.4 (0 bytes) @ 0x00000258b7d2c946 [0x00000258b7d2c8e0+0x0000000000000066]
J 18704 c2 java.awt.EventQueue$4.run()Ljava/lang/Object; java.desktop@9.0.4 (5 bytes) @ 0x00000258b8bf09c0 [0x00000258b8bf0760+0x0000000000000260]
v  ~StubRoutines::call_stub
J 4267  java.security.AccessController.doPrivileged(Ljava/security/PrivilegedAction;Ljava/security/AccessControlContext;)Ljava/lang/Object; java.base@9.0.4 (0 bytes) @ 0x00000258b7d2c946 [0x00000258b7d2c8e0+0x0000000000000066]
J 15765 c2 ui.frmwork.b.d.dispatchEvent(Ljava/awt/AWTEvent;)V (34 bytes) @ 0x00000258b81c4808 [0x00000258b81c4200+0x0000000000000608]
J 20922 c2 java.awt.EventDispatchThread.pumpOneEventForFilters(I)V java.desktop@9.0.4 (218 bytes) @ 0x00000258b868bddc [0x00000258b868ba80+0x000000000000035c]
J 22020% c1 java.awt.EventDispatchThread.pumpEventsForFilter(ILjava/awt/Conditional;Ljava/awt/EventFilter;)V java.desktop@9.0.4 (47 bytes) @ 0x00000258b32538e4 [0x00000258b32535a0+0x0000000000000344]
j  java.awt.EventDispatchThread.pumpEventsForHierarchy(ILjava/awt/Conditional;Ljava/awt/Component;)V+11 java.desktop@9.0.4
j  java.awt.EventDispatchThread.pumpEvents(ILjava/awt/Conditional;)V+4 java.desktop@9.0.4
j  java.awt.EventDispatchThread.pumpEvents(Ljava/awt/Conditional;)V+3 java.desktop@9.0.4
j  java.awt.EventDispatchThread.run()V+9 java.desktop@9.0.4
v  ~StubRoutines::call_stub

siginfo: EXCEPTION_ACCESS_VIOLATION (0xc0000005), reading address 0xffffffffffffffff


Register to memory mapping:

RIP=0x00007ffbfcdfed95 librdi_common.dll
RAX=0x000002589b308401 is an unknown value
RBX=0x9005a70067decb36 is an unknown value
RCX=0x000002589b308480 is an unknown value
RDX=0x9005a70067decb36 is an unknown value
RSP=0x0000007ec5bfaed0 is pointing into the stack for thread: 0x00000258caac5800
RBP=0x0000007ec5bfb000 is pointing into the stack for thread: 0x00000258caac5800
RSI=0x00000258cc89f7e0 is an unknown value
RDI=0x0000007ec5bfb0e8 is pointing into the stack for thread: 0x00000258caac5800
R8 =0x0000007ec5bfb0e8 is pointing into the stack for thread: 0x00000258caac5800
R9 =0x0000000000000000 is an unknown value
R10=0x00007ffc67730000 VCRUNTIME140.dll
R11=0xc80800110a070000 is an unknown value
R12=0x0000007ec5bfb0e8 is pointing into the stack for thread: 0x00000258caac5800
R13=0x0000000000000000 is an unknown value
R14=0x000002589b6fa360 is an unknown value
R15=0x9005a70067decb36 is an unknown value


Registers:
RAX=0x000002589b308401, RBX=0x9005a70067decb36, RCX=0x000002589b308480, RDX=0x9005a70067decb36
RSP=0x0000007ec5bfaed0, RBP=0x0000007ec5bfb000, RSI=0x00000258cc89f7e0, RDI=0x0000007ec5bfb0e8
R8 =0x0000007ec5bfb0e8, R9 =0x0000000000000000, R10=0x00007ffc67730000, R11=0xc80800110a070000
R12=0x0000007ec5bfb0e8, R13=0x0000000000000000, R14=0x000002589b6fa360, R15=0x9005a70067decb36
RIP=0x00007ffbfcdfed95, EFLAGS=0x0000000000010202

Top of Stack: (sp=0x0000007ec5bfaed0)
0x0000007ec5bfaed0:   0000000000000018 00000258cec100c0
0x0000007ec5bfaee0:   000000000000b0a0 9005a70067decb36
0x0000007ec5bfaef0:   9005a70067decb36 00007ffbfcdf3b75
0x0000007ec5bfaf00:   0000000000112eef 00007ffc677627a8
0x0000007ec5bfaf10:   fffffffffffffffe 0000000000000000
0x0000007ec5bfaf20:   000020dd996201ed 00000258cec10058
0x0000007ec5bfaf30:   0000000000000002 00007ffbfce5c825
0x0000007ec5bfaf40:   00000258d3053700 00000258cec10078
0x0000007ec5bfaf50:   0000007ec5bfb280 00007ffbfdb0dbc0
0x0000007ec5bfaf60:   fffffffffffffffe 00007ffbfd418aad
0x0000007ec5bfaf70:   fffffffffffffffe 00007ffbfdb0dbc0
0x0000007ec5bfaf80:   00000258cec10030 000002589b700fb8
0x0000007ec5bfaf90:   0000007ec5bfb0e8 00007ffbfce5bb16
0x0000007ec5bfafa0:   00000258cec10030 0000007ec5bfb0e8
0x0000007ec5bfafb0:   0000025800000002 0000000000000000
0x0000007ec5bfafc0:   fffffffffffffffe 000000000000000f 

Instructions: (pc=0x00007ffbfcdfed95)
0x00007ffbfcdfed75:   20 48 8b d9 e8 22 c4 04 00 48 8b c8 48 8b d3 e8
0x00007ffbfcdfed85:   27 0d 05 00 84 c0 75 08 33 c0 48 83 c4 20 5b c3
0x00007ffbfcdfed95:   48 8b 4b 50 48 85 c9 74 0a 48 83 c4 20 5b e9 68
0x00007ffbfcdfeda5:   e2 04 00 48 8b d3 48 8d 0d 66 ce 78 00 e8 59 b7 



---------------  P R O C E S S  ---------------

Java Threads: ( => current thread )
  0x00000258cd85d800 JavaThread "Relaunch Simulation Thread" [_thread_blocked, id=46592, stack(0x0000007ecaf00000,0x0000007ecb400000)]
  0x00000258cd862000 JavaThread "Image Fetcher 0" daemon [_thread_blocked, id=46340, stack(0x0000007ec8c00000,0x0000007ec9100000)]
  0x00000258cd859800 JavaThread "Monitor File Timestamp Swing Worker Thread" [_thread_blocked, id=45928, stack(0x0000007ecaa00000,0x0000007ecaf00000)]
  0x00000258cd85f800 JavaThread "Timer-2" [_thread_blocked, id=40308, stack(0x0000007ec9600000,0x0000007ec9b00000)]
  0x00000258cd85a800 JavaThread "Image Animator 3" daemon [_thread_blocked, id=43324, stack(0x0000007ec7800000,0x0000007ec7d00000)]
  0x00000258cd85c800 JavaThread "SyntheticaAnimation 50" daemon [_thread_blocked, id=33312, stack(0x0000007eca500000,0x0000007ecaa00000)]
  0x00000258cd85f000 JavaThread "Monitor File Timestamp Swing Worker Thread" [_thread_blocked, id=45052, stack(0x0000007eca000000,0x0000007eca500000)]
  0x00000258cd859000 JavaThread "Timer-0" [_thread_blocked, id=10364, stack(0x0000007ec9b00000,0x0000007eca000000)]
  0x00000258cd85c000 JavaThread "Update Runs Swing Worker Thread" [_thread_blocked, id=45960, stack(0x0000007ec9100000,0x0000007ec9600000)]
  0x00000258cd85b000 JavaThread "hw_ila_monitor" [_thread_blocked, id=45880, stack(0x0000007ec8700000,0x0000007ec8c00000)]
  0x000002589f254800 JavaThread "Refresh Filesets Swing Worker Thread" [_thread_blocked, id=45876, stack(0x0000007ec8200000,0x0000007ec8700000)]
  0x000002589f253000 JavaThread "SyntheticaAnimation 70" daemon [_thread_blocked, id=45668, stack(0x0000007ec7d00000,0x0000007ec8200000)]
  0x000002589f24e000 JavaThread "SyntheticaAnimation 25" daemon [_thread_blocked, id=45640, stack(0x0000007ec7300000,0x0000007ec7800000)]
  0x000002589f250000 JavaThread "SyntheticaAnimation 50" daemon [_thread_blocked, id=45628, stack(0x0000007ec6e00000,0x0000007ec7300000)]
  0x000002589f254000 JavaThread "Monitor HEventQueue Thread" [_thread_blocked, id=45624, stack(0x0000007ec6900000,0x0000007ec6e00000)]
  0x000002589f24e800 JavaThread "SyntheticaCleanerThread" daemon [_thread_blocked, id=45240, stack(0x0000007ec6100000,0x0000007ec6600000)]
  0x000002589f24f800 JavaThread "Batik CleanerThread" daemon [_thread_blocked, id=45228, stack(0x0000007ec4d00000,0x0000007ec5200000)]
=>0x00000258caac5800 JavaThread "AWT-EventQueue-1" [_thread_in_native, id=45216, stack(0x0000007ec5700000,0x0000007ec5c00000)]
  0x00000258cb9eb800 JavaThread "Process Messages Thread" [_thread_blocked, id=45212, stack(0x0000007ec5200000,0x0000007ec5700000)]
  0x00000258cbb9c000 JavaThread "Thread-1" [_thread_in_native, id=45024, stack(0x0000007ebb300000,0x0000007ebc700000)]
  0x00000258a270c000 JavaThread "TimerQueue" daemon [_thread_blocked, id=45192, stack(0x0000007ec4300000,0x0000007ec4800000)]
  0x00000258a2737000 JavaThread "AWT-Windows" daemon [_thread_in_native, id=45188, stack(0x0000007ec3e00000,0x0000007ec4300000)]
  0x00000258a2736000 JavaThread "AWT-Shutdown" [_thread_blocked, id=45184, stack(0x0000007ec3900000,0x0000007ec3e00000)]
  0x00000258a91f8800 JavaThread "Java2D Disposer" daemon [_thread_blocked, id=45180, stack(0x0000007ec3400000,0x0000007ec3900000)]
  0x00000258a1ff4800 JavaThread "Service Thread" daemon [_thread_blocked, id=45172, stack(0x0000007ec2e00000,0x0000007ec3300000)]
  0x00000258a1761000 JavaThread "Common-Cleaner" daemon [_thread_blocked, id=45164, stack(0x0000007ec2900000,0x0000007ec2e00000)]
  0x000002589f251800 JavaThread "Sweeper thread" daemon [_thread_blocked, id=45160, stack(0x0000007ec2400000,0x0000007ec2900000)]
  0x000002589f242800 JavaThread "C1 CompilerThread14" daemon [_thread_blocked, id=45156, stack(0x0000007ec2300000,0x0000007ec2400000)]
  0x000002589f23e800 JavaThread "C1 CompilerThread13" daemon [_thread_blocked, id=45152, stack(0x0000007ec2200000,0x0000007ec2300000)]
  0x000002589f244000 JavaThread "C1 CompilerThread12" daemon [_thread_blocked, id=45148, stack(0x0000007ec2100000,0x0000007ec2200000)]
  0x00000258a8456000 JavaThread "C1 CompilerThread11" daemon [_thread_blocked, id=45144, stack(0x0000007ec2000000,0x0000007ec2100000)]
  0x00000258a8453000 JavaThread "C1 CompilerThread10" daemon [_thread_blocked, id=45140, stack(0x0000007ec1f00000,0x0000007ec2000000)]
  0x00000258a8455800 JavaThread "C2 CompilerThread9" daemon [_thread_blocked, id=45136, stack(0x0000007ec1e00000,0x0000007ec1f00000)]
  0x00000258a8452800 JavaThread "C2 CompilerThread8" daemon [_thread_blocked, id=45132, stack(0x0000007ec1d00000,0x0000007ec1e00000)]
  0x00000258a8459800 JavaThread "C2 CompilerThread7" daemon [_thread_blocked, id=45128, stack(0x0000007ec1c00000,0x0000007ec1d00000)]
  0x00000258a8454800 JavaThread "C2 CompilerThread6" daemon [_thread_blocked, id=45124, stack(0x0000007ec1b00000,0x0000007ec1c00000)]
  0x00000258a174c000 JavaThread "C2 CompilerThread5" daemon [_thread_blocked, id=45120, stack(0x0000007ec1a00000,0x0000007ec1b00000)]
  0x00000258a58c0000 JavaThread "C2 CompilerThread4" daemon [_thread_blocked, id=45116, stack(0x0000007ec1900000,0x0000007ec1a00000)]
  0x00000258a58bf000 JavaThread "C2 CompilerThread3" daemon [_thread_blocked, id=45112, stack(0x0000007ec1800000,0x0000007ec1900000)]
  0x00000258a5eb5000 JavaThread "C2 CompilerThread2" daemon [_thread_blocked, id=45108, stack(0x0000007ec1700000,0x0000007ec1800000)]
  0x00000258a5eb4000 JavaThread "C2 CompilerThread1" daemon [_thread_blocked, id=45104, stack(0x0000007ec1600000,0x0000007ec1700000)]
  0x00000258a5eb3000 JavaThread "C2 CompilerThread0" daemon [_thread_blocked, id=45100, stack(0x0000007ec1500000,0x0000007ec1600000)]
  0x00000258a5ac0000 JavaThread "Attach Listener" daemon [_thread_blocked, id=45096, stack(0x0000007ec1000000,0x0000007ec1500000)]
  0x00000258a5abf800 JavaThread "Signal Dispatcher" daemon [_thread_blocked, id=45092, stack(0x0000007ec0b00000,0x0000007ec1000000)]
  0x00000258a1727800 JavaThread "Finalizer" daemon [_thread_blocked, id=45084, stack(0x0000007ec0600000,0x0000007ec0b00000)]
  0x00000258a932e000 JavaThread "Reference Handler" daemon [_thread_blocked, id=45080, stack(0x0000007ec0100000,0x0000007ec0600000)]
  0x00000258a8dd8800 JavaThread "main" [_thread_blocked, id=43812, stack(0x0000007ebb200000,0x0000007ebb300000)]

Other Threads:
  0x00000258a9327800 VMThread "VM Thread" [stack: 0x0000007ec0000000,0x0000007ec0100000] [id=45076]
  0x00000258a1e9b000 WatcherThread [stack: 0x0000007ec3300000,0x0000007ec3400000] [id=45176]
  0x00000258a8a98000 GCTaskThread "GC Thread#0" [stack: 0x0000007ebca00000,0x0000007ebcb00000] [id=42016]
  0x00000258a8a98800 GCTaskThread "GC Thread#1" [stack: 0x0000007ebcb00000,0x0000007ebcc00000] [id=44128]
  0x00000258a8a93000 GCTaskThread "GC Thread#2" [stack: 0x0000007ebcc00000,0x0000007ebcd00000] [id=11964]
  0x00000258a8a95800 GCTaskThread "GC Thread#3" [stack: 0x0000007ebcd00000,0x0000007ebce00000] [id=35252]
  0x00000258a8a94000 GCTaskThread "GC Thread#4" [stack: 0x0000007ebce00000,0x0000007ebcf00000] [id=35168]
  0x00000258a8a91800 GCTaskThread "GC Thread#5" [stack: 0x0000007ebcf00000,0x0000007ebd000000] [id=22768]
  0x00000258a8a92800 GCTaskThread "GC Thread#6" [stack: 0x0000007ebd000000,0x0000007ebd100000] [id=37764]
  0x00000258a8a96000 GCTaskThread "GC Thread#7" [stack: 0x0000007ebd100000,0x0000007ebd200000] [id=22260]
  0x00000258a8a93800 GCTaskThread "GC Thread#8" [stack: 0x0000007ebd200000,0x0000007ebd300000] [id=21312]
  0x00000258a8a95000 GCTaskThread "GC Thread#9" [stack: 0x0000007ebd300000,0x0000007ebd400000] [id=3816]
  0x00000258a8a96800 GCTaskThread "GC Thread#10" [stack: 0x0000007ebd400000,0x0000007ebd500000] [id=27216]
  0x00000258a8a97800 GCTaskThread "GC Thread#11" [stack: 0x0000007ebd500000,0x0000007ebd600000] [id=37828]
  0x00000258a8a44800 GCTaskThread "GC Thread#12" [stack: 0x0000007ebd600000,0x0000007ebd700000] [id=2060]
  0x00000258a8a47000 GCTaskThread "GC Thread#13" [stack: 0x0000007ebd700000,0x0000007ebd800000] [id=43920]
  0x00000258a8a4a800 GCTaskThread "GC Thread#14" [stack: 0x0000007ebd800000,0x0000007ebd900000] [id=44056]
  0x00000258a8a47800 GCTaskThread "GC Thread#15" [stack: 0x0000007ebd900000,0x0000007ebda00000] [id=23828]
  0x00000258a8a46000 GCTaskThread "GC Thread#16" [stack: 0x0000007ebda00000,0x0000007ebdb00000] [id=22084]
  0x00000258a8a48000 GCTaskThread "GC Thread#17" [stack: 0x0000007ebdb00000,0x0000007ebdc00000] [id=43352]
  0x00000258a8a49800 GCTaskThread "GC Thread#18" [stack: 0x0000007ebdc00000,0x0000007ebdd00000] [id=7268]
  0x00000258a8a48800 GCTaskThread "GC Thread#19" [stack: 0x0000007ebdd00000,0x0000007ebde00000] [id=44324]
  0x00000258a8a45800 GCTaskThread "GC Thread#20" [stack: 0x0000007ebde00000,0x0000007ebdf00000] [id=28484]
  0x00000258a8a4a000 GCTaskThread "GC Thread#21" [stack: 0x0000007ebdf00000,0x0000007ebe000000] [id=38756]
  0x00000258a8a4b000 GCTaskThread "GC Thread#22" [stack: 0x0000007ebe000000,0x0000007ebe100000] [id=44680]
  0x00000258a55c9800 ConcurrentGCThread "G1 Main Marker" [stack: 0x0000007ebf900000,0x0000007ebfa00000] [id=40528]
  0x00000258a8a4c000 ConcurrentGCThread "G1 Marker#0" [stack: 0x0000007ebfa00000,0x0000007ebfb00000] [id=43020]
  0x00000258a8a45000 ConcurrentGCThread "G1 Marker#1" [stack: 0x0000007ebfb00000,0x0000007ebfc00000] [id=43468]
  0x00000258a8a50000 ConcurrentGCThread "G1 Marker#2" [stack: 0x0000007ebfc00000,0x0000007ebfd00000] [id=45060]
  0x00000258a8a51800 ConcurrentGCThread "G1 Marker#3" [stack: 0x0000007ebfd00000,0x0000007ebfe00000] [id=45064]
  0x00000258a8a4f800 ConcurrentGCThread "G1 Marker#4" [stack: 0x0000007ebfe00000,0x0000007ebff00000] [id=45068]
  0x00000258a8a52000 ConcurrentGCThread "G1 Marker#5" [stack: 0x0000007ebff00000,0x0000007ec0000000] [id=45072]
  0x00000258a55a4000 ConcurrentGCThread "G1 Refine#0" [stack: 0x0000007ebf700000,0x0000007ebf800000] [id=44688]
  0x00000258a55a0000 ConcurrentGCThread "G1 Refine#1" [stack: 0x0000007ebf600000,0x0000007ebf700000] [id=44924]
  0x00000258a55a6800 ConcurrentGCThread "G1 Refine#2" [stack: 0x0000007ebf500000,0x0000007ebf600000] [id=36156]
  0x00000258a55a7000 ConcurrentGCThread "G1 Refine#3" [stack: 0x0000007ebf400000,0x0000007ebf500000] [id=44100]
  0x00000258a55a6000 ConcurrentGCThread "G1 Refine#4" [stack: 0x0000007ebf300000,0x0000007ebf400000] [id=44140]
  0x00000258a55a2000 ConcurrentGCThread "G1 Refine#5" [stack: 0x0000007ebf200000,0x0000007ebf300000] [id=44932]
  0x00000258a559f800 ConcurrentGCThread "G1 Refine#6" [stack: 0x0000007ebf100000,0x0000007ebf200000] [id=15312]
  0x00000258a55a5000 ConcurrentGCThread "G1 Refine#7" [stack: 0x0000007ebf000000,0x0000007ebf100000] [id=17176]
  0x00000258a55a4800 ConcurrentGCThread "G1 Refine#8" [stack: 0x0000007ebef00000,0x0000007ebf000000] [id=45020]
  0x00000258a8a5d800 ConcurrentGCThread "G1 Refine#9" [stack: 0x0000007ebee00000,0x0000007ebef00000] [id=43888]
  0x00000258a8a5f800 ConcurrentGCThread "G1 Refine#10" [stack: 0x0000007ebed00000,0x0000007ebee00000] [id=44072]
  0x00000258a8a5d000 ConcurrentGCThread "G1 Refine#11" [stack: 0x0000007ebec00000,0x0000007ebed00000] [id=36276]
  0x00000258a8a60000 ConcurrentGCThread "G1 Refine#12" [stack: 0x0000007ebeb00000,0x0000007ebec00000] [id=43368]
  0x00000258a8a5c800 ConcurrentGCThread "G1 Refine#13" [stack: 0x0000007ebea00000,0x0000007ebeb00000] [id=44292]
  0x00000258a8a5f000 ConcurrentGCThread "G1 Refine#14" [stack: 0x0000007ebe900000,0x0000007ebea00000] [id=5932]
  0x00000258a8a62000 ConcurrentGCThread "G1 Refine#15" [stack: 0x0000007ebe800000,0x0000007ebe900000] [id=18272]
  0x00000258a8a61800 ConcurrentGCThread "G1 Refine#16" [stack: 0x0000007ebe700000,0x0000007ebe800000] [id=39684]
  0x00000258a8a61000 ConcurrentGCThread "G1 Refine#17" [stack: 0x0000007ebe600000,0x0000007ebe700000] [id=38188]
  0x00000258a8a63800 ConcurrentGCThread "G1 Refine#18" [stack: 0x0000007ebe500000,0x0000007ebe600000] [id=26572]
  0x00000258a8a5e800 ConcurrentGCThread "G1 Refine#19" [stack: 0x0000007ebe400000,0x0000007ebe500000] [id=43316]
  0x00000258a8a63000 ConcurrentGCThread "G1 Refine#20" [stack: 0x0000007ebe300000,0x0000007ebe400000] [id=43144]
  0x00000258a4f45000 ConcurrentGCThread "G1 Refine#21" [stack: 0x0000007ebe200000,0x0000007ebe300000] [id=40448]
  0x00000258a4f44800 ConcurrentGCThread "G1 Refine#22" [stack: 0x0000007ebe100000,0x0000007ebe200000] [id=3960]
  0x00000258a55bb800 ConcurrentGCThread "G1 Young RemSet Sampling" [stack: 0x0000007ebf800000,0x0000007ebf900000] [id=44628]

Threads with active compile tasks:

VM state:not at safepoint (normal execution)

VM Mutex/Monitor currently owned by a thread: None

Heap address: 0x0000000700000000, size: 3072 MB, Compressed Oops mode: Zero based, Oop shift amount: 3
Narrow klass base: 0x0000000000000000, Narrow klass shift: 3
Compressed class space size: 1073741824 Address: 0x00000007c0000000

Heap:
 garbage-first heap   total 308224K, used 133717K [0x0000000700000000, 0x0000000700100968, 0x00000007c0000000)
  region size 1024K, 38 young (38912K), 1 survivors (1024K)
 Metaspace       used 85170K, capacity 91211K, committed 91520K, reserved 1128448K
  class space    used 11529K, capacity 12574K, committed 12672K, reserved 1048576K
Heap Regions: E=young(eden), S=young(survivor), O=old, HS=humongous(starts), HC=humongous(continues), CS=collection set, F=free, A=archive, TS=gc time stamp, AC=allocation context, TAMS=top-at-mark-start (previous, next)
|   0|0x0000000700000000, 0x00000007000fffe0, 0x0000000700100000| 99%| O|  |TS  0|AC  0|TAMS 0x0000000700000000, 0x0000000700000000|
|   1|0x0000000700100000, 0x00000007001ef040, 0x0000000700200000| 93%| O|  |TS  0|AC  0|TAMS 0x0000000700100000, 0x0000000700100000|
|   2|0x0000000700200000, 0x00000007002ff348, 0x0000000700300000| 99%| O|  |TS  0|AC  0|TAMS 0x0000000700200000, 0x0000000700200000|
|   3|0x0000000700300000, 0x00000007003faf50, 0x0000000700400000| 98%| O|  |TS  0|AC  0|TAMS 0x0000000700300000, 0x0000000700300000|
|   4|0x0000000700400000, 0x0000000700500000, 0x0000000700500000|100%|HS|  |TS  0|AC  0|TAMS 0x0000000700400000, 0x0000000700400000|
|   5|0x0000000700500000, 0x0000000700600000, 0x0000000700600000|100%|HC|  |TS  0|AC  0|TAMS 0x0000000700500000, 0x0000000700500000|
|   6|0x0000000700600000, 0x0000000700700000, 0x0000000700700000|100%|HS|  |TS  0|AC  0|TAMS 0x0000000700600000, 0x0000000700600000|
|   7|0x0000000700700000, 0x00000007007fffe8, 0x0000000700800000| 99%| O|  |TS  0|AC  0|TAMS 0x0000000700700000, 0x0000000700700000|
|   8|0x0000000700800000, 0x00000007008ff060, 0x0000000700900000| 99%| O|  |TS  0|AC  0|TAMS 0x0000000700800000, 0x0000000700800000|
|   9|0x0000000700900000, 0x00000007009bb738, 0x0000000700a00000| 73%| O|  |TS  0|AC  0|TAMS 0x0000000700900000, 0x0000000700900000|
|  10|0x0000000700a00000, 0x0000000700affff0, 0x0000000700b00000| 99%| O|  |TS  0|AC  0|TAMS 0x0000000700a00000, 0x0000000700a00000|
|  11|0x0000000700b00000, 0x0000000700bfffe8, 0x0000000700c00000| 99%| O|  |TS  0|AC  0|TAMS 0x0000000700b00000, 0x0000000700b00000|
|  12|0x0000000700c00000, 0x0000000700d00000, 0x0000000700d00000|100%| O|  |TS  0|AC  0|TAMS 0x0000000700c00000, 0x0000000700c00000|
|  13|0x0000000700d00000, 0x0000000700e00000, 0x0000000700e00000|100%| O|  |TS  0|AC  0|TAMS 0x0000000700d00000, 0x0000000700d00000|
|  14|0x0000000700e00000, 0x0000000700f00000, 0x0000000700f00000|100%| O|  |TS  0|AC  0|TAMS 0x0000000700e00000, 0x0000000700e00000|
|  15|0x0000000700f00000, 0x0000000700ffffe0, 0x0000000701000000| 99%| O|  |TS  0|AC  0|TAMS 0x0000000700f00000, 0x0000000700f00000|
|  16|0x0000000701000000, 0x00000007010f88c8, 0x0000000701100000| 97%| O|  |TS  0|AC  0|TAMS 0x0000000701000000, 0x0000000701000000|
|  17|0x0000000701100000, 0x00000007011fffa8, 0x0000000701200000| 99%| O|  |TS  0|AC  0|TAMS 0x0000000701100000, 0x0000000701100000|
|  18|0x0000000701200000, 0x0000000701300000, 0x0000000701300000|100%| O|  |TS  0|AC  0|TAMS 0x0000000701200000, 0x0000000701200000|
|  19|0x0000000701300000, 0x0000000701400000, 0x0000000701400000|100%| O|  |TS  0|AC  0|TAMS 0x0000000701300000, 0x0000000701300000|
|  20|0x0000000701400000, 0x00000007014fffe8, 0x0000000701500000| 99%| O|  |TS  0|AC  0|TAMS 0x0000000701400000, 0x0000000701400000|
|  21|0x0000000701500000, 0x00000007015fffd0, 0x0000000701600000| 99%| O|  |TS  0|AC  0|TAMS 0x0000000701500000, 0x0000000701500000|
|  22|0x0000000701600000, 0x00000007016ffff0, 0x0000000701700000| 99%| O|  |TS  0|AC  0|TAMS 0x0000000701600000, 0x0000000701600000|
|  23|0x0000000701700000, 0x0000000701800000, 0x0000000701800000|100%|HS|  |TS  0|AC  0|TAMS 0x0000000701700000, 0x0000000701700000|
|  24|0x0000000701800000, 0x0000000701900000, 0x0000000701900000|100%|HC|  |TS  0|AC  0|TAMS 0x0000000701800000, 0x0000000701800000|
|  25|0x0000000701900000, 0x00000007019ffff0, 0x0000000701a00000| 99%| O|  |TS  0|AC  0|TAMS 0x0000000701900000, 0x0000000701900000|
|  26|0x0000000701a00000, 0x0000000701afffe0, 0x0000000701b00000| 99%| O|  |TS  0|AC  0|TAMS 0x0000000701a00000, 0x0000000701a00000|
|  27|0x0000000701b00000, 0x0000000701bffff8, 0x0000000701c00000| 99%| O|  |TS  0|AC  0|TAMS 0x0000000701b00000, 0x0000000701b00000|
|  28|0x0000000701c00000, 0x0000000701cffff0, 0x0000000701d00000| 99%| O|  |TS  0|AC  0|TAMS 0x0000000701c00000, 0x0000000701c00000|
|  29|0x0000000701d00000, 0x0000000701dfffe8, 0x0000000701e00000| 99%| O|  |TS  0|AC  0|TAMS 0x0000000701d00000, 0x0000000701d00000|
|  30|0x0000000701e00000, 0x0000000701f00000, 0x0000000701f00000|100%| O|  |TS  0|AC  0|TAMS 0x0000000701e00000, 0x0000000701e00000|
|  31|0x0000000701f00000, 0x0000000701ffffe8, 0x0000000702000000| 99%| O|  |TS  0|AC  0|TAMS 0x0000000701f00000, 0x0000000701f00000|
|  32|0x0000000702000000, 0x00000007020ffff0, 0x0000000702100000| 99%| O|  |TS  0|AC  0|TAMS 0x0000000702000000, 0x0000000702000000|
|  33|0x0000000702100000, 0x00000007021ffff0, 0x0000000702200000| 99%| O|  |TS  0|AC  0|TAMS 0x0000000702100000, 0x0000000702100000|
|  34|0x0000000702200000, 0x00000007022ffd80, 0x0000000702300000| 99%| O|  |TS  0|AC  0|TAMS 0x0000000702200000, 0x0000000702200000|
|  35|0x0000000702300000, 0x00000007023ffff0, 0x0000000702400000| 99%| O|  |TS  0|AC  0|TAMS 0x0000000702300000, 0x0000000702300000|
|  36|0x0000000702400000, 0x0000000702500000, 0x0000000702500000|100%| O|  |TS  0|AC  0|TAMS 0x0000000702400000, 0x0000000702400000|
|  37|0x0000000702500000, 0x00000007025fffd8, 0x0000000702600000| 99%| O|  |TS  0|AC  0|TAMS 0x0000000702500000, 0x0000000702500000|
|  38|0x0000000702600000, 0x00000007026ffff8, 0x0000000702700000| 99%| O|  |TS  0|AC  0|TAMS 0x0000000702600000, 0x0000000702600000|
|  39|0x0000000702700000, 0x00000007027ffff0, 0x0000000702800000| 99%| O|  |TS  0|AC  0|TAMS 0x0000000702700000, 0x0000000702700000|
|  40|0x0000000702800000, 0x00000007028fff48, 0x0000000702900000| 99%| O|  |TS  0|AC  0|TAMS 0x0000000702800000, 0x0000000702800000|
|  41|0x0000000702900000, 0x00000007029fff10, 0x0000000702a00000| 99%| O|  |TS  0|AC  0|TAMS 0x0000000702900000, 0x0000000702900000|
|  42|0x0000000702a00000, 0x0000000702afffe0, 0x0000000702b00000| 99%| O|  |TS  0|AC  0|TAMS 0x0000000702a00000, 0x0000000702a00000|
|  43|0x0000000702b00000, 0x0000000702bfffe0, 0x0000000702c00000| 99%| O|  |TS  0|AC  0|TAMS 0x0000000702b00000, 0x0000000702b00000|
|  44|0x0000000702c00000, 0x0000000702d00000, 0x0000000702d00000|100%| O|  |TS  0|AC  0|TAMS 0x0000000702c00000, 0x0000000702c00000|
|  45|0x0000000702d00000, 0x0000000702e00000, 0x0000000702e00000|100%|HS|  |TS  0|AC  0|TAMS 0x0000000702d00000, 0x0000000702d00000|
|  46|0x0000000702e00000, 0x0000000702ed2d80, 0x0000000702f00000| 82%| O|  |TS  0|AC  0|TAMS 0x0000000702e00000, 0x0000000702e00000|
|  47|0x0000000702f00000, 0x0000000702fe80c8, 0x0000000703000000| 90%| O|  |TS  0|AC  0|TAMS 0x0000000702f00000, 0x0000000702f00000|
|  48|0x0000000703000000, 0x00000007030ea538, 0x0000000703100000| 91%| O|  |TS  0|AC  0|TAMS 0x0000000703000000, 0x0000000703000000|
|  49|0x0000000703100000, 0x0000000703200000, 0x0000000703200000|100%|HS|  |TS  0|AC  0|TAMS 0x0000000703100000, 0x0000000703100000|
|  50|0x0000000703200000, 0x0000000703300000, 0x0000000703300000|100%|HC|  |TS  0|AC  0|TAMS 0x0000000703200000, 0x0000000703200000|
|  51|0x0000000703300000, 0x0000000703400000, 0x0000000703400000|100%|HC|  |TS  0|AC  0|TAMS 0x0000000703300000, 0x0000000703300000|
|  52|0x0000000703400000, 0x0000000703500000, 0x0000000703500000|100%|HC|  |TS  0|AC  0|TAMS 0x0000000703400000, 0x0000000703400000|
|  53|0x0000000703500000, 0x0000000703600000, 0x0000000703600000|100%|HC|  |TS  0|AC  0|TAMS 0x0000000703500000, 0x0000000703500000|
|  54|0x0000000703600000, 0x0000000703700000, 0x0000000703700000|100%|HC|  |TS  0|AC  0|TAMS 0x0000000703600000, 0x0000000703600000|
|  55|0x0000000703700000, 0x0000000703800000, 0x0000000703800000|100%|HC|  |TS  0|AC  0|TAMS 0x0000000703700000, 0x0000000703700000|
|  56|0x0000000703800000, 0x0000000703900000, 0x0000000703900000|100%|HC|  |TS  0|AC  0|TAMS 0x0000000703800000, 0x0000000703800000|
|  57|0x0000000703900000, 0x0000000703a00000, 0x0000000703a00000|100%|HC|  |TS  0|AC  0|TAMS 0x0000000703900000, 0x0000000703900000|
|  58|0x0000000703a00000, 0x0000000703b00000, 0x0000000703b00000|100%|HC|  |TS  0|AC  0|TAMS 0x0000000703a00000, 0x0000000703a00000|
|  59|0x0000000703b00000, 0x0000000703c00000, 0x0000000703c00000|100%|HC|  |TS  0|AC  0|TAMS 0x0000000703b00000, 0x0000000703b00000|
|  60|0x0000000703c00000, 0x0000000703d00000, 0x0000000703d00000|100%|HC|  |TS  0|AC  0|TAMS 0x0000000703c00000, 0x0000000703c00000|
|  61|0x0000000703d00000, 0x0000000703e00000, 0x0000000703e00000|100%|HC|  |TS  0|AC  0|TAMS 0x0000000703d00000, 0x0000000703d00000|
|  62|0x0000000703e00000, 0x0000000703f00000, 0x0000000703f00000|100%|HC|  |TS  0|AC  0|TAMS 0x0000000703e00000, 0x0000000703e00000|
|  63|0x0000000703f00000, 0x0000000703fffff8, 0x0000000704000000| 99%| O|  |TS  0|AC  0|TAMS 0x0000000703f00000, 0x0000000703f00000|
|  64|0x0000000704000000, 0x0000000704100000, 0x0000000704100000|100%| O|  |TS  0|AC  0|TAMS 0x0000000704000000, 0x0000000704000000|
|  65|0x0000000704100000, 0x00000007041ca888, 0x0000000704200000| 79%| O|  |TS  0|AC  0|TAMS 0x0000000704100000, 0x0000000704100000|
|  66|0x0000000704200000, 0x00000007042fffe8, 0x0000000704300000| 99%| O|  |TS  0|AC  0|TAMS 0x0000000704200000, 0x0000000704200000|
|  67|0x0000000704300000, 0x00000007043fb078, 0x0000000704400000| 98%| O|  |TS  0|AC  0|TAMS 0x0000000704300000, 0x0000000704300000|
|  68|0x0000000704400000, 0x0000000704500000, 0x0000000704500000|100%| O|  |TS  0|AC  0|TAMS 0x0000000704400000, 0x0000000704400000|
|  69|0x0000000704500000, 0x0000000704600000, 0x0000000704600000|100%|HS|  |TS  0|AC  0|TAMS 0x0000000704500000, 0x0000000704500000|
|  70|0x0000000704600000, 0x0000000704700000, 0x0000000704700000|100%| O|  |TS  0|AC  0|TAMS 0x0000000704600000, 0x0000000704600000|
|  71|0x0000000704700000, 0x00000007047fffb8, 0x0000000704800000| 99%| O|  |TS  0|AC  0|TAMS 0x0000000704700000, 0x0000000704700000|
|  72|0x0000000704800000, 0x0000000704900000, 0x0000000704900000|100%|HS|  |TS  0|AC  0|TAMS 0x0000000704800000, 0x0000000704800000|
|  73|0x0000000704900000, 0x00000007049ffff8, 0x0000000704a00000| 99%| O|  |TS  0|AC  0|TAMS 0x0000000704900000, 0x0000000704900000|
|  74|0x0000000704a00000, 0x0000000704afffd8, 0x0000000704b00000| 99%| O|  |TS  0|AC  0|TAMS 0x0000000704a00000, 0x0000000704a00000|
|  75|0x0000000704b00000, 0x0000000704c00000, 0x0000000704c00000|100%|HS|  |TS  0|AC  0|TAMS 0x0000000704b00000, 0x0000000704b00000|
|  76|0x0000000704c00000, 0x0000000704cffff8, 0x0000000704d00000| 99%| O|  |TS  0|AC  0|TAMS 0x0000000704c00000, 0x0000000704c00000|
|  77|0x0000000704d00000, 0x0000000704e00000, 0x0000000704e00000|100%| O|  |TS  0|AC  0|TAMS 0x0000000704d00000, 0x0000000704d00000|
|  78|0x0000000704e00000, 0x0000000704f00000, 0x0000000704f00000|100%| O|  |TS  0|AC  0|TAMS 0x0000000704e00000, 0x0000000704e00000|
|  79|0x0000000704f00000, 0x0000000704ffe658, 0x0000000705000000| 99%| O|  |TS  0|AC  0|TAMS 0x0000000704f00000, 0x0000000704f00000|
|  80|0x0000000705000000, 0x00000007050fffe8, 0x0000000705100000| 99%| O|  |TS  0|AC  0|TAMS 0x0000000705000000, 0x0000000705000000|
|  81|0x0000000705100000, 0x00000007051ffff8, 0x0000000705200000| 99%| O|  |TS  0|AC  0|TAMS 0x0000000705100000, 0x0000000705100000|
|  82|0x0000000705200000, 0x00000007052fffe8, 0x0000000705300000| 99%| O|  |TS  0|AC  0|TAMS 0x0000000705200000, 0x0000000705200000|
|  83|0x0000000705300000, 0x00000007053ff5f0, 0x0000000705400000| 99%| O|  |TS  0|AC  0|TAMS 0x0000000705300000, 0x0000000705300000|
|  84|0x0000000705400000, 0x00000007054ffff0, 0x0000000705500000| 99%| O|  |TS  0|AC  0|TAMS 0x0000000705400000, 0x0000000705400000|
|  85|0x0000000705500000, 0x00000007055fff48, 0x0000000705600000| 99%| O|  |TS  0|AC  0|TAMS 0x0000000705500000, 0x0000000705500000|
|  86|0x0000000705600000, 0x00000007056ffff0, 0x0000000705700000| 99%| O|  |TS  0|AC  0|TAMS 0x0000000705600000, 0x0000000705600000|
|  87|0x0000000705700000, 0x000000070571f6c0, 0x0000000705800000| 12%| O|  |TS  0|AC  0|TAMS 0x0000000705700000, 0x0000000705700000|
|  88|0x0000000705800000, 0x0000000705900000, 0x0000000705900000|100%|HS|  |TS  0|AC  0|TAMS 0x0000000705800000, 0x0000000705800000|
|  89|0x0000000705900000, 0x0000000705a00000, 0x0000000705a00000|100%|HC|  |TS  0|AC  0|TAMS 0x0000000705900000, 0x0000000705900000|
|  90|0x0000000705a00000, 0x0000000705b00000, 0x0000000705b00000|100%|HC|  |TS  0|AC  0|TAMS 0x0000000705a00000, 0x0000000705a00000|
|  91|0x0000000705b00000, 0x0000000705c00000, 0x0000000705c00000|100%|HC|  |TS  0|AC  0|TAMS 0x0000000705b00000, 0x0000000705b00000|
|  92|0x0000000705c00000, 0x0000000705d00000, 0x0000000705d00000|100%|HS|  |TS  0|AC  0|TAMS 0x0000000705c00000, 0x0000000705c00000|
|  93|0x0000000705d00000, 0x0000000705e00000, 0x0000000705e00000|100%|HC|  |TS  0|AC  0|TAMS 0x0000000705d00000, 0x0000000705d00000|
|  94|0x0000000705e00000, 0x0000000705f00000, 0x0000000705f00000|100%|HC|  |TS  0|AC  0|TAMS 0x0000000705e00000, 0x0000000705e00000|
|  95|0x0000000705f00000, 0x0000000706000000, 0x0000000706000000|100%|HC|  |TS  0|AC  0|TAMS 0x0000000705f00000, 0x0000000705f00000|
|  96|0x0000000706000000, 0x0000000706000000, 0x0000000706100000|  0%| F|  |TS  0|AC  0|TAMS 0x0000000706000000, 0x0000000706000000|
|  97|0x0000000706100000, 0x0000000706100000, 0x0000000706200000|  0%| F|  |TS  0|AC  0|TAMS 0x0000000706100000, 0x0000000706100000|
|  98|0x0000000706200000, 0x0000000706200000, 0x0000000706300000|  0%| F|  |TS  0|AC  0|TAMS 0x0000000706200000, 0x0000000706200000|
|  99|0x0000000706300000, 0x0000000706300000, 0x0000000706400000|  0%| F|  |TS  0|AC  0|TAMS 0x0000000706300000, 0x0000000706300000|
| 100|0x0000000706400000, 0x0000000706400000, 0x0000000706500000|  0%| F|  |TS  0|AC  0|TAMS 0x0000000706400000, 0x0000000706400000|
| 101|0x0000000706500000, 0x0000000706500000, 0x0000000706600000|  0%| F|  |TS  0|AC  0|TAMS 0x0000000706500000, 0x0000000706500000|
| 102|0x0000000706600000, 0x0000000706600000, 0x0000000706700000|  0%| F|  |TS  0|AC  0|TAMS 0x0000000706600000, 0x0000000706600000|
| 103|0x0000000706700000, 0x0000000706700000, 0x0000000706800000|  0%| F|  |TS  0|AC  0|TAMS 0x0000000706700000, 0x0000000706700000|
| 104|0x0000000706800000, 0x0000000706800000, 0x0000000706900000|  0%| F|  |TS  0|AC  0|TAMS 0x0000000706800000, 0x0000000706800000|
| 105|0x0000000706900000, 0x0000000706900000, 0x0000000706a00000|  0%| F|  |TS  0|AC  0|TAMS 0x0000000706900000, 0x0000000706900000|
| 106|0x0000000706a00000, 0x0000000706a00000, 0x0000000706b00000|  0%| F|  |TS  0|AC  0|TAMS 0x0000000706a00000, 0x0000000706a00000|
| 107|0x0000000706b00000, 0x0000000706b00000, 0x0000000706c00000|  0%| F|  |TS  0|AC  0|TAMS 0x0000000706b00000, 0x0000000706b00000|
| 108|0x0000000706c00000, 0x0000000706c00000, 0x0000000706d00000|  0%| F|  |TS  0|AC  0|TAMS 0x0000000706c00000, 0x0000000706c00000|
| 109|0x0000000706d00000, 0x0000000706d00000, 0x0000000706e00000|  0%| F|  |TS  0|AC  0|TAMS 0x0000000706d00000, 0x0000000706d00000|
| 110|0x0000000706e00000, 0x0000000706e00000, 0x0000000706f00000|  0%| F|  |TS  0|AC  0|TAMS 0x0000000706e00000, 0x0000000706e00000|
| 111|0x0000000706f00000, 0x0000000706f00000, 0x0000000707000000|  0%| F|  |TS  0|AC  0|TAMS 0x0000000706f00000, 0x0000000706f00000|
| 112|0x0000000707000000, 0x0000000707000000, 0x0000000707100000|  0%| F|  |TS  0|AC  0|TAMS 0x0000000707000000, 0x0000000707000000|
| 113|0x0000000707100000, 0x0000000707100000, 0x0000000707200000|  0%| F|  |TS  0|AC  0|TAMS 0x0000000707100000, 0x0000000707100000|
| 114|0x0000000707200000, 0x0000000707200000, 0x0000000707300000|  0%| F|  |TS  0|AC  0|TAMS 0x0000000707200000, 0x0000000707200000|
| 115|0x0000000707300000, 0x0000000707300000, 0x0000000707400000|  0%| F|  |TS  0|AC  0|TAMS 0x0000000707300000, 0x0000000707300000|
| 116|0x0000000707400000, 0x0000000707400000, 0x0000000707500000|  0%| F|  |TS  0|AC  0|TAMS 0x0000000707400000, 0x0000000707400000|
| 117|0x0000000707500000, 0x0000000707500000, 0x0000000707600000|  0%| F|  |TS  0|AC  0|TAMS 0x0000000707500000, 0x0000000707500000|
| 118|0x0000000707600000, 0x0000000707600000, 0x0000000707700000|  0%| F|  |TS  0|AC  0|TAMS 0x0000000707600000, 0x0000000707600000|
| 119|0x0000000707700000, 0x0000000707700000, 0x0000000707800000|  0%| F|  |TS  0|AC  0|TAMS 0x0000000707700000, 0x0000000707700000|
| 120|0x0000000707800000, 0x0000000707800000, 0x0000000707900000|  0%| F|  |TS  0|AC  0|TAMS 0x0000000707800000, 0x0000000707800000|
| 121|0x0000000707900000, 0x0000000707900000, 0x0000000707a00000|  0%| F|  |TS  0|AC  0|TAMS 0x0000000707900000, 0x0000000707900000|
| 122|0x0000000707a00000, 0x0000000707a00000, 0x0000000707b00000|  0%| F|  |TS  0|AC  0|TAMS 0x0000000707a00000, 0x0000000707a00000|
| 123|0x0000000707b00000, 0x0000000707b00000, 0x0000000707c00000|  0%| F|  |TS  0|AC  0|TAMS 0x0000000707b00000, 0x0000000707b00000|
| 124|0x0000000707c00000, 0x0000000707c00000, 0x0000000707d00000|  0%| F|  |TS  0|AC  0|TAMS 0x0000000707c00000, 0x0000000707c00000|
| 125|0x0000000707d00000, 0x0000000707d00000, 0x0000000707e00000|  0%| F|  |TS  0|AC  0|TAMS 0x0000000707d00000, 0x0000000707d00000|
| 126|0x0000000707e00000, 0x0000000707e00000, 0x0000000707f00000|  0%| F|  |TS  0|AC  0|TAMS 0x0000000707e00000, 0x0000000707e00000|
| 127|0x0000000707f00000, 0x0000000707f00000, 0x0000000708000000|  0%| F|  |TS  0|AC  0|TAMS 0x0000000707f00000, 0x0000000707f00000|
| 128|0x0000000708000000, 0x0000000708000000, 0x0000000708100000|  0%| F|  |TS  0|AC  0|TAMS 0x0000000708000000, 0x0000000708000000|
| 129|0x0000000708100000, 0x0000000708100000, 0x0000000708200000|  0%| F|  |TS  0|AC  0|TAMS 0x0000000708100000, 0x0000000708100000|
| 130|0x0000000708200000, 0x0000000708200000, 0x0000000708300000|  0%| F|  |TS  0|AC  0|TAMS 0x0000000708200000, 0x0000000708200000|
| 131|0x0000000708300000, 0x0000000708300000, 0x0000000708400000|  0%| F|  |TS  0|AC  0|TAMS 0x0000000708300000, 0x0000000708300000|
| 132|0x0000000708400000, 0x0000000708400000, 0x0000000708500000|  0%| F|  |TS  0|AC  0|TAMS 0x0000000708400000, 0x0000000708400000|
| 133|0x0000000708500000, 0x0000000708500000, 0x0000000708600000|  0%| F|  |TS  0|AC  0|TAMS 0x0000000708500000, 0x0000000708500000|
| 134|0x0000000708600000, 0x0000000708600000, 0x0000000708700000|  0%| F|  |TS  0|AC  0|TAMS 0x0000000708600000, 0x0000000708600000|
| 135|0x0000000708700000, 0x0000000708700000, 0x0000000708800000|  0%| F|  |TS  0|AC  0|TAMS 0x0000000708700000, 0x0000000708700000|
| 136|0x0000000708800000, 0x0000000708800000, 0x0000000708900000|  0%| F|  |TS  0|AC  0|TAMS 0x0000000708800000, 0x0000000708800000|
| 137|0x0000000708900000, 0x0000000708900000, 0x0000000708a00000|  0%| F|  |TS  0|AC  0|TAMS 0x0000000708900000, 0x0000000708900000|
| 138|0x0000000708a00000, 0x0000000708a00000, 0x0000000708b00000|  0%| F|  |TS  0|AC  0|TAMS 0x0000000708a00000, 0x0000000708a00000|
| 139|0x0000000708b00000, 0x0000000708b00000, 0x0000000708c00000|  0%| F|  |TS  0|AC  0|TAMS 0x0000000708b00000, 0x0000000708b00000|
| 140|0x0000000708c00000, 0x0000000708c00000, 0x0000000708d00000|  0%| F|  |TS  0|AC  0|TAMS 0x0000000708c00000, 0x0000000708c00000|
| 141|0x0000000708d00000, 0x0000000708d00000, 0x0000000708e00000|  0%| F|  |TS  0|AC  0|TAMS 0x0000000708d00000, 0x0000000708d00000|
| 142|0x0000000708e00000, 0x0000000708e00000, 0x0000000708f00000|  0%| F|  |TS  0|AC  0|TAMS 0x0000000708e00000, 0x0000000708e00000|
| 143|0x0000000708f00000, 0x0000000708f00000, 0x0000000709000000|  0%| F|  |TS  0|AC  0|TAMS 0x0000000708f00000, 0x0000000708f00000|
| 144|0x0000000709000000, 0x0000000709000000, 0x0000000709100000|  0%| F|  |TS  0|AC  0|TAMS 0x0000000709000000, 0x0000000709000000|
| 145|0x0000000709100000, 0x0000000709100000, 0x0000000709200000|  0%| F|  |TS  0|AC  0|TAMS 0x0000000709100000, 0x0000000709100000|
| 146|0x0000000709200000, 0x0000000709200000, 0x0000000709300000|  0%| F|  |TS  0|AC  0|TAMS 0x0000000709200000, 0x0000000709200000|
| 147|0x0000000709300000, 0x0000000709300000, 0x0000000709400000|  0%| F|  |TS  0|AC  0|TAMS 0x0000000709300000, 0x0000000709300000|
| 148|0x0000000709400000, 0x0000000709400000, 0x0000000709500000|  0%| F|  |TS  0|AC  0|TAMS 0x0000000709400000, 0x0000000709400000|
| 149|0x0000000709500000, 0x0000000709500000, 0x0000000709600000|  0%| F|  |TS  0|AC  0|TAMS 0x0000000709500000, 0x0000000709500000|
| 150|0x0000000709600000, 0x0000000709600000, 0x0000000709700000|  0%| F|  |TS  0|AC  0|TAMS 0x0000000709600000, 0x0000000709600000|
| 151|0x0000000709700000, 0x0000000709700000, 0x0000000709800000|  0%| F|  |TS  0|AC  0|TAMS 0x0000000709700000, 0x0000000709700000|
| 152|0x0000000709800000, 0x0000000709800000, 0x0000000709900000|  0%| F|  |TS  0|AC  0|TAMS 0x0000000709800000, 0x0000000709800000|
| 153|0x0000000709900000, 0x0000000709900000, 0x0000000709a00000|  0%| F|  |TS  0|AC  0|TAMS 0x0000000709900000, 0x0000000709900000|
| 154|0x0000000709a00000, 0x0000000709a00000, 0x0000000709b00000|  0%| F|  |TS  0|AC  0|TAMS 0x0000000709a00000, 0x0000000709a00000|
| 155|0x0000000709b00000, 0x0000000709b00000, 0x0000000709c00000|  0%| F|  |TS  0|AC  0|TAMS 0x0000000709b00000, 0x0000000709b00000|
| 156|0x0000000709c00000, 0x0000000709c00000, 0x0000000709d00000|  0%| F|  |TS  0|AC  0|TAMS 0x0000000709c00000, 0x0000000709c00000|
| 157|0x0000000709d00000, 0x0000000709d00000, 0x0000000709e00000|  0%| F|  |TS  0|AC  0|TAMS 0x0000000709d00000, 0x0000000709d00000|
| 158|0x0000000709e00000, 0x0000000709e00000, 0x0000000709f00000|  0%| F|  |TS  0|AC  0|TAMS 0x0000000709e00000, 0x0000000709e00000|
| 159|0x0000000709f00000, 0x0000000709f00000, 0x000000070a000000|  0%| F|  |TS  0|AC  0|TAMS 0x0000000709f00000, 0x0000000709f00000|
| 160|0x000000070a000000, 0x000000070a000000, 0x000000070a100000|  0%| F|  |TS  0|AC  0|TAMS 0x000000070a000000, 0x000000070a000000|
| 161|0x000000070a100000, 0x000000070a100000, 0x000000070a200000|  0%| F|  |TS  0|AC  0|TAMS 0x000000070a100000, 0x000000070a100000|
| 162|0x000000070a200000, 0x000000070a200000, 0x000000070a300000|  0%| F|  |TS  0|AC  0|TAMS 0x000000070a200000, 0x000000070a200000|
| 163|0x000000070a300000, 0x000000070a300000, 0x000000070a400000|  0%| F|  |TS  0|AC  0|TAMS 0x000000070a300000, 0x000000070a300000|
| 164|0x000000070a400000, 0x000000070a400000, 0x000000070a500000|  0%| F|  |TS  0|AC  0|TAMS 0x000000070a400000, 0x000000070a400000|
| 165|0x000000070a500000, 0x000000070a500000, 0x000000070a600000|  0%| F|  |TS  0|AC  0|TAMS 0x000000070a500000, 0x000000070a500000|
| 166|0x000000070a600000, 0x000000070a600000, 0x000000070a700000|  0%| F|  |TS  0|AC  0|TAMS 0x000000070a600000, 0x000000070a600000|
| 167|0x000000070a700000, 0x000000070a700000, 0x000000070a800000|  0%| F|  |TS  0|AC  0|TAMS 0x000000070a700000, 0x000000070a700000|
| 168|0x000000070a800000, 0x000000070a800000, 0x000000070a900000|  0%| F|  |TS  0|AC  0|TAMS 0x000000070a800000, 0x000000070a800000|
| 169|0x000000070a900000, 0x000000070a900000, 0x000000070aa00000|  0%| F|  |TS  0|AC  0|TAMS 0x000000070a900000, 0x000000070a900000|
| 170|0x000000070aa00000, 0x000000070aa00000, 0x000000070ab00000|  0%| F|  |TS  0|AC  0|TAMS 0x000000070aa00000, 0x000000070aa00000|
| 171|0x000000070ab00000, 0x000000070ab00000, 0x000000070ac00000|  0%| F|  |TS  0|AC  0|TAMS 0x000000070ab00000, 0x000000070ab00000|
| 172|0x000000070ac00000, 0x000000070ac00000, 0x000000070ad00000|  0%| F|  |TS  0|AC  0|TAMS 0x000000070ac00000, 0x000000070ac00000|
| 173|0x000000070ad00000, 0x000000070ad00000, 0x000000070ae00000|  0%| F|  |TS  0|AC  0|TAMS 0x000000070ad00000, 0x000000070ad00000|
| 174|0x000000070ae00000, 0x000000070ae00000, 0x000000070af00000|  0%| F|  |TS  0|AC  0|TAMS 0x000000070ae00000, 0x000000070ae00000|
| 175|0x000000070af00000, 0x000000070af00000, 0x000000070b000000|  0%| F|  |TS  0|AC  0|TAMS 0x000000070af00000, 0x000000070af00000|
| 176|0x000000070b000000, 0x000000070b000000, 0x000000070b100000|  0%| F|  |TS  0|AC  0|TAMS 0x000000070b000000, 0x000000070b000000|
| 177|0x000000070b100000, 0x000000070b100000, 0x000000070b200000|  0%| F|  |TS  0|AC  0|TAMS 0x000000070b100000, 0x000000070b100000|
| 178|0x000000070b200000, 0x000000070b200000, 0x000000070b300000|  0%| F|  |TS  0|AC  0|TAMS 0x000000070b200000, 0x000000070b200000|
| 179|0x000000070b300000, 0x000000070b300000, 0x000000070b400000|  0%| F|  |TS  0|AC  0|TAMS 0x000000070b300000, 0x000000070b300000|
| 180|0x000000070b400000, 0x000000070b400000, 0x000000070b500000|  0%| F|  |TS  0|AC  0|TAMS 0x000000070b400000, 0x000000070b400000|
| 181|0x000000070b500000, 0x000000070b500000, 0x000000070b600000|  0%| F|  |TS  0|AC  0|TAMS 0x000000070b500000, 0x000000070b500000|
| 182|0x000000070b600000, 0x000000070b600000, 0x000000070b700000|  0%| F|  |TS  0|AC  0|TAMS 0x000000070b600000, 0x000000070b600000|
| 183|0x000000070b700000, 0x000000070b700000, 0x000000070b800000|  0%| F|  |TS  0|AC  0|TAMS 0x000000070b700000, 0x000000070b700000|
| 184|0x000000070b800000, 0x000000070b800000, 0x000000070b900000|  0%| F|  |TS  0|AC  0|TAMS 0x000000070b800000, 0x000000070b800000|
| 185|0x000000070b900000, 0x000000070b900000, 0x000000070ba00000|  0%| F|  |TS  0|AC  0|TAMS 0x000000070b900000, 0x000000070b900000|
| 186|0x000000070ba00000, 0x000000070ba00000, 0x000000070bb00000|  0%| F|  |TS  0|AC  0|TAMS 0x000000070ba00000, 0x000000070ba00000|
| 187|0x000000070bb00000, 0x000000070bb00000, 0x000000070bc00000|  0%| F|  |TS  0|AC  0|TAMS 0x000000070bb00000, 0x000000070bb00000|
| 188|0x000000070bc00000, 0x000000070bc00000, 0x000000070bd00000|  0%| F|  |TS  0|AC  0|TAMS 0x000000070bc00000, 0x000000070bc00000|
| 189|0x000000070bd00000, 0x000000070bd00000, 0x000000070be00000|  0%| F|  |TS  0|AC  0|TAMS 0x000000070bd00000, 0x000000070bd00000|
| 190|0x000000070be00000, 0x000000070be00000, 0x000000070bf00000|  0%| F|  |TS  0|AC  0|TAMS 0x000000070be00000, 0x000000070be00000|
| 191|0x000000070bf00000, 0x000000070bf00000, 0x000000070c000000|  0%| F|  |TS  0|AC  0|TAMS 0x000000070bf00000, 0x000000070bf00000|
| 192|0x000000070c000000, 0x000000070c000000, 0x000000070c100000|  0%| F|  |TS  0|AC  0|TAMS 0x000000070c000000, 0x000000070c000000|
| 193|0x000000070c100000, 0x000000070c100000, 0x000000070c200000|  0%| F|  |TS  0|AC  0|TAMS 0x000000070c100000, 0x000000070c100000|
| 194|0x000000070c200000, 0x000000070c200000, 0x000000070c300000|  0%| F|  |TS  0|AC  0|TAMS 0x000000070c200000, 0x000000070c200000|
| 195|0x000000070c300000, 0x000000070c300000, 0x000000070c400000|  0%| F|  |TS  0|AC  0|TAMS 0x000000070c300000, 0x000000070c300000|
| 196|0x000000070c400000, 0x000000070c400000, 0x000000070c500000|  0%| F|  |TS  0|AC  0|TAMS 0x000000070c400000, 0x000000070c400000|
| 197|0x000000070c500000, 0x000000070c500000, 0x000000070c600000|  0%| F|  |TS  0|AC  0|TAMS 0x000000070c500000, 0x000000070c500000|
| 198|0x000000070c600000, 0x000000070c600000, 0x000000070c700000|  0%| F|  |TS  0|AC  0|TAMS 0x000000070c600000, 0x000000070c600000|
| 199|0x000000070c700000, 0x000000070c700000, 0x000000070c800000|  0%| F|  |TS  0|AC  0|TAMS 0x000000070c700000, 0x000000070c700000|
| 200|0x000000070c800000, 0x000000070c800000, 0x000000070c900000|  0%| F|  |TS  0|AC  0|TAMS 0x000000070c800000, 0x000000070c800000|
| 201|0x000000070c900000, 0x000000070c900000, 0x000000070ca00000|  0%| F|  |TS  0|AC  0|TAMS 0x000000070c900000, 0x000000070c900000|
| 202|0x000000070ca00000, 0x000000070ca00000, 0x000000070cb00000|  0%| F|  |TS  0|AC  0|TAMS 0x000000070ca00000, 0x000000070ca00000|
| 203|0x000000070cb00000, 0x000000070cb00000, 0x000000070cc00000|  0%| F|  |TS  0|AC  0|TAMS 0x000000070cb00000, 0x000000070cb00000|
| 204|0x000000070cc00000, 0x000000070cc00000, 0x000000070cd00000|  0%| F|  |TS  0|AC  0|TAMS 0x000000070cc00000, 0x000000070cc00000|
| 205|0x000000070cd00000, 0x000000070cd00000, 0x000000070ce00000|  0%| F|  |TS  0|AC  0|TAMS 0x000000070cd00000, 0x000000070cd00000|
| 206|0x000000070ce00000, 0x000000070ce00000, 0x000000070cf00000|  0%| F|  |TS  0|AC  0|TAMS 0x000000070ce00000, 0x000000070ce00000|
| 207|0x000000070cf00000, 0x000000070cf00000, 0x000000070d000000|  0%| F|  |TS  0|AC  0|TAMS 0x000000070cf00000, 0x000000070cf00000|
| 208|0x000000070d000000, 0x000000070d000000, 0x000000070d100000|  0%| F|  |TS  0|AC  0|TAMS 0x000000070d000000, 0x000000070d000000|
| 209|0x000000070d100000, 0x000000070d100000, 0x000000070d200000|  0%| F|  |TS  0|AC  0|TAMS 0x000000070d100000, 0x000000070d100000|
| 210|0x000000070d200000, 0x000000070d200000, 0x000000070d300000|  0%| F|  |TS  0|AC  0|TAMS 0x000000070d200000, 0x000000070d200000|
| 211|0x000000070d300000, 0x000000070d300000, 0x000000070d400000|  0%| F|  |TS  0|AC  0|TAMS 0x000000070d300000, 0x000000070d300000|
| 212|0x000000070d400000, 0x000000070d400000, 0x000000070d500000|  0%| F|  |TS  0|AC  0|TAMS 0x000000070d400000, 0x000000070d400000|
| 213|0x000000070d500000, 0x000000070d500000, 0x000000070d600000|  0%| F|  |TS  0|AC  0|TAMS 0x000000070d500000, 0x000000070d500000|
| 214|0x000000070d600000, 0x000000070d600000, 0x000000070d700000|  0%| F|  |TS  0|AC  0|TAMS 0x000000070d600000, 0x000000070d600000|
| 215|0x000000070d700000, 0x000000070d700000, 0x000000070d800000|  0%| F|  |TS  0|AC  0|TAMS 0x000000070d700000, 0x000000070d700000|
| 216|0x000000070d800000, 0x000000070d800000, 0x000000070d900000|  0%| F|  |TS  0|AC  0|TAMS 0x000000070d800000, 0x000000070d800000|
| 217|0x000000070d900000, 0x000000070d900000, 0x000000070da00000|  0%| F|  |TS  0|AC  0|TAMS 0x000000070d900000, 0x000000070d900000|
| 218|0x000000070da00000, 0x000000070da00000, 0x000000070db00000|  0%| F|  |TS  0|AC  0|TAMS 0x000000070da00000, 0x000000070da00000|
| 219|0x000000070db00000, 0x000000070db00000, 0x000000070dc00000|  0%| F|  |TS  0|AC  0|TAMS 0x000000070db00000, 0x000000070db00000|
| 220|0x000000070dc00000, 0x000000070dc00000, 0x000000070dd00000|  0%| F|  |TS  0|AC  0|TAMS 0x000000070dc00000, 0x000000070dc00000|
| 221|0x000000070dd00000, 0x000000070dd00000, 0x000000070de00000|  0%| F|  |TS  0|AC  0|TAMS 0x000000070dd00000, 0x000000070dd00000|
| 222|0x000000070de00000, 0x000000070de00000, 0x000000070df00000|  0%| F|  |TS  0|AC  0|TAMS 0x000000070de00000, 0x000000070de00000|
| 223|0x000000070df00000, 0x000000070df00000, 0x000000070e000000|  0%| F|  |TS  0|AC  0|TAMS 0x000000070df00000, 0x000000070df00000|
| 224|0x000000070e000000, 0x000000070e000000, 0x000000070e100000|  0%| F|  |TS  0|AC  0|TAMS 0x000000070e000000, 0x000000070e000000|
| 225|0x000000070e100000, 0x000000070e100000, 0x000000070e200000|  0%| F|  |TS  0|AC  0|TAMS 0x000000070e100000, 0x000000070e100000|
| 226|0x000000070e200000, 0x000000070e200000, 0x000000070e300000|  0%| F|  |TS  0|AC  0|TAMS 0x000000070e200000, 0x000000070e200000|
| 227|0x000000070e300000, 0x000000070e300000, 0x000000070e400000|  0%| F|  |TS  0|AC  0|TAMS 0x000000070e300000, 0x000000070e300000|
| 228|0x000000070e400000, 0x000000070e400000, 0x000000070e500000|  0%| F|  |TS  0|AC  0|TAMS 0x000000070e400000, 0x000000070e400000|
| 229|0x000000070e500000, 0x000000070e500000, 0x000000070e600000|  0%| F|  |TS  0|AC  0|TAMS 0x000000070e500000, 0x000000070e500000|
| 230|0x000000070e600000, 0x000000070e600000, 0x000000070e700000|  0%| F|  |TS  0|AC  0|TAMS 0x000000070e600000, 0x000000070e600000|
| 231|0x000000070e700000, 0x000000070e700000, 0x000000070e800000|  0%| F|  |TS  0|AC  0|TAMS 0x000000070e700000, 0x000000070e700000|
| 232|0x000000070e800000, 0x000000070e800000, 0x000000070e900000|  0%| F|  |TS  0|AC  0|TAMS 0x000000070e800000, 0x000000070e800000|
| 233|0x000000070e900000, 0x000000070e900000, 0x000000070ea00000|  0%| F|  |TS  0|AC  0|TAMS 0x000000070e900000, 0x000000070e900000|
| 234|0x000000070ea00000, 0x000000070ea00000, 0x000000070eb00000|  0%| F|  |TS  0|AC  0|TAMS 0x000000070ea00000, 0x000000070ea00000|
| 235|0x000000070eb00000, 0x000000070eb00000, 0x000000070ec00000|  0%| F|  |TS  0|AC  0|TAMS 0x000000070eb00000, 0x000000070eb00000|
| 236|0x000000070ec00000, 0x000000070ec00000, 0x000000070ed00000|  0%| F|  |TS  0|AC  0|TAMS 0x000000070ec00000, 0x000000070ec00000|
| 237|0x000000070ed00000, 0x000000070ed00000, 0x000000070ee00000|  0%| F|  |TS  0|AC  0|TAMS 0x000000070ed00000, 0x000000070ed00000|
| 238|0x000000070ee00000, 0x000000070ee00000, 0x000000070ef00000|  0%| F|  |TS  0|AC  0|TAMS 0x000000070ee00000, 0x000000070ee00000|
| 239|0x000000070ef00000, 0x000000070ef00000, 0x000000070f000000|  0%| F|  |TS  0|AC  0|TAMS 0x000000070ef00000, 0x000000070ef00000|
| 240|0x000000070f000000, 0x000000070f000000, 0x000000070f100000|  0%| F|  |TS  7|AC  0|TAMS 0x000000070f000000, 0x000000070f000000|
| 241|0x000000070f100000, 0x000000070f171c68, 0x000000070f200000| 44%| S|CS|TS  7|AC  0|TAMS 0x000000070f100000, 0x000000070f100000|
| 242|0x000000070f200000, 0x000000070f200000, 0x000000070f300000|  0%| F|  |TS  7|AC  0|TAMS 0x000000070f200000, 0x000000070f200000|
| 243|0x000000070f300000, 0x000000070f300000, 0x000000070f400000|  0%| F|  |TS  7|AC  0|TAMS 0x000000070f300000, 0x000000070f300000|
| 244|0x000000070f400000, 0x000000070f400000, 0x000000070f500000|  0%| F|  |TS  7|AC  0|TAMS 0x000000070f400000, 0x000000070f400000|
| 245|0x000000070f500000, 0x000000070f500000, 0x000000070f600000|  0%| F|  |TS  7|AC  0|TAMS 0x000000070f500000, 0x000000070f500000|
| 246|0x000000070f600000, 0x000000070f600000, 0x000000070f700000|  0%| F|  |TS  7|AC  0|TAMS 0x000000070f600000, 0x000000070f600000|
| 247|0x000000070f700000, 0x000000070f700000, 0x000000070f800000|  0%| F|  |TS  7|AC  0|TAMS 0x000000070f700000, 0x000000070f700000|
| 248|0x000000070f800000, 0x000000070f800000, 0x000000070f900000|  0%| F|  |TS  7|AC  0|TAMS 0x000000070f800000, 0x000000070f800000|
| 249|0x000000070f900000, 0x000000070f900000, 0x000000070fa00000|  0%| F|  |TS  7|AC  0|TAMS 0x000000070f900000, 0x000000070f900000|
| 250|0x000000070fa00000, 0x000000070fa00000, 0x000000070fb00000|  0%| F|  |TS  7|AC  0|TAMS 0x000000070fa00000, 0x000000070fa00000|
| 251|0x000000070fb00000, 0x000000070fb00000, 0x000000070fc00000|  0%| F|  |TS  7|AC  0|TAMS 0x000000070fb00000, 0x000000070fb00000|
| 252|0x000000070fc00000, 0x000000070fc00000, 0x000000070fd00000|  0%| F|  |TS  7|AC  0|TAMS 0x000000070fc00000, 0x000000070fc00000|
| 253|0x000000070fd00000, 0x000000070fd00000, 0x000000070fe00000|  0%| F|  |TS  7|AC  0|TAMS 0x000000070fd00000, 0x000000070fd00000|
| 254|0x000000070fe00000, 0x000000070fe00000, 0x000000070ff00000|  0%| F|  |TS  7|AC  0|TAMS 0x000000070fe00000, 0x000000070fe00000|
| 255|0x000000070ff00000, 0x000000070ff00000, 0x0000000710000000|  0%| F|  |TS  7|AC  0|TAMS 0x000000070ff00000, 0x000000070ff00000|
| 256|0x0000000710000000, 0x0000000710000000, 0x0000000710100000|  0%| F|  |TS  7|AC  0|TAMS 0x0000000710000000, 0x0000000710000000|
| 257|0x0000000710100000, 0x0000000710100000, 0x0000000710200000|  0%| F|  |TS  7|AC  0|TAMS 0x0000000710100000, 0x0000000710100000|
| 258|0x0000000710200000, 0x0000000710200000, 0x0000000710300000|  0%| F|  |TS  7|AC  0|TAMS 0x0000000710200000, 0x0000000710200000|
| 259|0x0000000710300000, 0x0000000710300000, 0x0000000710400000|  0%| F|  |TS  7|AC  0|TAMS 0x0000000710300000, 0x0000000710300000|
| 260|0x0000000710400000, 0x0000000710400000, 0x0000000710500000|  0%| F|  |TS  7|AC  0|TAMS 0x0000000710400000, 0x0000000710400000|
| 261|0x0000000710500000, 0x0000000710500000, 0x0000000710600000|  0%| F|  |TS  7|AC  0|TAMS 0x0000000710500000, 0x0000000710500000|
| 262|0x0000000710600000, 0x0000000710600000, 0x0000000710700000|  0%| F|  |TS  7|AC  0|TAMS 0x0000000710600000, 0x0000000710600000|
| 263|0x0000000710700000, 0x0000000710700000, 0x0000000710800000|  0%| F|  |TS  7|AC  0|TAMS 0x0000000710700000, 0x0000000710700000|
| 264|0x0000000710800000, 0x00000007108864d8, 0x0000000710900000| 52%| E|  |TS  7|AC  0|TAMS 0x0000000710800000, 0x0000000710800000|
| 265|0x0000000710900000, 0x0000000710a00000, 0x0000000710a00000|100%| E|CS|TS  7|AC  0|TAMS 0x0000000710900000, 0x0000000710900000|
| 266|0x0000000710a00000, 0x0000000710b00000, 0x0000000710b00000|100%| E|CS|TS  7|AC  0|TAMS 0x0000000710a00000, 0x0000000710a00000|
| 267|0x0000000710b00000, 0x0000000710c00000, 0x0000000710c00000|100%| E|CS|TS  7|AC  0|TAMS 0x0000000710b00000, 0x0000000710b00000|
| 268|0x0000000710c00000, 0x0000000710d00000, 0x0000000710d00000|100%| E|CS|TS  7|AC  0|TAMS 0x0000000710c00000, 0x0000000710c00000|
| 269|0x0000000710d00000, 0x0000000710e00000, 0x0000000710e00000|100%| E|CS|TS  7|AC  0|TAMS 0x0000000710d00000, 0x0000000710d00000|
| 270|0x0000000710e00000, 0x0000000710f00000, 0x0000000710f00000|100%| E|CS|TS  7|AC  0|TAMS 0x0000000710e00000, 0x0000000710e00000|
| 271|0x0000000710f00000, 0x0000000711000000, 0x0000000711000000|100%| E|CS|TS  7|AC  0|TAMS 0x0000000710f00000, 0x0000000710f00000|
| 272|0x0000000711000000, 0x0000000711100000, 0x0000000711100000|100%| E|CS|TS  7|AC  0|TAMS 0x0000000711000000, 0x0000000711000000|
| 273|0x0000000711100000, 0x0000000711200000, 0x0000000711200000|100%| E|CS|TS  7|AC  0|TAMS 0x0000000711100000, 0x0000000711100000|
| 274|0x0000000711200000, 0x0000000711300000, 0x0000000711300000|100%| E|CS|TS  7|AC  0|TAMS 0x0000000711200000, 0x0000000711200000|
| 275|0x0000000711300000, 0x0000000711400000, 0x0000000711400000|100%| E|CS|TS  7|AC  0|TAMS 0x0000000711300000, 0x0000000711300000|
| 276|0x0000000711400000, 0x0000000711500000, 0x0000000711500000|100%| E|CS|TS  7|AC  0|TAMS 0x0000000711400000, 0x0000000711400000|
| 277|0x0000000711500000, 0x0000000711600000, 0x0000000711600000|100%| E|CS|TS  7|AC  0|TAMS 0x0000000711500000, 0x0000000711500000|
| 278|0x0000000711600000, 0x0000000711700000, 0x0000000711700000|100%| E|CS|TS  7|AC  0|TAMS 0x0000000711600000, 0x0000000711600000|
| 279|0x0000000711700000, 0x0000000711800000, 0x0000000711800000|100%| E|CS|TS  7|AC  0|TAMS 0x0000000711700000, 0x0000000711700000|
| 280|0x0000000711800000, 0x0000000711900000, 0x0000000711900000|100%| E|CS|TS  7|AC  0|TAMS 0x0000000711800000, 0x0000000711800000|
| 281|0x0000000711900000, 0x0000000711a00000, 0x0000000711a00000|100%| E|CS|TS  7|AC  0|TAMS 0x0000000711900000, 0x0000000711900000|
| 282|0x0000000711a00000, 0x0000000711b00000, 0x0000000711b00000|100%| E|CS|TS  7|AC  0|TAMS 0x0000000711a00000, 0x0000000711a00000|
| 283|0x0000000711b00000, 0x0000000711c00000, 0x0000000711c00000|100%| E|CS|TS  7|AC  0|TAMS 0x0000000711b00000, 0x0000000711b00000|
| 284|0x0000000711c00000, 0x0000000711d00000, 0x0000000711d00000|100%| E|CS|TS  7|AC  0|TAMS 0x0000000711c00000, 0x0000000711c00000|
| 285|0x0000000711d00000, 0x0000000711e00000, 0x0000000711e00000|100%| E|CS|TS  7|AC  0|TAMS 0x0000000711d00000, 0x0000000711d00000|
| 286|0x0000000711e00000, 0x0000000711f00000, 0x0000000711f00000|100%| E|CS|TS  7|AC  0|TAMS 0x0000000711e00000, 0x0000000711e00000|
| 287|0x0000000711f00000, 0x0000000712000000, 0x0000000712000000|100%| E|CS|TS  7|AC  0|TAMS 0x0000000711f00000, 0x0000000711f00000|
| 288|0x0000000712000000, 0x0000000712100000, 0x0000000712100000|100%| E|CS|TS  7|AC  0|TAMS 0x0000000712000000, 0x0000000712000000|
| 289|0x0000000712100000, 0x0000000712200000, 0x0000000712200000|100%| E|CS|TS  7|AC  0|TAMS 0x0000000712100000, 0x0000000712100000|
| 290|0x0000000712200000, 0x0000000712300000, 0x0000000712300000|100%| E|CS|TS  7|AC  0|TAMS 0x0000000712200000, 0x0000000712200000|
| 291|0x0000000712300000, 0x0000000712400000, 0x0000000712400000|100%| E|CS|TS  7|AC  0|TAMS 0x0000000712300000, 0x0000000712300000|
| 292|0x0000000712400000, 0x0000000712500000, 0x0000000712500000|100%| E|CS|TS  7|AC  0|TAMS 0x0000000712400000, 0x0000000712400000|
| 293|0x0000000712500000, 0x0000000712600000, 0x0000000712600000|100%| E|CS|TS  7|AC  0|TAMS 0x0000000712500000, 0x0000000712500000|
| 294|0x0000000712600000, 0x0000000712700000, 0x0000000712700000|100%| E|CS|TS  7|AC  0|TAMS 0x0000000712600000, 0x0000000712600000|
| 295|0x0000000712700000, 0x0000000712800000, 0x0000000712800000|100%| E|CS|TS  7|AC  0|TAMS 0x0000000712700000, 0x0000000712700000|
| 296|0x0000000712800000, 0x0000000712900000, 0x0000000712900000|100%| E|CS|TS  7|AC  0|TAMS 0x0000000712800000, 0x0000000712800000|
| 297|0x0000000712900000, 0x0000000712a00000, 0x0000000712a00000|100%| E|CS|TS  7|AC  0|TAMS 0x0000000712900000, 0x0000000712900000|
| 298|0x0000000712a00000, 0x0000000712b00000, 0x0000000712b00000|100%| E|CS|TS  7|AC  0|TAMS 0x0000000712a00000, 0x0000000712a00000|
| 299|0x0000000712b00000, 0x0000000712c00000, 0x0000000712c00000|100%| E|CS|TS  7|AC  0|TAMS 0x0000000712b00000, 0x0000000712b00000|
| 300|0x0000000712c00000, 0x0000000712d00000, 0x0000000712d00000|100%| E|CS|TS  7|AC  0|TAMS 0x0000000712c00000, 0x0000000712c00000|

Card table byte_map: [0x00000258a6fa0000,0x00000258a75a0000] byte_map_base: 0x00000258a37a0000

Marking Bits (Prev, Next): (CMBitMap*) 0x000002589f19f9b0, (CMBitMap*) 0x000002589f19f9e8
 Prev Bits: [0x00000258bee70000, 0x00000258c1e70000)
 Next Bits: [0x00000258c1e70000, 0x00000258c4e70000)

Polling page: 0x0000025899700000

CodeHeap 'non-profiled nmethods': size=118912Kb used=21095Kb max_used=21441Kb free=97816Kb
 bounds [0x00000258b7a50000, 0x00000258b8f50000, 0x00000258bee70000]
CodeHeap 'profiled nmethods': size=118848Kb used=43123Kb max_used=45475Kb free=75724Kb
 bounds [0x00000258b0640000, 0x00000258b32f0000, 0x00000258b7a50000]
CodeHeap 'non-nmethods': size=8000Kb used=4036Kb max_used=4104Kb free=3963Kb
 bounds [0x00000258afe70000, 0x00000258b0280000, 0x00000258b0640000]
 total_blobs=32357 nmethods=17721 adapters=1118
 compilation: enabled

Compilation events (10 events):
Event: 408.758 Thread 0x00000258a8456000 22226       1       ui.utils.o::eTv (2 bytes)
Event: 408.758 Thread 0x00000258a8456000 nmethod 22226 0x00000258b7afce10 code [0x00000258b7afcfa0, 0x00000258b7afd098]
Event: 408.807 Thread 0x00000258a8453000 22227       3       ui.utils.p.e.p::getListCellRendererComponent (360 bytes)
Event: 408.807 Thread 0x000002589f242800 22228       3       ui.utils.p.e.p::ffi (8 bytes)
Event: 408.807 Thread 0x000002589f23e800 22229       3       ui.utils.p.e.p::customizeStyledLabel (53 bytes)
Event: 408.807 Thread 0x000002589f242800 nmethod 22228 0x00000258b06f3990 code [0x00000258b06f3b60, 0x00000258b06f3f30]
Event: 408.807 Thread 0x000002589f23e800 nmethod 22229 0x00000258b088ca90 code [0x00000258b088cd20, 0x00000258b088dc60]
Event: 408.809 Thread 0x00000258a8453000 nmethod 22227 0x00000258b0fa3210 code [0x00000258b0fa3a20, 0x00000258b0fa9da0]
Event: 408.809 Thread 0x000002589f244000 22230       3       java.util.LinkedList::getFirst (22 bytes)
Event: 408.809 Thread 0x000002589f244000 nmethod 22230 0x00000258b06af590 code [0x00000258b06af760, 0x00000258b06af990]

GC Heap History (10 events):
Event: 402.088 GC heap before
{Heap before GC invocations=265 (full 70):
 garbage-first heap   total 308224K, used 93305K [0x0000000700000000, 0x0000000700100968, 0x00000007c0000000)
  region size 1024K, 2 young (2048K), 0 survivors (0K)
 Metaspace       used 85147K, capacity 91211K, committed 91520K, reserved 1128448K
  class space    used 11529K, capacity 12574K, committed 12672K, reserved 1048576K
}
Event: 402.190 GC heap after
{Heap after GC invocations=266 (full 71):
 garbage-first heap   total 308224K, used 92302K [0x0000000700000000, 0x0000000700100968, 0x00000007c0000000)
  region size 1024K, 0 young (0K), 0 survivors (0K)
 Metaspace       used 85147K, capacity 91211K, committed 91520K, reserved 1128448K
  class space    used 11529K, capacity 12574K, committed 12672K, reserved 1048576K
}
Event: 404.507 GC heap before
{Heap before GC invocations=266 (full 71):
 garbage-first heap   total 308224K, used 98446K [0x0000000700000000, 0x0000000700100968, 0x00000007c0000000)
  region size 1024K, 3 young (3072K), 0 survivors (0K)
 Metaspace       used 85147K, capacity 91211K, committed 91520K, reserved 1128448K
  class space    used 11529K, capacity 12574K, committed 12672K, reserved 1048576K
}
Event: 404.508 GC heap after
{Heap after GC invocations=267 (full 71):
 garbage-first heap   total 308224K, used 96509K [0x0000000700000000, 0x0000000700100968, 0x00000007c0000000)
  region size 1024K, 1 young (1024K), 1 survivors (1024K)
 Metaspace       used 85147K, capacity 91211K, committed 91520K, reserved 1128448K
  class space    used 11529K, capacity 12574K, committed 12672K, reserved 1048576K
}
Event: 405.456 GC heap before
{Heap before GC invocations=267 (full 71):
 garbage-first heap   total 308224K, used 118013K [0x0000000700000000, 0x0000000700100968, 0x00000007c0000000)
  region size 1024K, 23 young (23552K), 1 survivors (1024K)
 Metaspace       used 85147K, capacity 91211K, committed 91520K, reserved 1128448K
  class space    used 11529K, capacity 12574K, committed 12672K, reserved 1048576K
}
Event: 405.457 GC heap after
{Heap after GC invocations=268 (full 71):
 garbage-first heap   total 308224K, used 96531K [0x0000000700000000, 0x0000000700100968, 0x00000007c0000000)
  region size 1024K, 1 young (1024K), 1 survivors (1024K)
 Metaspace       used 85147K, capacity 91211K, committed 91520K, reserved 1128448K
  class space    used 11529K, capacity 12574K, committed 12672K, reserved 1048576K
}
Event: 406.765 GC heap before
{Heap before GC invocations=268 (full 71):
 garbage-first heap   total 308224K, used 156947K [0x0000000700000000, 0x0000000700100968, 0x00000007c0000000)
  region size 1024K, 60 young (61440K), 1 survivors (1024K)
 Metaspace       used 85148K, capacity 91211K, committed 91520K, reserved 1128448K
  class space    used 11529K, capacity 12574K, committed 12672K, reserved 1048576K
}
Event: 406.769 GC heap after
{Heap after GC invocations=269 (full 71):
 garbage-first heap   total 308224K, used 96531K [0x0000000700000000, 0x0000000700100968, 0x00000007c0000000)
  region size 1024K, 1 young (1024K), 1 survivors (1024K)
 Metaspace       used 85148K, capacity 91211K, committed 91520K, reserved 1128448K
  class space    used 11529K, capacity 12574K, committed 12672K, reserved 1048576K
}
Event: 407.397 GC heap before
{Heap before GC invocations=269 (full 71):
 garbage-first heap   total 308224K, used 156947K [0x0000000700000000, 0x0000000700100968, 0x00000007c0000000)
  region size 1024K, 60 young (61440K), 1 survivors (1024K)
 Metaspace       used 85148K, capacity 91211K, committed 91520K, reserved 1128448K
  class space    used 11529K, capacity 12574K, committed 12672K, reserved 1048576K
}
Event: 407.398 GC heap after
{Heap after GC invocations=270 (full 71):
 garbage-first heap   total 308224K, used 96853K [0x0000000700000000, 0x0000000700100968, 0x00000007c0000000)
  region size 1024K, 1 young (1024K), 1 survivors (1024K)
 Metaspace       used 85148K, capacity 91211K, committed 91520K, reserved 1128448K
  class space    used 11529K, capacity 12574K, committed 12672K, reserved 1048576K
}

Deoptimization events (10 events):
Event: 313.525 Thread 0x00000258caac5800 Uncommon trap: reason=unstable_if action=reinterpret pc=0x00000258b7d68fa4 method=java.lang.StringCoding$StringDecoder.decode([BII)Ljava/lang/StringCoding$Result; @ 25 c2
Event: 313.525 Thread 0x00000258caac5800 Uncommon trap: reason=unstable_if action=reinterpret pc=0x00000258b7d6cab0 method=java.lang.StringCoding$StringDecoder.decode([BII)Ljava/lang/StringCoding$Result; @ 25 c2
Event: 313.525 Thread 0x00000258caac5800 Uncommon trap: reason=unstable_if action=reinterpret pc=0x00000258b7bc18b4 method=java.lang.StringCoding.hasNegatives([BII)Z @ 12 c2
Event: 351.026 Thread 0x00000258caac5800 Uncommon trap: reason=unstable_if action=reinterpret pc=0x00000258b8957dd8 method=javax.swing.ToolTipManager.mouseMoved(Ljava/awt/event/MouseEvent;)V @ 19 c2
Event: 407.926 Thread 0x00000258caac5800 Uncommon trap: reason=class_check action=maybe_recompile pc=0x00000258b835d810 method=java.awt.Component.addNotify()V @ 200 c2
Event: 407.948 Thread 0x00000258caac5800 Uncommon trap: reason=class_check action=maybe_recompile pc=0x00000258b8de5c1c method=javax.swing.RepaintManager$4.run()Ljava/lang/Void; @ 91 c2
Event: 407.949 Thread 0x00000258caac5800 Uncommon trap: reason=class_check action=maybe_recompile pc=0x00000258b8dc7dc4 method=javax.swing.RepaintManager.updateWindows(Ljava/util/Map;)V @ 79 c2
Event: 407.949 Thread 0x00000258caac5800 Uncommon trap: reason=speculate_class_check action=maybe_recompile pc=0x00000258b871f904 method=java.awt.DefaultKeyboardFocusManager.dispatchEvent(Ljava/awt/AWTEvent;)Z @ 1467 c2
Event: 407.957 Thread 0x00000258caac5800 Uncommon trap: reason=unstable_if action=reinterpret pc=0x00000258b8e28c70 method=ui.frmwork.a.epB()Z @ 10 c2
Event: 407.957 Thread 0x00000258caac5800 Uncommon trap: reason=class_check action=maybe_recompile pc=0x00000258b8895bd0 method=javax.swing.AbstractButton.setEnabled(Z)V @ 21 c2

Classes redefined (0 events):
No events

Internal exceptions (10 events):
Event: 193.786 Thread 0x00000258caac5800 Exception <a 'java/lang/NoSuchMethodError'{0x0000000710d97740}: java.lang.invoke.DelegatingMethodHandle$Holder.reinvoke_L(Ljava/lang/Object;Ljava/lang/Object;IILjava/lang/Object;Ljava/lang/Object;ILjava/lang/Object;II)Ljava/lang/Object;> (0x0000000710d977
Event: 193.786 Thread 0x00000258caac5800 Exception <a 'java/lang/NoSuchMethodError'{0x0000000710c04408}: java.lang.invoke.DirectMethodHandle$Holder.invokeSpecial(Ljava/lang/Object;Ljava/lang/Object;IIILjava/lang/Object;Ljava/lang/Object;ILjava/lang/Object;II)Ljava/lang/Object;> (0x0000000710c044
Event: 193.786 Thread 0x00000258caac5800 Exception <a 'java/lang/NoSuchMethodError'{0x0000000710c07f30}: java.lang.invoke.DelegatingMethodHandle$Holder.reinvoke_L(Ljava/lang/Object;IIILjava/lang/Object;Ljava/lang/Object;ILjava/lang/Object;II)Ljava/lang/Object;> (0x0000000710c07f30) thrown at [t:
Event: 193.787 Thread 0x00000258caac5800 Exception <a 'java/lang/NoSuchMethodError'{0x0000000710c261f0}: method resolution failed> (0x0000000710c261f0) thrown at [t:/workspace/hotspot/src/share/vm/prims/methodHandles.cpp, line 1256]
Event: 193.824 Thread 0x00000258caac5800 Exception <a 'java/lang/NoSuchMethodError'{0x000000071031eb40}: java.lang.invoke.DirectMethodHandle$Holder.invokeSpecial(Ljava/lang/Object;Ljava/lang/Object;ILjava/lang/Object;)V> (0x000000071031eb40) thrown at [t:/workspace/hotspot/src/share/vm/interpret
Event: 193.824 Thread 0x00000258caac5800 Exception <a 'java/lang/NoSuchMethodError'{0x0000000710324468}: java.lang.invoke.DirectMethodHandle$Holder.invokeStatic(Ljava/lang/Object;Ljava/lang/Object;ILjava/lang/Object;)Ljava/lang/Object;> (0x0000000710324468) thrown at [t:/workspace/hotspot/src/sh
Event: 201.525 Thread 0x00000258caac5800 Exception <a 'java/lang/NoSuchMethodError'{0x00000007112ff1f0}: java.lang.invoke.DirectMethodHandle$Holder.invokeSpecial(Ljava/lang/Object;Ljava/lang/Object;IILjava/lang/Object;ILjava/lang/Object;I)Ljava/lang/Object;> (0x00000007112ff1f0) thrown at [t:/wo
Event: 201.525 Thread 0x00000258caac5800 Exception <a 'java/lang/NoSuchMethodError'{0x0000000711103080}: java.lang.invoke.DelegatingMethodHandle$Holder.reinvoke_L(Ljava/lang/Object;IILjava/lang/Object;ILjava/lang/Object;I)Ljava/lang/Object;> (0x0000000711103080) thrown at [t:/workspace/hotspot/s
Event: 201.526 Thread 0x00000258caac5800 Exception <a 'java/lang/NoSuchMethodError'{0x0000000711132d70}: method resolution failed> (0x0000000711132d70) thrown at [t:/workspace/hotspot/src/share/vm/prims/methodHandles.cpp, line 1256]
Event: 257.374 Thread 0x00000258caac5800 Implicit null exception at 0x00000258b8557e60 to 0x00000258b855b469

Events (10 events):
Event: 407.949 Thread 0x00000258caac5800 DEOPT UNPACKING pc=0x00000258afebdf29 sp=0x0000007ec5bf7768 mode 2
Event: 407.949 Thread 0x00000258caac5800 Uncommon trap: trap_request=0xffffff76 fr.pc=0x00000258b871f904 relative=0x00000000000045a4
Event: 407.949 Thread 0x00000258caac5800 DEOPT PACKING pc=0x00000258b871f904 sp=0x0000007ec5bf2ad0
Event: 407.949 Thread 0x00000258caac5800 DEOPT UNPACKING pc=0x00000258afebdf29 sp=0x0000007ec5bf2aa0 mode 2
Event: 407.957 Thread 0x00000258caac5800 Uncommon trap: trap_request=0xffffff5d fr.pc=0x00000258b8e28c70 relative=0x0000000000002f10
Event: 407.957 Thread 0x00000258caac5800 DEOPT PACKING pc=0x00000258b8e28c70 sp=0x0000007ec5bf7090
Event: 407.957 Thread 0x00000258caac5800 DEOPT UNPACKING pc=0x00000258afebdf29 sp=0x0000007ec5bf7040 mode 2
Event: 407.957 Thread 0x00000258caac5800 Uncommon trap: trap_request=0xffffffde fr.pc=0x00000258b8895bd0 relative=0x0000000000000110
Event: 407.957 Thread 0x00000258caac5800 DEOPT PACKING pc=0x00000258b8895bd0 sp=0x0000007ec5bf7070
Event: 407.957 Thread 0x00000258caac5800 DEOPT UNPACKING pc=0x00000258afebdf29 sp=0x0000007ec5bf6fb0 mode 2


Dynamic libraries:
0x00007ff7783b0000 - 0x00007ff7783e0000 	D:\StudySoftware\Xilinx_Vivado_2019.2\Vivado\2019.2\bin\unwrapped\win64.o\vivado.exe
0x00007ffc8c7d0000 - 0x00007ffc8c9e7000 	C:\WINDOWS\SYSTEM32\ntdll.dll
0x00007ffc8add0000 - 0x00007ffc8ae94000 	C:\WINDOWS\System32\KERNEL32.DLL
0x00007ffc89b40000 - 0x00007ffc89efa000 	C:\WINDOWS\System32\KERNELBASE.dll
0x00007ffc8a330000 - 0x00007ffc8a441000 	C:\WINDOWS\System32\ucrtbase.dll
0x00007ffc7dc30000 - 0x00007ffc7dc44000 	D:\StudySoftware\Xilinx_Vivado_2019.2\Vivado\2019.2\lib\win64.o\libboost_signals.dll
0x00007ffbfcc80000 - 0x00007ffbfdbc3000 	D:\StudySoftware\Xilinx_Vivado_2019.2\Vivado\2019.2\lib\win64.o\librdi_common.dll
0x00007ffc67750000 - 0x00007ffc677dd000 	C:\WINDOWS\SYSTEM32\MSVCP140.dll
0x00007ffc67730000 - 0x00007ffc6774e000 	C:\WINDOWS\SYSTEM32\VCRUNTIME140.dll
0x00007ffc8a8d0000 - 0x00007ffc8aa7e000 	C:\WINDOWS\System32\USER32.dll
0x00007ffc8a190000 - 0x00007ffc8a1b6000 	C:\WINDOWS\System32\win32u.dll
0x00007ffc8c1e0000 - 0x00007ffc8c209000 	C:\WINDOWS\System32\GDI32.dll
0x00007ffc7dc10000 - 0x00007ffc7dc26000 	D:\StudySoftware\Xilinx_Vivado_2019.2\Vivado\2019.2\lib\win64.o\librdi_commonmain.dll
0x00007ffc89f80000 - 0x00007ffc8a09b000 	C:\WINDOWS\System32\gdi32full.dll
0x00007ffc89aa0000 - 0x00007ffc89b3a000 	C:\WINDOWS\System32\msvcp_win.dll
0x00007ffc02c30000 - 0x00007ffc02f9e000 	D:\StudySoftware\Xilinx_Vivado_2019.2\Vivado\2019.2\lib\win64.o\libCOIN-all.dll
0x00007ffc8b1a0000 - 0x00007ffc8b252000 	C:\WINDOWS\System32\ADVAPI32.dll
0x00007ffc8bef0000 - 0x00007ffc8bf97000 	C:\WINDOWS\System32\msvcrt.dll
0x00007ffc8aa80000 - 0x00007ffc8ab27000 	C:\WINDOWS\System32\sechost.dll
0x00007ffc7db00000 - 0x00007ffc7db26000 	D:\StudySoftware\Xilinx_Vivado_2019.2\Vivado\2019.2\lib\win64.o\libboost_filesystem.dll
0x00007ffc8a0a0000 - 0x00007ffc8a0c8000 	C:\WINDOWS\System32\bcrypt.dll
0x00007ffc7dae0000 - 0x00007ffc7daf4000 	D:\StudySoftware\Xilinx_Vivado_2019.2\Vivado\2019.2\lib\win64.o\libboost_date_time.dll
0x00007ffc6f730000 - 0x00007ffc6f7af000 	D:\StudySoftware\Xilinx_Vivado_2019.2\Vivado\2019.2\lib\win64.o\libboost_program_options.dll
0x00007ffc8a4d0000 - 0x00007ffc8a5e4000 	C:\WINDOWS\System32\RPCRT4.dll
0x00007ffc5fb10000 - 0x00007ffc5fc24000 	D:\StudySoftware\Xilinx_Vivado_2019.2\Vivado\2019.2\lib\win64.o\libboost_regex.dll
0x00007ffc8b260000 - 0x00007ffc8bad8000 	C:\WINDOWS\System32\SHELL32.dll
0x00007ffc7dc00000 - 0x00007ffc7dc0b000 	D:\StudySoftware\Xilinx_Vivado_2019.2\Vivado\2019.2\lib\win64.o\libboost_system.dll
0x00007ffc7dbd0000 - 0x00007ffc7dbdf000 	D:\StudySoftware\Xilinx_Vivado_2019.2\Vivado\2019.2\lib\win64.o\libboost_xilinx.dll
0x00007ffc7dab0000 - 0x00007ffc7dad1000 	D:\StudySoftware\Xilinx_Vivado_2019.2\Vivado\2019.2\lib\win64.o\libboost_thread.dll
0x00007ffbfc080000 - 0x00007ffbfcc7c200 	D:\StudySoftware\Xilinx_Vivado_2019.2\Vivado\2019.2\lib\win64.o\libisl_iostreams.dll
0x00007ffc576f0000 - 0x00007ffc57795000 	D:\StudySoftware\Xilinx_Vivado_2019.2\Vivado\2019.2\lib\win64.o\libhdxml.dll
0x00007ffc6ef20000 - 0x00007ffc6efa2000 	D:\StudySoftware\Xilinx_Vivado_2019.2\Vivado\2019.2\lib\win64.o\libhdlpsolve.dll
0x00007ffc7b730000 - 0x00007ffc7b75e000 	D:\StudySoftware\Xilinx_Vivado_2019.2\Vivado\2019.2\lib\win64.o\libisl_sysinfo.dll
0x00007ffc69610000 - 0x00007ffc69675000 	D:\StudySoftware\Xilinx_Vivado_2019.2\Vivado\2019.2\lib\win64.o\liblmx6.0.dll
0x00007ffc8bae0000 - 0x00007ffc8bb51000 	C:\WINDOWS\System32\WS2_32.dll
0x00007ffc7d910000 - 0x00007ffc7d92a000 	D:\StudySoftware\Xilinx_Vivado_2019.2\Vivado\2019.2\lib\win64.o\pthreadVC2.dll
0x00007ffc03280000 - 0x00007ffc03421000 	D:\StudySoftware\Xilinx_Vivado_2019.2\Vivado\2019.2\lib\win64.o\librdi_commonxillic.dll
0x00007ffc7da90000 - 0x00007ffc7daac000 	D:\StudySoftware\Xilinx_Vivado_2019.2\Vivado\2019.2\lib\win64.o\librdiconfig.dll
0x00007ffc76020000 - 0x00007ffc76041000 	D:\StudySoftware\Xilinx_Vivado_2019.2\Vivado\2019.2\lib\win64.o\librdizlib.dll
0x0000000053d90000 - 0x0000000053ebb000 	D:\StudySoftware\Xilinx_Vivado_2019.2\Vivado\2019.2\lib\win64.o\tcl85t.dll
0x00007ffc7e580000 - 0x00007ffc7e58c000 	C:\WINDOWS\SYSTEM32\VCRUNTIME140_1.dll
0x0000000012000000 - 0x0000000012270000 	D:\StudySoftware\Xilinx_Vivado_2019.2\Vivado\2019.2\lib\win64.o\xerces-c_3_1.dll
0x00007ffc7dc90000 - 0x00007ffc7dc9a000 	D:\StudySoftware\Xilinx_Vivado_2019.2\Vivado\2019.2\lib\win64.o\librdi_commonversion.dll
0x00007ffc62930000 - 0x00007ffc62949000 	C:\WINDOWS\SYSTEM32\NETAPI32.dll
0x00007ffc5a460000 - 0x00007ffc5a95e000 	C:\WINDOWS\SYSTEM32\WININET.dll
0x00007ffc85900000 - 0x00007ffc85a36000 	C:\WINDOWS\SYSTEM32\WINHTTP.dll
0x00007ffc606a0000 - 0x00007ffc60890000 	C:\WINDOWS\SYSTEM32\urlmon.dll
0x00007ffba2090000 - 0x00007ffba2f21000 	D:\StudySoftware\Xilinx_Vivado_2019.2\Vivado\2019.2\lib\win64.o\gurobi65.dll
0x00007ffbed530000 - 0x00007ffbed539000 	C:\WINDOWS\SYSTEM32\WSOCK32.dll
0x00007ffc6f700000 - 0x00007ffc6f730000 	C:\WINDOWS\SYSTEM32\VCOMP140.DLL
0x00007ffc7d8b0000 - 0x00007ffc7d8bd000 	D:\StudySoftware\Xilinx_Vivado_2019.2\Vivado\2019.2\lib\win64.o\libboost_chrono.dll
0x00007ffc6e4d0000 - 0x00007ffc6e4eb000 	D:\StudySoftware\Xilinx_Vivado_2019.2\Vivado\2019.2\lib\win64.o\libboost_iostreams.dll
0x00007ffc6eef0000 - 0x00007ffc6ef15000 	D:\StudySoftware\Xilinx_Vivado_2019.2\Vivado\2019.2\lib\win64.o\libisl_iosutils.dll
0x00007ffc02fa0000 - 0x00007ffc0327b000 	D:\StudySoftware\Xilinx_Vivado_2019.2\Vivado\2019.2\lib\win64.o\libXil_lmgr11.dll
0x00007ffc8c690000 - 0x00007ffc8c790000 	C:\WINDOWS\System32\COMDLG32.dll
0x00007ffc8bb60000 - 0x00007ffc8beef000 	C:\WINDOWS\System32\combase.dll
0x00007ffc7f820000 - 0x00007ffc7f848000 	C:\WINDOWS\SYSTEM32\srvcli.dll
0x00007ffc70f20000 - 0x00007ffc711de000 	C:\WINDOWS\SYSTEM32\iertutil.dll
0x00007ffc884f0000 - 0x00007ffc884fc000 	C:\WINDOWS\SYSTEM32\netutils.dll
0x00007ffc8b0a0000 - 0x00007ffc8b19a000 	C:\WINDOWS\System32\shcore.dll
0x00007ffc8a600000 - 0x00007ffc8a65e000 	C:\WINDOWS\System32\SHLWAPI.dll
0x00007ffc8a660000 - 0x00007ffc8a737000 	C:\WINDOWS\System32\OLEAUT32.dll
0x00007ffc8aef0000 - 0x00007ffc8b095000 	C:\WINDOWS\System32\ole32.dll
0x00007ffc89f00000 - 0x00007ffc89f72000 	C:\WINDOWS\System32\WINTRUST.dll
0x00007ffc8a1c0000 - 0x00007ffc8a326000 	C:\WINDOWS\System32\CRYPT32.dll
0x00007ffc75b10000 - 0x00007ffc75bc3000 	C:\WINDOWS\WinSxS\amd64_microsoft.windows.common-controls_6595b64144ccf1df_5.82.22621.3527_none_b43b7f4b638cc64f\COMCTL32.dll
0x00007ffc856a0000 - 0x00007ffc856bf000 	C:\WINDOWS\SYSTEM32\dhcpcsvc.DLL
0x00007ffc8aeb0000 - 0x00007ffc8aee1000 	C:\WINDOWS\System32\IMM32.DLL
0x00007ffc89740000 - 0x00007ffc89752000 	C:\WINDOWS\SYSTEM32\MSASN1.dll
0x00007ffc88b90000 - 0x00007ffc88ba8000 	C:\WINDOWS\SYSTEM32\kernel.appcore.dll
0x00007ffbfbb60000 - 0x00007ffbfc077000 	D:\StudySoftware\Xilinx_Vivado_2019.2\Vivado\2019.2\lib\win64.o\librdi_commontasks.dll
0x0000000053360000 - 0x0000000053d85000 	D:\StudySoftware\Xilinx_Vivado_2019.2\Vivado\2019.2\tps\win64\jre9.0.4\bin\server\jvm.dll
0x00007ffc8a5f0000 - 0x00007ffc8a5f8000 	C:\WINDOWS\System32\PSAPI.DLL
0x00007ffbfb870000 - 0x00007ffbfbb53000 	D:\StudySoftware\Xilinx_Vivado_2019.2\Vivado\2019.2\lib\win64.o\librdi_sio.dll
0x00007ffc7efc0000 - 0x00007ffc7efca000 	C:\WINDOWS\SYSTEM32\VERSION.dll
0x00007ffc81a10000 - 0x00007ffc81a44000 	C:\WINDOWS\SYSTEM32\WINMM.dll
0x00007ffc35390000 - 0x00007ffc3547f000 	C:\WINDOWS\SYSTEM32\MSVCR120.dll
0x00007ffc885b0000 - 0x00007ffc885dd000 	C:\WINDOWS\SYSTEM32\IPHLPAPI.DLL
0x00007ffc89000000 - 0x00007ffc89069000 	C:\WINDOWS\SYSTEM32\MSWSOCK.DLL
0x00007ffc87990000 - 0x00007ffc88298000 	C:\WINDOWS\SYSTEM32\windows.storage.dll
0x00007ffc87850000 - 0x00007ffc8798f000 	C:\WINDOWS\SYSTEM32\wintypes.dll
0x00007ffb9f940000 - 0x00007ffba2085000 	D:\StudySoftware\Xilinx_Vivado_2019.2\Vivado\2019.2\lib\win64.o\librdi_tcltasks.dll
0x00007ffbfb3b0000 - 0x00007ffbfb864000 	D:\StudySoftware\Xilinx_Vivado_2019.2\Vivado\2019.2\lib\win64.o\librdi_bitstream.dll
0x00007ffbfea90000 - 0x00007ffbfec2d000 	D:\StudySoftware\Xilinx_Vivado_2019.2\Vivado\2019.2\lib\win64.o\librdi_board.dll
0x00007ffc5f9f0000 - 0x00007ffc5fa6b000 	D:\StudySoftware\Xilinx_Vivado_2019.2\Vivado\2019.2\lib\win64.o\librdi_boarddep.dll
0x00007ffc027d0000 - 0x00007ffc02922000 	D:\StudySoftware\Xilinx_Vivado_2019.2\Vivado\2019.2\lib\win64.o\librdi_cd_client.dll
0x00007ffc33b70000 - 0x00007ffc33c5f000 	D:\StudySoftware\Xilinx_Vivado_2019.2\Vivado\2019.2\lib\win64.o\librdi_chipscope.dll
0x00007ffbfae30000 - 0x00007ffbfaff0000 	D:\StudySoftware\Xilinx_Vivado_2019.2\Vivado\2019.2\lib\win64.o\librdi_chipscopeimpl.dll
0x00007ffb9de60000 - 0x00007ffb9f93a000 	D:\StudySoftware\Xilinx_Vivado_2019.2\Vivado\2019.2\lib\win64.o\librdi_constraints.dll
0x00007ffbfab00000 - 0x00007ffbfae24000 	D:\StudySoftware\Xilinx_Vivado_2019.2\Vivado\2019.2\lib\win64.o\librdi_containers.dll
0x00007ffb9be70000 - 0x00007ffb9de60000 	D:\StudySoftware\Xilinx_Vivado_2019.2\Vivado\2019.2\lib\win64.o\librdi_coregen.dll
0x00007ffbf7df0000 - 0x00007ffbf84c9000 	D:\StudySoftware\Xilinx_Vivado_2019.2\Vivado\2019.2\lib\win64.o\librdi_coregenipxact.dll
0x00007ffb97ba0000 - 0x00007ffb9be6b000 	D:\StudySoftware\Xilinx_Vivado_2019.2\Vivado\2019.2\lib\win64.o\librdi_designutils.dll
0x00007ffb82ff0000 - 0x00007ffb97b9b000 	D:\StudySoftware\Xilinx_Vivado_2019.2\Vivado\2019.2\lib\win64.o\librdi_device.dll
0x00007ffbfa7b0000 - 0x00007ffbfaafa000 	D:\StudySoftware\Xilinx_Vivado_2019.2\Vivado\2019.2\lib\win64.o\librdi_dlyest.dll
0x00007ffbf5d40000 - 0x00007ffbf630d000 	D:\StudySoftware\Xilinx_Vivado_2019.2\Vivado\2019.2\lib\win64.o\librdi_drc.dll
0x00007ffc56d90000 - 0x00007ffc56e54000 	D:\StudySoftware\Xilinx_Vivado_2019.2\Vivado\2019.2\lib\win64.o\librdi_dsp.dll
0x00007ffbf56d0000 - 0x00007ffbf5d3b000 	D:\StudySoftware\Xilinx_Vivado_2019.2\Vivado\2019.2\lib\win64.o\librdi_filemgmt.dll
0x00007ffbfa380000 - 0x00007ffbfa690000 	D:\StudySoftware\Xilinx_Vivado_2019.2\Vivado\2019.2\lib\win64.o\librdi_guitools.dll
0x00007ffc5f8c0000 - 0x00007ffc5f92a000 	D:\StudySoftware\Xilinx_Vivado_2019.2\Vivado\2019.2\lib\win64.o\librdi_hdf.dll
0x00007ffbfa160000 - 0x00007ffbfa380000 	D:\StudySoftware\Xilinx_Vivado_2019.2\Vivado\2019.2\lib\win64.o\librdi_hip_devdesign.dll
0x00007ffc33780000 - 0x00007ffc338c8000 	D:\StudySoftware\Xilinx_Vivado_2019.2\Vivado\2019.2\lib\win64.o\librdi_hip_perf_analysis.dll
0x00007ffb81880000 - 0x00007ffb82fed000 	D:\StudySoftware\Xilinx_Vivado_2019.2\Vivado\2019.2\lib\win64.o\librdi_implflow.dll
0x00007ffbf4740000 - 0x00007ffbf4d71000 	D:\StudySoftware\Xilinx_Vivado_2019.2\Vivado\2019.2\lib\win64.o\librdi_memdata.dll
0x00007ffc4a520000 - 0x00007ffc4a594000 	D:\StudySoftware\Xilinx_Vivado_2019.2\Vivado\2019.2\lib\win64.o\librdi_memoryarray.dll
0x00007ffb7eab0000 - 0x00007ffb8187b000 	D:\StudySoftware\Xilinx_Vivado_2019.2\Vivado\2019.2\lib\win64.o\librdi_mig.dll
0x00007ffbf0af0000 - 0x00007ffbf11d3000 	D:\StudySoftware\Xilinx_Vivado_2019.2\Vivado\2019.2\lib\win64.o\librdi_netlist.dll
0x00007ffc59c20000 - 0x00007ffc59c6c000 	D:\StudySoftware\Xilinx_Vivado_2019.2\Vivado\2019.2\lib\win64.o\librdi_pfi.dll
0x00007ffbf7020000 - 0x00007ffbf733b000 	D:\StudySoftware\Xilinx_Vivado_2019.2\Vivado\2019.2\lib\win64.o\librdi_platform.dll
0x00007ffb7c1e0000 - 0x00007ffb7eaa7000 	D:\StudySoftware\Xilinx_Vivado_2019.2\Vivado\2019.2\lib\win64.o\librdi_place.dll
0x00007ffb7b9d0000 - 0x00007ffb7c1db000 	D:\StudySoftware\Xilinx_Vivado_2019.2\Vivado\2019.2\lib\win64.o\librdi_power.dll
0x00007ffb7b410000 - 0x00007ffb7b9ca000 	D:\StudySoftware\Xilinx_Vivado_2019.2\Vivado\2019.2\lib\win64.o\librdi_project.dll
0x00007ffb7acd0000 - 0x00007ffb7b403000 	D:\StudySoftware\Xilinx_Vivado_2019.2\Vivado\2019.2\lib\win64.o\librdi_psta.dll
0x00007ffb7a600000 - 0x00007ffb7acc1000 	D:\StudySoftware\Xilinx_Vivado_2019.2\Vivado\2019.2\lib\win64.o\librdi_rsb.dll
0x00007ffbda200000 - 0x00007ffbda623000 	D:\StudySoftware\Xilinx_Vivado_2019.2\Vivado\2019.2\lib\win64.o\librdi_runs.dll
0x00007ffbf63e0000 - 0x00007ffbf6655000 	D:\StudySoftware\Xilinx_Vivado_2019.2\Vivado\2019.2\lib\win64.o\librdi_simdata.dll
0x00007ffc32d80000 - 0x00007ffc32e88000 	D:\StudySoftware\Xilinx_Vivado_2019.2\Vivado\2019.2\lib\win64.o\librdi_runsbase.dll
0x00007ffb79770000 - 0x00007ffb7a5fd000 	D:\StudySoftware\Xilinx_Vivado_2019.2\Vivado\2019.2\lib\win64.o\librdi_timing.dll
0x00007ffbf7c50000 - 0x00007ffbf7df0000 	D:\StudySoftware\Xilinx_Vivado_2019.2\Vivado\2019.2\lib\win64.o\librdi_cd_protocol.dll
0x00007ffbf69e0000 - 0x00007ffbf6b81000 	D:\StudySoftware\Xilinx_Vivado_2019.2\Vivado\2019.2\lib\win64.o\librdi_advchipscopeimpl.dll
0x00007ffc58210000 - 0x00007ffc5825c000 	D:\StudySoftware\Xilinx_Vivado_2019.2\Vivado\2019.2\lib\win64.o\libboost_serialization.dll
0x00007ffc02b50000 - 0x00007ffc02c27000 	D:\StudySoftware\Xilinx_Vivado_2019.2\Vivado\2019.2\lib\win64.o\librdi_ipconfig_readwrite.dll
0x00007ffc52390000 - 0x00007ffc523da000 	D:\StudySoftware\Xilinx_Vivado_2019.2\Vivado\2019.2\lib\win64.o\librdi_noc_frameworks.dll
0x00007ffb78c20000 - 0x00007ffb79767000 	D:\StudySoftware\Xilinx_Vivado_2019.2\Vivado\2019.2\lib\win64.o\libverific.dll
0x00007ffbf2b10000 - 0x00007ffbf2cf4000 	D:\StudySoftware\Xilinx_Vivado_2019.2\Vivado\2019.2\lib\win64.o\librdi_hip_config.dll
0x00007ffc336b0000 - 0x00007ffc3374e000 	D:\StudySoftware\Xilinx_Vivado_2019.2\Vivado\2019.2\lib\win64.o\libise.dll
0x00007ffbd4f50000 - 0x00007ffbd549e000 	D:\StudySoftware\Xilinx_Vivado_2019.2\Vivado\2019.2\lib\win64.o\librdi_xdm.dll
0x00007ffb78600000 - 0x00007ffb78c1b000 	D:\StudySoftware\Xilinx_Vivado_2019.2\Vivado\2019.2\lib\win64.o\librdi_wavedata.dll

VM Arguments:
jvm_args: -Dsun.java2d.pmoffscreen=false -Dsun.java2d.xrender=false -Dsun.java2d.d3d=false -Dsun.awt.nopixfmt=true -Dsun.java2d.dpiaware=true -Dsun.java2d.uiScale.enabled=false -Xverify:none -Dswing.aatext=true -XX:-UsePerfData -Djdk.map.althashing.threshold=512 -XX:StringTableSize=4072 --add-opens=java.base/java.nio=ALL-UNNAMED --add-opens=java.desktop/sun.swing=ALL-UNNAMED --add-opens=java.desktop/javax.swing=ALL-UNNAMED --add-opens=java.desktop/javax.swing.tree=ALL-UNNAMED --add-opens=java.desktop/javax.swing.plaf.basic=ALL-UNNAMED --add-opens=java.desktop/javax.swing.plaf.synth=ALL-UNNAMED --add-opens=java.desktop/com.sun.awt=ALL-UNNAMED -XX:NewSize=60m -XX:MaxNewSize=60m -Xms128m -Xmx3072m -Xss5m 
java_command: <unknown>
java_class_path (initial): D:/StudySoftware/Xilinx_Vivado_2019.2/Vivado/2019.2\lib\classes\alloy.jar;D:/StudySoftware/Xilinx_Vivado_2019.2/Vivado/2019.2\lib\classes\autoesl-common.jar;D:/StudySoftware/Xilinx_Vivado_2019.2/Vivado/2019.2\lib\classes\autoesl-models.jar;D:/StudySoftware/Xilinx_Vivado_2019.2/Vivado/2019.2\lib\classes\autoesl-report.jar;D:/StudySoftware/Xilinx_Vivado_2019.2/Vivado/2019.2\lib\classes\autopilot.scelaborator.jar;D:/StudySoftware/Xilinx_Vivado_2019.2/Vivado/2019.2\lib\classes\autopilot.sourceprocessor.jar;D:/StudySoftware/Xilinx_Vivado_2019.2/Vivado/2019.2\lib\classes\autopilot.tbprocessor.jar;D:/StudySoftware/Xilinx_Vivado_2019.2/Vivado/2019.2\lib\classes\batik-anim.jar;D:/StudySoftware/Xilinx_Vivado_2019.2/Vivado/2019.2\lib\classes\batik-awt-util.jar;D:/StudySoftware/Xilinx_Vivado_2019.2/Vivado/2019.2\lib\classes\batik-bridge.jar;D:/StudySoftware/Xilinx_Vivado_2019.2/Vivado/2019.2\lib\classes\batik-codec.jar;D:/StudySoftware/Xilinx_Vivado_2019.2/Vivado/2019.2\lib\classes\batik-css.jar;D:/StudySoftware/Xilinx_Vivado_2019.2/Vivado/2019.2\lib\classes\batik-dom.jar;D:/StudySoftware/Xilinx_Vivado_2019.2/Vivado/2019.2\lib\classes\batik-ext.jar;D:/StudySoftware/Xilinx_Vivado_2019.2/Vivado/2019.2\lib\classes\batik-gui-util.jar;D:/StudySoftware/Xilinx_Vivado_2019.2/Vivado/2019.2\lib\classes\batik-gvt.jar;D:/StudySoftware/Xilinx_Vivado_2019.2/Vivado/2019.2\lib\classes\batik-parser.jar;D:/StudySoftware/Xilinx_Vivado_2019.2/Vivado/2019.2\lib\classes\batik-script.jar;D:/StudySoftware/Xilinx_Vivado_2019.2/Vivado/2019.2\lib\classes\batik-svg-dom.jar;D:/StudySoftware/Xilinx_Vivado_2019.2/Vivado/2019.2\lib\classes\batik-swing.jar;D:/StudySoftware/Xilinx_Vivado_2019.2/Vivado/2019.2\lib\classes\batik-transcoder.jar;D:/StudySoftware/Xilinx_Vivado_2019.2/Vivado/2019.2\lib\classes\batik-util.jar;D:/StudySoftware/Xilinx_Vivado_2019.2/Vivado/2019.2\lib\classes\batik-xml.jar;D:/StudySoftware/Xilinx_Vivado_2019.2/Vivado/2019.2\lib\classes\com.google.gson_2.7.0.v20
Launcher Type: generic

Logging:
Log output configuration:
#0: stdout all=warning uptime,level,tags
#1: stderr all=off uptime,level,tags

Environment Variables:
JAVA_HOME=D:\programs\Java_SDK
PATH=D:/StudySoftware/Xilinx_Vivado_2019.2/Vivado/2019.2\gnuwin\bin;D:/StudySoftware/Xilinx_Vivado_2019.2/Vivado/2019.2\gnu\microblaze\nt\bin;D:/StudySoftware/Xilinx_Vivado_2019.2/Vivado/2019.2/bin;D:/StudySoftware/Xilinx_Vivado_2019.2/Vivado/2019.2/lib/win64.o;D:/StudySoftware/Xilinx_Vivado_2019.2/Vivado/2019.2/tps/win64/jre9.0.4/bin/server;D:/StudySoftware/Xilinx_Vivado_2019.2/Vivado/2019.2/tps/win64/jre9.0.4/bin;D:/StudySoftware/Xilinx_Vivado_2019.2/Vivado/2019.2/ids_lite/ISE/bin/nt64;D:/StudySoftware/Xilinx_Vivado_2019.2/Vivado/2019.2/ids_lite/ISE/lib/nt64;C:\Program Files (x86)\VMware\VMware Workstation\bin\;C:\Program Files (x86)\Razer\ChromaBroadcast\bin;C:\Program Files\Razer\ChromaBroadcast\bin;C:\Program Files\NVIDIA GPU Computing Toolkit\CUDA\v12.4\bin;C:\Program Files\NVIDIA GPU Computing Toolkit\CUDA\v12.4\libnvvp;C:\Windows\system32;C:\Windows;C:\Windows\System32\Wbem;C:\Windows\System32\OpenSSH\;C:\Program Files\dotnet\;C:\Program Files (x86)\NVIDIA Corporation\PhysX\Common;C:\Program Files\NVIDIA Corporation\NVIDIA NvDLISR;C:\Windows\System32\WindowsPowerShell\v1.0;C:\Program Files\Microsoft SQL Server\150\Tools\Binn\;C:\Program Files\MySQL\MySQL Server 8.2\bin;C:\Program Files\Git\cmd;C:\Program Files\NVIDIA Corporation\Nsight Compute 2024.1.1\;C:\Program Files\Microsoft SQL Server\Client SDK\ODBC\170\Tools\Binn\;C:\Program Files (x86)\Windows Kits\10\Windows Performance Toolkit\;C:\Program Files\Zero Install;C:\WINDOWS\system32\config\systemprofile\AppData\Local\Microsoft\WindowsApps;C:\ProgramData\chocolatey\bin;C:\Program Files (x86)\sbt\bin;D:\programs\Java_SDK\bin;C:\Program Files\Git LFS;D:\StudySoftware\MS Visual Studio\VC\Tools\MSVC\14.41.34120\bin\Hostx64\x64\cl.exe;D:\StudySoftware\MATLAB\runtime\win64;D:\StudySoftware\MATLAB\bin;C:\Program Files\MySQL\MySQL Server 8.0\bin;C:\Program Files (x86)\NetSarang\Xftp 8\;C:\Program Files (x86)\NetSarang\Xshell 8\;C:\Program Files (x86)\NetSarang\Xmanager 8\;C:\Program Files\MySQL\MySQL Shell 8.0\bin\
USERNAME=13936
OS=Windows_NT
PROCESSOR_IDENTIFIER=Intel64 Family 6 Model 183 Stepping 1, GenuineIntel



---------------  S Y S T E M  ---------------

OS: Windows 10 , 64 bit Build 22621 (10.0.22621.4391)

CPU:total 32 (initial active 32) (16 cores per cpu, 2 threads per core) family 6 model 183 stepping 1, cmov, cx8, fxsr, mmx, sse, sse2, sse3, ssse3, sse4.1, sse4.2, popcnt, avx, avx2, aes, clmul, erms, 3dnowpref, lzcnt, ht, tsc, tscinvbit, bmi1, bmi2, adx, sha, fma

Memory: 4k page, physical 33231568k(18540984k free), swap 35328720k(12123040k free)

vm_info: Java HotSpot(TM) 64-Bit Server VM (9.0.4+11) for windows-amd64 JRE (9.0.4+11), built on Dec 20 2017 02:18:54 by "mach5one" with MS VC++ 12.0 (VS2013)

END.
