
*** Running vivado
    with args -log soc_top.vds -m64 -product Vivado -mode batch -messageDb vivado.pb -notrace -source soc_top.tcl


****** Vivado v2019.2 (64-bit)
  **** SW Build 2708876 on Wed Nov  6 21:40:23 MST 2019
  **** IP Build 2700528 on Thu Nov  7 00:09:20 MST 2019
    ** Copyright 1986-2019 Xilinx, Inc. All Rights Reserved.

source soc_top.tcl -notrace
INFO: [IP_Flow 19-234] Refreshing IP repositories
WARNING: [IP_Flow 19-2248] Failed to load user IP repository 'd:/ComputerScience/hitcs/hitcs/lcd_controller/lcd_controller.srcs/sources_1'; Can't find the specified path.
If this directory should no longer be in your list of user repositories, go to the IP Settings dialog and remove it.
WARNING: [IP_Flow 19-2248] Failed to load user IP repository 'd:/ComputerScience/hitcs/hitcs/ma_river_core/ma_river_core.srcs/sources_1'; Can't find the specified path.
If this directory should no longer be in your list of user repositories, go to the IP Settings dialog and remove it.
INFO: [IP_Flow 19-2313] Loaded Vivado IP repository 'D:/StudySoftware/Xilinx_Vivado_2019.2/Vivado/2019.2/data/ip'.
Command: synth_design -top soc_top -part xc7a200tfbg676-2
Starting synth_design
INFO: [IP_Flow 19-2162] IP 'ma_river_core_0' is locked:
* IP definition 'ma_river_core (1.0)' for IP 'ma_river_core_0' (customized with software release 2019.2) was not found in the IP Catalog.
INFO: [IP_Flow 19-2162] IP 'lcd_controller_0' is locked:
* IP definition 'lcd_controller (1.0)' for IP 'lcd_controller_0' (customized with software release 2019.2) was not found in the IP Catalog.
Attempting to get a license for feature 'Synthesis' and/or device 'xc7a200t'
INFO: [Common 17-349] Got license for feature 'Synthesis' and/or device 'xc7a200t'
INFO: [Device 21-403] Loading part xc7a200tfbg676-2
INFO: Launching helper process for spawning children vivado processes
INFO: Helper process launched with PID 19728 
---------------------------------------------------------------------------------
Starting RTL Elaboration : Time (s): cpu = 00:00:00 ; elapsed = 00:00:02 . Memory (MB): peak = 1024.676 ; gain = 234.211
---------------------------------------------------------------------------------
INFO: [Synth 8-6157] synthesizing module 'soc_top' [D:/ComputerScience/hitcs/hitcs/computer_architecture/labs/lab2/lab2.srcs/sources_1/new/soc_top.v:11]
	Parameter SIMULATION bound to: 0 - type: integer 
INFO: [Synth 8-6157] synthesizing module 'clk_pll' [D:/ComputerScience/hitcs/hitcs/computer_architecture/labs/lab2/lab2.runs/synth_1/.Xil/Vivado-29800-TianChang/realtime/clk_pll_stub.v:5]
INFO: [Synth 8-6155] done synthesizing module 'clk_pll' (1#1) [D:/ComputerScience/hitcs/hitcs/computer_architecture/labs/lab2/lab2.runs/synth_1/.Xil/Vivado-29800-TianChang/realtime/clk_pll_stub.v:5]
INFO: [Synth 8-6157] synthesizing module 'mr_bram' [D:/ComputerScience/hitcs/hitcs/computer_architecture/labs/lab2/lab2.runs/synth_1/.Xil/Vivado-29800-TianChang/realtime/mr_bram_stub.v:6]
INFO: [Synth 8-6155] done synthesizing module 'mr_bram' (2#1) [D:/ComputerScience/hitcs/hitcs/computer_architecture/labs/lab2/lab2.runs/synth_1/.Xil/Vivado-29800-TianChang/realtime/mr_bram_stub.v:6]
INFO: [Synth 8-6157] synthesizing module 'lcd_controller_0' [D:/ComputerScience/hitcs/hitcs/computer_architecture/labs/lab2/lab2.runs/synth_1/.Xil/Vivado-29800-TianChang/realtime/lcd_controller_0_stub.v:6]
INFO: [Synth 8-6155] done synthesizing module 'lcd_controller_0' (3#1) [D:/ComputerScience/hitcs/hitcs/computer_architecture/labs/lab2/lab2.runs/synth_1/.Xil/Vivado-29800-TianChang/realtime/lcd_controller_0_stub.v:6]
WARNING: [Synth 8-689] width (4) of port connection 'rid' does not match port width (6) of module 'lcd_controller_0' [D:/ComputerScience/hitcs/hitcs/computer_architecture/labs/lab2/lab2.srcs/sources_1/new/soc_top.v:211]
WARNING: [Synth 8-689] width (4) of port connection 'bid' does not match port width (6) of module 'lcd_controller_0' [D:/ComputerScience/hitcs/hitcs/computer_architecture/labs/lab2/lab2.srcs/sources_1/new/soc_top.v:234]
WARNING: [Synth 8-7023] instance 'lcd' of module 'lcd_controller_0' has 59 connections declared, but only 50 given [D:/ComputerScience/hitcs/hitcs/computer_architecture/labs/lab2/lab2.srcs/sources_1/new/soc_top.v:180]
INFO: [Synth 8-6157] synthesizing module 'ma_river_core_0' [D:/ComputerScience/hitcs/hitcs/computer_architecture/labs/lab2/lab2.runs/synth_1/.Xil/Vivado-29800-TianChang/realtime/ma_river_core_0_stub.v:6]
INFO: [Synth 8-6155] done synthesizing module 'ma_river_core_0' (4#1) [D:/ComputerScience/hitcs/hitcs/computer_architecture/labs/lab2/lab2.runs/synth_1/.Xil/Vivado-29800-TianChang/realtime/ma_river_core_0_stub.v:6]
WARNING: [Synth 8-7023] instance 'mrcore' of module 'ma_river_core_0' has 51 connections declared, but only 39 given [D:/ComputerScience/hitcs/hitcs/computer_architecture/labs/lab2/lab2.srcs/sources_1/new/soc_top.v:283]
INFO: [Synth 8-6157] synthesizing module 'checker_wrapper' [D:/ComputerScience/hitcs/hitcs/computer_architecture/labs/lab2/lab2.srcs/sources_1/imports/new/checker_wrapper.v:8]
INFO: [Synth 8-155] case statement is not full and has no default [D:/ComputerScience/hitcs/hitcs/computer_architecture/labs/lab2/lab2.srcs/sources_1/imports/new/checker_wrapper.v:131]
INFO: [Synth 8-6155] done synthesizing module 'checker_wrapper' (5#1) [D:/ComputerScience/hitcs/hitcs/computer_architecture/labs/lab2/lab2.srcs/sources_1/imports/new/checker_wrapper.v:8]
INFO: [Synth 8-6157] synthesizing module 'axi_bus' [D:/ComputerScience/hitcs/hitcs/computer_architecture/labs/lab2/lab2.runs/synth_1/.Xil/Vivado-29800-TianChang/realtime/axi_bus_stub.v:6]
INFO: [Synth 8-6155] done synthesizing module 'axi_bus' (6#1) [D:/ComputerScience/hitcs/hitcs/computer_architecture/labs/lab2/lab2.runs/synth_1/.Xil/Vivado-29800-TianChang/realtime/axi_bus_stub.v:6]
WARNING: [Synth 8-7023] instance 'axib' of module 'axi_bus' has 78 connections declared, but only 76 given [D:/ComputerScience/hitcs/hitcs/computer_architecture/labs/lab2/lab2.srcs/sources_1/new/soc_top.v:429]
INFO: [Synth 8-6157] synthesizing module 'cpu_inst_rom' [D:/ComputerScience/hitcs/hitcs/computer_architecture/labs/lab2/lab2.srcs/sources_1/new/cpu_inst_rom.v:23]
INFO: [Synth 8-6157] synthesizing module 'cpu_inst0_rom' [D:/ComputerScience/hitcs/hitcs/computer_architecture/labs/lab2/lab2.runs/synth_1/.Xil/Vivado-29800-TianChang/realtime/cpu_inst0_rom_stub.v:6]
INFO: [Synth 8-6155] done synthesizing module 'cpu_inst0_rom' (7#1) [D:/ComputerScience/hitcs/hitcs/computer_architecture/labs/lab2/lab2.runs/synth_1/.Xil/Vivado-29800-TianChang/realtime/cpu_inst0_rom_stub.v:6]
INFO: [Synth 8-6157] synthesizing module 'cpu_inst1_rom' [D:/ComputerScience/hitcs/hitcs/computer_architecture/labs/lab2/lab2.runs/synth_1/.Xil/Vivado-29800-TianChang/realtime/cpu_inst1_rom_stub.v:6]
INFO: [Synth 8-6155] done synthesizing module 'cpu_inst1_rom' (8#1) [D:/ComputerScience/hitcs/hitcs/computer_architecture/labs/lab2/lab2.runs/synth_1/.Xil/Vivado-29800-TianChang/realtime/cpu_inst1_rom_stub.v:6]
INFO: [Synth 8-6157] synthesizing module 'cpu_inst2_rom' [D:/ComputerScience/hitcs/hitcs/computer_architecture/labs/lab2/lab2.runs/synth_1/.Xil/Vivado-29800-TianChang/realtime/cpu_inst2_rom_stub.v:6]
INFO: [Synth 8-6155] done synthesizing module 'cpu_inst2_rom' (9#1) [D:/ComputerScience/hitcs/hitcs/computer_architecture/labs/lab2/lab2.runs/synth_1/.Xil/Vivado-29800-TianChang/realtime/cpu_inst2_rom_stub.v:6]
INFO: [Synth 8-6155] done synthesizing module 'cpu_inst_rom' (10#1) [D:/ComputerScience/hitcs/hitcs/computer_architecture/labs/lab2/lab2.srcs/sources_1/new/cpu_inst_rom.v:23]
INFO: [Synth 8-6157] synthesizing module 'cpu_data_ram' [D:/ComputerScience/hitcs/hitcs/computer_architecture/labs/lab2/lab2.runs/synth_1/.Xil/Vivado-29800-TianChang/realtime/cpu_data_ram_stub.v:6]
INFO: [Synth 8-6155] done synthesizing module 'cpu_data_ram' (11#1) [D:/ComputerScience/hitcs/hitcs/computer_architecture/labs/lab2/lab2.runs/synth_1/.Xil/Vivado-29800-TianChang/realtime/cpu_data_ram_stub.v:6]
WARNING: [Synth 8-689] width (8) of port connection 'a' does not match port width (7) of module 'cpu_data_ram' [D:/ComputerScience/hitcs/hitcs/computer_architecture/labs/lab2/lab2.srcs/sources_1/new/soc_top.v:531]
INFO: [Synth 8-6157] synthesizing module 'cpu' [D:/ComputerScience/hitcs/hitcs/computer_architecture/labs/lab2/lab2.srcs/sources_1/imports/lab2/cpu.v:3]
INFO: [Synth 8-6157] synthesizing module 'my_branch_predictor' [D:/ComputerScience/hitcs/hitcs/computer_architecture/labs/lab2/lab2.srcs/sources_1/imports/lab2/branch_predictor.v:3]
INFO: [Synth 8-6155] done synthesizing module 'my_branch_predictor' (12#1) [D:/ComputerScience/hitcs/hitcs/computer_architecture/labs/lab2/lab2.srcs/sources_1/imports/lab2/branch_predictor.v:3]
INFO: [Synth 8-6157] synthesizing module 'detector' [D:/ComputerScience/hitcs/hitcs/computer_architecture/labs/lab2/lab2.srcs/sources_1/imports/lab2/detector.v:1]
INFO: [Synth 8-6155] done synthesizing module 'detector' (13#1) [D:/ComputerScience/hitcs/hitcs/computer_architecture/labs/lab2/lab2.srcs/sources_1/imports/lab2/detector.v:1]
INFO: [Synth 8-6157] synthesizing module 'register_file' [D:/ComputerScience/hitcs/hitcs/computer_architecture/labs/lab2/lab2.srcs/sources_1/imports/lab2/my_regfile.v:3]
INFO: [Synth 8-6155] done synthesizing module 'register_file' (14#1) [D:/ComputerScience/hitcs/hitcs/computer_architecture/labs/lab2/lab2.srcs/sources_1/imports/lab2/my_regfile.v:3]
WARNING: [Synth 8-689] width (6) of port connection 'write_address' does not match port width (5) of module 'register_file' [D:/ComputerScience/hitcs/hitcs/computer_architecture/labs/lab2/lab2.srcs/sources_1/imports/lab2/cpu.v:127]
INFO: [Synth 8-6157] synthesizing module 'sign_extend' [D:/ComputerScience/hitcs/hitcs/computer_architecture/labs/lab2/lab2.srcs/sources_1/imports/lab2/sign_extend.v:3]
INFO: [Synth 8-6155] done synthesizing module 'sign_extend' (15#1) [D:/ComputerScience/hitcs/hitcs/computer_architecture/labs/lab2/lab2.srcs/sources_1/imports/lab2/sign_extend.v:3]
INFO: [Synth 8-6157] synthesizing module 'data_mux' [D:/ComputerScience/hitcs/hitcs/computer_architecture/labs/lab2/lab2.srcs/sources_1/imports/lab2/data_mux.v:3]
INFO: [Synth 8-6155] done synthesizing module 'data_mux' (16#1) [D:/ComputerScience/hitcs/hitcs/computer_architecture/labs/lab2/lab2.srcs/sources_1/imports/lab2/data_mux.v:3]
INFO: [Synth 8-6157] synthesizing module 'my_alu' [D:/ComputerScience/hitcs/hitcs/computer_architecture/labs/lab2/lab2.srcs/sources_1/imports/lab2/my_alu.v:12]
INFO: [Synth 8-6155] done synthesizing module 'my_alu' (17#1) [D:/ComputerScience/hitcs/hitcs/computer_architecture/labs/lab2/lab2.srcs/sources_1/imports/lab2/my_alu.v:12]
INFO: [Synth 8-6157] synthesizing module 'jump_control' [D:/ComputerScience/hitcs/hitcs/computer_architecture/labs/lab2/lab2.srcs/sources_1/imports/lab2/jump_control.v:3]
INFO: [Synth 8-6155] done synthesizing module 'jump_control' (18#1) [D:/ComputerScience/hitcs/hitcs/computer_architecture/labs/lab2/lab2.srcs/sources_1/imports/lab2/jump_control.v:3]
WARNING: [Synth 8-3848] Net rst in module/entity cpu does not have driver. [D:/ComputerScience/hitcs/hitcs/computer_architecture/labs/lab2/lab2.srcs/sources_1/imports/lab2/cpu.v:77]
INFO: [Synth 8-6155] done synthesizing module 'cpu' (19#1) [D:/ComputerScience/hitcs/hitcs/computer_architecture/labs/lab2/lab2.srcs/sources_1/imports/lab2/cpu.v:3]
INFO: [Synth 8-6157] synthesizing module 'cpu_checker' [D:/ComputerScience/hitcs/hitcs/computer_architecture/labs/lab2/lab2.srcs/sources_1/new/cpu_checker.v:48]
	Parameter SIMULATION bound to: 0 - type: integer 
INFO: [Synth 8-6157] synthesizing module 'cpu_ans0_rom' [D:/ComputerScience/hitcs/hitcs/computer_architecture/labs/lab2/lab2.runs/synth_1/.Xil/Vivado-29800-TianChang/realtime/cpu_ans0_rom_stub.v:6]
INFO: [Synth 8-6155] done synthesizing module 'cpu_ans0_rom' (20#1) [D:/ComputerScience/hitcs/hitcs/computer_architecture/labs/lab2/lab2.runs/synth_1/.Xil/Vivado-29800-TianChang/realtime/cpu_ans0_rom_stub.v:6]
INFO: [Synth 8-6157] synthesizing module 'cpu_ans1_rom' [D:/ComputerScience/hitcs/hitcs/computer_architecture/labs/lab2/lab2.runs/synth_1/.Xil/Vivado-29800-TianChang/realtime/cpu_ans1_rom_stub.v:6]
INFO: [Synth 8-6155] done synthesizing module 'cpu_ans1_rom' (21#1) [D:/ComputerScience/hitcs/hitcs/computer_architecture/labs/lab2/lab2.runs/synth_1/.Xil/Vivado-29800-TianChang/realtime/cpu_ans1_rom_stub.v:6]
INFO: [Synth 8-6157] synthesizing module 'cpu_ans2_rom' [D:/ComputerScience/hitcs/hitcs/computer_architecture/labs/lab2/lab2.runs/synth_1/.Xil/Vivado-29800-TianChang/realtime/cpu_ans2_rom_stub.v:6]
INFO: [Synth 8-6155] done synthesizing module 'cpu_ans2_rom' (22#1) [D:/ComputerScience/hitcs/hitcs/computer_architecture/labs/lab2/lab2.runs/synth_1/.Xil/Vivado-29800-TianChang/realtime/cpu_ans2_rom_stub.v:6]
INFO: [Synth 8-6155] done synthesizing module 'cpu_checker' (23#1) [D:/ComputerScience/hitcs/hitcs/computer_architecture/labs/lab2/lab2.srcs/sources_1/new/cpu_checker.v:48]
INFO: [Synth 8-6155] done synthesizing module 'soc_top' (24#1) [D:/ComputerScience/hitcs/hitcs/computer_architecture/labs/lab2/lab2.srcs/sources_1/new/soc_top.v:11]
WARNING: [Synth 8-3331] design cpu_checker has unconnected port checker_raddr[31]
WARNING: [Synth 8-3331] design cpu_checker has unconnected port checker_raddr[30]
WARNING: [Synth 8-3331] design cpu_checker has unconnected port checker_raddr[29]
WARNING: [Synth 8-3331] design cpu_checker has unconnected port checker_raddr[28]
WARNING: [Synth 8-3331] design cpu_checker has unconnected port checker_raddr[27]
WARNING: [Synth 8-3331] design cpu_checker has unconnected port checker_raddr[26]
WARNING: [Synth 8-3331] design cpu_checker has unconnected port checker_raddr[25]
WARNING: [Synth 8-3331] design cpu_checker has unconnected port checker_raddr[24]
WARNING: [Synth 8-3331] design cpu_checker has unconnected port checker_raddr[23]
WARNING: [Synth 8-3331] design cpu_checker has unconnected port checker_raddr[22]
WARNING: [Synth 8-3331] design cpu_checker has unconnected port checker_raddr[21]
WARNING: [Synth 8-3331] design cpu_checker has unconnected port checker_raddr[20]
WARNING: [Synth 8-3331] design cpu_checker has unconnected port checker_raddr[19]
WARNING: [Synth 8-3331] design cpu_checker has unconnected port checker_raddr[18]
WARNING: [Synth 8-3331] design cpu_checker has unconnected port checker_raddr[17]
WARNING: [Synth 8-3331] design cpu_checker has unconnected port checker_raddr[16]
WARNING: [Synth 8-3331] design cpu_checker has unconnected port checker_waddr[31]
WARNING: [Synth 8-3331] design cpu_checker has unconnected port checker_waddr[30]
WARNING: [Synth 8-3331] design cpu_checker has unconnected port checker_waddr[29]
WARNING: [Synth 8-3331] design cpu_checker has unconnected port checker_waddr[28]
WARNING: [Synth 8-3331] design cpu_checker has unconnected port checker_waddr[27]
WARNING: [Synth 8-3331] design cpu_checker has unconnected port checker_waddr[26]
WARNING: [Synth 8-3331] design cpu_checker has unconnected port checker_waddr[25]
WARNING: [Synth 8-3331] design cpu_checker has unconnected port checker_waddr[24]
WARNING: [Synth 8-3331] design cpu_checker has unconnected port checker_waddr[23]
WARNING: [Synth 8-3331] design cpu_checker has unconnected port checker_waddr[22]
WARNING: [Synth 8-3331] design cpu_checker has unconnected port checker_waddr[21]
WARNING: [Synth 8-3331] design cpu_checker has unconnected port checker_waddr[20]
WARNING: [Synth 8-3331] design cpu_checker has unconnected port checker_waddr[19]
WARNING: [Synth 8-3331] design cpu_checker has unconnected port checker_waddr[18]
WARNING: [Synth 8-3331] design cpu_checker has unconnected port checker_waddr[17]
WARNING: [Synth 8-3331] design cpu_checker has unconnected port checker_waddr[16]
WARNING: [Synth 8-3331] design jump_control has unconnected port reg2[31]
WARNING: [Synth 8-3331] design jump_control has unconnected port reg2[30]
WARNING: [Synth 8-3331] design jump_control has unconnected port reg2[29]
WARNING: [Synth 8-3331] design jump_control has unconnected port reg2[28]
WARNING: [Synth 8-3331] design jump_control has unconnected port reg2[27]
WARNING: [Synth 8-3331] design jump_control has unconnected port reg2[26]
WARNING: [Synth 8-3331] design jump_control has unconnected port reg2[25]
WARNING: [Synth 8-3331] design jump_control has unconnected port reg2[24]
WARNING: [Synth 8-3331] design jump_control has unconnected port reg2[23]
WARNING: [Synth 8-3331] design jump_control has unconnected port reg2[22]
WARNING: [Synth 8-3331] design jump_control has unconnected port reg2[21]
WARNING: [Synth 8-3331] design jump_control has unconnected port reg2[20]
WARNING: [Synth 8-3331] design jump_control has unconnected port reg2[19]
WARNING: [Synth 8-3331] design jump_control has unconnected port reg2[18]
WARNING: [Synth 8-3331] design jump_control has unconnected port reg2[17]
WARNING: [Synth 8-3331] design jump_control has unconnected port reg2[16]
WARNING: [Synth 8-3331] design jump_control has unconnected port reg2[15]
WARNING: [Synth 8-3331] design jump_control has unconnected port reg2[14]
WARNING: [Synth 8-3331] design jump_control has unconnected port reg2[13]
WARNING: [Synth 8-3331] design jump_control has unconnected port reg2[12]
WARNING: [Synth 8-3331] design jump_control has unconnected port reg2[11]
WARNING: [Synth 8-3331] design jump_control has unconnected port reg2[10]
WARNING: [Synth 8-3331] design jump_control has unconnected port reg2[9]
WARNING: [Synth 8-3331] design jump_control has unconnected port reg2[8]
WARNING: [Synth 8-3331] design jump_control has unconnected port reg2[7]
WARNING: [Synth 8-3331] design jump_control has unconnected port reg2[6]
WARNING: [Synth 8-3331] design jump_control has unconnected port reg2[5]
WARNING: [Synth 8-3331] design jump_control has unconnected port reg2[4]
WARNING: [Synth 8-3331] design jump_control has unconnected port reg2[3]
WARNING: [Synth 8-3331] design jump_control has unconnected port reg2[2]
WARNING: [Synth 8-3331] design jump_control has unconnected port reg2[1]
WARNING: [Synth 8-3331] design jump_control has unconnected port reg2[0]
WARNING: [Synth 8-3331] design jump_control has unconnected port instruction[25]
WARNING: [Synth 8-3331] design jump_control has unconnected port instruction[24]
WARNING: [Synth 8-3331] design jump_control has unconnected port instruction[23]
WARNING: [Synth 8-3331] design jump_control has unconnected port instruction[22]
WARNING: [Synth 8-3331] design jump_control has unconnected port instruction[21]
WARNING: [Synth 8-3331] design jump_control has unconnected port instruction[15]
WARNING: [Synth 8-3331] design jump_control has unconnected port instruction[14]
WARNING: [Synth 8-3331] design jump_control has unconnected port instruction[13]
WARNING: [Synth 8-3331] design jump_control has unconnected port instruction[12]
WARNING: [Synth 8-3331] design jump_control has unconnected port instruction[11]
WARNING: [Synth 8-3331] design jump_control has unconnected port instruction[10]
WARNING: [Synth 8-3331] design jump_control has unconnected port instruction[9]
WARNING: [Synth 8-3331] design jump_control has unconnected port instruction[8]
WARNING: [Synth 8-3331] design jump_control has unconnected port instruction[7]
WARNING: [Synth 8-3331] design jump_control has unconnected port instruction[6]
WARNING: [Synth 8-3331] design jump_control has unconnected port instruction[5]
WARNING: [Synth 8-3331] design jump_control has unconnected port instruction[4]
WARNING: [Synth 8-3331] design jump_control has unconnected port instruction[3]
WARNING: [Synth 8-3331] design jump_control has unconnected port instruction[2]
WARNING: [Synth 8-3331] design jump_control has unconnected port instruction[1]
WARNING: [Synth 8-3331] design jump_control has unconnected port instruction[0]
WARNING: [Synth 8-3331] design detector has unconnected port current_instruction[15]
WARNING: [Synth 8-3331] design detector has unconnected port current_instruction[14]
WARNING: [Synth 8-3331] design detector has unconnected port current_instruction[13]
WARNING: [Synth 8-3331] design detector has unconnected port current_instruction[12]
WARNING: [Synth 8-3331] design detector has unconnected port current_instruction[11]
WARNING: [Synth 8-3331] design detector has unconnected port current_instruction[10]
WARNING: [Synth 8-3331] design detector has unconnected port current_instruction[9]
WARNING: [Synth 8-3331] design detector has unconnected port current_instruction[8]
WARNING: [Synth 8-3331] design detector has unconnected port current_instruction[7]
WARNING: [Synth 8-3331] design detector has unconnected port current_instruction[6]
WARNING: [Synth 8-3331] design detector has unconnected port current_instruction[5]
WARNING: [Synth 8-3331] design detector has unconnected port current_instruction[4]
WARNING: [Synth 8-3331] design detector has unconnected port current_instruction[3]
WARNING: [Synth 8-3331] design detector has unconnected port current_instruction[2]
WARNING: [Synth 8-3331] design detector has unconnected port current_instruction[1]
INFO: [Common 17-14] Message 'Synth 8-3331' appears 100 times and further instances of the messages will be disabled. Use the Tcl command set_msg_config to change the current settings.
---------------------------------------------------------------------------------
Finished RTL Elaboration : Time (s): cpu = 00:00:01 ; elapsed = 00:00:03 . Memory (MB): peak = 1133.688 ; gain = 343.223
---------------------------------------------------------------------------------

Report Check Netlist: 
+------+------------------+-------+---------+-------+------------------+
|      |Item              |Errors |Warnings |Status |Description       |
+------+------------------+-------+---------+-------+------------------+
|1     |multi_driven_nets |      0|        0|Passed |Multi driven nets |
+------+------------------+-------+---------+-------+------------------+
---------------------------------------------------------------------------------
Start Handling Custom Attributes
---------------------------------------------------------------------------------
---------------------------------------------------------------------------------
Finished Handling Custom Attributes : Time (s): cpu = 00:00:01 ; elapsed = 00:00:04 . Memory (MB): peak = 1133.688 ; gain = 343.223
---------------------------------------------------------------------------------
---------------------------------------------------------------------------------
Finished RTL Optimization Phase 1 : Time (s): cpu = 00:00:01 ; elapsed = 00:00:04 . Memory (MB): peak = 1133.688 ; gain = 343.223
---------------------------------------------------------------------------------
Netlist sorting complete. Time (s): cpu = 00:00:00 ; elapsed = 00:00:00.070 . Memory (MB): peak = 1133.688 ; gain = 0.000
INFO: [Project 1-570] Preparing netlist for logic optimization

Processing XDC Constraints
Initializing timing engine
Parsing XDC File [d:/ComputerScience/hitcs/hitcs/computer_architecture/labs/lab2/lab2.srcs/sources_1/ip/axi_bus/axi_bus/axi_bus_in_context.xdc] for cell 'axib'
Finished Parsing XDC File [d:/ComputerScience/hitcs/hitcs/computer_architecture/labs/lab2/lab2.srcs/sources_1/ip/axi_bus/axi_bus/axi_bus_in_context.xdc] for cell 'axib'
Parsing XDC File [d:/ComputerScience/hitcs/hitcs/computer_architecture/labs/lab2/lab2.srcs/sources_1/ip/ma_river_core_0/ma_river_core_0/ma_river_core_0_in_context.xdc] for cell 'mrcore'
Finished Parsing XDC File [d:/ComputerScience/hitcs/hitcs/computer_architecture/labs/lab2/lab2.srcs/sources_1/ip/ma_river_core_0/ma_river_core_0/ma_river_core_0_in_context.xdc] for cell 'mrcore'
Parsing XDC File [d:/ComputerScience/hitcs/hitcs/computer_architecture/labs/lab2/lab2.srcs/sources_1/ip/lcd_controller_0/lcd_controller_0/lcd_controller_0_in_context.xdc] for cell 'lcd'
Finished Parsing XDC File [d:/ComputerScience/hitcs/hitcs/computer_architecture/labs/lab2/lab2.srcs/sources_1/ip/lcd_controller_0/lcd_controller_0/lcd_controller_0_in_context.xdc] for cell 'lcd'
Parsing XDC File [d:/ComputerScience/hitcs/hitcs/computer_architecture/labs/lab2/lab2.srcs/sources_1/ip/clk_pll/clk_pll/clk_pll_in_context.xdc] for cell 'pll'
Finished Parsing XDC File [d:/ComputerScience/hitcs/hitcs/computer_architecture/labs/lab2/lab2.srcs/sources_1/ip/clk_pll/clk_pll/clk_pll_in_context.xdc] for cell 'pll'
Parsing XDC File [d:/ComputerScience/hitcs/hitcs/computer_architecture/labs/lab2/lab2.srcs/sources_1/ip/cpu_ans0_rom_1/cpu_ans0_rom/cpu_ans0_rom_in_context.xdc] for cell 'checker/_a0'
Finished Parsing XDC File [d:/ComputerScience/hitcs/hitcs/computer_architecture/labs/lab2/lab2.srcs/sources_1/ip/cpu_ans0_rom_1/cpu_ans0_rom/cpu_ans0_rom_in_context.xdc] for cell 'checker/_a0'
Parsing XDC File [d:/ComputerScience/hitcs/hitcs/computer_architecture/labs/lab2/lab2.srcs/sources_1/ip/cpu_ans1_rom_1/cpu_ans1_rom/cpu_ans1_rom_in_context.xdc] for cell 'checker/_a1'
Finished Parsing XDC File [d:/ComputerScience/hitcs/hitcs/computer_architecture/labs/lab2/lab2.srcs/sources_1/ip/cpu_ans1_rom_1/cpu_ans1_rom/cpu_ans1_rom_in_context.xdc] for cell 'checker/_a1'
Parsing XDC File [d:/ComputerScience/hitcs/hitcs/computer_architecture/labs/lab2/lab2.srcs/sources_1/ip/cpu_ans2_rom_1/cpu_ans2_rom/cpu_ans2_rom_in_context.xdc] for cell 'checker/_a2'
Finished Parsing XDC File [d:/ComputerScience/hitcs/hitcs/computer_architecture/labs/lab2/lab2.srcs/sources_1/ip/cpu_ans2_rom_1/cpu_ans2_rom/cpu_ans2_rom_in_context.xdc] for cell 'checker/_a2'
Parsing XDC File [d:/ComputerScience/hitcs/hitcs/computer_architecture/labs/lab2/lab2.srcs/sources_1/ip/cpu_data_ram/cpu_data_ram/cpu_data_ram_in_context.xdc] for cell 'data_sram'
Finished Parsing XDC File [d:/ComputerScience/hitcs/hitcs/computer_architecture/labs/lab2/lab2.srcs/sources_1/ip/cpu_data_ram/cpu_data_ram/cpu_data_ram_in_context.xdc] for cell 'data_sram'
Parsing XDC File [d:/ComputerScience/hitcs/hitcs/computer_architecture/labs/lab2/lab2.srcs/sources_1/ip/mr_bram/mr_bram/mr_bram_in_context.xdc] for cell 'ram'
Finished Parsing XDC File [d:/ComputerScience/hitcs/hitcs/computer_architecture/labs/lab2/lab2.srcs/sources_1/ip/mr_bram/mr_bram/mr_bram_in_context.xdc] for cell 'ram'
Parsing XDC File [d:/ComputerScience/hitcs/hitcs/computer_architecture/labs/lab2/lab2.srcs/sources_1/ip/cpu_inst0_rom/cpu_inst0_rom/cpu_inst0_rom_in_context.xdc] for cell 'inst_sram/i0'
Finished Parsing XDC File [d:/ComputerScience/hitcs/hitcs/computer_architecture/labs/lab2/lab2.srcs/sources_1/ip/cpu_inst0_rom/cpu_inst0_rom/cpu_inst0_rom_in_context.xdc] for cell 'inst_sram/i0'
Parsing XDC File [d:/ComputerScience/hitcs/hitcs/computer_architecture/labs/lab2/lab2.srcs/sources_1/ip/cpu_inst0_rom/cpu_inst0_rom/cpu_inst0_rom_in_context.xdc] for cell 'checker/ir/i0'
Finished Parsing XDC File [d:/ComputerScience/hitcs/hitcs/computer_architecture/labs/lab2/lab2.srcs/sources_1/ip/cpu_inst0_rom/cpu_inst0_rom/cpu_inst0_rom_in_context.xdc] for cell 'checker/ir/i0'
Parsing XDC File [d:/ComputerScience/hitcs/hitcs/computer_architecture/labs/lab2/lab2.srcs/sources_1/ip/cpu_inst1_rom/cpu_inst1_rom/cpu_inst1_rom_in_context.xdc] for cell 'inst_sram/i1'
Finished Parsing XDC File [d:/ComputerScience/hitcs/hitcs/computer_architecture/labs/lab2/lab2.srcs/sources_1/ip/cpu_inst1_rom/cpu_inst1_rom/cpu_inst1_rom_in_context.xdc] for cell 'inst_sram/i1'
Parsing XDC File [d:/ComputerScience/hitcs/hitcs/computer_architecture/labs/lab2/lab2.srcs/sources_1/ip/cpu_inst1_rom/cpu_inst1_rom/cpu_inst1_rom_in_context.xdc] for cell 'checker/ir/i1'
Finished Parsing XDC File [d:/ComputerScience/hitcs/hitcs/computer_architecture/labs/lab2/lab2.srcs/sources_1/ip/cpu_inst1_rom/cpu_inst1_rom/cpu_inst1_rom_in_context.xdc] for cell 'checker/ir/i1'
Parsing XDC File [d:/ComputerScience/hitcs/hitcs/computer_architecture/labs/lab2/lab2.srcs/sources_1/ip/cpu_inst2_rom/cpu_inst2_rom/cpu_inst2_rom_in_context.xdc] for cell 'inst_sram/i2'
Finished Parsing XDC File [d:/ComputerScience/hitcs/hitcs/computer_architecture/labs/lab2/lab2.srcs/sources_1/ip/cpu_inst2_rom/cpu_inst2_rom/cpu_inst2_rom_in_context.xdc] for cell 'inst_sram/i2'
Parsing XDC File [d:/ComputerScience/hitcs/hitcs/computer_architecture/labs/lab2/lab2.srcs/sources_1/ip/cpu_inst2_rom/cpu_inst2_rom/cpu_inst2_rom_in_context.xdc] for cell 'checker/ir/i2'
Finished Parsing XDC File [d:/ComputerScience/hitcs/hitcs/computer_architecture/labs/lab2/lab2.srcs/sources_1/ip/cpu_inst2_rom/cpu_inst2_rom/cpu_inst2_rom_in_context.xdc] for cell 'checker/ir/i2'
Parsing XDC File [D:/ComputerScience/hitcs/hitcs/computer_architecture/labs/lab2/lab2.srcs/constrs_1/imports/new/cons.xdc]
WARNING: [Constraints 18-619] A clock with name 'sys_clk' already exists, overwriting the previous clock with the same name. [D:/ComputerScience/hitcs/hitcs/computer_architecture/labs/lab2/lab2.srcs/constrs_1/imports/new/cons.xdc:3]
Finished Parsing XDC File [D:/ComputerScience/hitcs/hitcs/computer_architecture/labs/lab2/lab2.srcs/constrs_1/imports/new/cons.xdc]
INFO: [Project 1-236] Implementation specific constraints were found while reading constraint file [D:/ComputerScience/hitcs/hitcs/computer_architecture/labs/lab2/lab2.srcs/constrs_1/imports/new/cons.xdc]. These constraints will be ignored for synthesis but will be used in implementation. Impacted constraints are listed in the file [.Xil/soc_top_propImpl.xdc].
Resolution: To avoid this warning, move constraints listed in [.Xil/soc_top_propImpl.xdc] to another XDC file and exclude this new file from synthesis with the used_in_synthesis property (File Properties dialog in GUI) and re-run elaboration/synthesis.
Parsing XDC File [D:/ComputerScience/hitcs/hitcs/computer_architecture/labs/lab2/lab2.runs/synth_1/dont_touch.xdc]
Finished Parsing XDC File [D:/ComputerScience/hitcs/hitcs/computer_architecture/labs/lab2/lab2.runs/synth_1/dont_touch.xdc]
Completed Processing XDC Constraints

Netlist sorting complete. Time (s): cpu = 00:00:00 ; elapsed = 00:00:00 . Memory (MB): peak = 1266.387 ; gain = 0.000
INFO: [Project 1-111] Unisim Transformation Summary:
No Unisim elements were transformed.

Constraint Validation Runtime : Time (s): cpu = 00:00:00 ; elapsed = 00:00:00.026 . Memory (MB): peak = 1266.387 ; gain = 0.000
WARNING: [Timing 38-316] Clock period '100.000' specified during out-of-context synthesis of instance 'axib' at clock pin 'aclk' is different from the actual clock period '20.000', this can lead to different synthesis results.
---------------------------------------------------------------------------------
Finished Constraint Validation : Time (s): cpu = 00:00:03 ; elapsed = 00:00:08 . Memory (MB): peak = 1267.395 ; gain = 476.930
---------------------------------------------------------------------------------
---------------------------------------------------------------------------------
Start Loading Part and Timing Information
---------------------------------------------------------------------------------
Loading part: xc7a200tfbg676-2
---------------------------------------------------------------------------------
Finished Loading Part and Timing Information : Time (s): cpu = 00:00:03 ; elapsed = 00:00:08 . Memory (MB): peak = 1267.395 ; gain = 476.930
---------------------------------------------------------------------------------
---------------------------------------------------------------------------------
Start Applying 'set_property' XDC Constraints
---------------------------------------------------------------------------------
Applied set_property IO_BUFFER_TYPE = NONE for sys_clk. (constraint file  d:/ComputerScience/hitcs/hitcs/computer_architecture/labs/lab2/lab2.srcs/sources_1/ip/clk_pll/clk_pll/clk_pll_in_context.xdc, line 3).
Applied set_property CLOCK_BUFFER_TYPE = NONE for sys_clk. (constraint file  d:/ComputerScience/hitcs/hitcs/computer_architecture/labs/lab2/lab2.srcs/sources_1/ip/clk_pll/clk_pll/clk_pll_in_context.xdc, line 4).
Applied set_property DONT_TOUCH = true for axib. (constraint file  auto generated constraint, line ).
Applied set_property DONT_TOUCH = true for mrcore. (constraint file  auto generated constraint, line ).
Applied set_property DONT_TOUCH = true for lcd. (constraint file  auto generated constraint, line ).
Applied set_property DONT_TOUCH = true for pll. (constraint file  auto generated constraint, line ).
Applied set_property DONT_TOUCH = true for checker/_a0. (constraint file  auto generated constraint, line ).
Applied set_property DONT_TOUCH = true for checker/_a1. (constraint file  auto generated constraint, line ).
Applied set_property DONT_TOUCH = true for checker/_a2. (constraint file  auto generated constraint, line ).
Applied set_property DONT_TOUCH = true for data_sram. (constraint file  auto generated constraint, line ).
Applied set_property DONT_TOUCH = true for ram. (constraint file  auto generated constraint, line ).
Applied set_property DONT_TOUCH = true for inst_sram/i0. (constraint file  auto generated constraint, line ).
Applied set_property DONT_TOUCH = true for checker/ir/i0. (constraint file  auto generated constraint, line ).
Applied set_property DONT_TOUCH = true for inst_sram/i1. (constraint file  auto generated constraint, line ).
Applied set_property DONT_TOUCH = true for checker/ir/i1. (constraint file  auto generated constraint, line ).
Applied set_property DONT_TOUCH = true for inst_sram/i2. (constraint file  auto generated constraint, line ).
Applied set_property DONT_TOUCH = true for checker/ir/i2. (constraint file  auto generated constraint, line ).
---------------------------------------------------------------------------------
Finished applying 'set_property' XDC Constraints : Time (s): cpu = 00:00:03 ; elapsed = 00:00:08 . Memory (MB): peak = 1267.395 ; gain = 476.930
---------------------------------------------------------------------------------
INFO: [Synth 8-802] inferred FSM for state register 'state_reg' in module 'checker_wrapper'
---------------------------------------------------------------------------------------------------
                   State |                     New Encoding |                Previous Encoding 
---------------------------------------------------------------------------------------------------
                  iSTATE |                            00010 |                              000
                 iSTATE3 |                            10000 |                              001
                 iSTATE0 |                            01000 |                              010
                 iSTATE2 |                            00100 |                              100
                 iSTATE1 |                            00001 |                              101
---------------------------------------------------------------------------------------------------
INFO: [Synth 8-3354] encoded FSM with state register 'state_reg' using encoding 'one-hot' in module 'checker_wrapper'
---------------------------------------------------------------------------------
Finished RTL Optimization Phase 2 : Time (s): cpu = 00:00:04 ; elapsed = 00:00:09 . Memory (MB): peak = 1267.395 ; gain = 476.930
---------------------------------------------------------------------------------

Report RTL Partitions: 
+-+--------------+------------+----------+
| |RTL Partition |Replication |Instances |
+-+--------------+------------+----------+
+-+--------------+------------+----------+
---------------------------------------------------------------------------------
Start RTL Component Statistics 
---------------------------------------------------------------------------------
Detailed RTL Component Info : 
+---Adders : 
	   2 Input     32 Bit       Adders := 4     
	   3 Input     32 Bit       Adders := 1     
	   2 Input     10 Bit       Adders := 1     
+---XORs : 
	   2 Input     32 Bit         XORs := 1     
+---Registers : 
	               32 Bit    Registers := 160   
	               10 Bit    Registers := 1     
	                5 Bit    Registers := 1     
	                4 Bit    Registers := 1     
	                2 Bit    Registers := 129   
	                1 Bit    Registers := 4     
+---Muxes : 
	   2 Input     53 Bit        Muxes := 2     
	   2 Input     32 Bit        Muxes := 21    
	   3 Input     32 Bit        Muxes := 2     
	   2 Input     11 Bit        Muxes := 2     
	   2 Input      7 Bit        Muxes := 2     
	   5 Input      5 Bit        Muxes := 1     
	   2 Input      5 Bit        Muxes := 2     
	   2 Input      4 Bit        Muxes := 1     
	   8 Input      2 Bit        Muxes := 1     
	   2 Input      1 Bit        Muxes := 130   
	   5 Input      1 Bit        Muxes := 1     
---------------------------------------------------------------------------------
Finished RTL Component Statistics 
---------------------------------------------------------------------------------
---------------------------------------------------------------------------------
Start RTL Hierarchical Component Statistics 
---------------------------------------------------------------------------------
Hierarchical RTL Component report 
Module soc_top 
Detailed RTL Component Info : 
+---Registers : 
	               32 Bit    Registers := 2     
	                2 Bit    Registers := 1     
	                1 Bit    Registers := 1     
Module checker_wrapper 
Detailed RTL Component Info : 
+---Registers : 
	               32 Bit    Registers := 3     
	                4 Bit    Registers := 1     
	                1 Bit    Registers := 2     
+---Muxes : 
	   2 Input     32 Bit        Muxes := 1     
	   5 Input      5 Bit        Muxes := 1     
	   2 Input      5 Bit        Muxes := 1     
	   2 Input      4 Bit        Muxes := 1     
	   2 Input      1 Bit        Muxes := 2     
	   5 Input      1 Bit        Muxes := 1     
Module cpu_inst_rom__xdcDup__1 
Detailed RTL Component Info : 
+---Muxes : 
	   2 Input     32 Bit        Muxes := 2     
Module my_branch_predictor 
Detailed RTL Component Info : 
+---Adders : 
	   2 Input     32 Bit       Adders := 1     
+---Registers : 
	               32 Bit    Registers := 128   
	                2 Bit    Registers := 128   
+---Muxes : 
	   2 Input     32 Bit        Muxes := 2     
	   8 Input      2 Bit        Muxes := 1     
	   2 Input      1 Bit        Muxes := 128   
Module register_file 
Detailed RTL Component Info : 
+---Muxes : 
	   2 Input     32 Bit        Muxes := 2     
Module data_mux 
Detailed RTL Component Info : 
+---Muxes : 
	   2 Input     32 Bit        Muxes := 1     
Module my_alu 
Detailed RTL Component Info : 
+---Adders : 
	   3 Input     32 Bit       Adders := 1     
	   2 Input     32 Bit       Adders := 1     
+---XORs : 
	   2 Input     32 Bit         XORs := 1     
Module cpu 
Detailed RTL Component Info : 
+---Adders : 
	   2 Input     32 Bit       Adders := 2     
+---Registers : 
	               32 Bit    Registers := 15    
+---Muxes : 
	   2 Input     32 Bit        Muxes := 8     
Module cpu_inst_rom 
Detailed RTL Component Info : 
+---Muxes : 
	   2 Input     32 Bit        Muxes := 2     
Module cpu_checker 
Detailed RTL Component Info : 
+---Adders : 
	   2 Input     10 Bit       Adders := 1     
+---Registers : 
	               32 Bit    Registers := 12    
	               10 Bit    Registers := 1     
	                5 Bit    Registers := 1     
	                1 Bit    Registers := 1     
+---Muxes : 
	   2 Input     53 Bit        Muxes := 2     
	   3 Input     32 Bit        Muxes := 2     
	   2 Input     32 Bit        Muxes := 1     
	   2 Input     11 Bit        Muxes := 2     
	   2 Input      7 Bit        Muxes := 2     
	   2 Input      5 Bit        Muxes := 1     
---------------------------------------------------------------------------------
Finished RTL Hierarchical Component Statistics
---------------------------------------------------------------------------------
---------------------------------------------------------------------------------
Start Part Resource Summary
---------------------------------------------------------------------------------
Part Resources:
DSPs: 740 (col length:100)
BRAMs: 730 (col length: RAMB18 100 RAMB36 50)
---------------------------------------------------------------------------------
Finished Part Resource Summary
---------------------------------------------------------------------------------
---------------------------------------------------------------------------------
Start Cross Boundary and Area Optimization
---------------------------------------------------------------------------------
Warning: Parallel synthesis criteria is not met 
INFO: [Synth 8-3333] propagating constant 1 across sequential element (\your_cpu/my_branch_predictor_inst /\predictor_counter_reg[127][0] )
INFO: [Synth 8-3333] propagating constant 1 across sequential element (\your_cpu/my_branch_predictor_inst /\predictor_counter_reg[126][0] )
INFO: [Synth 8-3333] propagating constant 1 across sequential element (\your_cpu/my_branch_predictor_inst /\predictor_counter_reg[125][0] )
INFO: [Synth 8-3333] propagating constant 1 across sequential element (\your_cpu/my_branch_predictor_inst /\predictor_counter_reg[124][0] )
INFO: [Synth 8-3333] propagating constant 1 across sequential element (\your_cpu/my_branch_predictor_inst /\predictor_counter_reg[123][0] )
INFO: [Synth 8-3333] propagating constant 1 across sequential element (\your_cpu/my_branch_predictor_inst /\predictor_counter_reg[122][0] )
INFO: [Synth 8-3333] propagating constant 1 across sequential element (\your_cpu/my_branch_predictor_inst /\predictor_counter_reg[121][0] )
INFO: [Synth 8-3333] propagating constant 1 across sequential element (\your_cpu/my_branch_predictor_inst /\predictor_counter_reg[120][0] )
INFO: [Synth 8-3333] propagating constant 1 across sequential element (\your_cpu/my_branch_predictor_inst /\predictor_counter_reg[119][0] )
INFO: [Synth 8-3333] propagating constant 1 across sequential element (\your_cpu/my_branch_predictor_inst /\predictor_counter_reg[118][0] )
INFO: [Synth 8-3333] propagating constant 1 across sequential element (\your_cpu/my_branch_predictor_inst /\predictor_counter_reg[117][0] )
INFO: [Synth 8-3333] propagating constant 1 across sequential element (\your_cpu/my_branch_predictor_inst /\predictor_counter_reg[116][0] )
INFO: [Synth 8-3333] propagating constant 1 across sequential element (\your_cpu/my_branch_predictor_inst /\predictor_counter_reg[115][0] )
INFO: [Synth 8-3333] propagating constant 1 across sequential element (\your_cpu/my_branch_predictor_inst /\predictor_counter_reg[114][0] )
INFO: [Synth 8-3333] propagating constant 1 across sequential element (\your_cpu/my_branch_predictor_inst /\predictor_counter_reg[113][0] )
INFO: [Synth 8-3333] propagating constant 1 across sequential element (\your_cpu/my_branch_predictor_inst /\predictor_counter_reg[112][0] )
INFO: [Synth 8-3333] propagating constant 1 across sequential element (\your_cpu/my_branch_predictor_inst /\predictor_counter_reg[111][0] )
INFO: [Synth 8-3333] propagating constant 1 across sequential element (\your_cpu/my_branch_predictor_inst /\predictor_counter_reg[110][0] )
INFO: [Synth 8-3333] propagating constant 1 across sequential element (\your_cpu/my_branch_predictor_inst /\predictor_counter_reg[109][0] )
INFO: [Synth 8-3333] propagating constant 1 across sequential element (\your_cpu/my_branch_predictor_inst /\predictor_counter_reg[108][0] )
INFO: [Synth 8-3333] propagating constant 1 across sequential element (\your_cpu/my_branch_predictor_inst /\predictor_counter_reg[107][0] )
INFO: [Synth 8-3333] propagating constant 1 across sequential element (\your_cpu/my_branch_predictor_inst /\predictor_counter_reg[106][0] )
INFO: [Synth 8-3333] propagating constant 1 across sequential element (\your_cpu/my_branch_predictor_inst /\predictor_counter_reg[105][0] )
INFO: [Synth 8-3333] propagating constant 1 across sequential element (\your_cpu/my_branch_predictor_inst /\predictor_counter_reg[104][0] )
INFO: [Synth 8-3333] propagating constant 1 across sequential element (\your_cpu/my_branch_predictor_inst /\predictor_counter_reg[103][0] )
INFO: [Synth 8-3333] propagating constant 1 across sequential element (\your_cpu/my_branch_predictor_inst /\predictor_counter_reg[102][0] )
INFO: [Synth 8-3333] propagating constant 1 across sequential element (\your_cpu/my_branch_predictor_inst /\predictor_counter_reg[101][0] )
INFO: [Synth 8-3333] propagating constant 1 across sequential element (\your_cpu/my_branch_predictor_inst /\predictor_counter_reg[100][0] )
INFO: [Synth 8-3333] propagating constant 1 across sequential element (\your_cpu/my_branch_predictor_inst /\predictor_counter_reg[99][0] )
INFO: [Synth 8-3333] propagating constant 1 across sequential element (\your_cpu/my_branch_predictor_inst /\predictor_counter_reg[98][0] )
INFO: [Synth 8-3333] propagating constant 1 across sequential element (\your_cpu/my_branch_predictor_inst /\predictor_counter_reg[97][0] )
INFO: [Synth 8-3333] propagating constant 1 across sequential element (\your_cpu/my_branch_predictor_inst /\predictor_counter_reg[96][0] )
INFO: [Synth 8-3333] propagating constant 1 across sequential element (\your_cpu/my_branch_predictor_inst /\predictor_counter_reg[95][0] )
INFO: [Synth 8-3333] propagating constant 1 across sequential element (\your_cpu/my_branch_predictor_inst /\predictor_counter_reg[94][0] )
INFO: [Synth 8-3333] propagating constant 1 across sequential element (\your_cpu/my_branch_predictor_inst /\predictor_counter_reg[93][0] )
INFO: [Synth 8-3333] propagating constant 1 across sequential element (\your_cpu/my_branch_predictor_inst /\predictor_counter_reg[92][0] )
INFO: [Synth 8-3333] propagating constant 1 across sequential element (\your_cpu/my_branch_predictor_inst /\predictor_counter_reg[91][0] )
INFO: [Synth 8-3333] propagating constant 1 across sequential element (\your_cpu/my_branch_predictor_inst /\predictor_counter_reg[90][0] )
INFO: [Synth 8-3333] propagating constant 1 across sequential element (\your_cpu/my_branch_predictor_inst /\predictor_counter_reg[89][0] )
INFO: [Synth 8-3333] propagating constant 1 across sequential element (\your_cpu/my_branch_predictor_inst /\predictor_counter_reg[88][0] )
INFO: [Synth 8-3333] propagating constant 1 across sequential element (\your_cpu/my_branch_predictor_inst /\predictor_counter_reg[87][0] )
INFO: [Synth 8-3333] propagating constant 1 across sequential element (\your_cpu/my_branch_predictor_inst /\predictor_counter_reg[86][0] )
INFO: [Synth 8-3333] propagating constant 1 across sequential element (\your_cpu/my_branch_predictor_inst /\predictor_counter_reg[85][0] )
INFO: [Synth 8-3333] propagating constant 1 across sequential element (\your_cpu/my_branch_predictor_inst /\predictor_counter_reg[84][0] )
INFO: [Synth 8-3333] propagating constant 1 across sequential element (\your_cpu/my_branch_predictor_inst /\predictor_counter_reg[83][0] )
INFO: [Synth 8-3333] propagating constant 1 across sequential element (\your_cpu/my_branch_predictor_inst /\predictor_counter_reg[82][0] )
INFO: [Synth 8-3333] propagating constant 1 across sequential element (\your_cpu/my_branch_predictor_inst /\predictor_counter_reg[81][0] )
INFO: [Synth 8-3333] propagating constant 1 across sequential element (\your_cpu/my_branch_predictor_inst /\predictor_counter_reg[80][0] )
INFO: [Synth 8-3333] propagating constant 1 across sequential element (\your_cpu/my_branch_predictor_inst /\predictor_counter_reg[79][0] )
INFO: [Synth 8-3333] propagating constant 1 across sequential element (\your_cpu/my_branch_predictor_inst /\predictor_counter_reg[78][0] )
INFO: [Synth 8-3333] propagating constant 1 across sequential element (\your_cpu/my_branch_predictor_inst /\predictor_counter_reg[77][0] )
INFO: [Synth 8-3333] propagating constant 1 across sequential element (\your_cpu/my_branch_predictor_inst /\predictor_counter_reg[76][0] )
INFO: [Synth 8-3333] propagating constant 1 across sequential element (\your_cpu/my_branch_predictor_inst /\predictor_counter_reg[75][0] )
INFO: [Synth 8-3333] propagating constant 1 across sequential element (\your_cpu/my_branch_predictor_inst /\predictor_counter_reg[74][0] )
INFO: [Synth 8-3333] propagating constant 1 across sequential element (\your_cpu/my_branch_predictor_inst /\predictor_counter_reg[73][0] )
INFO: [Synth 8-3333] propagating constant 1 across sequential element (\your_cpu/my_branch_predictor_inst /\predictor_counter_reg[72][0] )
INFO: [Synth 8-3333] propagating constant 1 across sequential element (\your_cpu/my_branch_predictor_inst /\predictor_counter_reg[71][0] )
INFO: [Synth 8-3333] propagating constant 1 across sequential element (\your_cpu/my_branch_predictor_inst /\predictor_counter_reg[70][0] )
INFO: [Synth 8-3333] propagating constant 1 across sequential element (\your_cpu/my_branch_predictor_inst /\predictor_counter_reg[69][0] )
INFO: [Synth 8-3333] propagating constant 1 across sequential element (\your_cpu/my_branch_predictor_inst /\predictor_counter_reg[68][0] )
INFO: [Synth 8-3333] propagating constant 1 across sequential element (\your_cpu/my_branch_predictor_inst /\predictor_counter_reg[67][0] )
INFO: [Synth 8-3333] propagating constant 1 across sequential element (\your_cpu/my_branch_predictor_inst /\predictor_counter_reg[66][0] )
INFO: [Synth 8-3333] propagating constant 1 across sequential element (\your_cpu/my_branch_predictor_inst /\predictor_counter_reg[65][0] )
INFO: [Synth 8-3333] propagating constant 1 across sequential element (\your_cpu/my_branch_predictor_inst /\predictor_counter_reg[64][0] )
INFO: [Synth 8-3333] propagating constant 1 across sequential element (\your_cpu/my_branch_predictor_inst /\predictor_counter_reg[63][0] )
INFO: [Synth 8-3333] propagating constant 1 across sequential element (\your_cpu/my_branch_predictor_inst /\predictor_counter_reg[62][0] )
INFO: [Synth 8-3333] propagating constant 1 across sequential element (\your_cpu/my_branch_predictor_inst /\predictor_counter_reg[61][0] )
INFO: [Synth 8-3333] propagating constant 1 across sequential element (\your_cpu/my_branch_predictor_inst /\predictor_counter_reg[60][0] )
INFO: [Synth 8-3333] propagating constant 1 across sequential element (\your_cpu/my_branch_predictor_inst /\predictor_counter_reg[59][0] )
INFO: [Synth 8-3333] propagating constant 1 across sequential element (\your_cpu/my_branch_predictor_inst /\predictor_counter_reg[58][0] )
INFO: [Synth 8-3333] propagating constant 1 across sequential element (\your_cpu/my_branch_predictor_inst /\predictor_counter_reg[57][0] )
INFO: [Synth 8-3333] propagating constant 1 across sequential element (\your_cpu/my_branch_predictor_inst /\predictor_counter_reg[56][0] )
INFO: [Synth 8-3333] propagating constant 1 across sequential element (\your_cpu/my_branch_predictor_inst /\predictor_counter_reg[55][0] )
INFO: [Synth 8-3333] propagating constant 1 across sequential element (\your_cpu/my_branch_predictor_inst /\predictor_counter_reg[54][0] )
INFO: [Synth 8-3333] propagating constant 1 across sequential element (\your_cpu/my_branch_predictor_inst /\predictor_counter_reg[53][0] )
INFO: [Synth 8-3333] propagating constant 1 across sequential element (\your_cpu/my_branch_predictor_inst /\predictor_counter_reg[52][0] )
INFO: [Synth 8-3333] propagating constant 1 across sequential element (\your_cpu/my_branch_predictor_inst /\predictor_counter_reg[51][0] )
INFO: [Synth 8-3333] propagating constant 1 across sequential element (\your_cpu/my_branch_predictor_inst /\predictor_counter_reg[50][0] )
INFO: [Synth 8-3333] propagating constant 1 across sequential element (\your_cpu/my_branch_predictor_inst /\predictor_counter_reg[49][0] )
INFO: [Synth 8-3333] propagating constant 1 across sequential element (\your_cpu/my_branch_predictor_inst /\predictor_counter_reg[48][0] )
INFO: [Synth 8-3333] propagating constant 1 across sequential element (\your_cpu/my_branch_predictor_inst /\predictor_counter_reg[47][0] )
INFO: [Synth 8-3333] propagating constant 1 across sequential element (\your_cpu/my_branch_predictor_inst /\predictor_counter_reg[46][0] )
INFO: [Synth 8-3333] propagating constant 1 across sequential element (\your_cpu/my_branch_predictor_inst /\predictor_counter_reg[45][0] )
INFO: [Synth 8-3333] propagating constant 1 across sequential element (\your_cpu/my_branch_predictor_inst /\predictor_counter_reg[44][0] )
INFO: [Synth 8-3333] propagating constant 1 across sequential element (\your_cpu/my_branch_predictor_inst /\predictor_counter_reg[43][0] )
INFO: [Synth 8-3333] propagating constant 1 across sequential element (\your_cpu/my_branch_predictor_inst /\predictor_counter_reg[42][0] )
INFO: [Synth 8-3333] propagating constant 1 across sequential element (\your_cpu/my_branch_predictor_inst /\predictor_counter_reg[41][0] )
INFO: [Synth 8-3333] propagating constant 1 across sequential element (\your_cpu/my_branch_predictor_inst /\predictor_counter_reg[40][0] )
INFO: [Synth 8-3333] propagating constant 1 across sequential element (\your_cpu/my_branch_predictor_inst /\predictor_counter_reg[39][0] )
INFO: [Synth 8-3333] propagating constant 1 across sequential element (\your_cpu/my_branch_predictor_inst /\predictor_counter_reg[38][0] )
INFO: [Synth 8-3333] propagating constant 1 across sequential element (\your_cpu/my_branch_predictor_inst /\predictor_counter_reg[37][0] )
INFO: [Synth 8-3333] propagating constant 1 across sequential element (\your_cpu/my_branch_predictor_inst /\predictor_counter_reg[36][0] )
INFO: [Synth 8-3333] propagating constant 1 across sequential element (\your_cpu/my_branch_predictor_inst /\predictor_counter_reg[35][0] )
INFO: [Synth 8-3333] propagating constant 1 across sequential element (\your_cpu/my_branch_predictor_inst /\predictor_counter_reg[34][0] )
INFO: [Synth 8-3333] propagating constant 1 across sequential element (\your_cpu/my_branch_predictor_inst /\predictor_counter_reg[33][0] )
INFO: [Synth 8-3333] propagating constant 1 across sequential element (\your_cpu/my_branch_predictor_inst /\predictor_counter_reg[32][0] )
INFO: [Synth 8-3333] propagating constant 1 across sequential element (\your_cpu/my_branch_predictor_inst /\predictor_counter_reg[31][0] )
INFO: [Synth 8-3333] propagating constant 1 across sequential element (\your_cpu/my_branch_predictor_inst /\predictor_counter_reg[30][0] )
INFO: [Synth 8-3333] propagating constant 1 across sequential element (\your_cpu/my_branch_predictor_inst /\predictor_counter_reg[29][0] )
INFO: [Synth 8-3333] propagating constant 1 across sequential element (\your_cpu/my_branch_predictor_inst /\predictor_counter_reg[28][0] )
INFO: [Common 17-14] Message 'Synth 8-3333' appears 100 times and further instances of the messages will be disabled. Use the Tcl command set_msg_config to change the current settings.
INFO: [Synth 8-3886] merging instance 'your_cpu/idex_imm_reg[15]' (FDR) to 'your_cpu/idex_imm_reg[16]'
INFO: [Synth 8-3886] merging instance 'your_cpu/idex_imm_reg[16]' (FDR) to 'your_cpu/idex_imm_reg[17]'
INFO: [Synth 8-3886] merging instance 'your_cpu/idex_imm_reg[17]' (FDR) to 'your_cpu/idex_imm_reg[18]'
INFO: [Synth 8-3886] merging instance 'your_cpu/idex_imm_reg[18]' (FDR) to 'your_cpu/idex_imm_reg[19]'
INFO: [Synth 8-3886] merging instance 'your_cpu/idex_imm_reg[19]' (FDR) to 'your_cpu/idex_imm_reg[20]'
INFO: [Synth 8-3886] merging instance 'your_cpu/idex_imm_reg[20]' (FDR) to 'your_cpu/idex_imm_reg[21]'
INFO: [Synth 8-3886] merging instance 'your_cpu/idex_imm_reg[21]' (FDR) to 'your_cpu/idex_imm_reg[22]'
INFO: [Synth 8-3886] merging instance 'your_cpu/idex_imm_reg[22]' (FDR) to 'your_cpu/idex_imm_reg[23]'
INFO: [Synth 8-3886] merging instance 'your_cpu/idex_imm_reg[23]' (FDR) to 'your_cpu/idex_imm_reg[24]'
INFO: [Synth 8-3886] merging instance 'your_cpu/idex_imm_reg[24]' (FDR) to 'your_cpu/idex_imm_reg[25]'
INFO: [Synth 8-3886] merging instance 'your_cpu/idex_imm_reg[25]' (FDR) to 'your_cpu/idex_imm_reg[26]'
INFO: [Synth 8-3886] merging instance 'your_cpu/idex_imm_reg[26]' (FDR) to 'your_cpu/idex_imm_reg[27]'
INFO: [Synth 8-3886] merging instance 'your_cpu/idex_imm_reg[27]' (FDR) to 'your_cpu/idex_imm_reg[28]'
INFO: [Synth 8-3886] merging instance 'your_cpu/idex_imm_reg[28]' (FDR) to 'your_cpu/idex_imm_reg[29]'
INFO: [Synth 8-3886] merging instance 'your_cpu/idex_imm_reg[29]' (FDR) to 'your_cpu/idex_imm_reg[30]'
INFO: [Synth 8-3886] merging instance 'your_cpu/idex_imm_reg[30]' (FDR) to 'your_cpu/idex_imm_reg[31]'
INFO: [Synth 8-3886] merging instance 'checker/status_reg[2]' (FDRE) to 'checker/status_reg[3]'
INFO: [Synth 8-3886] merging instance 'checker/status_reg[3]' (FDRE) to 'checker/status_reg[4]'
INFO: [Synth 8-3886] merging instance 'checker/status_reg[4]' (FDRE) to 'checker/status_reg[5]'
INFO: [Synth 8-3886] merging instance 'checker/answaddr_reg[5]' (FDRE) to 'checker/errwaddr_reg[5]'
INFO: [Synth 8-3886] merging instance 'checker/errwaddr_reg[5]' (FDRE) to 'checker/errwaddr_reg[6]'
INFO: [Synth 8-3886] merging instance 'checker/status_reg[5]' (FDRE) to 'checker/status_reg[6]'
INFO: [Synth 8-3886] merging instance 'checker/answaddr_reg[6]' (FDRE) to 'checker/errwaddr_reg[6]'
INFO: [Synth 8-3886] merging instance 'checker/errwaddr_reg[6]' (FDRE) to 'checker/errwaddr_reg[7]'
INFO: [Synth 8-3886] merging instance 'checker/status_reg[6]' (FDRE) to 'checker/status_reg[7]'
INFO: [Synth 8-3886] merging instance 'checker/answaddr_reg[7]' (FDRE) to 'checker/errwaddr_reg[7]'
INFO: [Synth 8-3886] merging instance 'checker/errwaddr_reg[7]' (FDRE) to 'checker/errwaddr_reg[8]'
INFO: [Synth 8-3886] merging instance 'checker/status_reg[7]' (FDRE) to 'checker/status_reg[8]'
INFO: [Synth 8-3886] merging instance 'checker/answaddr_reg[8]' (FDRE) to 'checker/errwaddr_reg[8]'
INFO: [Synth 8-3886] merging instance 'checker/errwaddr_reg[8]' (FDRE) to 'checker/errwaddr_reg[9]'
INFO: [Synth 8-3886] merging instance 'checker/status_reg[8]' (FDRE) to 'checker/status_reg[9]'
INFO: [Synth 8-3886] merging instance 'checker/answaddr_reg[9]' (FDRE) to 'checker/errwaddr_reg[9]'
INFO: [Synth 8-3886] merging instance 'checker/errwaddr_reg[9]' (FDRE) to 'checker/errwaddr_reg[10]'
INFO: [Synth 8-3886] merging instance 'checker/status_reg[9]' (FDRE) to 'checker/status_reg[10]'
INFO: [Synth 8-3886] merging instance 'checker/answaddr_reg[10]' (FDRE) to 'checker/errwaddr_reg[10]'
INFO: [Synth 8-3886] merging instance 'checker/errwaddr_reg[10]' (FDRE) to 'checker/errwaddr_reg[11]'
INFO: [Synth 8-3886] merging instance 'checker/status_reg[10]' (FDRE) to 'checker/status_reg[11]'
INFO: [Synth 8-3886] merging instance 'checker/answaddr_reg[11]' (FDRE) to 'checker/errwaddr_reg[11]'
INFO: [Synth 8-3886] merging instance 'checker/errwaddr_reg[11]' (FDRE) to 'checker/errwaddr_reg[12]'
INFO: [Synth 8-3886] merging instance 'checker/status_reg[11]' (FDRE) to 'checker/status_reg[12]'
INFO: [Synth 8-3886] merging instance 'checker/answaddr_reg[12]' (FDRE) to 'checker/errwaddr_reg[12]'
INFO: [Synth 8-3886] merging instance 'checker/errwaddr_reg[12]' (FDRE) to 'checker/errwaddr_reg[13]'
INFO: [Synth 8-3886] merging instance 'checker/status_reg[12]' (FDRE) to 'checker/status_reg[13]'
INFO: [Synth 8-3886] merging instance 'checker/answaddr_reg[13]' (FDRE) to 'checker/errwaddr_reg[13]'
INFO: [Synth 8-3886] merging instance 'checker/errwaddr_reg[13]' (FDRE) to 'checker/errwaddr_reg[14]'
INFO: [Synth 8-3886] merging instance 'checker/status_reg[13]' (FDRE) to 'checker/status_reg[14]'
INFO: [Synth 8-3886] merging instance 'checker/answaddr_reg[14]' (FDRE) to 'checker/errwaddr_reg[14]'
INFO: [Synth 8-3886] merging instance 'checker/errwaddr_reg[14]' (FDRE) to 'checker/errwaddr_reg[15]'
INFO: [Synth 8-3886] merging instance 'checker/status_reg[14]' (FDRE) to 'checker/status_reg[15]'
INFO: [Synth 8-3886] merging instance 'checker/answaddr_reg[15]' (FDRE) to 'checker/errwaddr_reg[15]'
INFO: [Synth 8-3886] merging instance 'checker/errwaddr_reg[15]' (FDRE) to 'checker/errwaddr_reg[16]'
INFO: [Synth 8-3886] merging instance 'checker/status_reg[15]' (FDRE) to 'checker/status_reg[16]'
INFO: [Synth 8-3886] merging instance 'checker/answaddr_reg[16]' (FDRE) to 'checker/errwaddr_reg[16]'
INFO: [Synth 8-3886] merging instance 'checker/anspc_reg[16]' (FDRE) to 'checker/anspc_reg[17]'
INFO: [Synth 8-3886] merging instance 'checker/errwaddr_reg[16]' (FDRE) to 'checker/errwaddr_reg[17]'
INFO: [Synth 8-3886] merging instance 'checker/status_reg[16]' (FDRE) to 'checker/status_reg[17]'
INFO: [Synth 8-3886] merging instance 'checker/answaddr_reg[17]' (FDRE) to 'checker/errwaddr_reg[17]'
INFO: [Synth 8-3886] merging instance 'checker/anspc_reg[17]' (FDRE) to 'checker/anspc_reg[18]'
INFO: [Synth 8-3886] merging instance 'checker/errwaddr_reg[17]' (FDRE) to 'checker/errwaddr_reg[18]'
INFO: [Synth 8-3886] merging instance 'checker/status_reg[17]' (FDRE) to 'checker/status_reg[18]'
INFO: [Synth 8-3886] merging instance 'checker/answaddr_reg[18]' (FDRE) to 'checker/errwaddr_reg[18]'
INFO: [Synth 8-3886] merging instance 'checker/anspc_reg[18]' (FDRE) to 'checker/anspc_reg[19]'
INFO: [Synth 8-3886] merging instance 'checker/errwaddr_reg[18]' (FDRE) to 'checker/errwaddr_reg[19]'
INFO: [Synth 8-3886] merging instance 'checker/status_reg[18]' (FDRE) to 'checker/status_reg[19]'
INFO: [Synth 8-3886] merging instance 'checker/answaddr_reg[19]' (FDRE) to 'checker/errwaddr_reg[19]'
INFO: [Synth 8-3886] merging instance 'checker/anspc_reg[19]' (FDRE) to 'checker/anspc_reg[20]'
INFO: [Synth 8-3886] merging instance 'checker/errwaddr_reg[19]' (FDRE) to 'checker/errwaddr_reg[20]'
INFO: [Synth 8-3886] merging instance 'checker/status_reg[19]' (FDRE) to 'checker/status_reg[20]'
INFO: [Synth 8-3886] merging instance 'checker/answaddr_reg[20]' (FDRE) to 'checker/errwaddr_reg[20]'
INFO: [Synth 8-3886] merging instance 'checker/anspc_reg[20]' (FDRE) to 'checker/anspc_reg[21]'
INFO: [Synth 8-3886] merging instance 'checker/errwaddr_reg[20]' (FDRE) to 'checker/errwaddr_reg[21]'
INFO: [Synth 8-3886] merging instance 'checker/status_reg[20]' (FDRE) to 'checker/status_reg[21]'
INFO: [Synth 8-3886] merging instance 'checker/answaddr_reg[21]' (FDRE) to 'checker/errwaddr_reg[21]'
INFO: [Synth 8-3886] merging instance 'checker/anspc_reg[21]' (FDRE) to 'checker/anspc_reg[22]'
INFO: [Synth 8-3886] merging instance 'checker/errwaddr_reg[21]' (FDRE) to 'checker/errwaddr_reg[22]'
INFO: [Synth 8-3886] merging instance 'checker/status_reg[21]' (FDRE) to 'checker/status_reg[22]'
INFO: [Synth 8-3886] merging instance 'checker/answaddr_reg[22]' (FDRE) to 'checker/errwaddr_reg[22]'
INFO: [Synth 8-3886] merging instance 'checker/anspc_reg[22]' (FDRE) to 'checker/anspc_reg[23]'
INFO: [Synth 8-3886] merging instance 'checker/errwaddr_reg[22]' (FDRE) to 'checker/errwaddr_reg[23]'
INFO: [Synth 8-3886] merging instance 'checker/status_reg[22]' (FDRE) to 'checker/status_reg[23]'
INFO: [Synth 8-3886] merging instance 'checker/answaddr_reg[23]' (FDRE) to 'checker/errwaddr_reg[23]'
INFO: [Synth 8-3886] merging instance 'checker/anspc_reg[23]' (FDRE) to 'checker/anspc_reg[24]'
INFO: [Synth 8-3886] merging instance 'checker/errwaddr_reg[23]' (FDRE) to 'checker/errwaddr_reg[24]'
INFO: [Synth 8-3886] merging instance 'checker/status_reg[23]' (FDRE) to 'checker/status_reg[24]'
INFO: [Synth 8-3886] merging instance 'checker/answaddr_reg[24]' (FDRE) to 'checker/errwaddr_reg[24]'
INFO: [Synth 8-3886] merging instance 'checker/anspc_reg[24]' (FDRE) to 'checker/anspc_reg[25]'
INFO: [Synth 8-3886] merging instance 'checker/errwaddr_reg[24]' (FDRE) to 'checker/errwaddr_reg[25]'
INFO: [Synth 8-3886] merging instance 'checker/status_reg[24]' (FDRE) to 'checker/status_reg[25]'
INFO: [Synth 8-3886] merging instance 'checker/answaddr_reg[25]' (FDRE) to 'checker/errwaddr_reg[25]'
INFO: [Synth 8-3886] merging instance 'checker/anspc_reg[25]' (FDRE) to 'checker/anspc_reg[26]'
INFO: [Synth 8-3886] merging instance 'checker/errwaddr_reg[25]' (FDRE) to 'checker/errwaddr_reg[26]'
INFO: [Synth 8-3886] merging instance 'checker/status_reg[25]' (FDRE) to 'checker/status_reg[26]'
INFO: [Synth 8-3886] merging instance 'checker/answaddr_reg[26]' (FDRE) to 'checker/errwaddr_reg[26]'
INFO: [Synth 8-3886] merging instance 'checker/anspc_reg[26]' (FDRE) to 'checker/anspc_reg[27]'
INFO: [Synth 8-3886] merging instance 'checker/errwaddr_reg[26]' (FDRE) to 'checker/errwaddr_reg[27]'
INFO: [Synth 8-3886] merging instance 'checker/status_reg[26]' (FDRE) to 'checker/status_reg[27]'
INFO: [Synth 8-3886] merging instance 'checker/answaddr_reg[27]' (FDRE) to 'checker/errwaddr_reg[27]'
INFO: [Synth 8-3886] merging instance 'checker/anspc_reg[27]' (FDRE) to 'checker/anspc_reg[28]'
INFO: [Synth 8-3886] merging instance 'checker/errwaddr_reg[27]' (FDRE) to 'checker/errwaddr_reg[28]'
INFO: [Synth 8-3886] merging instance 'checker/status_reg[27]' (FDRE) to 'checker/status_reg[28]'
INFO: [Common 17-14] Message 'Synth 8-3886' appears 100 times and further instances of the messages will be disabled. Use the Tcl command set_msg_config to change the current settings.
---------------------------------------------------------------------------------
Finished Cross Boundary and Area Optimization : Time (s): cpu = 00:00:09 ; elapsed = 00:00:20 . Memory (MB): peak = 1267.395 ; gain = 476.930
---------------------------------------------------------------------------------
---------------------------------------------------------------------------------
Start ROM, RAM, DSP and Shift Register Reporting
---------------------------------------------------------------------------------

Distributed RAM: Preliminary Mapping	Report (see note below)
+------------+------------------------------------+-----------+----------------------+--------------+
|Module Name | RTL Object                         | Inference | Size (Depth x Width) | Primitives   | 
+------------+------------------------------------+-----------+----------------------+--------------+
|soc_top     | your_cpu/regfile_inst/register_reg | Implied   | 32 x 32              | RAM32M x 12	 | 
+------------+------------------------------------+-----------+----------------------+--------------+

Note: The table above is a preliminary report that shows the Distributed RAMs at the current stage of the synthesis flow. Some Distributed RAMs may be reimplemented as non Distributed RAM primitives later in the synthesis flow. Multiple instantiated RAMs are reported only once.
---------------------------------------------------------------------------------
Finished ROM, RAM, DSP and Shift Register Reporting
---------------------------------------------------------------------------------

Report RTL Partitions: 
+-+--------------+------------+----------+
| |RTL Partition |Replication |Instances |
+-+--------------+------------+----------+
+-+--------------+------------+----------+
---------------------------------------------------------------------------------
Start Applying XDC Timing Constraints
---------------------------------------------------------------------------------
WARNING: [Synth 8-565] redefining clock 'sys_clk'
---------------------------------------------------------------------------------
Finished Applying XDC Timing Constraints : Time (s): cpu = 00:00:11 ; elapsed = 00:00:24 . Memory (MB): peak = 1267.395 ; gain = 476.930
---------------------------------------------------------------------------------
---------------------------------------------------------------------------------
Start Timing Optimization
---------------------------------------------------------------------------------
---------------------------------------------------------------------------------
Finished Timing Optimization : Time (s): cpu = 00:00:18 ; elapsed = 00:00:40 . Memory (MB): peak = 1549.727 ; gain = 759.262
---------------------------------------------------------------------------------
---------------------------------------------------------------------------------
Start ROM, RAM, DSP and Shift Register Reporting
---------------------------------------------------------------------------------

Distributed RAM: Final Mapping	Report
+------------+------------------------------------+-----------+----------------------+--------------+
|Module Name | RTL Object                         | Inference | Size (Depth x Width) | Primitives   | 
+------------+------------------------------------+-----------+----------------------+--------------+
|soc_top     | your_cpu/regfile_inst/register_reg | Implied   | 32 x 32              | RAM32M x 12	 | 
+------------+------------------------------------+-----------+----------------------+--------------+

---------------------------------------------------------------------------------
Finished ROM, RAM, DSP and Shift Register Reporting
---------------------------------------------------------------------------------

Report RTL Partitions: 
+-+--------------+------------+----------+
| |RTL Partition |Replication |Instances |
+-+--------------+------------+----------+
+-+--------------+------------+----------+
---------------------------------------------------------------------------------
Start Technology Mapping
---------------------------------------------------------------------------------
---------------------------------------------------------------------------------
Finished Technology Mapping : Time (s): cpu = 00:00:19 ; elapsed = 00:00:40 . Memory (MB): peak = 1549.727 ; gain = 759.262
---------------------------------------------------------------------------------

Report RTL Partitions: 
+-+--------------+------------+----------+
| |RTL Partition |Replication |Instances |
+-+--------------+------------+----------+
+-+--------------+------------+----------+
---------------------------------------------------------------------------------
Start IO Insertion
---------------------------------------------------------------------------------
---------------------------------------------------------------------------------
Start Flattening Before IO Insertion
---------------------------------------------------------------------------------
---------------------------------------------------------------------------------
Finished Flattening Before IO Insertion
---------------------------------------------------------------------------------
---------------------------------------------------------------------------------
Start Final Netlist Cleanup
---------------------------------------------------------------------------------
---------------------------------------------------------------------------------
Finished Final Netlist Cleanup
---------------------------------------------------------------------------------
---------------------------------------------------------------------------------
Finished IO Insertion : Time (s): cpu = 00:00:20 ; elapsed = 00:00:42 . Memory (MB): peak = 1549.727 ; gain = 759.262
---------------------------------------------------------------------------------
---------------------------------------------------------------------------------
Start Renaming Generated Instances
---------------------------------------------------------------------------------
---------------------------------------------------------------------------------
Finished Renaming Generated Instances : Time (s): cpu = 00:00:20 ; elapsed = 00:00:42 . Memory (MB): peak = 1549.727 ; gain = 759.262
---------------------------------------------------------------------------------

Report RTL Partitions: 
+-+--------------+------------+----------+
| |RTL Partition |Replication |Instances |
+-+--------------+------------+----------+
+-+--------------+------------+----------+

Report Check Netlist: 
+------+------------------+-------+---------+-------+------------------+
|      |Item              |Errors |Warnings |Status |Description       |
+------+------------------+-------+---------+-------+------------------+
|1     |multi_driven_nets |      0|        0|Passed |Multi driven nets |
+------+------------------+-------+---------+-------+------------------+
---------------------------------------------------------------------------------
Start Rebuilding User Hierarchy
---------------------------------------------------------------------------------
---------------------------------------------------------------------------------
Finished Rebuilding User Hierarchy : Time (s): cpu = 00:00:20 ; elapsed = 00:00:42 . Memory (MB): peak = 1549.727 ; gain = 759.262
---------------------------------------------------------------------------------
---------------------------------------------------------------------------------
Start Renaming Generated Ports
---------------------------------------------------------------------------------
---------------------------------------------------------------------------------
Finished Renaming Generated Ports : Time (s): cpu = 00:00:20 ; elapsed = 00:00:42 . Memory (MB): peak = 1549.727 ; gain = 759.262
---------------------------------------------------------------------------------
---------------------------------------------------------------------------------
Start Handling Custom Attributes
---------------------------------------------------------------------------------
---------------------------------------------------------------------------------
Finished Handling Custom Attributes : Time (s): cpu = 00:00:20 ; elapsed = 00:00:42 . Memory (MB): peak = 1549.727 ; gain = 759.262
---------------------------------------------------------------------------------
---------------------------------------------------------------------------------
Start Renaming Generated Nets
---------------------------------------------------------------------------------
---------------------------------------------------------------------------------
Finished Renaming Generated Nets : Time (s): cpu = 00:00:20 ; elapsed = 00:00:42 . Memory (MB): peak = 1549.727 ; gain = 759.262
---------------------------------------------------------------------------------
---------------------------------------------------------------------------------
Start ROM, RAM, DSP and Shift Register Reporting
---------------------------------------------------------------------------------

Static Shift Register Report:
+------------+------------------------+--------+-------+--------------+--------------------+-------------------+--------+---------+
|Module Name | RTL Name               | Length | Width | Reset Signal | Pull out first Reg | Pull out last Reg | SRL16E | SRLC32E | 
+------------+------------------------+--------+-------+--------------+--------------------+-------------------+--------+---------+
|soc_top     | checker/dbg_pc_reg[31] | 4      | 31    | YES          | NO                 | YES               | 31     | 0       | 
+------------+------------------------+--------+-------+--------------+--------------------+-------------------+--------+---------+

---------------------------------------------------------------------------------
Finished ROM, RAM, DSP and Shift Register Reporting
---------------------------------------------------------------------------------
---------------------------------------------------------------------------------
Start Writing Synthesis Report
---------------------------------------------------------------------------------

Report BlackBoxes: 
+------+-----------------+----------+
|      |BlackBox name    |Instances |
+------+-----------------+----------+
|1     |clk_pll          |         1|
|2     |mr_bram          |         1|
|3     |lcd_controller_0 |         1|
|4     |ma_river_core_0  |         1|
|5     |axi_bus          |         1|
|6     |cpu_data_ram     |         1|
|7     |cpu_ans0_rom     |         1|
|8     |cpu_ans1_rom     |         1|
|9     |cpu_ans2_rom     |         1|
|10    |cpu_inst0_rom    |         2|
|11    |cpu_inst1_rom    |         2|
|12    |cpu_inst2_rom    |         2|
+------+-----------------+----------+

Report Cell Usage: 
+------+-----------------+------+
|      |Cell             |Count |
+------+-----------------+------+
|1     |axi_bus          |     1|
|2     |clk_pll          |     1|
|3     |cpu_ans0_rom     |     1|
|4     |cpu_ans1_rom     |     1|
|5     |cpu_ans2_rom     |     1|
|6     |cpu_data_ram     |     1|
|7     |cpu_inst0_rom    |     1|
|8     |cpu_inst0_rom__2 |     1|
|9     |cpu_inst1_rom    |     1|
|10    |cpu_inst1_rom__2 |     1|
|11    |cpu_inst2_rom    |     1|
|12    |cpu_inst2_rom__2 |     1|
|13    |lcd_controller_0 |     1|
|14    |ma_river_core_0  |     1|
|15    |mr_bram          |     1|
|16    |CARRY4           |    88|
|17    |LUT1             |    66|
|18    |LUT2             |   188|
|19    |LUT3             |   170|
|20    |LUT4             |   210|
|21    |LUT5             |   420|
|22    |LUT6             |   424|
|23    |MUXF7            |     7|
|24    |MUXF8            |     1|
|25    |RAM32M           |    12|
|26    |SRL16E           |    31|
|27    |FDRE             |   843|
|28    |FDSE             |    31|
|29    |IBUF             |     3|
|30    |OBUF             |     6|
+------+-----------------+------+

Report Instance Areas: 
+------+-----------------------------+------------------------+------+
|      |Instance                     |Module                  |Cells |
+------+-----------------------------+------------------------+------+
|1     |top                          |                        |  4091|
|2     |  checker                    |cpu_checker             |   853|
|3     |    ir                       |cpu_inst_rom            |   138|
|4     |  cw                         |checker_wrapper         |   221|
|5     |  inst_sram                  |cpu_inst_rom__xdcDup__1 |   128|
|6     |  your_cpu                   |cpu                     |  1549|
|7     |    alu_inst                 |my_alu                  |   416|
|8     |    my_branch_predictor_inst |my_branch_predictor     |    71|
|9     |    regfile_inst             |register_file           |   131|
+------+-----------------------------+------------------------+------+
---------------------------------------------------------------------------------
Finished Writing Synthesis Report : Time (s): cpu = 00:00:20 ; elapsed = 00:00:42 . Memory (MB): peak = 1549.727 ; gain = 759.262
---------------------------------------------------------------------------------
Synthesis finished with 0 errors, 0 critical warnings and 212 warnings.
Synthesis Optimization Runtime : Time (s): cpu = 00:00:18 ; elapsed = 00:00:40 . Memory (MB): peak = 1549.727 ; gain = 625.555
Synthesis Optimization Complete : Time (s): cpu = 00:00:20 ; elapsed = 00:00:42 . Memory (MB): peak = 1549.727 ; gain = 759.262
INFO: [Project 1-571] Translating synthesized netlist
Netlist sorting complete. Time (s): cpu = 00:00:00 ; elapsed = 00:00:00.029 . Memory (MB): peak = 1549.727 ; gain = 0.000
INFO: [Netlist 29-17] Analyzing 108 Unisim elements for replacement
INFO: [Netlist 29-28] Unisim Transformation completed in 0 CPU seconds
INFO: [Project 1-570] Preparing netlist for logic optimization
INFO: [Opt 31-140] Inserted 1 IBUFs to IO ports without IO buffers.
INFO: [Opt 31-138] Pushed 0 inverter(s) to 0 load pin(s).
Netlist sorting complete. Time (s): cpu = 00:00:00 ; elapsed = 00:00:00.001 . Memory (MB): peak = 1549.727 ; gain = 0.000
INFO: [Project 1-111] Unisim Transformation Summary:
  A total of 12 instances were transformed.
  RAM32M => RAM32M (RAMD32(x6), RAMS32(x2)): 12 instances

INFO: [Common 17-83] Releasing license: Synthesis
271 Infos, 113 Warnings, 0 Critical Warnings and 0 Errors encountered.
synth_design completed successfully
synth_design: Time (s): cpu = 00:00:22 ; elapsed = 00:00:47 . Memory (MB): peak = 1549.727 ; gain = 1087.453
Netlist sorting complete. Time (s): cpu = 00:00:00 ; elapsed = 00:00:00.001 . Memory (MB): peak = 1549.727 ; gain = 0.000
WARNING: [Constraints 18-5210] No constraints selected for write.
Resolution: This message can indicate that there are no constraints for the design, or it can indicate that the used_in flags are set such that the constraints are ignored. This later case is used when running synth_design to not write synthesis constraints to the resulting checkpoint. Instead, project constraints are read when the synthesized design is opened.
INFO: [Common 17-1381] The checkpoint 'D:/ComputerScience/hitcs/hitcs/computer_architecture/labs/lab2/lab2.runs/synth_1/soc_top.dcp' has been generated.
INFO: [runtcl-4] Executing : report_utilization -file soc_top_utilization_synth.rpt -pb soc_top_utilization_synth.pb
INFO: [Common 17-206] Exiting Vivado at Sat Jan  4 12:46:30 2025...
