
*** Running vivado
    with args -log soc_top.vdi -applog -m64 -product Vivado -messageDb vivado.pb -mode batch -source soc_top.tcl -notrace


****** Vivado v2019.2 (64-bit)
  **** SW Build 2708876 on Wed Nov  6 21:40:23 MST 2019
  **** IP Build 2700528 on Thu Nov  7 00:09:20 MST 2019
    ** Copyright 1986-2019 Xilinx, Inc. All Rights Reserved.

source soc_top.tcl -notrace
INFO: [IP_Flow 19-234] Refreshing IP repositories
WARNING: [IP_Flow 19-2248] Failed to load user IP repository 'd:/ComputerScience/hitcs/hitcs/computer_architecture/lcd_controller/lcd_controller.srcs/sources_1'; Can't find the specified path.
If this directory should no longer be in your list of user repositories, go to the IP Settings dialog and remove it.
WARNING: [IP_Flow 19-2248] Failed to load user IP repository 'd:/ComputerScience/hitcs/hitcs/computer_architecture/ma_river_core/ma_river_core.srcs/sources_1'; Can't find the specified path.
If this directory should no longer be in your list of user repositories, go to the IP Settings dialog and remove it.
INFO: [IP_Flow 19-2313] Loaded Vivado IP repository 'D:/StudySoftware/Xilinx_Vivado_2019.2/Vivado/2019.2/data/ip'.
WARNING: [IP_Flow 19-4995] The host OS only allows 260 characters in a normal path. The IP cache path is more than 80 characters. If you experience issues with IP caching, please consider changing the IP cache to a location with a shorter path. Alternately consider using the OS subst command to map part of the path to a drive letter. 
Current IP cache path is D:/ComputerScience/hitcs/hitcs/computer_architecture/labs/lab2/lab2/lab2.cache/ip 
Command: link_design -top soc_top -part xc7a200tfbg676-2
Design is defaulting to srcset: sources_1
Design is defaulting to constrset: constrs_1
INFO: [Device 21-403] Loading part xc7a200tfbg676-2
INFO: [Project 1-454] Reading design checkpoint 'd:/ComputerScience/hitcs/hitcs/computer_architecture/labs/lab2/lab2/lab2.srcs/sources_1/ip/axi_bus/axi_bus.dcp' for cell 'axib'
INFO: [Project 1-454] Reading design checkpoint 'd:/ComputerScience/hitcs/hitcs/computer_architecture/labs/lab2/lab2/lab2.srcs/sources_1/ip/cpu_data_ram/cpu_data_ram.dcp' for cell 'data_sram'
INFO: [Project 1-454] Reading design checkpoint 'd:/ComputerScience/hitcs/hitcs/computer_architecture/labs/lab2/lab2/lab2.srcs/sources_1/ip/lcd_controller_0/lcd_controller_0.dcp' for cell 'lcd'
INFO: [Project 1-454] Reading design checkpoint 'd:/ComputerScience/hitcs/hitcs/computer_architecture/labs/lab2/lab2/lab2.srcs/sources_1/ip/ma_river_core_0/ma_river_core_0.dcp' for cell 'mrcore'
INFO: [Project 1-454] Reading design checkpoint 'd:/ComputerScience/hitcs/hitcs/computer_architecture/labs/lab2/lab2/lab2.srcs/sources_1/ip/clk_pll/clk_pll.dcp' for cell 'pll'
INFO: [Project 1-454] Reading design checkpoint 'd:/ComputerScience/hitcs/hitcs/computer_architecture/labs/lab2/lab2/lab2.srcs/sources_1/ip/mr_bram/mr_bram.dcp' for cell 'ram'
INFO: [Project 1-454] Reading design checkpoint 'd:/ComputerScience/hitcs/hitcs/computer_architecture/labs/lab2/lab2/lab2.srcs/sources_1/ip/cpu_ans0_rom_1/cpu_ans0_rom.dcp' for cell 'checker/_a0'
INFO: [Project 1-454] Reading design checkpoint 'd:/ComputerScience/hitcs/hitcs/computer_architecture/labs/lab2/lab2/lab2.srcs/sources_1/ip/cpu_ans1_rom_1/cpu_ans1_rom.dcp' for cell 'checker/_a1'
INFO: [Project 1-454] Reading design checkpoint 'd:/ComputerScience/hitcs/hitcs/computer_architecture/labs/lab2/lab2/lab2.srcs/sources_1/ip/cpu_ans2_rom_1/cpu_ans2_rom.dcp' for cell 'checker/_a2'
INFO: [Project 1-454] Reading design checkpoint 'd:/ComputerScience/hitcs/hitcs/computer_architecture/labs/lab2/lab2/lab2.srcs/sources_1/ip/cpu_inst0_rom/cpu_inst0_rom.dcp' for cell 'checker/ir/i0'
INFO: [Project 1-454] Reading design checkpoint 'd:/ComputerScience/hitcs/hitcs/computer_architecture/labs/lab2/lab2/lab2.srcs/sources_1/ip/cpu_inst1_rom/cpu_inst1_rom.dcp' for cell 'checker/ir/i1'
INFO: [Project 1-454] Reading design checkpoint 'd:/ComputerScience/hitcs/hitcs/computer_architecture/labs/lab2/lab2/lab2.srcs/sources_1/ip/cpu_inst2_rom/cpu_inst2_rom.dcp' for cell 'checker/ir/i2'
Netlist sorting complete. Time (s): cpu = 00:00:01 ; elapsed = 00:00:00.742 . Memory (MB): peak = 858.461 ; gain = 2.398
INFO: [Netlist 29-17] Analyzing 2490 Unisim elements for replacement
INFO: [Netlist 29-28] Unisim Transformation completed in 1 CPU seconds
INFO: [Project 1-479] Netlist was created with Vivado 2019.2
INFO: [Project 1-570] Preparing netlist for logic optimization
WARNING: [Opt 31-35] Removing redundant IBUF, pll/inst/clkin1_ibufg, from the path connected to top-level port: sys_clk 
Resolution: The tool has removed redundant IBUF. To resolve this warning, check for redundant IBUF in the input design.
INFO: [Opt 31-141] Inserted 16 OBUFs to IO ports without IO buffers.
WARNING: [Constraints 18-550] Could not create 'IBUF_LOW_PWR' constraint because net 'pll/clk_in' is not directly connected to top level port. Synthesis is ignored for IBUF_LOW_PWR but preserved for implementation.
Parsing XDC File [d:/ComputerScience/hitcs/hitcs/computer_architecture/labs/lab2/lab2/lab2.srcs/sources_1/ip/clk_pll/clk_pll_board.xdc] for cell 'pll/inst'
Finished Parsing XDC File [d:/ComputerScience/hitcs/hitcs/computer_architecture/labs/lab2/lab2/lab2.srcs/sources_1/ip/clk_pll/clk_pll_board.xdc] for cell 'pll/inst'
Parsing XDC File [d:/ComputerScience/hitcs/hitcs/computer_architecture/labs/lab2/lab2/lab2.srcs/sources_1/ip/clk_pll/clk_pll.xdc] for cell 'pll/inst'
INFO: [Timing 38-35] Done setting XDC timing constraints. [d:/ComputerScience/hitcs/hitcs/computer_architecture/labs/lab2/lab2/lab2.srcs/sources_1/ip/clk_pll/clk_pll.xdc:57]
INFO: [Timing 38-2] Deriving generated clocks [d:/ComputerScience/hitcs/hitcs/computer_architecture/labs/lab2/lab2/lab2.srcs/sources_1/ip/clk_pll/clk_pll.xdc:57]
get_clocks: Time (s): cpu = 00:00:10 ; elapsed = 00:00:11 . Memory (MB): peak = 1666.914 ; gain = 627.477
Finished Parsing XDC File [d:/ComputerScience/hitcs/hitcs/computer_architecture/labs/lab2/lab2/lab2.srcs/sources_1/ip/clk_pll/clk_pll.xdc] for cell 'pll/inst'
Parsing XDC File [D:/ComputerScience/hitcs/hitcs/computer_architecture/labs/lab2/lab2/lab2.srcs/constrs_1/imports/new/cons.xdc]
Finished Parsing XDC File [D:/ComputerScience/hitcs/hitcs/computer_architecture/labs/lab2/lab2/lab2.srcs/constrs_1/imports/new/cons.xdc]
INFO: [Opt 31-138] Pushed 0 inverter(s) to 0 load pin(s).
Netlist sorting complete. Time (s): cpu = 00:00:00 ; elapsed = 00:00:00.021 . Memory (MB): peak = 1666.914 ; gain = 0.000
INFO: [Project 1-111] Unisim Transformation Summary:
  A total of 614 instances were transformed.
  RAM128X1D => RAM128X1D (MUXF7(x2), RAMD64E(x4)): 8 instances
  RAM128X1S => RAM128X1S (MUXF7, RAMS64E(x2)): 32 instances
  RAM32M => RAM32M (RAMD32(x6), RAMS32(x2)): 439 instances
  RAM64M => RAM64M (RAMD64E(x4)): 120 instances
  RAM64X1D => RAM64X1D (RAMD64E(x2)): 13 instances
  RAM64X1S => RAM64X1S (RAMS64E): 2 instances

24 Infos, 5 Warnings, 0 Critical Warnings and 0 Errors encountered.
link_design completed successfully
link_design: Time (s): cpu = 00:00:26 ; elapsed = 00:00:28 . Memory (MB): peak = 1666.914 ; gain = 1202.941
Command: opt_design
Attempting to get a license for feature 'Implementation' and/or device 'xc7a200t'
INFO: [Common 17-349] Got license for feature 'Implementation' and/or device 'xc7a200t'
Running DRC as a precondition to command opt_design

Starting DRC Task
INFO: [DRC 23-27] Running DRC with 2 threads
WARNING: [DRC RPBF-3] IO port buffering is incomplete: Device port lcd_db[0] expects both input and output buffering but the buffers are incomplete.
WARNING: [DRC RPBF-3] IO port buffering is incomplete: Device port lcd_db[10] expects both input and output buffering but the buffers are incomplete.
WARNING: [DRC RPBF-3] IO port buffering is incomplete: Device port lcd_db[11] expects both input and output buffering but the buffers are incomplete.
WARNING: [DRC RPBF-3] IO port buffering is incomplete: Device port lcd_db[12] expects both input and output buffering but the buffers are incomplete.
WARNING: [DRC RPBF-3] IO port buffering is incomplete: Device port lcd_db[13] expects both input and output buffering but the buffers are incomplete.
WARNING: [DRC RPBF-3] IO port buffering is incomplete: Device port lcd_db[14] expects both input and output buffering but the buffers are incomplete.
WARNING: [DRC RPBF-3] IO port buffering is incomplete: Device port lcd_db[15] expects both input and output buffering but the buffers are incomplete.
WARNING: [DRC RPBF-3] IO port buffering is incomplete: Device port lcd_db[1] expects both input and output buffering but the buffers are incomplete.
WARNING: [DRC RPBF-3] IO port buffering is incomplete: Device port lcd_db[2] expects both input and output buffering but the buffers are incomplete.
WARNING: [DRC RPBF-3] IO port buffering is incomplete: Device port lcd_db[3] expects both input and output buffering but the buffers are incomplete.
WARNING: [DRC RPBF-3] IO port buffering is incomplete: Device port lcd_db[4] expects both input and output buffering but the buffers are incomplete.
WARNING: [DRC RPBF-3] IO port buffering is incomplete: Device port lcd_db[5] expects both input and output buffering but the buffers are incomplete.
WARNING: [DRC RPBF-3] IO port buffering is incomplete: Device port lcd_db[6] expects both input and output buffering but the buffers are incomplete.
WARNING: [DRC RPBF-3] IO port buffering is incomplete: Device port lcd_db[7] expects both input and output buffering but the buffers are incomplete.
WARNING: [DRC RPBF-3] IO port buffering is incomplete: Device port lcd_db[8] expects both input and output buffering but the buffers are incomplete.
WARNING: [DRC RPBF-3] IO port buffering is incomplete: Device port lcd_db[9] expects both input and output buffering but the buffers are incomplete.
INFO: [Project 1-461] DRC finished with 0 Errors, 16 Warnings
INFO: [Project 1-462] Please refer to the DRC report (report_drc) for more information.

Time (s): cpu = 00:00:01 ; elapsed = 00:00:00.974 . Memory (MB): peak = 1666.914 ; gain = 0.000

Starting Cache Timing Information Task
INFO: [Timing 38-35] Done setting XDC timing constraints.
Ending Cache Timing Information Task | Checksum: 16c1ba622

Time (s): cpu = 00:00:02 ; elapsed = 00:00:01 . Memory (MB): peak = 1681.750 ; gain = 14.836

Starting Logic Optimization Task

Phase 1 Retarget
INFO: [Opt 31-138] Pushed 2 inverter(s) to 19 load pin(s).
INFO: [Opt 31-49] Retargeted 0 cell(s).
Phase 1 Retarget | Checksum: b5dc2c13

Time (s): cpu = 00:00:03 ; elapsed = 00:00:03 . Memory (MB): peak = 1868.527 ; gain = 0.000
INFO: [Opt 31-389] Phase Retarget created 92 cells and removed 112 cells
INFO: [Opt 31-1021] In phase Retarget, 13 netlist objects are constrained preventing optimization. Please run opt_design with -debug_log to get more detail. 

Phase 2 Constant propagation
INFO: [Opt 31-138] Pushed 3 inverter(s) to 3 load pin(s).
Phase 2 Constant propagation | Checksum: da7dbaca

Time (s): cpu = 00:00:04 ; elapsed = 00:00:04 . Memory (MB): peak = 1868.527 ; gain = 0.000
INFO: [Opt 31-389] Phase Constant propagation created 108 cells and removed 418 cells
INFO: [Opt 31-1021] In phase Constant propagation, 12 netlist objects are constrained preventing optimization. Please run opt_design with -debug_log to get more detail. 

Phase 3 Sweep
Phase 3 Sweep | Checksum: e56586e6

Time (s): cpu = 00:00:05 ; elapsed = 00:00:05 . Memory (MB): peak = 1868.527 ; gain = 0.000
INFO: [Opt 31-389] Phase Sweep created 0 cells and removed 342 cells
INFO: [Opt 31-1021] In phase Sweep, 33 netlist objects are constrained preventing optimization. Please run opt_design with -debug_log to get more detail. 

Phase 4 BUFG optimization
INFO: [Opt 31-194] Inserted BUFG sys_clk_IBUF_BUFG_inst to drive 34 load(s) on clock net sys_clk_IBUF_BUFG
INFO: [Opt 31-193] Inserted 1 BUFG(s) on clock nets
INFO: [Opt 31-1112] Starts optimizing BUFG(s) with a common MMCM/DPLL/XPLL driver.
INFO: [Opt 31-1112] Starts optimizing BUFG(s) with a common driver.
INFO: [Opt 31-1092] Phase BUFG optimization transformed 0 BUFG(s) to MBUFG(s).
Phase 4 BUFG optimization | Checksum: 12f4592d6

Time (s): cpu = 00:00:06 ; elapsed = 00:00:06 . Memory (MB): peak = 1868.527 ; gain = 0.000
INFO: [Opt 31-662] Phase BUFG optimization created 1 cells of which 1 are BUFGs and removed 0 cells.

Phase 5 Shift Register Optimization
INFO: [Opt 31-1064] SRL Remap converted 0 SRLs to 0 registers and converted 0 registers of register chains to 0 SRLs
Phase 5 Shift Register Optimization | Checksum: 12f4592d6

Time (s): cpu = 00:00:06 ; elapsed = 00:00:07 . Memory (MB): peak = 1868.527 ; gain = 0.000
INFO: [Opt 31-389] Phase Shift Register Optimization created 0 cells and removed 0 cells

Phase 6 Post Processing Netlist
Phase 6 Post Processing Netlist | Checksum: 12f4592d6

Time (s): cpu = 00:00:07 ; elapsed = 00:00:07 . Memory (MB): peak = 1868.527 ; gain = 0.000
INFO: [Opt 31-389] Phase Post Processing Netlist created 0 cells and removed 0 cells
INFO: [Opt 31-1021] In phase Post Processing Netlist, 12 netlist objects are constrained preventing optimization. Please run opt_design with -debug_log to get more detail. 
Opt_design Change Summary
=========================


-------------------------------------------------------------------------------------------------------------------------
|  Phase                        |  #Cells created  |  #Cells Removed  |  #Constrained objects preventing optimizations  |
-------------------------------------------------------------------------------------------------------------------------
|  Retarget                     |              92  |             112  |                                             13  |
|  Constant propagation         |             108  |             418  |                                             12  |
|  Sweep                        |               0  |             342  |                                             33  |
|  BUFG optimization            |               1  |               0  |                                              0  |
|  Shift Register Optimization  |               0  |               0  |                                              0  |
|  Post Processing Netlist      |               0  |               0  |                                             12  |
-------------------------------------------------------------------------------------------------------------------------



Starting Connectivity Check Task

Time (s): cpu = 00:00:00 ; elapsed = 00:00:00.092 . Memory (MB): peak = 1868.527 ; gain = 0.000
Ending Logic Optimization Task | Checksum: 21171c933

Time (s): cpu = 00:00:07 ; elapsed = 00:00:08 . Memory (MB): peak = 1868.527 ; gain = 0.000

Starting Power Optimization Task
INFO: [Pwropt 34-132] Skipping clock gating for clocks with a period < 2.00 ns.
INFO: [Timing 38-35] Done setting XDC timing constraints.
INFO: [Pwropt 34-9] Applying IDT optimizations ...
INFO: [Pwropt 34-10] Applying ODC optimizations ...
INFO: [Physopt 32-619] Estimated Timing Summary | WNS=4.742 | TNS=0.000 |
Running Vector-less Activity Propagation...

Finished Running Vector-less Activity Propagation


Starting PowerOpt Patch Enables Task
INFO: [Pwropt 34-162] WRITE_MODE attribute of 1 BRAM(s) out of a total of 39 has been updated to save power. Run report_power_opt to get a complete listing of the BRAMs updated.
INFO: [Pwropt 34-201] Structural ODC has moved 2 WE to EN ports
Number of BRAM Ports augmented: 16 newly gated: 9 Total Ports: 78
Number of Flops added for Enable Generation: 2

Ending PowerOpt Patch Enables Task | Checksum: 1ad3e3717

Time (s): cpu = 00:00:00 ; elapsed = 00:00:00.517 . Memory (MB): peak = 2309.086 ; gain = 0.000
Ending Power Optimization Task | Checksum: 1ad3e3717

Time (s): cpu = 00:00:17 ; elapsed = 00:00:13 . Memory (MB): peak = 2309.086 ; gain = 440.559

Starting Final Cleanup Task

Starting Logic Optimization Task
INFO: [Timing 38-35] Done setting XDC timing constraints.
INFO: [Opt 31-1112] Starts optimizing BUFG(s) with a common MMCM/DPLL/XPLL driver.
INFO: [Opt 31-1112] Starts optimizing BUFG(s) with a common driver.
INFO: [Opt 31-1092] Phase BUFG optimization transformed 0 BUFG(s) to MBUFG(s).
Ending Logic Optimization Task | Checksum: fc4d73fd

Time (s): cpu = 00:00:03 ; elapsed = 00:00:04 . Memory (MB): peak = 2309.086 ; gain = 0.000
Ending Final Cleanup Task | Checksum: fc4d73fd

Time (s): cpu = 00:00:06 ; elapsed = 00:00:07 . Memory (MB): peak = 2309.086 ; gain = 0.000

Starting Netlist Obfuscation Task
Netlist sorting complete. Time (s): cpu = 00:00:00 ; elapsed = 00:00:00.005 . Memory (MB): peak = 2309.086 ; gain = 0.000
Ending Netlist Obfuscation Task | Checksum: fc4d73fd

Time (s): cpu = 00:00:00 ; elapsed = 00:00:00.006 . Memory (MB): peak = 2309.086 ; gain = 0.000
INFO: [Common 17-83] Releasing license: Implementation
60 Infos, 21 Warnings, 0 Critical Warnings and 0 Errors encountered.
opt_design completed successfully
opt_design: Time (s): cpu = 00:00:37 ; elapsed = 00:00:33 . Memory (MB): peak = 2309.086 ; gain = 642.172
INFO: [Timing 38-35] Done setting XDC timing constraints.
Netlist sorting complete. Time (s): cpu = 00:00:00 ; elapsed = 00:00:00.005 . Memory (MB): peak = 2309.086 ; gain = 0.000
INFO: [Timing 38-480] Writing timing data to binary archive.
Writing placer database...
Writing XDEF routing.
Writing XDEF routing logical nets.
Writing XDEF routing special nets.
Write XDEF Complete: Time (s): cpu = 00:00:00 ; elapsed = 00:00:00.018 . Memory (MB): peak = 2309.086 ; gain = 0.000
INFO: [Common 17-1381] The checkpoint 'D:/ComputerScience/hitcs/hitcs/computer_architecture/labs/lab2/lab2/lab2.runs/impl_1/soc_top_opt.dcp' has been generated.
INFO: [runtcl-4] Executing : report_drc -file soc_top_drc_opted.rpt -pb soc_top_drc_opted.pb -rpx soc_top_drc_opted.rpx
Command: report_drc -file soc_top_drc_opted.rpt -pb soc_top_drc_opted.pb -rpx soc_top_drc_opted.rpx
INFO: [IP_Flow 19-1839] IP Catalog is up to date.
INFO: [DRC 23-27] Running DRC with 2 threads
INFO: [Coretcl 2-168] The results of DRC are in file D:/ComputerScience/hitcs/hitcs/computer_architecture/labs/lab2/lab2/lab2.runs/impl_1/soc_top_drc_opted.rpt.
report_drc completed successfully
Command: place_design
Attempting to get a license for feature 'Implementation' and/or device 'xc7a200t'
INFO: [Common 17-349] Got license for feature 'Implementation' and/or device 'xc7a200t'
INFO: [DRC 23-27] Running DRC with 2 threads
INFO: [Vivado_Tcl 4-198] DRC finished with 0 Errors
INFO: [Vivado_Tcl 4-199] Please refer to the DRC report (report_drc) for more information.
Running DRC as a precondition to command place_design
INFO: [DRC 23-27] Running DRC with 2 threads
WARNING: [DRC RPBF-3] IO port buffering is incomplete: Device port lcd_db[0] expects both input and output buffering but the buffers are incomplete.
WARNING: [DRC RPBF-3] IO port buffering is incomplete: Device port lcd_db[10] expects both input and output buffering but the buffers are incomplete.
WARNING: [DRC RPBF-3] IO port buffering is incomplete: Device port lcd_db[11] expects both input and output buffering but the buffers are incomplete.
WARNING: [DRC RPBF-3] IO port buffering is incomplete: Device port lcd_db[12] expects both input and output buffering but the buffers are incomplete.
WARNING: [DRC RPBF-3] IO port buffering is incomplete: Device port lcd_db[13] expects both input and output buffering but the buffers are incomplete.
WARNING: [DRC RPBF-3] IO port buffering is incomplete: Device port lcd_db[14] expects both input and output buffering but the buffers are incomplete.
WARNING: [DRC RPBF-3] IO port buffering is incomplete: Device port lcd_db[15] expects both input and output buffering but the buffers are incomplete.
WARNING: [DRC RPBF-3] IO port buffering is incomplete: Device port lcd_db[1] expects both input and output buffering but the buffers are incomplete.
WARNING: [DRC RPBF-3] IO port buffering is incomplete: Device port lcd_db[2] expects both input and output buffering but the buffers are incomplete.
WARNING: [DRC RPBF-3] IO port buffering is incomplete: Device port lcd_db[3] expects both input and output buffering but the buffers are incomplete.
WARNING: [DRC RPBF-3] IO port buffering is incomplete: Device port lcd_db[4] expects both input and output buffering but the buffers are incomplete.
WARNING: [DRC RPBF-3] IO port buffering is incomplete: Device port lcd_db[5] expects both input and output buffering but the buffers are incomplete.
WARNING: [DRC RPBF-3] IO port buffering is incomplete: Device port lcd_db[6] expects both input and output buffering but the buffers are incomplete.
WARNING: [DRC RPBF-3] IO port buffering is incomplete: Device port lcd_db[7] expects both input and output buffering but the buffers are incomplete.
WARNING: [DRC RPBF-3] IO port buffering is incomplete: Device port lcd_db[8] expects both input and output buffering but the buffers are incomplete.
WARNING: [DRC RPBF-3] IO port buffering is incomplete: Device port lcd_db[9] expects both input and output buffering but the buffers are incomplete.
INFO: [Vivado_Tcl 4-198] DRC finished with 0 Errors, 16 Warnings
INFO: [Vivado_Tcl 4-199] Please refer to the DRC report (report_drc) for more information.

Starting Placer Task
INFO: [Place 30-611] Multithreading enabled for place_design using a maximum of 2 CPUs

Phase 1 Placer Initialization

Phase 1.1 Placer Initialization Netlist Sorting
Netlist sorting complete. Time (s): cpu = 00:00:00 ; elapsed = 00:00:00.006 . Memory (MB): peak = 2309.086 ; gain = 0.000
Phase 1.1 Placer Initialization Netlist Sorting | Checksum: c27f86e2

Time (s): cpu = 00:00:00 ; elapsed = 00:00:00.013 . Memory (MB): peak = 2309.086 ; gain = 0.000
Netlist sorting complete. Time (s): cpu = 00:00:00 ; elapsed = 00:00:00.006 . Memory (MB): peak = 2309.086 ; gain = 0.000

Phase 1.2 IO Placement/ Clock Placement/ Build Placer Device
Phase 1.2 IO Placement/ Clock Placement/ Build Placer Device | Checksum: 1261433a0

Time (s): cpu = 00:00:02 ; elapsed = 00:00:02 . Memory (MB): peak = 2309.086 ; gain = 0.000

Phase 1.3 Build Placer Netlist Model
Phase 1.3 Build Placer Netlist Model | Checksum: 1aff03508

Time (s): cpu = 00:00:05 ; elapsed = 00:00:06 . Memory (MB): peak = 2309.086 ; gain = 0.000

Phase 1.4 Constrain Clocks/Macros
Phase 1.4 Constrain Clocks/Macros | Checksum: 1aff03508

Time (s): cpu = 00:00:05 ; elapsed = 00:00:06 . Memory (MB): peak = 2309.086 ; gain = 0.000
Phase 1 Placer Initialization | Checksum: 1aff03508

Time (s): cpu = 00:00:05 ; elapsed = 00:00:06 . Memory (MB): peak = 2309.086 ; gain = 0.000

Phase 2 Global Placement

Phase 2.1 Floorplanning
Phase 2.1 Floorplanning | Checksum: 186f2b101

Time (s): cpu = 00:00:06 ; elapsed = 00:00:07 . Memory (MB): peak = 2309.086 ; gain = 0.000

Phase 2.2 Global Placement Core

Phase 2.2.1 Physical Synthesis In Placer
INFO: [Physopt 32-1018] Found 1093 candidate LUT instances to create LUTNM shape
INFO: [Physopt 32-775] End 1 Pass. Optimized 414 nets or cells. Created 0 new cell, deleted 414 existing cells and moved 0 existing cell
INFO: [Physopt 32-65] No nets found for high-fanout optimization.
INFO: [Physopt 32-232] Optimized 0 net. Created 0 new instance.
INFO: [Physopt 32-775] End 1 Pass. Optimized 0 net or cell. Created 0 new cell, deleted 0 existing cell and moved 0 existing cell
INFO: [Physopt 32-670] No setup violation found.  DSP Register Optimization was not performed.
INFO: [Physopt 32-670] No setup violation found.  Shift Register to Pipeline Optimization was not performed.
INFO: [Physopt 32-670] No setup violation found.  Shift Register Optimization was not performed.
INFO: [Physopt 32-670] No setup violation found.  BRAM Register Optimization was not performed.
INFO: [Physopt 32-949] No candidate nets found for HD net replication
INFO: [Physopt 32-775] End 1 Pass. Optimized 0 net or cell. Created 0 new cell, deleted 0 existing cell and moved 0 existing cell
Netlist sorting complete. Time (s): cpu = 00:00:00 ; elapsed = 00:00:00.014 . Memory (MB): peak = 2309.086 ; gain = 0.000

Summary of Physical Synthesis Optimizations
============================================


-----------------------------------------------------------------------------------------------------------------------------------------------------------
|  Optimization                                     |  Added Cells  |  Removed Cells  |  Optimized Cells/Nets  |  Dont Touch  |  Iterations  |  Elapsed   |
-----------------------------------------------------------------------------------------------------------------------------------------------------------
|  LUT Combining                                    |            0  |            414  |                   414  |           0  |           1  |  00:00:02  |
|  Very High Fanout                                 |            0  |              0  |                     0  |           0  |           1  |  00:00:00  |
|  DSP Register                                     |            0  |              0  |                     0  |           0  |           0  |  00:00:00  |
|  Shift Register to Pipeline                       |            0  |              0  |                     0  |           0  |           0  |  00:00:00  |
|  Shift Register                                   |            0  |              0  |                     0  |           0  |           0  |  00:00:00  |
|  BRAM Register                                    |            0  |              0  |                     0  |           0  |           0  |  00:00:00  |
|  Dynamic/Static Region Interface Net Replication  |            0  |              0  |                     0  |           0  |           1  |  00:00:00  |
|  Total                                            |            0  |            414  |                   414  |           0  |           3  |  00:00:02  |
-----------------------------------------------------------------------------------------------------------------------------------------------------------


Phase 2.2.1 Physical Synthesis In Placer | Checksum: 1601b9c39

Time (s): cpu = 00:00:27 ; elapsed = 00:00:34 . Memory (MB): peak = 2309.086 ; gain = 0.000
Phase 2.2 Global Placement Core | Checksum: f756d8ec

Time (s): cpu = 00:00:28 ; elapsed = 00:00:35 . Memory (MB): peak = 2309.086 ; gain = 0.000
Phase 2 Global Placement | Checksum: f756d8ec

Time (s): cpu = 00:00:28 ; elapsed = 00:00:35 . Memory (MB): peak = 2309.086 ; gain = 0.000

Phase 3 Detail Placement

Phase 3.1 Commit Multi Column Macros
Phase 3.1 Commit Multi Column Macros | Checksum: f992881c

Time (s): cpu = 00:00:30 ; elapsed = 00:00:40 . Memory (MB): peak = 2309.086 ; gain = 0.000

Phase 3.2 Commit Most Macros & LUTRAMs
Phase 3.2 Commit Most Macros & LUTRAMs | Checksum: a5625a4a

Time (s): cpu = 00:00:34 ; elapsed = 00:00:48 . Memory (MB): peak = 2309.086 ; gain = 0.000

Phase 3.3 Area Swap Optimization
Phase 3.3 Area Swap Optimization | Checksum: e024f9aa

Time (s): cpu = 00:00:34 ; elapsed = 00:00:48 . Memory (MB): peak = 2309.086 ; gain = 0.000

Phase 3.4 Pipeline Register Optimization
Phase 3.4 Pipeline Register Optimization | Checksum: fc18d7a5

Time (s): cpu = 00:00:34 ; elapsed = 00:00:48 . Memory (MB): peak = 2309.086 ; gain = 0.000

Phase 3.5 Small Shape Detail Placement
Phase 3.5 Small Shape Detail Placement | Checksum: ea00603b

Time (s): cpu = 00:00:43 ; elapsed = 00:00:59 . Memory (MB): peak = 2309.086 ; gain = 0.000

Phase 3.6 Re-assign LUT pins
Phase 3.6 Re-assign LUT pins | Checksum: 101a1af10

Time (s): cpu = 00:00:45 ; elapsed = 00:01:02 . Memory (MB): peak = 2309.086 ; gain = 0.000

Phase 3.7 Pipeline Register Optimization
Phase 3.7 Pipeline Register Optimization | Checksum: aaf6046b

Time (s): cpu = 00:00:45 ; elapsed = 00:01:02 . Memory (MB): peak = 2309.086 ; gain = 0.000
Phase 3 Detail Placement | Checksum: aaf6046b

Time (s): cpu = 00:00:46 ; elapsed = 00:01:02 . Memory (MB): peak = 2309.086 ; gain = 0.000

Phase 4 Post Placement Optimization and Clean-Up

Phase 4.1 Post Commit Optimization
INFO: [Timing 38-35] Done setting XDC timing constraints.

Phase 4.1.1 Post Placement Optimization
Post Placement Optimization Initialization | Checksum: 2073d2da7

Phase 4.1.1.1 BUFG Insertion
INFO: [Place 46-33] Processed net mrcore/inst/Station_module/p_0_in, BUFG insertion was skipped due to placement/routing conflicts.
INFO: [Place 46-56] BUFG insertion identified 1 candidate nets. Inserted BUFG: 0, Replicated BUFG Driver: 0, Skipped due to Placement/Routing Conflicts: 1, Skipped due to Timing Degradation: 0, Skipped due to Illegal Netlist: 0.
Phase 4.1.1.1 BUFG Insertion | Checksum: 2073d2da7

Time (s): cpu = 00:00:53 ; elapsed = 00:01:14 . Memory (MB): peak = 2309.086 ; gain = 0.000
INFO: [Place 30-746] Post Placement Timing Summary WNS=0.609. For the most accurate timing information please run report_timing.
Phase 4.1.1 Post Placement Optimization | Checksum: 1e5ea86bd

Time (s): cpu = 00:00:53 ; elapsed = 00:01:14 . Memory (MB): peak = 2309.086 ; gain = 0.000
Phase 4.1 Post Commit Optimization | Checksum: 1e5ea86bd

Time (s): cpu = 00:00:53 ; elapsed = 00:01:14 . Memory (MB): peak = 2309.086 ; gain = 0.000

Phase 4.2 Post Placement Cleanup
Phase 4.2 Post Placement Cleanup | Checksum: 1e5ea86bd

Time (s): cpu = 00:00:54 ; elapsed = 00:01:14 . Memory (MB): peak = 2309.086 ; gain = 0.000

Phase 4.3 Placer Reporting
Phase 4.3 Placer Reporting | Checksum: 1e5ea86bd

Time (s): cpu = 00:00:54 ; elapsed = 00:01:15 . Memory (MB): peak = 2309.086 ; gain = 0.000

Phase 4.4 Final Placement Cleanup
Netlist sorting complete. Time (s): cpu = 00:00:00 ; elapsed = 00:00:00.032 . Memory (MB): peak = 2309.086 ; gain = 0.000
Phase 4.4 Final Placement Cleanup | Checksum: 1e5e31290

Time (s): cpu = 00:00:54 ; elapsed = 00:01:15 . Memory (MB): peak = 2309.086 ; gain = 0.000
Phase 4 Post Placement Optimization and Clean-Up | Checksum: 1e5e31290

Time (s): cpu = 00:00:54 ; elapsed = 00:01:15 . Memory (MB): peak = 2309.086 ; gain = 0.000
Ending Placer Task | Checksum: 1631fb037

Time (s): cpu = 00:00:54 ; elapsed = 00:01:15 . Memory (MB): peak = 2309.086 ; gain = 0.000
INFO: [Common 17-83] Releasing license: Implementation
91 Infos, 37 Warnings, 0 Critical Warnings and 0 Errors encountered.
place_design completed successfully
place_design: Time (s): cpu = 00:00:56 ; elapsed = 00:01:16 . Memory (MB): peak = 2309.086 ; gain = 0.000
Netlist sorting complete. Time (s): cpu = 00:00:00 ; elapsed = 00:00:00.012 . Memory (MB): peak = 2309.086 ; gain = 0.000
INFO: [Timing 38-480] Writing timing data to binary archive.
Writing placer database...
Writing XDEF routing.
Writing XDEF routing logical nets.
Writing XDEF routing special nets.
Write XDEF Complete: Time (s): cpu = 00:00:06 ; elapsed = 00:00:02 . Memory (MB): peak = 2309.086 ; gain = 0.000
INFO: [Common 17-1381] The checkpoint 'D:/ComputerScience/hitcs/hitcs/computer_architecture/labs/lab2/lab2/lab2.runs/impl_1/soc_top_placed.dcp' has been generated.
write_checkpoint: Time (s): cpu = 00:00:09 ; elapsed = 00:00:05 . Memory (MB): peak = 2309.086 ; gain = 0.000
INFO: [runtcl-4] Executing : report_io -file soc_top_io_placed.rpt
report_io: Time (s): cpu = 00:00:00 ; elapsed = 00:00:00.073 . Memory (MB): peak = 2309.086 ; gain = 0.000
INFO: [runtcl-4] Executing : report_utilization -file soc_top_utilization_placed.rpt -pb soc_top_utilization_placed.pb
INFO: [runtcl-4] Executing : report_control_sets -verbose -file soc_top_control_sets_placed.rpt
report_control_sets: Time (s): cpu = 00:00:00 ; elapsed = 00:00:00.093 . Memory (MB): peak = 2309.086 ; gain = 0.000
Command: phys_opt_design
Attempting to get a license for feature 'Implementation' and/or device 'xc7a200t'
INFO: [Common 17-349] Got license for feature 'Implementation' and/or device 'xc7a200t'
INFO: [Vivado_Tcl 4-383] Design worst setup slack (WNS) is greater than or equal to 0.250 ns. Skipping all physical synthesis optimizations.
INFO: [Vivado_Tcl 4-232] No setup violation found. The netlist was not modified.
INFO: [Common 17-83] Releasing license: Implementation
100 Infos, 37 Warnings, 0 Critical Warnings and 0 Errors encountered.
phys_opt_design completed successfully
phys_opt_design: Time (s): cpu = 00:00:06 ; elapsed = 00:00:08 . Memory (MB): peak = 2309.086 ; gain = 0.000
Netlist sorting complete. Time (s): cpu = 00:00:00 ; elapsed = 00:00:00.015 . Memory (MB): peak = 2309.086 ; gain = 0.000
INFO: [Timing 38-480] Writing timing data to binary archive.
Writing placer database...
Writing XDEF routing.
Writing XDEF routing logical nets.
Writing XDEF routing special nets.
Write XDEF Complete: Time (s): cpu = 00:00:06 ; elapsed = 00:00:02 . Memory (MB): peak = 2309.086 ; gain = 0.000
INFO: [Common 17-1381] The checkpoint 'D:/ComputerScience/hitcs/hitcs/computer_architecture/labs/lab2/lab2/lab2.runs/impl_1/soc_top_physopt.dcp' has been generated.
write_checkpoint: Time (s): cpu = 00:00:09 ; elapsed = 00:00:06 . Memory (MB): peak = 2309.086 ; gain = 0.000
Command: route_design
Attempting to get a license for feature 'Implementation' and/or device 'xc7a200t'
INFO: [Common 17-349] Got license for feature 'Implementation' and/or device 'xc7a200t'
Running DRC as a precondition to command route_design
INFO: [DRC 23-27] Running DRC with 2 threads
INFO: [Vivado_Tcl 4-198] DRC finished with 0 Errors
INFO: [Vivado_Tcl 4-199] Please refer to the DRC report (report_drc) for more information.


Starting Routing Task
INFO: [Route 35-254] Multithreading enabled for route_design using a maximum of 2 CPUs
Checksum: PlaceDB: 76ae2fdb ConstDB: 0 ShapeSum: ec71805c RouteDB: 0

Phase 1 Build RT Design
Phase 1 Build RT Design | Checksum: 119ded610

Time (s): cpu = 00:01:05 ; elapsed = 00:00:55 . Memory (MB): peak = 2347.945 ; gain = 38.859
Post Restoration Checksum: NetGraph: 4d7c7847 NumContArr: cc625dc9 Constraints: 0 Timing: 0

Phase 2 Router Initialization

Phase 2.1 Create Timer
Phase 2.1 Create Timer | Checksum: 119ded610

Time (s): cpu = 00:01:05 ; elapsed = 00:00:55 . Memory (MB): peak = 2347.945 ; gain = 38.859

Phase 2.2 Fix Topology Constraints
Phase 2.2 Fix Topology Constraints | Checksum: 119ded610

Time (s): cpu = 00:01:06 ; elapsed = 00:00:56 . Memory (MB): peak = 2352.562 ; gain = 43.477

Phase 2.3 Pre Route Cleanup
Phase 2.3 Pre Route Cleanup | Checksum: 119ded610

Time (s): cpu = 00:01:06 ; elapsed = 00:00:56 . Memory (MB): peak = 2352.562 ; gain = 43.477
 Number of Nodes with overlaps = 0

Phase 2.4 Update Timing
Phase 2.4 Update Timing | Checksum: 11b2387b4

Time (s): cpu = 00:01:19 ; elapsed = 00:01:09 . Memory (MB): peak = 2418.371 ; gain = 109.285
INFO: [Route 35-416] Intermediate Timing Summary | WNS=0.811  | TNS=0.000  | WHS=-0.355 | THS=-716.166|

Phase 2 Router Initialization | Checksum: 5e958529

Time (s): cpu = 00:01:23 ; elapsed = 00:01:15 . Memory (MB): peak = 2467.473 ; gain = 158.387

Router Utilization Summary
  Global Vertical Routing Utilization    = 0 %
  Global Horizontal Routing Utilization  = 0 %
  Routable Net Status*
  *Does not include unroutable nets such as driverless and loadless.
  Run report_route_status for detailed report.
  Number of Failed Nets               = 30295
    (Failed Nets is the sum of unrouted and partially routed nets)
  Number of Unrouted Nets             = 30295
  Number of Partially Routed Nets     = 0
  Number of Node Overlaps             = 0


Phase 3 Initial Routing
Phase 3 Initial Routing | Checksum: 1d97965cd

Time (s): cpu = 00:01:30 ; elapsed = 00:01:21 . Memory (MB): peak = 2506.652 ; gain = 197.566

Phase 4 Rip-up And Reroute

Phase 4.1 Global Iteration 0
 Number of Nodes with overlaps = 4161
 Number of Nodes with overlaps = 131
 Number of Nodes with overlaps = 1
 Number of Nodes with overlaps = 0
INFO: [Route 35-416] Intermediate Timing Summary | WNS=0.767  | TNS=0.000  | WHS=N/A    | THS=N/A    |

Phase 4.1 Global Iteration 0 | Checksum: 10326f9ee

Time (s): cpu = 00:01:40 ; elapsed = 00:01:41 . Memory (MB): peak = 2506.652 ; gain = 197.566
Phase 4 Rip-up And Reroute | Checksum: 10326f9ee

Time (s): cpu = 00:01:40 ; elapsed = 00:01:41 . Memory (MB): peak = 2506.652 ; gain = 197.566

Phase 5 Delay and Skew Optimization

Phase 5.1 Delay CleanUp
Phase 5.1 Delay CleanUp | Checksum: 10326f9ee

Time (s): cpu = 00:01:40 ; elapsed = 00:01:41 . Memory (MB): peak = 2506.652 ; gain = 197.566

Phase 5.2 Clock Skew Optimization
Phase 5.2 Clock Skew Optimization | Checksum: 10326f9ee

Time (s): cpu = 00:01:40 ; elapsed = 00:01:42 . Memory (MB): peak = 2506.652 ; gain = 197.566
Phase 5 Delay and Skew Optimization | Checksum: 10326f9ee

Time (s): cpu = 00:01:41 ; elapsed = 00:01:42 . Memory (MB): peak = 2506.652 ; gain = 197.566

Phase 6 Post Hold Fix

Phase 6.1 Hold Fix Iter

Phase 6.1.1 Update Timing
Phase 6.1.1 Update Timing | Checksum: 17412ef9c

Time (s): cpu = 00:01:43 ; elapsed = 00:01:45 . Memory (MB): peak = 2506.652 ; gain = 197.566
INFO: [Route 35-416] Intermediate Timing Summary | WNS=0.767  | TNS=0.000  | WHS=0.024  | THS=0.000  |

Phase 6.1 Hold Fix Iter | Checksum: d59bbb1f

Time (s): cpu = 00:01:43 ; elapsed = 00:01:45 . Memory (MB): peak = 2506.652 ; gain = 197.566
Phase 6 Post Hold Fix | Checksum: d59bbb1f

Time (s): cpu = 00:01:43 ; elapsed = 00:01:45 . Memory (MB): peak = 2506.652 ; gain = 197.566

Phase 7 Route finalize

Router Utilization Summary
  Global Vertical Routing Utilization    = 3.81255 %
  Global Horizontal Routing Utilization  = 4.97022 %
  Routable Net Status*
  *Does not include unroutable nets such as driverless and loadless.
  Run report_route_status for detailed report.
  Number of Failed Nets               = 0
    (Failed Nets is the sum of unrouted and partially routed nets)
  Number of Unrouted Nets             = 0
  Number of Partially Routed Nets     = 0
  Number of Node Overlaps             = 0

Phase 7 Route finalize | Checksum: cafd29f8

Time (s): cpu = 00:01:43 ; elapsed = 00:01:45 . Memory (MB): peak = 2506.652 ; gain = 197.566

Phase 8 Verifying routed nets

 Verification completed successfully
Phase 8 Verifying routed nets | Checksum: cafd29f8

Time (s): cpu = 00:01:43 ; elapsed = 00:01:45 . Memory (MB): peak = 2506.652 ; gain = 197.566

Phase 9 Depositing Routes
Phase 9 Depositing Routes | Checksum: aef5e656

Time (s): cpu = 00:01:47 ; elapsed = 00:01:50 . Memory (MB): peak = 2506.652 ; gain = 197.566

Phase 10 Post Router Timing
INFO: [Route 35-57] Estimated Timing Summary | WNS=0.767  | TNS=0.000  | WHS=0.024  | THS=0.000  |

INFO: [Route 35-327] The final timing numbers are based on the router estimated timing analysis. For a complete and accurate timing signoff, please run report_timing_summary.
Phase 10 Post Router Timing | Checksum: aef5e656

Time (s): cpu = 00:01:48 ; elapsed = 00:01:50 . Memory (MB): peak = 2506.652 ; gain = 197.566
INFO: [Route 35-16] Router Completed Successfully

Time (s): cpu = 00:01:48 ; elapsed = 00:01:50 . Memory (MB): peak = 2506.652 ; gain = 197.566

Routing Is Done.
INFO: [Common 17-83] Releasing license: Implementation
114 Infos, 37 Warnings, 0 Critical Warnings and 0 Errors encountered.
route_design completed successfully
route_design: Time (s): cpu = 00:01:52 ; elapsed = 00:01:53 . Memory (MB): peak = 2506.652 ; gain = 197.566
Netlist sorting complete. Time (s): cpu = 00:00:00 ; elapsed = 00:00:00.013 . Memory (MB): peak = 2506.652 ; gain = 0.000
INFO: [Timing 38-480] Writing timing data to binary archive.
Writing placer database...
Writing XDEF routing.
Writing XDEF routing logical nets.
Writing XDEF routing special nets.
Write XDEF Complete: Time (s): cpu = 00:00:08 ; elapsed = 00:00:03 . Memory (MB): peak = 2506.652 ; gain = 0.000
INFO: [Common 17-1381] The checkpoint 'D:/ComputerScience/hitcs/hitcs/computer_architecture/labs/lab2/lab2/lab2.runs/impl_1/soc_top_routed.dcp' has been generated.
write_checkpoint: Time (s): cpu = 00:00:11 ; elapsed = 00:00:06 . Memory (MB): peak = 2506.652 ; gain = 0.000
INFO: [runtcl-4] Executing : report_drc -file soc_top_drc_routed.rpt -pb soc_top_drc_routed.pb -rpx soc_top_drc_routed.rpx
Command: report_drc -file soc_top_drc_routed.rpt -pb soc_top_drc_routed.pb -rpx soc_top_drc_routed.rpx
INFO: [IP_Flow 19-1839] IP Catalog is up to date.
INFO: [DRC 23-27] Running DRC with 2 threads
INFO: [Coretcl 2-168] The results of DRC are in file D:/ComputerScience/hitcs/hitcs/computer_architecture/labs/lab2/lab2/lab2.runs/impl_1/soc_top_drc_routed.rpt.
report_drc completed successfully
INFO: [runtcl-4] Executing : report_methodology -file soc_top_methodology_drc_routed.rpt -pb soc_top_methodology_drc_routed.pb -rpx soc_top_methodology_drc_routed.rpx
Command: report_methodology -file soc_top_methodology_drc_routed.rpt -pb soc_top_methodology_drc_routed.pb -rpx soc_top_methodology_drc_routed.rpx
INFO: [Timing 38-35] Done setting XDC timing constraints.
INFO: [DRC 23-133] Running Methodology with 2 threads
INFO: [Coretcl 2-1520] The results of Report Methodology are in file D:/ComputerScience/hitcs/hitcs/computer_architecture/labs/lab2/lab2/lab2.runs/impl_1/soc_top_methodology_drc_routed.rpt.
report_methodology completed successfully
report_methodology: Time (s): cpu = 00:00:23 ; elapsed = 00:00:17 . Memory (MB): peak = 2586.340 ; gain = 79.688
INFO: [runtcl-4] Executing : report_power -file soc_top_power_routed.rpt -pb soc_top_power_summary_routed.pb -rpx soc_top_power_routed.rpx
Command: report_power -file soc_top_power_routed.rpt -pb soc_top_power_summary_routed.pb -rpx soc_top_power_routed.rpx
INFO: [Timing 38-35] Done setting XDC timing constraints.
Running Vector-less Activity Propagation...

Finished Running Vector-less Activity Propagation
WARNING: [Power 33-332] Found switching activity that implies high-fanout reset nets being asserted for excessive periods of time which may result in inaccurate power analysis.
Resolution: To review and fix problems, please run Power Constraints Advisor in the GUI from Tools > Power Constraints Advisor or run report_power with the -advisory option to generate a text report.
126 Infos, 38 Warnings, 0 Critical Warnings and 0 Errors encountered.
report_power completed successfully
report_power: Time (s): cpu = 00:00:14 ; elapsed = 00:00:12 . Memory (MB): peak = 2603.512 ; gain = 17.172
INFO: [runtcl-4] Executing : report_route_status -file soc_top_route_status.rpt -pb soc_top_route_status.pb
INFO: [runtcl-4] Executing : report_timing_summary -max_paths 10 -file soc_top_timing_summary_routed.rpt -pb soc_top_timing_summary_routed.pb -rpx soc_top_timing_summary_routed.rpx -warn_on_violation 
INFO: [Timing 38-91] UpdateTimingParams: Speed grade: -2, Delay Type: min_max.
INFO: [Timing 38-191] Multithreading enabled for timing update using a maximum of 2 CPUs
INFO: [runtcl-4] Executing : report_incremental_reuse -file soc_top_incremental_reuse_routed.rpt
INFO: [Vivado_Tcl 4-1062] Incremental flow is disabled. No incremental reuse Info to report.
INFO: [runtcl-4] Executing : report_clock_utilization -file soc_top_clock_utilization_routed.rpt
INFO: [runtcl-4] Executing : report_bus_skew -warn_on_violation -file soc_top_bus_skew_routed.rpt -pb soc_top_bus_skew_routed.pb -rpx soc_top_bus_skew_routed.rpx
INFO: [Timing 38-91] UpdateTimingParams: Speed grade: -2, Delay Type: min_max.
INFO: [Timing 38-191] Multithreading enabled for timing update using a maximum of 2 CPUs
INFO: [Common 17-206] Exiting Vivado at Mon Oct 21 16:30:43 2024...
