#-----------------------------------------------------------
# Vivado v2019.2 (64-bit)
# SW Build 2708876 on Wed Nov  6 21:40:23 MST 2019
# IP Build 2700528 on Thu Nov  7 00:09:20 MST 2019
# Start of session at: Mon Sep 30 14:21:07 2024
# Process ID: 2700
# Current directory: D:/ComputerScience/CPU_design/lab5/lab5/lab5
# Command line: vivado.exe -gui_launcher_event rodinguilauncherevent20796 D:\ComputerScience\CPU_design\lab5\lab5\lab5\lab5.xpr
# Log file: D:/ComputerScience/CPU_design/lab5/lab5/lab5/vivado.log
# Journal file: D:/ComputerScience/CPU_design/lab5/lab5/lab5\vivado.jou
#-----------------------------------------------------------
start_gui
open_project D:/ComputerScience/CPU_design/lab5/lab5/lab5/lab5.xpr
Scanning sources...
Finished scanning sources
WARNING: [filemgmt 56-3] IP Repository Path: Could not find the directory 'D:/ComputerScience/CPU_design/lab5/lab5/lcd_controller/lcd_controller.srcs/sources_1'.
WARNING: [filemgmt 56-3] IP Repository Path: Could not find the directory 'D:/ComputerScience/CPU_design/lab5/lab5/ma_river_core/ma_river_core.srcs/sources_1'.
INFO: [IP_Flow 19-234] Refreshing IP repositories
WARNING: [IP_Flow 19-2248] Failed to load user IP repository 'd:/ComputerScience/CPU_design/lab5/lab5/lcd_controller/lcd_controller.srcs/sources_1'; Can't find the specified path.
If this directory should no longer be in your list of user repositories, go to the IP Settings dialog and remove it.
WARNING: [IP_Flow 19-2248] Failed to load user IP repository 'd:/ComputerScience/CPU_design/lab5/lab5/ma_river_core/ma_river_core.srcs/sources_1'; Can't find the specified path.
If this directory should no longer be in your list of user repositories, go to the IP Settings dialog and remove it.
INFO: [IP_Flow 19-2313] Loaded Vivado IP repository 'D:/StudySoftware/Xilinx_Vivado_2019.2/Vivado/2019.2/data/ip'.
WARNING: [IP_Flow 19-2162] IP 'ma_river_core_0' is locked:
* IP definition 'ma_river_core (1.0)' for IP 'ma_river_core_0' (customized with software release 2019.2) was not found in the IP Catalog.
WARNING: [IP_Flow 19-2162] IP 'lcd_controller_0' is locked:
* IP definition 'lcd_controller (1.0)' for IP 'lcd_controller_0' (customized with software release 2019.2) was not found in the IP Catalog.
open_project: Time (s): cpu = 00:00:05 ; elapsed = 00:00:08 . Memory (MB): peak = 975.348 ; gain = 258.809
update_compile_order -fileset sources_1
open_hw_manager
connect_hw_server -allow_non_jtag
INFO: [Labtools 27-2285] Connecting to hw_server url TCP:localhost:3121
INFO: [Labtools 27-2222] Launching hw_server...
INFO: [Labtools 27-2221] Launch Output:

****** Xilinx hw_server v2019.2
  **** Build date : Nov  6 2019 at 22:12:23
    ** Copyright 1986-2019 Xilinx, Inc. All Rights Reserved.


INFO: [Labtools 27-3415] Connecting to cs_server url TCP:localhost:3042
INFO: [Labtools 27-3417] Launching cs_server...
INFO: [Labtools 27-2221] Launch Output:


****** Xilinx cs_server v2019.2.0
  **** Build date : Nov 07 2019-13:28:22
    ** Copyright 2017-2019 Xilinx, Inc. All Rights Reserved.



connect_hw_server: Time (s): cpu = 00:00:00 ; elapsed = 00:00:10 . Memory (MB): peak = 1834.023 ; gain = 0.000
open_hw_target
INFO: [Labtoolstcl 44-466] Opening hw_target localhost:3121/xilinx_tcf/Digilent/210357A7D00EA
set_property PROGRAM.FILE {D:/ComputerScience/CPU_design/lab5/lab5/lab5/lab5.runs/impl_1/soc_top.bit} [get_hw_devices xc7a200t_0]
set_property PROBES.FILE {D:/ComputerScience/CPU_design/lab5/lab5/lab5/lab5.runs/impl_1/soc_top.ltx} [get_hw_devices xc7a200t_0]
set_property FULL_PROBES.FILE {D:/ComputerScience/CPU_design/lab5/lab5/lab5/lab5.runs/impl_1/soc_top.ltx} [get_hw_devices xc7a200t_0]
current_hw_device [get_hw_devices xc7a200t_0]
refresh_hw_device [lindex [get_hw_devices xc7a200t_0] 0]
INFO: [Labtools 27-1434] Device xc7a200t (JTAG device index = 0) is programmed with a design that has no supported debug core(s) in it.
WARNING: [Labtools 27-3361] The debug hub core was not detected.
Resolution: 
1. Make sure the clock connected to the debug hub (dbg_hub) core is a free running clock and is active.
2. Make sure the BSCAN_SWITCH_USER_MASK device property in Vivado Hardware Manager reflects the user scan chain setting in the design and refresh the device.  To determine the user scan chain setting in the design, open the implemented design and use 'get_property C_USER_SCAN_CHAIN [get_debug_cores dbg_hub]'.
For more details on setting the scan chain property, consult the Vivado Debug and Programming User Guide (UG908).
WARNING: [Labtools 27-3413] Dropping logic core with cellname:'u_ila_0' at location 'uuid_23E7D65A79BC59F7BC47406C1714DFAE' from probes file, since it cannot be found on the programmed device.
set_property PROBES.FILE {D:/ComputerScience/CPU_design/lab5/lab5/lab5/lab5.runs/impl_1/soc_top.ltx} [get_hw_devices xc7a200t_0]
set_property FULL_PROBES.FILE {D:/ComputerScience/CPU_design/lab5/lab5/lab5/lab5.runs/impl_1/soc_top.ltx} [get_hw_devices xc7a200t_0]
set_property PROGRAM.FILE {D:/ComputerScience/CPU_design/lab5/lab5/lab5/lab5.runs/impl_1/soc_top.bit} [get_hw_devices xc7a200t_0]
program_hw_devices [get_hw_devices xc7a200t_0]
INFO: [Labtools 27-3164] End of startup status: HIGH
program_hw_devices: Time (s): cpu = 00:00:04 ; elapsed = 00:00:06 . Memory (MB): peak = 3092.883 ; gain = 0.000
refresh_hw_device [lindex [get_hw_devices xc7a200t_0] 0]
INFO: [Labtools 27-2302] Device xc7a200t (JTAG device index = 0) is programmed with a design that has 1 ILA core(s).
display_hw_ila_data [ get_hw_ila_data hw_ila_data_1 -of_objects [get_hw_ilas -of_objects [get_hw_devices xc7a200t_0] -filter {CELL_NAME=~"u_ila_0"}]]
set_property PROBES.FILE {D:/ComputerScience/CPU_design/lab5/lab5/lab5/lab5.runs/impl_1/soc_top.ltx} [get_hw_devices xc7a200t_0]
set_property FULL_PROBES.FILE {D:/ComputerScience/CPU_design/lab5/lab5/lab5/lab5.runs/impl_1/soc_top.ltx} [get_hw_devices xc7a200t_0]
set_property PROGRAM.FILE {D:/ComputerScience/CPU_design/lab_6_bit/soc_top.bit} [get_hw_devices xc7a200t_0]
program_hw_devices [get_hw_devices xc7a200t_0]
INFO: [Labtools 27-3164] End of startup status: HIGH
program_hw_devices: Time (s): cpu = 00:00:03 ; elapsed = 00:00:06 . Memory (MB): peak = 3092.883 ; gain = 0.000
refresh_hw_device [lindex [get_hw_devices xc7a200t_0] 0]
INFO: [Labtools 27-2302] Device xc7a200t (JTAG device index = 0) is programmed with a design that has 1 ILA core(s).
refresh_hw_device: Time (s): cpu = 00:00:02 ; elapsed = 00:00:11 . Memory (MB): peak = 3092.883 ; gain = 0.000
run_hw_ila [get_hw_ilas -of_objects [get_hw_devices xc7a200t_0] -filter {CELL_NAME=~"u_ila_0"}]
INFO: [Labtools 27-1964] The ILA core 'hw_ila_1' trigger was armed at 2024-Sep-30 14:24:10
wait_on_hw_ila [get_hw_ilas -of_objects [get_hw_devices xc7a200t_0] -filter {CELL_NAME=~"u_ila_0"}]
display_hw_ila_data [upload_hw_ila_data [get_hw_ilas -of_objects [get_hw_devices xc7a200t_0] -filter {CELL_NAME=~"u_ila_0"}]]
INFO: [Labtools 27-1966] The ILA core 'hw_ila_1' triggered at 2024-Sep-30 14:24:14
INFO: [Labtools 27-3304] ILA Waveform data saved to file D:/ComputerScience/CPU_design/lab5/lab5/lab5/lab5.hw/backup/hw_ila_data_1.ila. Use Tcl command 'read_hw_ila_data' or Vivado File->Import->Import ILA Data menu item to import the previously saved data.
set_property PROBES.FILE {D:/ComputerScience/CPU_design/lab_6_bit/soc_top.ltx} [get_hw_devices xc7a200t_0]
set_property FULL_PROBES.FILE {D:/ComputerScience/CPU_design/lab_6_bit/soc_top.ltx} [get_hw_devices xc7a200t_0]
set_property PROGRAM.FILE {D:/ComputerScience/CPU_design/lab_6_bit/soc_top.bit} [get_hw_devices xc7a200t_0]
program_hw_devices [get_hw_devices xc7a200t_0]
INFO: [Labtools 27-3164] End of startup status: HIGH
program_hw_devices: Time (s): cpu = 00:00:04 ; elapsed = 00:00:06 . Memory (MB): peak = 3092.883 ; gain = 0.000
refresh_hw_device [lindex [get_hw_devices xc7a200t_0] 0]
INFO: [Labtools 27-2302] Device xc7a200t (JTAG device index = 0) is programmed with a design that has 1 ILA core(s).
refresh_hw_device: Time (s): cpu = 00:00:03 ; elapsed = 00:00:08 . Memory (MB): peak = 3092.883 ; gain = 0.000
run_hw_ila [get_hw_ilas -of_objects [get_hw_devices xc7a200t_0] -filter {CELL_NAME=~"u_ila_0"}]
INFO: [Labtools 27-1964] The ILA core 'hw_ila_1' trigger was armed at 2024-Sep-30 14:27:05
wait_on_hw_ila [get_hw_ilas -of_objects [get_hw_devices xc7a200t_0] -filter {CELL_NAME=~"u_ila_0"}]
display_hw_ila_data [upload_hw_ila_data [get_hw_ilas -of_objects [get_hw_devices xc7a200t_0] -filter {CELL_NAME=~"u_ila_0"}]]
INFO: [Labtools 27-1966] The ILA core 'hw_ila_1' triggered at 2024-Sep-30 14:27:09
INFO: [Labtools 27-3304] ILA Waveform data saved to file D:/ComputerScience/CPU_design/lab5/lab5/lab5/lab5.hw/backup/hw_ila_data_1.ila. Use Tcl command 'read_hw_ila_data' or Vivado File->Import->Import ILA Data menu item to import the previously saved data.
ERROR: [Labtoolstcl 44-513] HW Target shutdown. Closing target: localhost:3121/xilinx_tcf/Digilent/210357A7D00EA
exit
INFO: [Common 17-206] Exiting Vivado at Mon Sep 30 14:27:46 2024...
