#-----------------------------------------------------------
# Vivado v2019.2 (64-bit)
# SW Build 2708876 on Wed Nov  6 21:40:23 MST 2019
# IP Build 2700528 on Thu Nov  7 00:09:20 MST 2019
# Start of session at: Wed Sep 25 18:51:30 2024
# Process ID: 38988
# Current directory: C:/Users/ywy_c/Documents/coding/hitcoa_at2024/coa/release/lab2
# Command line: vivado.exe -gui_launcher_event rodinguilauncherevent28276 C:\Users\ywy_c\Documents\coding\hitcoa_at2024\coa\release\lab2\lab2.xpr
# Log file: C:/Users/ywy_c/Documents/coding/hitcoa_at2024/coa/release/lab2/vivado.log
# Journal file: C:/Users/ywy_c/Documents/coding/hitcoa_at2024/coa/release/lab2\vivado.jou
#-----------------------------------------------------------
start_gui
open_project C:/Users/ywy_c/Documents/coding/hitcoa_at2024/coa/release/lab2/lab2.xpr
Scanning sources...
Finished scanning sources
INFO: [IP_Flow 19-234] Refreshing IP repositories
INFO: [IP_Flow 19-1700] Loaded user IP repository 'c:/Users/ywy_c/Documents/coding/hitcoa_at2024/lcd_controller/lcd_controller.srcs/sources_1'.
INFO: [IP_Flow 19-1700] Loaded user IP repository 'c:/Users/ywy_c/Documents/coding/hitcoa_at2024/ma_river_core/ma_river_core.srcs/sources_1'.
INFO: [IP_Flow 19-2313] Loaded Vivado IP repository 'D:/vivado2019/Vivado/2019.2/data/ip'.
update_compile_order -fileset sources_1
exit
INFO: [Common 17-206] Exiting Vivado at Wed Sep 25 18:51:55 2024...
