#-----------------------------------------------------------
# Vivado v2019.2 (64-bit)
# SW Build 2708876 on Wed Nov  6 21:40:23 MST 2019
# IP Build 2700528 on Thu Nov  7 00:09:20 MST 2019
# Start of session at: Tue Sep 17 21:00:55 2024
# Process ID: 59808
# Current directory: C:/Users/ywy_c/Documents/coding/hitcoa_at2024/coa/release/lab3
# Command line: vivado.exe -gui_launcher_event rodinguilauncherevent51412 C:\Users\ywy_c\Documents\coding\hitcoa_at2024\coa\release\lab3\lab3.xpr
# Log file: C:/Users/ywy_c/Documents/coding/hitcoa_at2024/coa/release/lab3/vivado.log
# Journal file: C:/Users/ywy_c/Documents/coding/hitcoa_at2024/coa/release/lab3\vivado.jou
#-----------------------------------------------------------
start_gui
open_project C:/Users/ywy_c/Documents/coding/hitcoa_at2024/coa/release/lab3/lab3.xpr
Scanning sources...
Finished scanning sources
INFO: [IP_Flow 19-234] Refreshing IP repositories
INFO: [IP_Flow 19-1700] Loaded user IP repository 'c:/Users/ywy_c/Documents/coding/hitcoa_at2024/lcd_controller/lcd_controller.srcs/sources_1'.
INFO: [IP_Flow 19-1700] Loaded user IP repository 'c:/Users/ywy_c/Documents/coding/hitcoa_at2024/ma_river_core/ma_river_core.srcs/sources_1'.
INFO: [IP_Flow 19-2313] Loaded Vivado IP repository 'D:/vivado2019/Vivado/2019.2/data/ip'.
open_project: Time (s): cpu = 00:00:10 ; elapsed = 00:00:06 . Memory (MB): peak = 758.770 ; gain = 113.918
update_compile_order -fileset sources_1
exit
INFO: [Common 17-206] Exiting Vivado at Tue Sep 17 21:01:23 2024...
